# nnet3-copy-egs ark:exp/nnet3/tdnn_lstm1c_sp/egs/egs.1.ark ark:- | nnet3-subset-egs --srand=1 --n=20000 ark:- ark:- | nnet3-merge-egs --minibatch-size=128 ark:- ark:- | nnet3-compute-from-egs --use-gpu=yes --apply-exp=true exp/nnet3/tdnn_lstm1c_sp/combined.mdl ark:- ark:- | matrix-sum-rows ark:- ark:- | vector-sum ark:- exp/nnet3/tdnn_lstm1c_sp/post.combined.1.vec 
# Started at Thu Jul 30 13:13:28 KST 2020
#
vector-sum ark:- exp/nnet3/tdnn_lstm1c_sp/post.combined.1.vec 
matrix-sum-rows ark:- ark:- 
nnet3-compute-from-egs --use-gpu=yes --apply-exp=true exp/nnet3/tdnn_lstm1c_sp/combined.mdl ark:- ark:- 
nnet3-copy-egs ark:exp/nnet3/tdnn_lstm1c_sp/egs/egs.1.ark ark:- 
nnet3-merge-egs --minibatch-size=128 ark:- ark:- 
nnet3-subset-egs --srand=1 --n=20000 ark:- ark:- 
LOG (nnet3-compute-from-egs[5.5.0-]:SelectGpuId():cu-device.cc:223) CUDA setup operating under Compute Exclusive Mode.
LOG (nnet3-compute-from-egs[5.5.0-]:FinalizeActiveGpu():cu-device.cc:308) The active GPU is [1]: TITAN Xp	free:11850M, used:345M, total:12196M, free/total:0.971671 version 6.1
WARNING (nnet3-compute-from-egs[5.5.0-]:Check():nnet-nnet.cc:789) Node lda.delayed is never used to compute any output.
LOG (nnet3-copy-egs[5.5.0-]:main():nnet3-copy-egs.cc:431) Read 20552 neural-network training examples, wrote 20552, 0 examples had errors.
LOG (nnet3-subset-egs[5.5.0-]:main():nnet3-subset-egs.cc:91) Selected a subset of 20000 out of 20552 neural-network training examples 
LOG (nnet3-merge-egs[5.5.0-]:PrintSpecificStats():nnet-example-utils.cc:1159) Merged specific eg types as follows [format: <eg-size1>={<mb-size1>-><num-minibatches1>,<mbsize2>-><num-minibatches2>.../d=<num-discarded>},<egs-size2>={...},... (note,egs-size == number of input frames including context).
LOG (nnet3-merge-egs[5.5.0-]:PrintSpecificStats():nnet-example-utils.cc:1189) 50={128->2,d=126},60={128->2,d=24},70={128->6,d=45},90={128->4,d=59},100={128->6,d=97},110={128->133,d=65}
LOG (nnet3-merge-egs[5.5.0-]:PrintAggregateStats():nnet-example-utils.cc:1155) Processed 20000 egs of avg. size 105.5 into 153 minibatches, discarding 2.08% of egs.  Avg minibatch size was 128, #distinct types of egs/minibatches was 6/6
LOG (nnet3-compute-from-egs[5.5.0-]:main():nnet3-compute-from-egs.cc:133) Processed 153 examples.
LOG (nnet3-compute-from-egs[5.5.0-]:~CachingOptimizingCompiler():nnet-optimize.cc:710) 0.289 seconds taken in nnet3 compilation total (breakdown: 0.165 compilation, 0.0665 optimization, 0.0176 shortcut expansion, 0.0123 checking, 0.00164 computing indexes, 0.0262 misc.) + 0 I/O.
LOG (matrix-sum-rows[5.5.0-]:main():matrix-sum-rows.cc:67) Summed rows 153 matrices, 757760 rows in total.
LOG (vector-sum[5.5.0-]:TypeTwoUsage():vector-sum.cc:143) Summed 153 vectors, 0 with errors; wrote sum to exp/nnet3/tdnn_lstm1c_sp/post.combined.1.vec
# Accounting: time=31 threads=1
# Ended (code 0) at Thu Jul 30 13:13:59 KST 2020, elapsed time 31 seconds
