# nnet3-info exp/nnet3/tdnn_lstm1c_sp/456.mdl && nnet3-show-progress --use-gpu=no exp/nnet3/tdnn_lstm1c_sp/455.mdl exp/nnet3/tdnn_lstm1c_sp/456.mdl 
# Started at Thu Jul 30 13:01:56 KST 2020
#
nnet3-info exp/nnet3/tdnn_lstm1c_sp/456.mdl 
WARNING (nnet3-info[5.5.0-]:Check():nnet-nnet.cc:789) Node lda.delayed is never used to compute any output.
left-context: 10
right-context: 20
num-parameters: 8426364
modulus: 1
component-node name=lda.delayed component=lda.delayed input=Append(Offset(input, -2), Offset(input, -1), input, Offset(input, 1), Offset(input, 2), ReplaceIndex(ivector, t, 0)) input-dim=300 output-dim=300
input-node name=ivector dim=100
input-node name=input dim=40
component-node name=lda component=lda input=Append(Offset(input, -2), Offset(input, -1), input, Offset(input, 1), Offset(input, 2), ReplaceIndex(ivector, t, 0)) input-dim=300 output-dim=300
component-node name=tdnn1.affine component=tdnn1.affine input=lda input-dim=300 output-dim=520
component-node name=tdnn1.relu component=tdnn1.relu input=tdnn1.affine input-dim=520 output-dim=520
component-node name=tdnn1.batchnorm component=tdnn1.batchnorm input=tdnn1.relu input-dim=520 output-dim=520
component-node name=tdnn2.affine component=tdnn2.affine input=Append(Offset(tdnn1.batchnorm, -1), tdnn1.batchnorm, Offset(tdnn1.batchnorm, 1)) input-dim=1560 output-dim=520
component-node name=tdnn2.relu component=tdnn2.relu input=tdnn2.affine input-dim=520 output-dim=520
component-node name=tdnn2.batchnorm component=tdnn2.batchnorm input=tdnn2.relu input-dim=520 output-dim=520
component-node name=lstm1.W_all component=lstm1.W_all input=Append(tdnn2.batchnorm, IfDefined(Offset(lstm1.r_trunc, -3))) input-dim=650 output-dim=2080
component-node name=lstm1.dropout_mask component=lstm1.dropout_mask input=lstm1.dropout_mask input-dim=3 output-dim=3
component-node name=lstm1.lstm_nonlin component=lstm1.lstm_nonlin input=Append(lstm1.W_all, IfDefined(Offset(lstm1.c_trunc, -3)), lstm1.dropout_mask) input-dim=2603 output-dim=1040
dim-range-node name=lstm1.c input-node=lstm1.lstm_nonlin dim-offset=0 dim=520
dim-range-node name=lstm1.m input-node=lstm1.lstm_nonlin dim-offset=520 dim=520
component-node name=lstm1.rp component=lstm1.W_rp input=lstm1.m input-dim=520 output-dim=260
dim-range-node name=lstm1.r input-node=lstm1.rp dim-offset=0 dim=130
component-node name=lstm1.cr_trunc component=lstm1.cr_trunc input=Append(lstm1.c, lstm1.r) input-dim=650 output-dim=650
dim-range-node name=lstm1.c_trunc input-node=lstm1.cr_trunc dim-offset=0 dim=520
dim-range-node name=lstm1.r_trunc input-node=lstm1.cr_trunc dim-offset=520 dim=130
component-node name=tdnn3.affine component=tdnn3.affine input=Append(Offset(lstm1.rp, -3), lstm1.rp, Offset(lstm1.rp, 3)) input-dim=780 output-dim=520
component-node name=tdnn3.relu component=tdnn3.relu input=tdnn3.affine input-dim=520 output-dim=520
component-node name=tdnn3.batchnorm component=tdnn3.batchnorm input=tdnn3.relu input-dim=520 output-dim=520
component-node name=tdnn4.affine component=tdnn4.affine input=Append(Offset(tdnn3.batchnorm, -3), tdnn3.batchnorm, Offset(tdnn3.batchnorm, 3)) input-dim=1560 output-dim=520
component-node name=tdnn4.relu component=tdnn4.relu input=tdnn4.affine input-dim=520 output-dim=520
component-node name=tdnn4.batchnorm component=tdnn4.batchnorm input=tdnn4.relu input-dim=520 output-dim=520
component-node name=lstm2.W_all component=lstm2.W_all input=Append(tdnn4.batchnorm, IfDefined(Offset(lstm2.r_trunc, -3))) input-dim=650 output-dim=2080
component-node name=lstm2.dropout_mask component=lstm2.dropout_mask input=lstm2.dropout_mask input-dim=3 output-dim=3
component-node name=lstm2.lstm_nonlin component=lstm2.lstm_nonlin input=Append(lstm2.W_all, IfDefined(Offset(lstm2.c_trunc, -3)), lstm2.dropout_mask) input-dim=2603 output-dim=1040
dim-range-node name=lstm2.c input-node=lstm2.lstm_nonlin dim-offset=0 dim=520
dim-range-node name=lstm2.m input-node=lstm2.lstm_nonlin dim-offset=520 dim=520
component-node name=lstm2.rp component=lstm2.W_rp input=lstm2.m input-dim=520 output-dim=260
dim-range-node name=lstm2.r input-node=lstm2.rp dim-offset=0 dim=130
component-node name=lstm2.cr_trunc component=lstm2.cr_trunc input=Append(lstm2.c, lstm2.r) input-dim=650 output-dim=650
dim-range-node name=lstm2.c_trunc input-node=lstm2.cr_trunc dim-offset=0 dim=520
dim-range-node name=lstm2.r_trunc input-node=lstm2.cr_trunc dim-offset=520 dim=130
component-node name=tdnn5.affine component=tdnn5.affine input=Append(Offset(lstm2.rp, -3), lstm2.rp, Offset(lstm2.rp, 3)) input-dim=780 output-dim=520
component-node name=tdnn5.relu component=tdnn5.relu input=tdnn5.affine input-dim=520 output-dim=520
component-node name=tdnn5.batchnorm component=tdnn5.batchnorm input=tdnn5.relu input-dim=520 output-dim=520
component-node name=tdnn6.affine component=tdnn6.affine input=Append(Offset(tdnn5.batchnorm, -3), tdnn5.batchnorm, Offset(tdnn5.batchnorm, 3)) input-dim=1560 output-dim=520
component-node name=tdnn6.relu component=tdnn6.relu input=tdnn6.affine input-dim=520 output-dim=520
component-node name=tdnn6.batchnorm component=tdnn6.batchnorm input=tdnn6.relu input-dim=520 output-dim=520
component-node name=lstm3.W_all component=lstm3.W_all input=Append(tdnn6.batchnorm, IfDefined(Offset(lstm3.r_trunc, -3))) input-dim=650 output-dim=2080
component-node name=lstm3.dropout_mask component=lstm3.dropout_mask input=lstm3.dropout_mask input-dim=3 output-dim=3
component-node name=lstm3.lstm_nonlin component=lstm3.lstm_nonlin input=Append(lstm3.W_all, IfDefined(Offset(lstm3.c_trunc, -3)), lstm3.dropout_mask) input-dim=2603 output-dim=1040
dim-range-node name=lstm3.c input-node=lstm3.lstm_nonlin dim-offset=0 dim=520
dim-range-node name=lstm3.m input-node=lstm3.lstm_nonlin dim-offset=520 dim=520
component-node name=lstm3.rp component=lstm3.W_rp input=lstm3.m input-dim=520 output-dim=260
dim-range-node name=lstm3.r input-node=lstm3.rp dim-offset=0 dim=130
component-node name=lstm3.cr_trunc component=lstm3.cr_trunc input=Append(lstm3.c, lstm3.r) input-dim=650 output-dim=650
dim-range-node name=lstm3.c_trunc input-node=lstm3.cr_trunc dim-offset=0 dim=520
dim-range-node name=lstm3.r_trunc input-node=lstm3.cr_trunc dim-offset=520 dim=130
component-node name=output.affine component=output.affine input=lstm3.rp input-dim=260 output-dim=2104
component-node name=output.log-softmax component=output.log-softmax input=output.affine input-dim=2104 output-dim=2104
output-node name=output input=Offset(output.log-softmax, 5) dim=2104 objective=linear
component name=lda.delayed type=NoOpComponent, dim=300
component name=lda type=FixedAffineComponent, input-dim=300, output-dim=300, linear-params-rms=0.006709, bias-{mean,stddev}=-0.01975,0.4295
component name=tdnn1.affine type=NaturalGradientAffineComponent, input-dim=300, output-dim=520, learning-rate=7.21176e-05, l2-regularize=0.05, max-change=0.75, linear-params-rms=0.03246, linear-params-row-norms=[percentiles(0,1,2,5 10,20,50,80,90 95,98,99,100)=(0.003,0.003,0.004,0.007 0.009,0.02,0.58,0.73,0.79 0.87,0.92,0.94,1.3), mean=0.47, stddev=0.308], linear-params-col-norms=[percentiles(0,1,2,5 10,20,50,80,90 95,98,99,100)=(0.13,0.15,0.15,0.17 0.19,0.24,0.69,0.93,1.1 1.3,1.4,1.4,1.4), mean=0.649, stddev=0.356], bias-{mean,stddev}=-0.007192,0.06009, rank-in=20, rank-out=80, num-samples-history=2000, update-period=4, alpha=4
component name=tdnn1.relu type=RectifiedLinearComponent, dim=520, self-repair-scale=1e-05, count=1.09e+06, self-repaired-proportion=0.159718, value-avg=[percentiles(0,1,2,5 10,20,50,80,90 95,98,99,100)=(1e-05,2e-05,3e-05,5e-05 7e-05,0.0002,0.04,0.08,0.11 0.12,0.14,0.16,0.18), mean=0.0429, stddev=0.0439], deriv-avg=[percentiles(0,1,2,5 10,20,50,80,90 95,98,99,100)=(0.01,0.02,0.03,0.04 0.05,0.07,0.35,0.60,0.70 0.78,0.87,0.92,0.98), mean=0.342, stddev=0.264], oderiv-rms=[percentiles(0,1,2,5 10,20,50,80,90 95,98,99,100)=(0.005,0.008,0.009,0.01 0.02,0.05,0.42,0.61,0.76 0.86,0.97,1.1,1.8), mean=0.409, stddev=0.285], oderiv-count=1.14688e+06
component name=tdnn1.batchnorm type=BatchNormComponent, dim=520, block-dim=520, epsilon=0.001, target-rms=1, count=39241.6, test-mode=false, data-mean=[percentiles(0,1,2,5 10,20,50,80,90 95,98,99,100)=(5e-06,2e-05,2e-05,4e-05 7e-05,0.0002,0.04,0.08,0.10 0.12,0.15,0.16,0.19), mean=0.0423, stddev=0.0439], data-stddev=[percentiles(0,1,2,5 10,20,50,80,90 95,98,99,100)=(4e-05,0.0001,0.0001,0.0002 0.0003,0.0009,0.07,0.11,0.12 0.13,0.14,0.15,0.16), mean=0.0588, stddev=0.0486]
component name=tdnn2.affine type=NaturalGradientAffineComponent, input-dim=1560, output-dim=520, learning-rate=7.21176e-05, l2-regularize=0.05, max-change=0.75, linear-params-rms=0.01141, linear-params-row-norms=[percentiles(0,1,2,5 10,20,50,80,90 95,98,99,100)=(0.30,0.33,0.33,0.35 0.37,0.39,0.43,0.50,0.54 0.58,0.61,0.62,0.72), mean=0.445, stddev=0.0685], linear-params-col-norms=[percentiles(0,1,2,5 10,20,50,80,90 95,98,99,100)=(0.001,0.002,0.002,0.003 0.005,0.01,0.27,0.33,0.36 0.39,0.41,0.49,0.77), mean=0.217, stddev=0.144], bias-{mean,stddev}=-0.03573,0.03703, rank-in=20, rank-out=80, num-samples-history=2000, update-period=4, alpha=4
component name=tdnn2.relu type=RectifiedLinearComponent, dim=520, self-repair-scale=1e-05, count=1.08e+06, self-repaired-proportion=0, value-avg=[percentiles(0,1,2,5 10,20,50,80,90 95,98,99,100)=(0.14,0.16,0.17,0.18 0.19,0.21,0.24,0.28,0.29 0.31,0.33,0.35,0.42), mean=0.245, stddev=0.0415], deriv-avg=[percentiles(0,1,2,5 10,20,50,80,90 95,98,99,100)=(0.26,0.35,0.36,0.39 0.40,0.41,0.44,0.47,0.49 0.51,0.52,0.52,0.57), mean=0.442, stddev=0.0374], oderiv-rms=[percentiles(0,1,2,5 10,20,50,80,90 95,98,99,100)=(0.04,0.04,0.04,0.04 0.05,0.05,0.06,0.07,0.07 0.08,0.09,0.10,0.12), mean=0.0582, stddev=0.0122], oderiv-count=1.0431e+06
component name=tdnn2.batchnorm type=BatchNormComponent, dim=520, block-dim=520, epsilon=0.001, target-rms=1, count=38393.7, test-mode=false, data-mean=[percentiles(0,1,2,5 10,20,50,80,90 95,98,99,100)=(0.14,0.16,0.17,0.19 0.20,0.21,0.24,0.28,0.30 0.32,0.34,0.37,0.43), mean=0.248, stddev=0.043], data-stddev=[percentiles(0,1,2,5 10,20,50,80,90 95,98,99,100)=(0.28,0.31,0.34,0.36 0.38,0.40,0.44,0.50,0.53 0.56,0.58,0.60,0.63), mean=0.448, stddev=0.0594]
component name=lstm1.W_all type=NaturalGradientAffineComponent, input-dim=650, output-dim=2080, learning-rate=7.21176e-05, l2-regularize=0.01, max-change=1.5, linear-params-rms=0.01735, linear-params-row-norms=[percentiles(0,1,2,5 10,20,50,80,90 95,98,99,100)=(3e-08,5e-07,1e-06,8e-06 0.0002,0.18,0.40,0.58,0.65 0.72,0.80,0.88,1.1), mean=0.379, stddev=0.228], linear-params-col-norms=[percentiles(0,1,2,5 10,20,50,80,90 95,98,99,100)=(0.29,0.34,0.38,0.41 0.47,0.68,0.80,0.89,0.96 1.0,1.1,1.2,1.3), mean=0.773, stddev=0.171], bias-{mean,stddev}=0.000581,0.02254, rank-in=20, rank-out=80, num-samples-history=2000, update-period=4, alpha=4
component name=lstm1.lstm_nonlin type=LstmNonlinearityComponent, input-dim=2603, output-dim=1040, learning-rate=7.21176e-05, l2-regularize=0.01, max-change=0.75, cell-dim=520, use-dropout=true, w_ic-rms=0.04809, w_fc-rms=0.0215, w_oc-rms=0.03963, count=1.51e+06, i_t_sigmoid={ self-repair-lower-threshold=0.05, self-repair-scale=1e-05, self-repaired-proportion=0.00643839, value-avg=[percentiles(0,1,2,5 10,20,50,80,90 95,98,99,100)=(0.39,0.40,0.42,0.43 0.44,0.45,0.48,0.50,0.54 0.64,0.72,0.73,0.78), mean=0.491, stddev=0.0631], deriv-avg=[percentiles(0,1,2,5 10,20,50,80,90 95,98,99,100)=(0.16,0.18,0.19,0.20 0.21,0.22,0.23,0.24,0.25 0.25,0.25,0.25,0.25), mean=0.228, stddev=0.0155] }, f_t_sigmoid={ self-repair-lower-threshold=0.05, self-repair-scale=1e-05, self-repaired-proportion=0.00643839, value-avg=[percentiles(0,1,2,5 10,20,50,80,90 95,98,99,100)=(0.39,0.42,0.43,0.44 0.46,0.47,0.50,0.51,0.55 0.61,0.66,0.70,0.76), mean=0.5, stddev=0.0511], deriv-avg=[percentiles(0,1,2,5 10,20,50,80,90 95,98,99,100)=(0.18,0.19,0.20,0.21 0.22,0.23,0.24,0.25,0.25 0.25,0.25,0.25,0.25), mean=0.236, stddev=0.0133] }, c_t_tanh={ self-repair-lower-threshold=0.2, self-repair-scale=1e-05, self-repaired-proportion=0.00660568, value-avg=[percentiles(0,1,2,5 10,20,50,80,90 95,98,99,100)=(-0.87,-0.82,-0.78,-0.44 -0.27,-0.13,0.0006,0.16,0.27 0.59,0.76,0.80,0.85), mean=0.0139, stddev=0.281], deriv-avg=[percentiles(0,1,2,5 10,20,50,80,90 95,98,99,100)=(0.23,0.28,0.30,0.34 0.40,0.45,0.57,0.71,1.0 1.0,1.0,1.0,1.0), mean=0.615, stddev=0.202] }, o_t_sigmoid={ self-repair-lower-threshold=0.05, self-repair-scale=1e-05, self-repaired-proportion=0.00643839, value-avg=[percentiles(0,1,2,5 10,20,50,80,90 95,98,99,100)=(0.35,0.38,0.39,0.40 0.41,0.43,0.46,0.50,0.50 0.52,0.55,0.58,0.65), mean=0.461, stddev=0.0412], deriv-avg=[percentiles(0,1,2,5 10,20,50,80,90 95,98,99,100)=(0.16,0.18,0.19,0.19 0.20,0.21,0.22,0.24,0.25 0.25,0.25,0.25,0.25), mean=0.222, stddev=0.0184] }, m_t_tanh={ self-repair-lower-threshold=0.2, self-repair-scale=1e-05, self-repaired-proportion=0.00862507, value-avg=[percentiles(0,1,2,5 10,20,50,80,90 95,98,99,100)=(-0.88,-0.80,-0.75,-0.38 -0.21,-0.11,0.0004,0.13,0.23 0.46,0.65,0.79,0.89), mean=0.011, stddev=0.25], deriv-avg=[percentiles(0,1,2,5 10,20,50,80,90 95,98,99,100)=(0.20,0.29,0.34,0.48 0.67,0.75,0.84,0.91,1.0 1.0,1.0,1.0,1.0), mean=0.82, stddev=0.15] }
component name=lstm1.cr_trunc type=BackpropTruncationComponent, dim=650, scale=0.85, count=1.98e+06, recurrence-interval=3, clipping-threshold=30, clipped-proportion=2.53004e-07, zeroing-threshold=15, zeroing-interval=20, zeroed-proportion=1.68792e-05, count-zeroing-boundaries=296223
component name=lstm1.dropout_mask type=DropoutMaskComponent, output-dim=3, dropout-proportion=0.0479339
component name=lstm1.W_rp type=NaturalGradientAffineComponent, input-dim=520, output-dim=260, learning-rate=7.21176e-05, l2-regularize=0.01, max-change=1.5, linear-params-rms=0.03833, linear-params-row-norms=[percentiles(0,1,2,5 10,20,50,80,90 95,98,99,100)=(0.36,0.41,0.45,0.46 0.51,0.56,0.84,1.1,1.2 1.2,1.3,1.3,1.3), mean=0.834, stddev=0.263], linear-params-col-norms=[percentiles(0,1,2,5 10,20,50,80,90 95,98,99,100)=(0.0002,0.0005,0.0008,0.002 0.006,0.40,0.55,0.71,0.87 1.0,1.3,1.3,1.6), mean=0.536, stddev=0.308], bias-{mean,stddev}=0.01148,0.2507, rank-in=20, rank-out=80, num-samples-history=2000, update-period=4, alpha=4
component name=tdnn3.affine type=NaturalGradientAffineComponent, input-dim=780, output-dim=520, learning-rate=7.21176e-05, l2-regularize=0.05, max-change=0.75, linear-params-rms=0.01218, linear-params-row-norms=[percentiles(0,1,2,5 10,20,50,80,90 95,98,99,100)=(0.14,0.24,0.24,0.26 0.27,0.29,0.33,0.37,0.41 0.44,0.47,0.49,0.54), mean=0.336, stddev=0.0545], linear-params-col-norms=[percentiles(0,1,2,5 10,20,50,80,90 95,98,99,100)=(0.11,0.13,0.13,0.15 0.16,0.18,0.26,0.35,0.38 0.40,0.42,0.44,0.47), mean=0.264, stddev=0.0859], bias-{mean,stddev}=0.001018,0.01027, rank-in=20, rank-out=80, num-samples-history=2000, update-period=4, alpha=4
component name=tdnn3.relu type=RectifiedLinearComponent, dim=520, self-repair-scale=1e-05, count=9.21e+05, self-repaired-proportion=0.000103391, value-avg=[percentiles(0,1,2,5 10,20,50,80,90 95,98,99,100)=(0.004,0.01,0.01,0.02 0.03,0.04,0.08,0.11,0.13 0.14,0.16,0.16,0.18), mean=0.0808, stddev=0.0366], deriv-avg=[percentiles(0,1,2,5 10,20,50,80,90 95,98,99,100)=(0.08,0.11,0.12,0.16 0.21,0.28,0.43,0.55,0.60 0.64,0.67,0.70,0.82), mean=0.42, stddev=0.146], oderiv-rms=[percentiles(0,1,2,5 10,20,50,80,90 95,98,99,100)=(0.08,0.08,0.09,0.09 0.09,0.10,0.12,0.15,0.19 0.21,0.23,0.25,0.32), mean=0.129, stddev=0.0389], oderiv-count=1.11981e+06
component name=tdnn3.batchnorm type=BatchNormComponent, dim=520, block-dim=520, epsilon=0.001, target-rms=1, count=35850.1, test-mode=false, data-mean=[percentiles(0,1,2,5 10,20,50,80,90 95,98,99,100)=(0.004,0.01,0.02,0.02 0.03,0.05,0.08,0.11,0.13 0.15,0.16,0.16,0.18), mean=0.0812, stddev=0.036], data-stddev=[percentiles(0,1,2,5 10,20,50,80,90 95,98,99,100)=(0.02,0.05,0.06,0.07 0.09,0.11,0.14,0.16,0.18 0.19,0.19,0.20,0.21), mean=0.136, stddev=0.0326]
component name=tdnn4.affine type=NaturalGradientAffineComponent, input-dim=1560, output-dim=520, learning-rate=7.21176e-05, l2-regularize=0.05, max-change=0.75, linear-params-rms=0.008045, linear-params-row-norms=[percentiles(0,1,2,5 10,20,50,80,90 95,98,99,100)=(0.21,0.25,0.26,0.27 0.27,0.29,0.31,0.34,0.36 0.38,0.40,0.40,0.43), mean=0.316, stddev=0.0346], linear-params-col-norms=[percentiles(0,1,2,5 10,20,50,80,90 95,98,99,100)=(0.07,0.12,0.13,0.14 0.14,0.15,0.17,0.20,0.22 0.24,0.27,0.29,0.38), mean=0.18, stddev=0.0337], bias-{mean,stddev}=-0.0288,0.01721, rank-in=20, rank-out=80, num-samples-history=2000, update-period=4, alpha=4
component name=tdnn4.relu type=RectifiedLinearComponent, dim=520, self-repair-scale=1e-05, count=8.5e+05, self-repaired-proportion=0, value-avg=[percentiles(0,1,2,5 10,20,50,80,90 95,98,99,100)=(0.15,0.18,0.18,0.19 0.20,0.21,0.24,0.26,0.28 0.30,0.31,0.33,0.35), mean=0.239, stddev=0.0329], deriv-avg=[percentiles(0,1,2,5 10,20,50,80,90 95,98,99,100)=(0.25,0.35,0.36,0.37 0.38,0.40,0.42,0.44,0.46 0.47,0.48,0.48,0.50), mean=0.419, stddev=0.0294], oderiv-rms=[percentiles(0,1,2,5 10,20,50,80,90 95,98,99,100)=(0.03,0.03,0.03,0.03 0.04,0.04,0.04,0.04,0.04 0.04,0.05,0.05,0.05), mean=0.0385, stddev=0.00286], oderiv-count=1.00662e+06
component name=tdnn4.batchnorm type=BatchNormComponent, dim=520, block-dim=520, epsilon=0.001, target-rms=1, count=33306.5, test-mode=false, data-mean=[percentiles(0,1,2,5 10,20,50,80,90 95,98,99,100)=(0.17,0.18,0.19,0.19 0.20,0.21,0.24,0.27,0.29 0.30,0.32,0.33,0.37), mean=0.243, stddev=0.0336], data-stddev=[percentiles(0,1,2,5 10,20,50,80,90 95,98,99,100)=(0.29,0.36,0.38,0.40 0.41,0.43,0.47,0.53,0.55 0.57,0.61,0.63,0.77), mean=0.477, stddev=0.0572]
component name=lstm2.W_all type=NaturalGradientAffineComponent, input-dim=650, output-dim=2080, learning-rate=7.21176e-05, l2-regularize=0.01, max-change=1.5, linear-params-rms=0.01414, linear-params-row-norms=[percentiles(0,1,2,5 10,20,50,80,90 95,98,99,100)=(2e-07,3e-06,5e-06,1e-05 5e-05,0.0009,0.32,0.50,0.58 0.63,0.68,0.70,0.84), mean=0.279, stddev=0.229], linear-params-col-norms=[percentiles(0,1,2,5 10,20,50,80,90 95,98,99,100)=(0.26,0.28,0.30,0.33 0.39,0.59,0.66,0.72,0.76 0.79,0.85,0.89,1.3), mean=0.631, stddev=0.132], bias-{mean,stddev}=0.002761,0.02663, rank-in=20, rank-out=80, num-samples-history=2000, update-period=4, alpha=4
component name=lstm2.lstm_nonlin type=LstmNonlinearityComponent, input-dim=2603, output-dim=1040, learning-rate=7.21176e-05, l2-regularize=0.01, max-change=0.75, cell-dim=520, use-dropout=true, w_ic-rms=0.03019, w_fc-rms=0.01401, w_oc-rms=0.03651, count=1.38e+06, i_t_sigmoid={ self-repair-lower-threshold=0.05, self-repair-scale=1e-05, self-repaired-proportion=0.00649381, value-avg=[percentiles(0,1,2,5 10,20,50,80,90 95,98,99,100)=(0.42,0.43,0.44,0.46 0.46,0.48,0.50,0.50,0.54 0.57,0.62,0.65,0.72), mean=0.5, stddev=0.0369], deriv-avg=[percentiles(0,1,2,5 10,20,50,80,90 95,98,99,100)=(0.20,0.21,0.21,0.21 0.22,0.22,0.23,0.25,0.25 0.25,0.25,0.25,0.25), mean=0.235, stddev=0.0133] }, f_t_sigmoid={ self-repair-lower-threshold=0.05, self-repair-scale=1e-05, self-repaired-proportion=0.00649381, value-avg=[percentiles(0,1,2,5 10,20,50,80,90 95,98,99,100)=(0.40,0.45,0.45,0.46 0.46,0.48,0.50,0.51,0.53 0.55,0.59,0.61,0.67), mean=0.499, stddev=0.031], deriv-avg=[percentiles(0,1,2,5 10,20,50,80,90 95,98,99,100)=(0.20,0.21,0.21,0.22 0.22,0.23,0.24,0.25,0.25 0.25,0.25,0.25,0.25), mean=0.239, stddev=0.0116] }, c_t_tanh={ self-repair-lower-threshold=0.2, self-repair-scale=1e-05, self-repaired-proportion=0.00649381, value-avg=[percentiles(0,1,2,5 10,20,50,80,90 95,98,99,100)=(-0.82,-0.72,-0.65,-0.36 -0.21,-0.08,7e-05,0.09,0.26 0.42,0.56,0.61,0.73), mean=0.00533, stddev=0.223], deriv-avg=[percentiles(0,1,2,5 10,20,50,80,90 95,98,99,100)=(0.27,0.38,0.42,0.46 0.49,0.54,0.64,1.0,1.0 1.0,1.0,1.0,1.0), mean=0.724, stddev=0.211] }, o_t_sigmoid={ self-repair-lower-threshold=0.05, self-repair-scale=1e-05, self-repaired-proportion=0.00649381, value-avg=[percentiles(0,1,2,5 10,20,50,80,90 95,98,99,100)=(0.39,0.41,0.42,0.43 0.45,0.46,0.50,0.50,0.51 0.52,0.55,0.56,0.73), mean=0.486, stddev=0.0303], deriv-avg=[percentiles(0,1,2,5 10,20,50,80,90 95,98,99,100)=(0.17,0.18,0.19,0.20 0.21,0.22,0.23,0.25,0.25 0.25,0.25,0.25,0.25), mean=0.231, stddev=0.0174] }, m_t_tanh={ self-repair-lower-threshold=0.2, self-repair-scale=1e-05, self-repaired-proportion=0.00649381, value-avg=[percentiles(0,1,2,5 10,20,50,80,90 95,98,99,100)=(-0.79,-0.61,-0.57,-0.29 -0.19,-0.08,6e-05,0.09,0.22 0.38,0.47,0.53,0.70), mean=0.00484, stddev=0.195], deriv-avg=[percentiles(0,1,2,5 10,20,50,80,90 95,98,99,100)=(0.35,0.52,0.58,0.65 0.72,0.79,0.87,1.0,1.0 1.0,1.0,1.0,1.0), mean=0.874, stddev=0.119] }
component name=lstm2.cr_trunc type=BackpropTruncationComponent, dim=650, scale=0.85, count=1.73e+06, recurrence-interval=3, clipping-threshold=30, clipped-proportion=0, zeroing-threshold=15, zeroing-interval=20, zeroed-proportion=3.82779e-06, count-zeroing-boundaries=261247
component name=lstm2.dropout_mask type=DropoutMaskComponent, output-dim=3, dropout-proportion=0.0479339
component name=lstm2.W_rp type=NaturalGradientAffineComponent, input-dim=520, output-dim=260, learning-rate=7.21176e-05, l2-regularize=0.01, max-change=1.5, linear-params-rms=0.03619, linear-params-row-norms=[percentiles(0,1,2,5 10,20,50,80,90 95,98,99,100)=(0.41,0.43,0.46,0.52 0.54,0.59,0.79,1.0,1.1 1.1,1.1,1.2,1.3), mean=0.798, stddev=0.21], linear-params-col-norms=[percentiles(0,1,2,5 10,20,50,80,90 95,98,99,100)=(0.0005,0.001,0.001,0.002 0.004,0.01,0.58,0.77,0.86 0.97,1.1,1.1,1.3), mean=0.464, stddev=0.354], bias-{mean,stddev}=-0.00343,0.1986, rank-in=20, rank-out=80, num-samples-history=2000, update-period=4, alpha=4
component name=tdnn5.affine type=NaturalGradientAffineComponent, input-dim=780, output-dim=520, learning-rate=7.21176e-05, l2-regularize=0.05, max-change=0.75, linear-params-rms=0.01139, linear-params-row-norms=[percentiles(0,1,2,5 10,20,50,80,90 95,98,99,100)=(0.13,0.20,0.21,0.23 0.25,0.26,0.30,0.36,0.39 0.43,0.46,0.47,0.50), mean=0.313, stddev=0.0585], linear-params-col-norms=[percentiles(0,1,2,5 10,20,50,80,90 95,98,99,100)=(0.11,0.12,0.14,0.15 0.16,0.18,0.23,0.33,0.35 0.38,0.40,0.41,0.44), mean=0.249, stddev=0.0757], bias-{mean,stddev}=0.001377,0.007494, rank-in=20, rank-out=80, num-samples-history=2000, update-period=4, alpha=4
component name=tdnn5.relu type=RectifiedLinearComponent, dim=520, self-repair-scale=1e-05, count=8.41e+05, self-repaired-proportion=0, value-avg=[percentiles(0,1,2,5 10,20,50,80,90 95,98,99,100)=(0.008,0.01,0.01,0.02 0.03,0.04,0.06,0.09,0.10 0.11,0.13,0.14,0.16), mean=0.0637, stddev=0.029], deriv-avg=[percentiles(0,1,2,5 10,20,50,80,90 95,98,99,100)=(0.08,0.11,0.12,0.16 0.20,0.27,0.39,0.50,0.55 0.59,0.60,0.62,0.67), mean=0.387, stddev=0.128], oderiv-rms=[percentiles(0,1,2,5 10,20,50,80,90 95,98,99,100)=(0.06,0.08,0.09,0.09 0.10,0.10,0.12,0.15,0.17 0.20,0.22,0.23,0.27), mean=0.127, stddev=0.0322], oderiv-count=1.00397e+06
component name=tdnn5.batchnorm type=BatchNormComponent, dim=520, block-dim=520, epsilon=0.001, target-rms=1, count=30762.8, test-mode=false, data-mean=[percentiles(0,1,2,5 10,20,50,80,90 95,98,99,100)=(0.007,0.01,0.02,0.02 0.03,0.04,0.06,0.09,0.11 0.12,0.13,0.14,0.16), mean=0.0671, stddev=0.0291], data-stddev=[percentiles(0,1,2,5 10,20,50,80,90 95,98,99,100)=(0.03,0.05,0.06,0.07 0.08,0.10,0.12,0.14,0.16 0.17,0.18,0.18,0.20), mean=0.119, stddev=0.0293]
component name=tdnn6.affine type=NaturalGradientAffineComponent, input-dim=1560, output-dim=520, learning-rate=7.21176e-05, l2-regularize=0.05, max-change=0.75, linear-params-rms=0.008115, linear-params-row-norms=[percentiles(0,1,2,5 10,20,50,80,90 95,98,99,100)=(0.12,0.13,0.17,0.22 0.26,0.28,0.32,0.36,0.38 0.40,0.40,0.41,0.43), mean=0.316, stddev=0.0541], linear-params-col-norms=[percentiles(0,1,2,5 10,20,50,80,90 95,98,99,100)=(0.08,0.11,0.12,0.13 0.14,0.15,0.17,0.21,0.24 0.26,0.30,0.34,0.39), mean=0.18, stddev=0.0427], bias-{mean,stddev}=-0.02433,0.02089, rank-in=20, rank-out=80, num-samples-history=2000, update-period=4, alpha=4
component name=tdnn6.relu type=RectifiedLinearComponent, dim=520, self-repair-scale=1e-05, count=7.12e+05, self-repaired-proportion=0, value-avg=[percentiles(0,1,2,5 10,20,50,80,90 95,98,99,100)=(0.11,0.12,0.14,0.17 0.20,0.22,0.25,0.28,0.29 0.31,0.32,0.33,0.34), mean=0.247, stddev=0.0395], deriv-avg=[percentiles(0,1,2,5 10,20,50,80,90 95,98,99,100)=(0.32,0.33,0.35,0.36 0.37,0.39,0.41,0.43,0.45 0.46,0.48,0.48,0.50), mean=0.409, stddev=0.0301], oderiv-rms=[percentiles(0,1,2,5 10,20,50,80,90 95,98,99,100)=(0.02,0.03,0.03,0.03 0.03,0.03,0.03,0.03,0.04 0.04,0.04,0.04,0.05), mean=0.0319, stddev=0.00345], oderiv-count=912320
component name=tdnn6.batchnorm type=BatchNormComponent, dim=520, block-dim=520, epsilon=0.001, target-rms=1, count=28219.2, test-mode=false, data-mean=[percentiles(0,1,2,5 10,20,50,80,90 95,98,99,100)=(0.13,0.14,0.15,0.18 0.20,0.23,0.26,0.29,0.30 0.32,0.34,0.35,0.42), mean=0.255, stddev=0.0412], data-stddev=[percentiles(0,1,2,5 10,20,50,80,90 95,98,99,100)=(0.20,0.21,0.24,0.34 0.39,0.44,0.51,0.58,0.61 0.63,0.68,0.72,1.1), mean=0.505, stddev=0.0954]
component name=lstm3.W_all type=NaturalGradientAffineComponent, input-dim=650, output-dim=2080, learning-rate=7.21176e-05, l2-regularize=0.01, max-change=1.5, linear-params-rms=0.02035, linear-params-row-norms=[percentiles(0,1,2,5 10,20,50,80,90 95,98,99,100)=(0.20,0.23,0.24,0.26 0.28,0.33,0.47,0.67,0.73 0.78,0.82,0.86,0.93), mean=0.491, stddev=0.166], linear-params-col-norms=[percentiles(0,1,2,5 10,20,50,80,90 95,98,99,100)=(0.48,0.50,0.56,0.66 0.72,0.76,0.83,1.1,1.2 1.3,1.4,1.6,1.8), mean=0.904, stddev=0.211], bias-{mean,stddev}=0.01455,0.0172, rank-in=20, rank-out=80, num-samples-history=2000, update-period=4, alpha=4
component name=lstm3.lstm_nonlin type=LstmNonlinearityComponent, input-dim=2603, output-dim=1040, learning-rate=7.21176e-05, l2-regularize=0.01, max-change=0.75, cell-dim=520, use-dropout=true, w_ic-rms=0.08216, w_fc-rms=0.04045, w_oc-rms=0.05996, count=1.25e+06, i_t_sigmoid={ self-repair-lower-threshold=0.05, self-repair-scale=1e-05, self-repaired-proportion=0.00656071, value-avg=[percentiles(0,1,2,5 10,20,50,80,90 95,98,99,100)=(0.50,0.56,0.57,0.59 0.62,0.64,0.68,0.73,0.75 0.77,0.79,0.80,0.82), mean=0.683, stddev=0.0526], deriv-avg=[percentiles(0,1,2,5 10,20,50,80,90 95,98,99,100)=(0.11,0.13,0.14,0.15 0.16,0.17,0.18,0.19,0.20 0.20,0.20,0.20,0.22), mean=0.18, stddev=0.0151] }, f_t_sigmoid={ self-repair-lower-threshold=0.05, self-repair-scale=1e-05, self-repaired-proportion=0.00656071, value-avg=[percentiles(0,1,2,5 10,20,50,80,90 95,98,99,100)=(0.44,0.50,0.52,0.54 0.56,0.58,0.61,0.66,0.72 0.76,0.79,0.81,0.85), mean=0.623, stddev=0.0627], deriv-avg=[percentiles(0,1,2,5 10,20,50,80,90 95,98,99,100)=(0.12,0.14,0.15,0.15 0.17,0.19,0.20,0.21,0.21 0.22,0.22,0.22,0.22), mean=0.195, stddev=0.018] }, c_t_tanh={ self-repair-lower-threshold=0.2, self-repair-scale=1e-05, self-repaired-proportion=0.00843268, value-avg=[percentiles(0,1,2,5 10,20,50,80,90 95,98,99,100)=(-0.86,-0.82,-0.70,-0.54 -0.43,-0.29,-0.008,0.26,0.39 0.54,0.66,0.74,0.86), mean=-0.011, stddev=0.324], deriv-avg=[percentiles(0,1,2,5 10,20,50,80,90 95,98,99,100)=(0.20,0.22,0.24,0.29 0.31,0.35,0.40,0.44,0.47 0.48,0.50,0.52,0.54), mean=0.397, stddev=0.0597] }, o_t_sigmoid={ self-repair-lower-threshold=0.05, self-repair-scale=1e-05, self-repaired-proportion=0.00656071, value-avg=[percentiles(0,1,2,5 10,20,50,80,90 95,98,99,100)=(0.45,0.50,0.51,0.54 0.56,0.59,0.63,0.67,0.69 0.71,0.75,0.79,0.90), mean=0.632, stddev=0.054], deriv-avg=[percentiles(0,1,2,5 10,20,50,80,90 95,98,99,100)=(0.08,0.13,0.13,0.14 0.15,0.16,0.18,0.18,0.19 0.19,0.19,0.19,0.20), mean=0.174, stddev=0.015] }, m_t_tanh={ self-repair-lower-threshold=0.2, self-repair-scale=1e-05, self-repaired-proportion=0.021026, value-avg=[percentiles(0,1,2,5 10,20,50,80,90 95,98,99,100)=(-0.88,-0.84,-0.73,-0.58 -0.41,-0.28,-0.004,0.24,0.36 0.55,0.70,0.75,0.88), mean=-0.0131, stddev=0.323], deriv-avg=[percentiles(0,1,2,5 10,20,50,80,90 95,98,99,100)=(0.19,0.20,0.21,0.30 0.37,0.45,0.55,0.60,0.63 0.64,0.66,0.66,0.71), mean=0.524, stddev=0.103] }
component name=lstm3.cr_trunc type=BackpropTruncationComponent, dim=650, scale=0.85, count=1.49e+06, recurrence-interval=3, clipping-threshold=30, clipped-proportion=0, zeroing-threshold=15, zeroing-interval=20, zeroed-proportion=0, count-zeroing-boundaries=222144
component name=lstm3.dropout_mask type=DropoutMaskComponent, output-dim=3, dropout-proportion=0.0479339
component name=lstm3.W_rp type=NaturalGradientAffineComponent, input-dim=520, output-dim=260, learning-rate=7.21176e-05, l2-regularize=0.01, max-change=1.5, linear-params-rms=0.0862, linear-params-row-norms=[percentiles(0,1,2,5 10,20,50,80,90 95,98,99,100)=(0.94,1.0,1.1,1.1 1.1,1.2,1.7,2.5,2.6 2.6,2.7,2.8,3.0), mean=1.87, stddev=0.611], linear-params-col-norms=[percentiles(0,1,2,5 10,20,50,80,90 95,98,99,100)=(0.54,1.0,1.1,1.1 1.2,1.2,1.3,1.5,1.7 1.8,1.9,1.9,2.0), mean=1.37, stddev=0.211], bias-{mean,stddev}=-0.04073,0.4274, rank-in=20, rank-out=80, num-samples-history=2000, update-period=4, alpha=4
component name=output.affine type=NaturalGradientAffineComponent, input-dim=260, output-dim=2104, learning-rate=7.21176e-05, l2-regularize=0.01, max-change=1.5, linear-params-rms=0.04075, linear-params-row-norms=[percentiles(0,1,2,5 10,20,50,80,90 95,98,99,100)=(0.51,0.55,0.56,0.58 0.59,0.61,0.64,0.68,0.71 0.74,0.78,0.85,2.2), mean=0.652, stddev=0.0821], linear-params-col-norms=[percentiles(0,1,2,5 10,20,50,80,90 95,98,99,100)=(0.91,0.98,1.0,1.1 1.1,1.2,1.6,2.4,2.4 2.5,2.6,2.6,2.6), mean=1.78, stddev=0.579], bias-{mean,stddev}=3.633e-09,0.02547, rank-in=20, rank-out=80, num-samples-history=2000, update-period=4, alpha=4
component name=output.log-softmax type=LogSoftmaxComponent, dim=2104, oderiv-rms=[percentiles(0,1,2,5 10,20,50,80,90 95,98,99,100)=(0.002,0.007,0.008,0.009 0.01,0.01,0.02,0.02,0.02 0.03,0.03,0.03,0.42), mean=0.0168, stddev=0.0138], oderiv-count=583680
nnet3-show-progress --use-gpu=no exp/nnet3/tdnn_lstm1c_sp/455.mdl exp/nnet3/tdnn_lstm1c_sp/456.mdl 
LOG (nnet3-show-progress[5.5.0-]:SelectGpuId():cu-device.cc:153) Manually selected to compute on CPU.
WARNING (nnet3-show-progress[5.5.0-]:Check():nnet-nnet.cc:789) Node lda.delayed is never used to compute any output.
WARNING (nnet3-show-progress[5.5.0-]:Check():nnet-nnet.cc:789) Node lda.delayed is never used to compute any output.
WARNING (nnet3-show-progress[5.5.0-]:Check():nnet-nnet.cc:789) Node lda.delayed is never used to compute any output.
LOG (nnet3-show-progress[5.5.0-]:main():nnet3-show-progress.cc:143) Parameter differences per layer are [ tdnn1.affine:2.72005 tdnn2.affine:2.49119 lstm1.W_all:1.87176 lstm1.lstm_nonlin:0.0365113 lstm1.W_rp:0.858429 tdnn3.affine:1.71163 tdnn4.affine:1.76121 lstm2.W_all:1.25135 lstm2.lstm_nonlin:0.0200969 lstm2.W_rp:0.577757 tdnn5.affine:1.43812 tdnn6.affine:1.561 lstm3.W_all:1.77664 lstm3.lstm_nonlin:0.0417283 lstm3.W_rp:0.633405 output.affine:1.37023 ]
LOG (nnet3-show-progress[5.5.0-]:main():nnet3-show-progress.cc:153) Norms of parameter matrices from <new-nnet-in> are [ tdnn1.affine:12.8937 tdnn2.affine:10.3451 lstm1.W_all:20.2036 lstm1.lstm_nonlin:1.50311 lstm1.W_rp:14.662 tdnn3.affine:7.76113 tdnn4.affine:7.28633 lstm2.W_all:16.4869 lstm2.lstm_nonlin:1.12648 lstm2.W_rp:13.6884 tdnn5.affine:7.25768 tdnn6.affine:7.34507 lstm3.W_all:23.6856 lstm3.lstm_nonlin:2.49614 lstm3.W_rp:32.4434 output.affine:30.1636 ]
LOG (nnet3-show-progress[5.5.0-]:main():nnet3-show-progress.cc:157) Relative parameter differences per layer are [ tdnn1.affine:0.210839 tdnn2.affine:0.240885 lstm1.W_all:0.0926372 lstm1.lstm_nonlin:0.0241967 lstm1.W_rp:0.0585013 tdnn3.affine:0.220676 tdnn4.affine:0.241564 lstm2.W_all:0.0758905 lstm2.lstm_nonlin:0.0177788 lstm2.W_rp:0.042168 tdnn5.affine:0.198027 tdnn6.affine:0.212374 lstm3.W_all:0.0749854 lstm3.lstm_nonlin:0.0166199 lstm3.W_rp:0.0195119 output.affine:0.0454165 ]
# Accounting: time=0 threads=1
# Ended (code 0) at Thu Jul 30 13:01:56 KST 2020, elapsed time 0 seconds
