# nnet3-info exp/nnet3/tdnn_lstm1c_sp/348.mdl && nnet3-show-progress --use-gpu=no exp/nnet3/tdnn_lstm1c_sp/347.mdl exp/nnet3/tdnn_lstm1c_sp/348.mdl 
# Started at Thu Jul 30 12:18:56 KST 2020
#
nnet3-info exp/nnet3/tdnn_lstm1c_sp/348.mdl 
WARNING (nnet3-info[5.5.0-]:Check():nnet-nnet.cc:789) Node lda.delayed is never used to compute any output.
left-context: 10
right-context: 20
num-parameters: 8426364
modulus: 1
component-node name=lda.delayed component=lda.delayed input=Append(Offset(input, -2), Offset(input, -1), input, Offset(input, 1), Offset(input, 2), ReplaceIndex(ivector, t, 0)) input-dim=300 output-dim=300
input-node name=ivector dim=100
input-node name=input dim=40
component-node name=lda component=lda input=Append(Offset(input, -2), Offset(input, -1), input, Offset(input, 1), Offset(input, 2), ReplaceIndex(ivector, t, 0)) input-dim=300 output-dim=300
component-node name=tdnn1.affine component=tdnn1.affine input=lda input-dim=300 output-dim=520
component-node name=tdnn1.relu component=tdnn1.relu input=tdnn1.affine input-dim=520 output-dim=520
component-node name=tdnn1.batchnorm component=tdnn1.batchnorm input=tdnn1.relu input-dim=520 output-dim=520
component-node name=tdnn2.affine component=tdnn2.affine input=Append(Offset(tdnn1.batchnorm, -1), tdnn1.batchnorm, Offset(tdnn1.batchnorm, 1)) input-dim=1560 output-dim=520
component-node name=tdnn2.relu component=tdnn2.relu input=tdnn2.affine input-dim=520 output-dim=520
component-node name=tdnn2.batchnorm component=tdnn2.batchnorm input=tdnn2.relu input-dim=520 output-dim=520
component-node name=lstm1.W_all component=lstm1.W_all input=Append(tdnn2.batchnorm, IfDefined(Offset(lstm1.r_trunc, -3))) input-dim=650 output-dim=2080
component-node name=lstm1.dropout_mask component=lstm1.dropout_mask input=lstm1.dropout_mask input-dim=3 output-dim=3
component-node name=lstm1.lstm_nonlin component=lstm1.lstm_nonlin input=Append(lstm1.W_all, IfDefined(Offset(lstm1.c_trunc, -3)), lstm1.dropout_mask) input-dim=2603 output-dim=1040
dim-range-node name=lstm1.c input-node=lstm1.lstm_nonlin dim-offset=0 dim=520
dim-range-node name=lstm1.m input-node=lstm1.lstm_nonlin dim-offset=520 dim=520
component-node name=lstm1.rp component=lstm1.W_rp input=lstm1.m input-dim=520 output-dim=260
dim-range-node name=lstm1.r input-node=lstm1.rp dim-offset=0 dim=130
component-node name=lstm1.cr_trunc component=lstm1.cr_trunc input=Append(lstm1.c, lstm1.r) input-dim=650 output-dim=650
dim-range-node name=lstm1.c_trunc input-node=lstm1.cr_trunc dim-offset=0 dim=520
dim-range-node name=lstm1.r_trunc input-node=lstm1.cr_trunc dim-offset=520 dim=130
component-node name=tdnn3.affine component=tdnn3.affine input=Append(Offset(lstm1.rp, -3), lstm1.rp, Offset(lstm1.rp, 3)) input-dim=780 output-dim=520
component-node name=tdnn3.relu component=tdnn3.relu input=tdnn3.affine input-dim=520 output-dim=520
component-node name=tdnn3.batchnorm component=tdnn3.batchnorm input=tdnn3.relu input-dim=520 output-dim=520
component-node name=tdnn4.affine component=tdnn4.affine input=Append(Offset(tdnn3.batchnorm, -3), tdnn3.batchnorm, Offset(tdnn3.batchnorm, 3)) input-dim=1560 output-dim=520
component-node name=tdnn4.relu component=tdnn4.relu input=tdnn4.affine input-dim=520 output-dim=520
component-node name=tdnn4.batchnorm component=tdnn4.batchnorm input=tdnn4.relu input-dim=520 output-dim=520
component-node name=lstm2.W_all component=lstm2.W_all input=Append(tdnn4.batchnorm, IfDefined(Offset(lstm2.r_trunc, -3))) input-dim=650 output-dim=2080
component-node name=lstm2.dropout_mask component=lstm2.dropout_mask input=lstm2.dropout_mask input-dim=3 output-dim=3
component-node name=lstm2.lstm_nonlin component=lstm2.lstm_nonlin input=Append(lstm2.W_all, IfDefined(Offset(lstm2.c_trunc, -3)), lstm2.dropout_mask) input-dim=2603 output-dim=1040
dim-range-node name=lstm2.c input-node=lstm2.lstm_nonlin dim-offset=0 dim=520
dim-range-node name=lstm2.m input-node=lstm2.lstm_nonlin dim-offset=520 dim=520
component-node name=lstm2.rp component=lstm2.W_rp input=lstm2.m input-dim=520 output-dim=260
dim-range-node name=lstm2.r input-node=lstm2.rp dim-offset=0 dim=130
component-node name=lstm2.cr_trunc component=lstm2.cr_trunc input=Append(lstm2.c, lstm2.r) input-dim=650 output-dim=650
dim-range-node name=lstm2.c_trunc input-node=lstm2.cr_trunc dim-offset=0 dim=520
dim-range-node name=lstm2.r_trunc input-node=lstm2.cr_trunc dim-offset=520 dim=130
component-node name=tdnn5.affine component=tdnn5.affine input=Append(Offset(lstm2.rp, -3), lstm2.rp, Offset(lstm2.rp, 3)) input-dim=780 output-dim=520
component-node name=tdnn5.relu component=tdnn5.relu input=tdnn5.affine input-dim=520 output-dim=520
component-node name=tdnn5.batchnorm component=tdnn5.batchnorm input=tdnn5.relu input-dim=520 output-dim=520
component-node name=tdnn6.affine component=tdnn6.affine input=Append(Offset(tdnn5.batchnorm, -3), tdnn5.batchnorm, Offset(tdnn5.batchnorm, 3)) input-dim=1560 output-dim=520
component-node name=tdnn6.relu component=tdnn6.relu input=tdnn6.affine input-dim=520 output-dim=520
component-node name=tdnn6.batchnorm component=tdnn6.batchnorm input=tdnn6.relu input-dim=520 output-dim=520
component-node name=lstm3.W_all component=lstm3.W_all input=Append(tdnn6.batchnorm, IfDefined(Offset(lstm3.r_trunc, -3))) input-dim=650 output-dim=2080
component-node name=lstm3.dropout_mask component=lstm3.dropout_mask input=lstm3.dropout_mask input-dim=3 output-dim=3
component-node name=lstm3.lstm_nonlin component=lstm3.lstm_nonlin input=Append(lstm3.W_all, IfDefined(Offset(lstm3.c_trunc, -3)), lstm3.dropout_mask) input-dim=2603 output-dim=1040
dim-range-node name=lstm3.c input-node=lstm3.lstm_nonlin dim-offset=0 dim=520
dim-range-node name=lstm3.m input-node=lstm3.lstm_nonlin dim-offset=520 dim=520
component-node name=lstm3.rp component=lstm3.W_rp input=lstm3.m input-dim=520 output-dim=260
dim-range-node name=lstm3.r input-node=lstm3.rp dim-offset=0 dim=130
component-node name=lstm3.cr_trunc component=lstm3.cr_trunc input=Append(lstm3.c, lstm3.r) input-dim=650 output-dim=650
dim-range-node name=lstm3.c_trunc input-node=lstm3.cr_trunc dim-offset=0 dim=520
dim-range-node name=lstm3.r_trunc input-node=lstm3.cr_trunc dim-offset=520 dim=130
component-node name=output.affine component=output.affine input=lstm3.rp input-dim=260 output-dim=2104
component-node name=output.log-softmax component=output.log-softmax input=output.affine input-dim=2104 output-dim=2104
output-node name=output input=Offset(output.log-softmax, 5) dim=2104 objective=linear
component name=lda.delayed type=NoOpComponent, dim=300
component name=lda type=FixedAffineComponent, input-dim=300, output-dim=300, linear-params-rms=0.006709, bias-{mean,stddev}=-0.01975,0.4295
component name=tdnn1.affine type=NaturalGradientAffineComponent, input-dim=300, output-dim=520, learning-rate=0.000143074, l2-regularize=0.05, max-change=0.75, linear-params-rms=0.03219, linear-params-row-norms=[percentiles(0,1,2,5 10,20,50,80,90 95,98,99,100)=(0.003,0.005,0.006,0.007 0.01,0.02,0.56,0.71,0.79 0.87,0.93,0.99,1.2), mean=0.467, stddev=0.305], linear-params-col-norms=[percentiles(0,1,2,5 10,20,50,80,90 95,98,99,100)=(0.13,0.14,0.15,0.15 0.18,0.22,0.66,0.90,1.2 1.3,1.4,1.5,1.5), mean=0.634, stddev=0.37], bias-{mean,stddev}=-0.002638,0.06272, rank-in=20, rank-out=80, num-samples-history=2000, update-period=4, alpha=4
component name=tdnn1.relu type=RectifiedLinearComponent, dim=520, self-repair-scale=1e-05, count=9.85e+05, self-repaired-proportion=0.197303, value-avg=[percentiles(0,1,2,5 10,20,50,80,90 95,98,99,100)=(4e-06,2e-05,3e-05,5e-05 7e-05,0.0002,0.05,0.09,0.11 0.13,0.14,0.16,0.21), mean=0.0492, stddev=0.0458], deriv-avg=[percentiles(0,1,2,5 10,20,50,80,90 95,98,99,100)=(0.002,0.01,0.02,0.03 0.05,0.07,0.40,0.61,0.72 0.80,0.88,0.91,0.99), mean=0.362, stddev=0.266], oderiv-rms=[percentiles(0,1,2,5 10,20,50,80,90 95,98,99,100)=(0.005,0.009,0.01,0.01 0.02,0.04,0.32,0.44,0.52 0.63,0.74,0.79,1.7), mean=0.298, stddev=0.212], oderiv-count=1.15213e+06
component name=tdnn1.batchnorm type=BatchNormComponent, dim=520, block-dim=520, epsilon=0.001, target-rms=1, count=42836, test-mode=false, data-mean=[percentiles(0,1,2,5 10,20,50,80,90 95,98,99,100)=(4e-06,7e-06,1e-05,3e-05 6e-05,0.0002,0.05,0.09,0.11 0.13,0.15,0.17,0.20), mean=0.0477, stddev=0.0455], data-stddev=[percentiles(0,1,2,5 10,20,50,80,90 95,98,99,100)=(4e-05,0.0001,0.0002,0.0002 0.0004,0.0009,0.08,0.11,0.13 0.14,0.15,0.15,0.16), mean=0.0663, stddev=0.0506]
component name=tdnn2.affine type=NaturalGradientAffineComponent, input-dim=1560, output-dim=520, learning-rate=0.000143074, l2-regularize=0.05, max-change=0.75, linear-params-rms=0.01173, linear-params-row-norms=[percentiles(0,1,2,5 10,20,50,80,90 95,98,99,100)=(0.31,0.35,0.36,0.36 0.38,0.40,0.45,0.51,0.54 0.59,0.63,0.65,0.74), mean=0.459, stddev=0.0664], linear-params-col-norms=[percentiles(0,1,2,5 10,20,50,80,90 95,98,99,100)=(0.002,0.003,0.003,0.004 0.006,0.01,0.28,0.34,0.37 0.39,0.43,0.49,0.72), mean=0.224, stddev=0.146], bias-{mean,stddev}=-0.03348,0.03885, rank-in=20, rank-out=80, num-samples-history=2000, update-period=4, alpha=4
component name=tdnn2.relu type=RectifiedLinearComponent, dim=520, self-repair-scale=1e-05, count=1.08e+06, self-repaired-proportion=0, value-avg=[percentiles(0,1,2,5 10,20,50,80,90 95,98,99,100)=(0.17,0.18,0.20,0.21 0.22,0.24,0.27,0.30,0.33 0.34,0.37,0.39,0.48), mean=0.272, stddev=0.0426], deriv-avg=[percentiles(0,1,2,5 10,20,50,80,90 95,98,99,100)=(0.28,0.36,0.38,0.39 0.40,0.42,0.44,0.47,0.49 0.51,0.52,0.53,0.56), mean=0.444, stddev=0.0362], oderiv-rms=[percentiles(0,1,2,5 10,20,50,80,90 95,98,99,100)=(0.03,0.03,0.04,0.04 0.04,0.04,0.05,0.05,0.06 0.07,0.07,0.08,0.09), mean=0.0481, stddev=0.0089], oderiv-count=1.15949e+06
component name=tdnn2.batchnorm type=BatchNormComponent, dim=520, block-dim=520, epsilon=0.001, target-rms=1, count=41914.4, test-mode=false, data-mean=[percentiles(0,1,2,5 10,20,50,80,90 95,98,99,100)=(0.17,0.19,0.20,0.21 0.22,0.24,0.27,0.31,0.33 0.35,0.39,0.40,0.49), mean=0.274, stddev=0.045], data-stddev=[percentiles(0,1,2,5 10,20,50,80,90 95,98,99,100)=(0.38,0.39,0.40,0.41 0.43,0.44,0.49,0.55,0.59 0.61,0.65,0.67,0.69), mean=0.5, stddev=0.0617]
component name=lstm1.W_all type=NaturalGradientAffineComponent, input-dim=650, output-dim=2080, learning-rate=0.000143074, l2-regularize=0.01, max-change=1.5, linear-params-rms=0.01765, linear-params-row-norms=[percentiles(0,1,2,5 10,20,50,80,90 95,98,99,100)=(5e-08,8e-07,2e-06,1e-05 0.0004,0.17,0.42,0.59,0.67 0.73,0.79,0.84,1.0), mean=0.386, stddev=0.232], linear-params-col-norms=[percentiles(0,1,2,5 10,20,50,80,90 95,98,99,100)=(0.30,0.35,0.37,0.42 0.50,0.70,0.81,0.90,0.97 1.0,1.1,1.2,1.3), mean=0.787, stddev=0.168], bias-{mean,stddev}=0.003043,0.02818, rank-in=20, rank-out=80, num-samples-history=2000, update-period=4, alpha=4
component name=lstm1.lstm_nonlin type=LstmNonlinearityComponent, input-dim=2603, output-dim=1040, learning-rate=0.000143074, l2-regularize=0.01, max-change=0.75, cell-dim=520, use-dropout=true, w_ic-rms=0.08975, w_fc-rms=0.02789, w_oc-rms=0.04839, count=1.49e+06, i_t_sigmoid={ self-repair-lower-threshold=0.05, self-repair-scale=1e-05, self-repaired-proportion=0.00642451, value-avg=[percentiles(0,1,2,5 10,20,50,80,90 95,98,99,100)=(0.38,0.41,0.42,0.43 0.44,0.45,0.48,0.50,0.54 0.70,0.79,0.81,0.86), mean=0.496, stddev=0.0778], deriv-avg=[percentiles(0,1,2,5 10,20,50,80,90 95,98,99,100)=(0.11,0.14,0.16,0.19 0.20,0.21,0.23,0.24,0.25 0.25,0.25,0.25,0.25), mean=0.224, stddev=0.0218] }, f_t_sigmoid={ self-repair-lower-threshold=0.05, self-repair-scale=1e-05, self-repaired-proportion=0.00642451, value-avg=[percentiles(0,1,2,5 10,20,50,80,90 95,98,99,100)=(0.38,0.45,0.46,0.48 0.48,0.49,0.50,0.54,0.58 0.67,0.75,0.79,0.85), mean=0.524, stddev=0.0625], deriv-avg=[percentiles(0,1,2,5 10,20,50,80,90 95,98,99,100)=(0.12,0.14,0.16,0.18 0.21,0.22,0.24,0.25,0.25 0.25,0.25,0.25,0.25), mean=0.231, stddev=0.0216] }, c_t_tanh={ self-repair-lower-threshold=0.2, self-repair-scale=1e-05, self-repaired-proportion=0.0227999, value-avg=[percentiles(0,1,2,5 10,20,50,80,90 95,98,99,100)=(-0.92,-0.89,-0.86,-0.48 -0.27,-0.12,0.0009,0.15,0.30 0.57,0.84,0.88,0.90), mean=0.0171, stddev=0.302], deriv-avg=[percentiles(0,1,2,5 10,20,50,80,90 95,98,99,100)=(0.14,0.19,0.21,0.25 0.38,0.45,0.58,0.76,1.0 1.0,1.0,1.0,1.0), mean=0.611, stddev=0.216] }, o_t_sigmoid={ self-repair-lower-threshold=0.05, self-repair-scale=1e-05, self-repaired-proportion=0.00642451, value-avg=[percentiles(0,1,2,5 10,20,50,80,90 95,98,99,100)=(0.34,0.38,0.39,0.40 0.41,0.43,0.46,0.50,0.50 0.51,0.56,0.59,0.71), mean=0.463, stddev=0.0411], deriv-avg=[percentiles(0,1,2,5 10,20,50,80,90 95,98,99,100)=(0.16,0.18,0.18,0.19 0.20,0.20,0.22,0.24,0.25 0.25,0.25,0.25,0.25), mean=0.221, stddev=0.02] }, m_t_tanh={ self-repair-lower-threshold=0.2, self-repair-scale=1e-05, self-repaired-proportion=0.00642451, value-avg=[percentiles(0,1,2,5 10,20,50,80,90 95,98,99,100)=(-0.79,-0.72,-0.66,-0.30 -0.16,-0.08,0.0009,0.09,0.21 0.38,0.63,0.71,0.79), mean=0.0113, stddev=0.221], deriv-avg=[percentiles(0,1,2,5 10,20,50,80,90 95,98,99,100)=(0.34,0.38,0.43,0.55 0.75,0.82,0.89,0.94,1.0 1.0,1.0,1.0,1.0), mean=0.867, stddev=0.126] }
component name=lstm1.cr_trunc type=BackpropTruncationComponent, dim=650, scale=0.85, count=1.97e+06, recurrence-interval=3, clipping-threshold=30, clipped-proportion=2.54164e-06, zeroing-threshold=15, zeroing-interval=20, zeroed-proportion=0.000145827, count-zeroing-boundaries=294870
component name=lstm1.dropout_mask type=DropoutMaskComponent, output-dim=3, dropout-proportion=0.226446
component name=lstm1.W_rp type=NaturalGradientAffineComponent, input-dim=520, output-dim=260, learning-rate=0.000143074, l2-regularize=0.01, max-change=1.5, linear-params-rms=0.04007, linear-params-row-norms=[percentiles(0,1,2,5 10,20,50,80,90 95,98,99,100)=(0.36,0.39,0.41,0.45 0.49,0.55,0.86,1.2,1.2 1.3,1.3,1.4,1.4), mean=0.864, stddev=0.298], linear-params-col-norms=[percentiles(0,1,2,5 10,20,50,80,90 95,98,99,100)=(0.0002,0.0008,0.001,0.002 0.008,0.33,0.55,0.72,0.92 1.2,1.5,1.6,1.9), mean=0.546, stddev=0.346], bias-{mean,stddev}=0.01379,0.2625, rank-in=20, rank-out=80, num-samples-history=2000, update-period=4, alpha=4
component name=tdnn3.affine type=NaturalGradientAffineComponent, input-dim=780, output-dim=520, learning-rate=0.000143074, l2-regularize=0.05, max-change=0.75, linear-params-rms=0.01296, linear-params-row-norms=[percentiles(0,1,2,5 10,20,50,80,90 95,98,99,100)=(0.003,0.22,0.24,0.26 0.28,0.30,0.35,0.41,0.45 0.47,0.51,0.53,0.57), mean=0.355, stddev=0.0693], linear-params-col-norms=[percentiles(0,1,2,5 10,20,50,80,90 95,98,99,100)=(0.11,0.12,0.13,0.14 0.15,0.17,0.28,0.38,0.41 0.43,0.45,0.46,0.48), mean=0.278, stddev=0.101], bias-{mean,stddev}=0.001574,0.009029, rank-in=20, rank-out=80, num-samples-history=2000, update-period=4, alpha=4
component name=tdnn3.relu type=RectifiedLinearComponent, dim=520, self-repair-scale=1e-05, count=1.1e+06, self-repaired-proportion=0.00260843, value-avg=[percentiles(0,1,2,5 10,20,50,80,90 95,98,99,100)=(5e-05,0.01,0.02,0.02 0.03,0.05,0.08,0.10,0.12 0.13,0.14,0.15,0.17), mean=0.0779, stddev=0.0313], deriv-avg=[percentiles(0,1,2,5 10,20,50,80,90 95,98,99,100)=(0.03,0.13,0.14,0.19 0.24,0.35,0.49,0.60,0.65 0.68,0.71,0.74,0.85), mean=0.471, stddev=0.149], oderiv-rms=[percentiles(0,1,2,5 10,20,50,80,90 95,98,99,100)=(0.003,0.09,0.09,0.10 0.10,0.11,0.13,0.16,0.19 0.23,0.25,0.27,0.32), mean=0.138, stddev=0.041], oderiv-count=1.06829e+06
component name=tdnn3.batchnorm type=BatchNormComponent, dim=520, block-dim=520, epsilon=0.001, target-rms=1, count=39149.6, test-mode=false, data-mean=[percentiles(0,1,2,5 10,20,50,80,90 95,98,99,100)=(5e-05,0.01,0.02,0.02 0.03,0.05,0.08,0.10,0.12 0.13,0.14,0.15,0.17), mean=0.0784, stddev=0.031], data-stddev=[percentiles(0,1,2,5 10,20,50,80,90 95,98,99,100)=(0.0003,0.05,0.07,0.08 0.09,0.10,0.12,0.14,0.15 0.16,0.17,0.18,0.20), mean=0.122, stddev=0.0255]
component name=tdnn4.affine type=NaturalGradientAffineComponent, input-dim=1560, output-dim=520, learning-rate=0.000143074, l2-regularize=0.05, max-change=0.75, linear-params-rms=0.008485, linear-params-row-norms=[percentiles(0,1,2,5 10,20,50,80,90 95,98,99,100)=(0.22,0.26,0.26,0.28 0.29,0.30,0.33,0.36,0.39 0.41,0.43,0.45,0.47), mean=0.333, stddev=0.0405], linear-params-col-norms=[percentiles(0,1,2,5 10,20,50,80,90 95,98,99,100)=(0.002,0.12,0.13,0.14 0.15,0.16,0.18,0.22,0.24 0.27,0.29,0.32,0.37), mean=0.189, stddev=0.0419], bias-{mean,stddev}=-0.02635,0.01912, rank-in=20, rank-out=80, num-samples-history=2000, update-period=4, alpha=4
component name=tdnn4.relu type=RectifiedLinearComponent, dim=520, self-repair-scale=1e-05, count=8.8e+05, self-repaired-proportion=0, value-avg=[percentiles(0,1,2,5 10,20,50,80,90 95,98,99,100)=(0.18,0.19,0.20,0.21 0.21,0.23,0.25,0.28,0.29 0.30,0.31,0.32,0.37), mean=0.253, stddev=0.0305], deriv-avg=[percentiles(0,1,2,5 10,20,50,80,90 95,98,99,100)=(0.28,0.36,0.37,0.38 0.39,0.41,0.43,0.45,0.46 0.47,0.48,0.49,0.51), mean=0.428, stddev=0.0284], oderiv-rms=[percentiles(0,1,2,5 10,20,50,80,90 95,98,99,100)=(0.03,0.03,0.03,0.03 0.03,0.03,0.04,0.04,0.04 0.04,0.04,0.04,0.05), mean=0.0365, stddev=0.00281], oderiv-count=1.03552e+06
component name=tdnn4.batchnorm type=BatchNormComponent, dim=520, block-dim=520, epsilon=0.001, target-rms=1, count=36384.8, test-mode=false, data-mean=[percentiles(0,1,2,5 10,20,50,80,90 95,98,99,100)=(0.18,0.20,0.20,0.21 0.22,0.23,0.26,0.28,0.30 0.31,0.33,0.34,0.39), mean=0.258, stddev=0.0322], data-stddev=[percentiles(0,1,2,5 10,20,50,80,90 95,98,99,100)=(0.30,0.37,0.39,0.41 0.43,0.45,0.49,0.54,0.57 0.60,0.63,0.68,0.87), mean=0.497, stddev=0.0624]
component name=lstm2.W_all type=NaturalGradientAffineComponent, input-dim=650, output-dim=2080, learning-rate=0.000143074, l2-regularize=0.01, max-change=1.5, linear-params-rms=0.01451, linear-params-row-norms=[percentiles(0,1,2,5 10,20,50,80,90 95,98,99,100)=(2e-07,3e-06,5e-06,1e-05 5e-05,0.001,0.33,0.52,0.58 0.63,0.68,0.71,0.91), mean=0.286, stddev=0.234], linear-params-col-norms=[percentiles(0,1,2,5 10,20,50,80,90 95,98,99,100)=(0.26,0.28,0.30,0.36 0.44,0.60,0.66,0.73,0.77 0.82,0.89,0.98,1.3), mean=0.648, stddev=0.132], bias-{mean,stddev}=0.006079,0.03335, rank-in=20, rank-out=80, num-samples-history=2000, update-period=4, alpha=4
component name=lstm2.lstm_nonlin type=LstmNonlinearityComponent, input-dim=2603, output-dim=1040, learning-rate=0.000143074, l2-regularize=0.01, max-change=0.75, cell-dim=520, use-dropout=true, w_ic-rms=0.05712, w_fc-rms=0.01678, w_oc-rms=0.04114, count=1.36e+06, i_t_sigmoid={ self-repair-lower-threshold=0.05, self-repair-scale=1e-05, self-repaired-proportion=0.00648222, value-avg=[percentiles(0,1,2,5 10,20,50,80,90 95,98,99,100)=(0.41,0.43,0.45,0.45 0.47,0.48,0.50,0.51,0.56 0.60,0.67,0.70,0.79), mean=0.506, stddev=0.0491], deriv-avg=[percentiles(0,1,2,5 10,20,50,80,90 95,98,99,100)=(0.16,0.19,0.19,0.20 0.21,0.22,0.23,0.25,0.25 0.25,0.25,0.25,0.25), mean=0.232, stddev=0.0169] }, f_t_sigmoid={ self-repair-lower-threshold=0.05, self-repair-scale=1e-05, self-repaired-proportion=0.00648222, value-avg=[percentiles(0,1,2,5 10,20,50,80,90 95,98,99,100)=(0.42,0.46,0.46,0.48 0.49,0.50,0.50,0.54,0.57 0.61,0.66,0.68,0.74), mean=0.52, stddev=0.0434], deriv-avg=[percentiles(0,1,2,5 10,20,50,80,90 95,98,99,100)=(0.17,0.18,0.18,0.19 0.21,0.22,0.24,0.25,0.25 0.25,0.25,0.25,0.25), mean=0.234, stddev=0.0187] }, c_t_tanh={ self-repair-lower-threshold=0.2, self-repair-scale=1e-05, self-repaired-proportion=0.00659289, value-avg=[percentiles(0,1,2,5 10,20,50,80,90 95,98,99,100)=(-0.87,-0.81,-0.77,-0.45 -0.24,-0.10,0.0004,0.13,0.32 0.54,0.68,0.74,0.80), mean=0.01, stddev=0.264], deriv-avg=[percentiles(0,1,2,5 10,20,50,80,90 95,98,99,100)=(0.21,0.26,0.33,0.40 0.46,0.54,0.64,1.0,1.0 1.0,1.0,1.0,1.0), mean=0.718, stddev=0.22] }, o_t_sigmoid={ self-repair-lower-threshold=0.05, self-repair-scale=1e-05, self-repaired-proportion=0.00648222, value-avg=[percentiles(0,1,2,5 10,20,50,80,90 95,98,99,100)=(0.40,0.42,0.43,0.44 0.46,0.47,0.50,0.50,0.51 0.53,0.56,0.58,0.68), mean=0.49, stddev=0.0278], deriv-avg=[percentiles(0,1,2,5 10,20,50,80,90 95,98,99,100)=(0.17,0.18,0.18,0.19 0.20,0.22,0.23,0.25,0.25 0.25,0.25,0.25,0.25), mean=0.231, stddev=0.0187] }, m_t_tanh={ self-repair-lower-threshold=0.2, self-repair-scale=1e-05, self-repaired-proportion=0.00648222, value-avg=[percentiles(0,1,2,5 10,20,50,80,90 95,98,99,100)=(-0.71,-0.60,-0.51,-0.31 -0.16,-0.07,0.0006,0.09,0.20 0.37,0.47,0.54,0.61), mean=0.00747, stddev=0.184], deriv-avg=[percentiles(0,1,2,5 10,20,50,80,90 95,98,99,100)=(0.45,0.57,0.60,0.70 0.77,0.84,0.91,1.0,1.0 1.0,1.0,1.0,1.0), mean=0.902, stddev=0.102] }
component name=lstm2.cr_trunc type=BackpropTruncationComponent, dim=650, scale=0.85, count=1.72e+06, recurrence-interval=3, clipping-threshold=30, clipped-proportion=2.9019e-07, zeroing-threshold=15, zeroing-interval=20, zeroed-proportion=3.65381e-05, count-zeroing-boundaries=260002
component name=lstm2.dropout_mask type=DropoutMaskComponent, output-dim=3, dropout-proportion=0.226446
component name=lstm2.W_rp type=NaturalGradientAffineComponent, input-dim=520, output-dim=260, learning-rate=0.000143074, l2-regularize=0.01, max-change=1.5, linear-params-rms=0.03845, linear-params-row-norms=[percentiles(0,1,2,5 10,20,50,80,90 95,98,99,100)=(0.41,0.45,0.51,0.53 0.56,0.60,0.85,1.1,1.1 1.2,1.2,1.3,1.3), mean=0.845, stddev=0.232], linear-params-col-norms=[percentiles(0,1,2,5 10,20,50,80,90 95,98,99,100)=(0.0006,0.001,0.002,0.002 0.004,0.01,0.56,0.81,0.94 1.1,1.3,1.4,1.6), mean=0.484, stddev=0.388], bias-{mean,stddev}=4.973e-05,0.2109, rank-in=20, rank-out=80, num-samples-history=2000, update-period=4, alpha=4
component name=tdnn5.affine type=NaturalGradientAffineComponent, input-dim=780, output-dim=520, learning-rate=0.000143074, l2-regularize=0.05, max-change=0.75, linear-params-rms=0.01235, linear-params-row-norms=[percentiles(0,1,2,5 10,20,50,80,90 95,98,99,100)=(0.21,0.23,0.24,0.26 0.27,0.29,0.33,0.38,0.43 0.46,0.50,0.51,0.57), mean=0.339, stddev=0.0609], linear-params-col-norms=[percentiles(0,1,2,5 10,20,50,80,90 95,98,99,100)=(0.12,0.13,0.14,0.15 0.17,0.19,0.25,0.36,0.39 0.41,0.42,0.43,0.46), mean=0.269, stddev=0.0846], bias-{mean,stddev}=0.0008568,0.006144, rank-in=20, rank-out=80, num-samples-history=2000, update-period=4, alpha=4
component name=tdnn5.relu type=RectifiedLinearComponent, dim=520, self-repair-scale=1e-05, count=7.77e+05, self-repaired-proportion=0, value-avg=[percentiles(0,1,2,5 10,20,50,80,90 95,98,99,100)=(0.009,0.01,0.01,0.02 0.02,0.04,0.06,0.09,0.10 0.11,0.12,0.13,0.16), mean=0.0635, stddev=0.0278], deriv-avg=[percentiles(0,1,2,5 10,20,50,80,90 95,98,99,100)=(0.08,0.13,0.14,0.17 0.21,0.30,0.48,0.58,0.62 0.65,0.68,0.70,0.76), mean=0.448, stddev=0.148], oderiv-rms=[percentiles(0,1,2,5 10,20,50,80,90 95,98,99,100)=(0.08,0.10,0.10,0.11 0.11,0.12,0.13,0.17,0.19 0.21,0.22,0.24,0.26), mean=0.143, stddev=0.0321], oderiv-count=945152
component name=tdnn5.batchnorm type=BatchNormComponent, dim=520, block-dim=520, epsilon=0.001, target-rms=1, count=33620, test-mode=false, data-mean=[percentiles(0,1,2,5 10,20,50,80,90 95,98,99,100)=(0.01,0.01,0.02,0.02 0.03,0.04,0.07,0.09,0.10 0.11,0.12,0.13,0.17), mean=0.0668, stddev=0.0283], data-stddev=[percentiles(0,1,2,5 10,20,50,80,90 95,98,99,100)=(0.05,0.05,0.06,0.07 0.08,0.09,0.11,0.13,0.14 0.15,0.15,0.16,0.17), mean=0.108, stddev=0.0233]
component name=tdnn6.affine type=NaturalGradientAffineComponent, input-dim=1560, output-dim=520, learning-rate=0.000143074, l2-regularize=0.05, max-change=0.75, linear-params-rms=0.008432, linear-params-row-norms=[percentiles(0,1,2,5 10,20,50,80,90 95,98,99,100)=(0.11,0.12,0.15,0.21 0.26,0.29,0.33,0.38,0.40 0.41,0.43,0.45,0.47), mean=0.327, stddev=0.0616], linear-params-col-norms=[percentiles(0,1,2,5 10,20,50,80,90 95,98,99,100)=(0.10,0.12,0.13,0.13 0.14,0.15,0.18,0.22,0.25 0.28,0.31,0.33,0.39), mean=0.187, stddev=0.0452], bias-{mean,stddev}=-0.01887,0.0249, rank-in=20, rank-out=80, num-samples-history=2000, update-period=4, alpha=4
component name=tdnn6.relu type=RectifiedLinearComponent, dim=520, self-repair-scale=1e-05, count=7.78e+05, self-repaired-proportion=0, value-avg=[percentiles(0,1,2,5 10,20,50,80,90 95,98,99,100)=(0.10,0.12,0.15,0.19 0.22,0.24,0.27,0.30,0.31 0.33,0.34,0.36,0.39), mean=0.266, stddev=0.0437], deriv-avg=[percentiles(0,1,2,5 10,20,50,80,90 95,98,99,100)=(0.32,0.34,0.35,0.37 0.38,0.40,0.42,0.45,0.46 0.48,0.49,0.50,0.52), mean=0.423, stddev=0.0333], oderiv-rms=[percentiles(0,1,2,5 10,20,50,80,90 95,98,99,100)=(0.02,0.02,0.03,0.03 0.03,0.03,0.03,0.03,0.03 0.04,0.04,0.04,0.04), mean=0.03, stddev=0.00308], oderiv-count=941280
component name=tdnn6.batchnorm type=BatchNormComponent, dim=520, block-dim=520, epsilon=0.001, target-rms=1, count=30855.2, test-mode=false, data-mean=[percentiles(0,1,2,5 10,20,50,80,90 95,98,99,100)=(0.12,0.14,0.16,0.19 0.22,0.24,0.28,0.31,0.32 0.34,0.35,0.37,0.45), mean=0.274, stddev=0.044], data-stddev=[percentiles(0,1,2,5 10,20,50,80,90 95,98,99,100)=(0.18,0.20,0.26,0.34 0.42,0.47,0.53,0.60,0.63 0.67,0.71,0.73,1.0), mean=0.528, stddev=0.0999]
component name=lstm3.W_all type=NaturalGradientAffineComponent, input-dim=650, output-dim=2080, learning-rate=0.000143074, l2-regularize=0.01, max-change=1.5, linear-params-rms=0.0207, linear-params-row-norms=[percentiles(0,1,2,5 10,20,50,80,90 95,98,99,100)=(0.21,0.27,0.28,0.29 0.31,0.35,0.49,0.65,0.72 0.76,0.86,0.90,0.98), mean=0.505, stddev=0.153], linear-params-col-norms=[percentiles(0,1,2,5 10,20,50,80,90 95,98,99,100)=(0.56,0.61,0.64,0.72 0.78,0.81,0.89,1.0,1.1 1.2,1.4,1.5,1.7), mean=0.929, stddev=0.166], bias-{mean,stddev}=0.01225,0.0164, rank-in=20, rank-out=80, num-samples-history=2000, update-period=4, alpha=4
component name=lstm3.lstm_nonlin type=LstmNonlinearityComponent, input-dim=2603, output-dim=1040, learning-rate=0.000143074, l2-regularize=0.01, max-change=0.75, cell-dim=520, use-dropout=true, w_ic-rms=0.1054, w_fc-rms=0.04475, w_oc-rms=0.07429, count=1.23e+06, i_t_sigmoid={ self-repair-lower-threshold=0.05, self-repair-scale=1e-05, self-repaired-proportion=0.00655195, value-avg=[percentiles(0,1,2,5 10,20,50,80,90 95,98,99,100)=(0.53,0.58,0.60,0.63 0.65,0.68,0.72,0.77,0.79 0.82,0.84,0.85,0.88), mean=0.723, stddev=0.0557], deriv-avg=[percentiles(0,1,2,5 10,20,50,80,90 95,98,99,100)=(0.09,0.11,0.11,0.12 0.13,0.15,0.17,0.19,0.19 0.20,0.20,0.21,0.21), mean=0.167, stddev=0.0225] }, f_t_sigmoid={ self-repair-lower-threshold=0.05, self-repair-scale=1e-05, self-repaired-proportion=0.00655195, value-avg=[percentiles(0,1,2,5 10,20,50,80,90 95,98,99,100)=(0.42,0.53,0.56,0.59 0.61,0.64,0.68,0.72,0.77 0.81,0.84,0.85,0.88), mean=0.684, stddev=0.0647], deriv-avg=[percentiles(0,1,2,5 10,20,50,80,90 95,98,99,100)=(0.09,0.10,0.11,0.12 0.14,0.16,0.18,0.19,0.20 0.20,0.21,0.21,0.23), mean=0.175, stddev=0.0235] }, c_t_tanh={ self-repair-lower-threshold=0.2, self-repair-scale=1e-05, self-repaired-proportion=0.024747, value-avg=[percentiles(0,1,2,5 10,20,50,80,90 95,98,99,100)=(-0.89,-0.82,-0.77,-0.61 -0.46,-0.33,-0.01,0.29,0.44 0.60,0.82,0.86,0.92), mean=-0.00446, stddev=0.362], deriv-avg=[percentiles(0,1,2,5 10,20,50,80,90 95,98,99,100)=(0.13,0.18,0.20,0.24 0.30,0.36,0.45,0.51,0.53 0.55,0.56,0.57,0.60), mean=0.432, stddev=0.0901] }, o_t_sigmoid={ self-repair-lower-threshold=0.05, self-repair-scale=1e-05, self-repaired-proportion=0.00655195, value-avg=[percentiles(0,1,2,5 10,20,50,80,90 95,98,99,100)=(0.45,0.47,0.49,0.52 0.55,0.59,0.64,0.67,0.70 0.72,0.76,0.79,0.89), mean=0.632, stddev=0.061], deriv-avg=[percentiles(0,1,2,5 10,20,50,80,90 95,98,99,100)=(0.08,0.12,0.13,0.14 0.15,0.16,0.18,0.19,0.19 0.20,0.20,0.20,0.21), mean=0.177, stddev=0.018] }, m_t_tanh={ self-repair-lower-threshold=0.2, self-repair-scale=1e-05, self-repaired-proportion=0.00655195, value-avg=[percentiles(0,1,2,5 10,20,50,80,90 95,98,99,100)=(-0.79,-0.71,-0.65,-0.53 -0.38,-0.27,-0.004,0.24,0.35 0.54,0.70,0.74,0.78), mean=-0.00531, stddev=0.307], deriv-avg=[percentiles(0,1,2,5 10,20,50,80,90 95,98,99,100)=(0.32,0.36,0.38,0.43 0.48,0.57,0.66,0.71,0.74 0.75,0.77,0.78,0.83), mean=0.638, stddev=0.0961] }
component name=lstm3.cr_trunc type=BackpropTruncationComponent, dim=650, scale=0.85, count=1.48e+06, recurrence-interval=3, clipping-threshold=30, clipped-proportion=0, zeroing-threshold=15, zeroing-interval=20, zeroed-proportion=0, count-zeroing-boundaries=221027
component name=lstm3.dropout_mask type=DropoutMaskComponent, output-dim=3, dropout-proportion=0.226446
component name=lstm3.W_rp type=NaturalGradientAffineComponent, input-dim=520, output-dim=260, learning-rate=0.000143074, l2-regularize=0.01, max-change=1.5, linear-params-rms=0.09061, linear-params-row-norms=[percentiles(0,1,2,5 10,20,50,80,90 95,98,99,100)=(0.99,1.1,1.1,1.2 1.2,1.3,1.7,2.6,2.7 2.8,2.9,3.0,3.1), mean=1.96, stddev=0.64], linear-params-col-norms=[percentiles(0,1,2,5 10,20,50,80,90 95,98,99,100)=(0.57,0.90,1.0,1.1 1.1,1.2,1.4,1.6,1.9 2.0,2.1,2.2,2.4), mean=1.43, stddev=0.288], bias-{mean,stddev}=-0.01398,0.6732, rank-in=20, rank-out=80, num-samples-history=2000, update-period=4, alpha=4
component name=output.affine type=NaturalGradientAffineComponent, input-dim=260, output-dim=2104, learning-rate=0.000143074, l2-regularize=0.01, max-change=1.5, linear-params-rms=0.04344, linear-params-row-norms=[percentiles(0,1,2,5 10,20,50,80,90 95,98,99,100)=(0.56,0.59,0.60,0.61 0.63,0.65,0.69,0.73,0.77 0.79,0.84,0.91,2.1), mean=0.695, stddev=0.0833], linear-params-col-norms=[percentiles(0,1,2,5 10,20,50,80,90 95,98,99,100)=(1.0,1.1,1.1,1.1 1.2,1.3,1.7,2.5,2.6 2.7,2.7,2.8,2.8), mean=1.9, stddev=0.595], bias-{mean,stddev}=4.54e-09,0.02124, rank-in=20, rank-out=80, num-samples-history=2000, update-period=4, alpha=4
component name=output.log-softmax type=LogSoftmaxComponent, dim=2104, oderiv-rms=[percentiles(0,1,2,5 10,20,50,80,90 95,98,99,100)=(0.004,0.007,0.008,0.009 0.01,0.01,0.02,0.02,0.02 0.03,0.03,0.04,0.42), mean=0.0167, stddev=0.0139], oderiv-count=597760
nnet3-show-progress --use-gpu=no exp/nnet3/tdnn_lstm1c_sp/347.mdl exp/nnet3/tdnn_lstm1c_sp/348.mdl 
LOG (nnet3-show-progress[5.5.0-]:SelectGpuId():cu-device.cc:153) Manually selected to compute on CPU.
WARNING (nnet3-show-progress[5.5.0-]:Check():nnet-nnet.cc:789) Node lda.delayed is never used to compute any output.
WARNING (nnet3-show-progress[5.5.0-]:Check():nnet-nnet.cc:789) Node lda.delayed is never used to compute any output.
WARNING (nnet3-show-progress[5.5.0-]:Check():nnet-nnet.cc:789) Node lda.delayed is never used to compute any output.
LOG (nnet3-show-progress[5.5.0-]:main():nnet3-show-progress.cc:143) Parameter differences per layer are [ tdnn1.affine:3.73622 tdnn2.affine:3.56416 lstm1.W_all:2.76232 lstm1.lstm_nonlin:0.0589492 lstm1.W_rp:1.18217 tdnn3.affine:2.51172 tdnn4.affine:2.60541 lstm2.W_all:1.88831 lstm2.lstm_nonlin:0.0309897 lstm2.W_rp:0.797462 tdnn5.affine:2.09033 tdnn6.affine:2.20141 lstm3.W_all:2.08982 lstm3.lstm_nonlin:0.0533697 lstm3.W_rp:0.828177 output.affine:2.20703 ]
LOG (nnet3-show-progress[5.5.0-]:main():nnet3-show-progress.cc:153) Norms of parameter matrices from <new-nnet-in> are [ tdnn1.affine:12.7949 tdnn2.affine:10.6324 lstm1.W_all:20.5669 lstm1.lstm_nonlin:2.41047 lstm1.W_rp:15.3328 tdnn3.affine:8.25823 tdnn4.affine:7.6783 lstm2.W_all:16.9373 lstm2.lstm_nonlin:1.65025 lstm2.W_rp:14.5401 tdnn5.affine:7.86664 tdnn6.affine:7.62775 lstm3.W_all:24.0822 lstm3.lstm_nonlin:3.11314 lstm3.W_rp:35.0405 output.affine:32.1432 ]
LOG (nnet3-show-progress[5.5.0-]:main():nnet3-show-progress.cc:157) Relative parameter differences per layer are [ tdnn1.affine:0.292963 tdnn2.affine:0.336481 lstm1.W_all:0.134392 lstm1.lstm_nonlin:0.0244069 lstm1.W_rp:0.0771398 tdnn3.affine:0.3044 tdnn4.affine:0.339156 lstm2.W_all:0.111447 lstm2.lstm_nonlin:0.0187328 lstm2.W_rp:0.0548211 tdnn5.affine:0.265708 tdnn6.affine:0.288358 lstm3.W_all:0.0867574 lstm3.lstm_nonlin:0.017164 lstm3.W_rp:0.0236174 output.affine:0.068614 ]
# Accounting: time=0 threads=1
# Ended (code 0) at Thu Jul 30 12:18:56 KST 2020, elapsed time 0 seconds
