# nnet3-info exp/nnet3/tdnn_lstm1c_sp/376.mdl && nnet3-show-progress --use-gpu=no exp/nnet3/tdnn_lstm1c_sp/375.mdl exp/nnet3/tdnn_lstm1c_sp/376.mdl 
# Started at Thu Jul 30 12:30:04 KST 2020
#
nnet3-info exp/nnet3/tdnn_lstm1c_sp/376.mdl 
WARNING (nnet3-info[5.5.0-]:Check():nnet-nnet.cc:789) Node lda.delayed is never used to compute any output.
left-context: 10
right-context: 20
num-parameters: 8426364
modulus: 1
component-node name=lda.delayed component=lda.delayed input=Append(Offset(input, -2), Offset(input, -1), input, Offset(input, 1), Offset(input, 2), ReplaceIndex(ivector, t, 0)) input-dim=300 output-dim=300
input-node name=ivector dim=100
input-node name=input dim=40
component-node name=lda component=lda input=Append(Offset(input, -2), Offset(input, -1), input, Offset(input, 1), Offset(input, 2), ReplaceIndex(ivector, t, 0)) input-dim=300 output-dim=300
component-node name=tdnn1.affine component=tdnn1.affine input=lda input-dim=300 output-dim=520
component-node name=tdnn1.relu component=tdnn1.relu input=tdnn1.affine input-dim=520 output-dim=520
component-node name=tdnn1.batchnorm component=tdnn1.batchnorm input=tdnn1.relu input-dim=520 output-dim=520
component-node name=tdnn2.affine component=tdnn2.affine input=Append(Offset(tdnn1.batchnorm, -1), tdnn1.batchnorm, Offset(tdnn1.batchnorm, 1)) input-dim=1560 output-dim=520
component-node name=tdnn2.relu component=tdnn2.relu input=tdnn2.affine input-dim=520 output-dim=520
component-node name=tdnn2.batchnorm component=tdnn2.batchnorm input=tdnn2.relu input-dim=520 output-dim=520
component-node name=lstm1.W_all component=lstm1.W_all input=Append(tdnn2.batchnorm, IfDefined(Offset(lstm1.r_trunc, -3))) input-dim=650 output-dim=2080
component-node name=lstm1.dropout_mask component=lstm1.dropout_mask input=lstm1.dropout_mask input-dim=3 output-dim=3
component-node name=lstm1.lstm_nonlin component=lstm1.lstm_nonlin input=Append(lstm1.W_all, IfDefined(Offset(lstm1.c_trunc, -3)), lstm1.dropout_mask) input-dim=2603 output-dim=1040
dim-range-node name=lstm1.c input-node=lstm1.lstm_nonlin dim-offset=0 dim=520
dim-range-node name=lstm1.m input-node=lstm1.lstm_nonlin dim-offset=520 dim=520
component-node name=lstm1.rp component=lstm1.W_rp input=lstm1.m input-dim=520 output-dim=260
dim-range-node name=lstm1.r input-node=lstm1.rp dim-offset=0 dim=130
component-node name=lstm1.cr_trunc component=lstm1.cr_trunc input=Append(lstm1.c, lstm1.r) input-dim=650 output-dim=650
dim-range-node name=lstm1.c_trunc input-node=lstm1.cr_trunc dim-offset=0 dim=520
dim-range-node name=lstm1.r_trunc input-node=lstm1.cr_trunc dim-offset=520 dim=130
component-node name=tdnn3.affine component=tdnn3.affine input=Append(Offset(lstm1.rp, -3), lstm1.rp, Offset(lstm1.rp, 3)) input-dim=780 output-dim=520
component-node name=tdnn3.relu component=tdnn3.relu input=tdnn3.affine input-dim=520 output-dim=520
component-node name=tdnn3.batchnorm component=tdnn3.batchnorm input=tdnn3.relu input-dim=520 output-dim=520
component-node name=tdnn4.affine component=tdnn4.affine input=Append(Offset(tdnn3.batchnorm, -3), tdnn3.batchnorm, Offset(tdnn3.batchnorm, 3)) input-dim=1560 output-dim=520
component-node name=tdnn4.relu component=tdnn4.relu input=tdnn4.affine input-dim=520 output-dim=520
component-node name=tdnn4.batchnorm component=tdnn4.batchnorm input=tdnn4.relu input-dim=520 output-dim=520
component-node name=lstm2.W_all component=lstm2.W_all input=Append(tdnn4.batchnorm, IfDefined(Offset(lstm2.r_trunc, -3))) input-dim=650 output-dim=2080
component-node name=lstm2.dropout_mask component=lstm2.dropout_mask input=lstm2.dropout_mask input-dim=3 output-dim=3
component-node name=lstm2.lstm_nonlin component=lstm2.lstm_nonlin input=Append(lstm2.W_all, IfDefined(Offset(lstm2.c_trunc, -3)), lstm2.dropout_mask) input-dim=2603 output-dim=1040
dim-range-node name=lstm2.c input-node=lstm2.lstm_nonlin dim-offset=0 dim=520
dim-range-node name=lstm2.m input-node=lstm2.lstm_nonlin dim-offset=520 dim=520
component-node name=lstm2.rp component=lstm2.W_rp input=lstm2.m input-dim=520 output-dim=260
dim-range-node name=lstm2.r input-node=lstm2.rp dim-offset=0 dim=130
component-node name=lstm2.cr_trunc component=lstm2.cr_trunc input=Append(lstm2.c, lstm2.r) input-dim=650 output-dim=650
dim-range-node name=lstm2.c_trunc input-node=lstm2.cr_trunc dim-offset=0 dim=520
dim-range-node name=lstm2.r_trunc input-node=lstm2.cr_trunc dim-offset=520 dim=130
component-node name=tdnn5.affine component=tdnn5.affine input=Append(Offset(lstm2.rp, -3), lstm2.rp, Offset(lstm2.rp, 3)) input-dim=780 output-dim=520
component-node name=tdnn5.relu component=tdnn5.relu input=tdnn5.affine input-dim=520 output-dim=520
component-node name=tdnn5.batchnorm component=tdnn5.batchnorm input=tdnn5.relu input-dim=520 output-dim=520
component-node name=tdnn6.affine component=tdnn6.affine input=Append(Offset(tdnn5.batchnorm, -3), tdnn5.batchnorm, Offset(tdnn5.batchnorm, 3)) input-dim=1560 output-dim=520
component-node name=tdnn6.relu component=tdnn6.relu input=tdnn6.affine input-dim=520 output-dim=520
component-node name=tdnn6.batchnorm component=tdnn6.batchnorm input=tdnn6.relu input-dim=520 output-dim=520
component-node name=lstm3.W_all component=lstm3.W_all input=Append(tdnn6.batchnorm, IfDefined(Offset(lstm3.r_trunc, -3))) input-dim=650 output-dim=2080
component-node name=lstm3.dropout_mask component=lstm3.dropout_mask input=lstm3.dropout_mask input-dim=3 output-dim=3
component-node name=lstm3.lstm_nonlin component=lstm3.lstm_nonlin input=Append(lstm3.W_all, IfDefined(Offset(lstm3.c_trunc, -3)), lstm3.dropout_mask) input-dim=2603 output-dim=1040
dim-range-node name=lstm3.c input-node=lstm3.lstm_nonlin dim-offset=0 dim=520
dim-range-node name=lstm3.m input-node=lstm3.lstm_nonlin dim-offset=520 dim=520
component-node name=lstm3.rp component=lstm3.W_rp input=lstm3.m input-dim=520 output-dim=260
dim-range-node name=lstm3.r input-node=lstm3.rp dim-offset=0 dim=130
component-node name=lstm3.cr_trunc component=lstm3.cr_trunc input=Append(lstm3.c, lstm3.r) input-dim=650 output-dim=650
dim-range-node name=lstm3.c_trunc input-node=lstm3.cr_trunc dim-offset=0 dim=520
dim-range-node name=lstm3.r_trunc input-node=lstm3.cr_trunc dim-offset=520 dim=130
component-node name=output.affine component=output.affine input=lstm3.rp input-dim=260 output-dim=2104
component-node name=output.log-softmax component=output.log-softmax input=output.affine input-dim=2104 output-dim=2104
output-node name=output input=Offset(output.log-softmax, 5) dim=2104 objective=linear
component name=lda.delayed type=NoOpComponent, dim=300
component name=lda type=FixedAffineComponent, input-dim=300, output-dim=300, linear-params-rms=0.006709, bias-{mean,stddev}=-0.01975,0.4295
component name=tdnn1.affine type=NaturalGradientAffineComponent, input-dim=300, output-dim=520, learning-rate=0.000119792, l2-regularize=0.05, max-change=0.75, linear-params-rms=0.0323, linear-params-row-norms=[percentiles(0,1,2,5 10,20,50,80,90 95,98,99,100)=(0.004,0.005,0.005,0.006 0.008,0.02,0.56,0.72,0.80 0.87,0.97,0.98,1.2), mean=0.467, stddev=0.308], linear-params-col-norms=[percentiles(0,1,2,5 10,20,50,80,90 95,98,99,100)=(0.13,0.14,0.15,0.16 0.18,0.22,0.66,0.92,1.2 1.3,1.4,1.4,1.5), mean=0.638, stddev=0.368], bias-{mean,stddev}=-0.002977,0.06233, rank-in=20, rank-out=80, num-samples-history=2000, update-period=4, alpha=4
component name=tdnn1.relu type=RectifiedLinearComponent, dim=520, self-repair-scale=1e-05, count=1.06e+06, self-repaired-proportion=0.173824, value-avg=[percentiles(0,1,2,5 10,20,50,80,90 95,98,99,100)=(4e-07,1e-05,2e-05,4e-05 7e-05,0.0001,0.04,0.09,0.11 0.13,0.14,0.16,0.20), mean=0.0478, stddev=0.046], deriv-avg=[percentiles(0,1,2,5 10,20,50,80,90 95,98,99,100)=(0.0007,0.009,0.02,0.03 0.04,0.07,0.38,0.60,0.70 0.81,0.89,0.92,0.99), mean=0.357, stddev=0.266], oderiv-rms=[percentiles(0,1,2,5 10,20,50,80,90 95,98,99,100)=(0.008,0.008,0.009,0.01 0.01,0.03,0.33,0.47,0.56 0.66,0.79,0.83,1.6), mean=0.316, stddev=0.227], oderiv-count=1.0672e+06
component name=tdnn1.batchnorm type=BatchNormComponent, dim=520, block-dim=520, epsilon=0.001, target-rms=1, count=34162.7, test-mode=false, data-mean=[percentiles(0,1,2,5 10,20,50,80,90 95,98,99,100)=(9e-07,1e-05,1e-05,3e-05 5e-05,0.0001,0.04,0.09,0.11 0.13,0.15,0.16,0.20), mean=0.0464, stddev=0.0452], data-stddev=[percentiles(0,1,2,5 10,20,50,80,90 95,98,99,100)=(4e-05,9e-05,0.0001,0.0002 0.0003,0.0008,0.08,0.11,0.12 0.14,0.15,0.15,0.16), mean=0.0642, stddev=0.0507]
component name=tdnn2.affine type=NaturalGradientAffineComponent, input-dim=1560, output-dim=520, learning-rate=0.000119792, l2-regularize=0.05, max-change=0.75, linear-params-rms=0.01162, linear-params-row-norms=[percentiles(0,1,2,5 10,20,50,80,90 95,98,99,100)=(0.31,0.33,0.35,0.36 0.37,0.40,0.45,0.50,0.54 0.58,0.63,0.65,0.74), mean=0.454, stddev=0.0673], linear-params-col-norms=[percentiles(0,1,2,5 10,20,50,80,90 95,98,99,100)=(0.002,0.002,0.003,0.004 0.005,0.009,0.28,0.34,0.37 0.39,0.43,0.49,0.73), mean=0.221, stddev=0.146], bias-{mean,stddev}=-0.03443,0.04, rank-in=20, rank-out=80, num-samples-history=2000, update-period=4, alpha=4
component name=tdnn2.relu type=RectifiedLinearComponent, dim=520, self-repair-scale=1e-05, count=9.11e+05, self-repaired-proportion=0, value-avg=[percentiles(0,1,2,5 10,20,50,80,90 95,98,99,100)=(0.16,0.18,0.19,0.20 0.21,0.23,0.26,0.30,0.31 0.33,0.35,0.38,0.45), mean=0.264, stddev=0.0419], deriv-avg=[percentiles(0,1,2,5 10,20,50,80,90 95,98,99,100)=(0.24,0.35,0.37,0.39 0.40,0.42,0.44,0.47,0.49 0.50,0.52,0.53,0.55), mean=0.442, stddev=0.0363], oderiv-rms=[percentiles(0,1,2,5 10,20,50,80,90 95,98,99,100)=(0.03,0.04,0.04,0.04 0.04,0.04,0.05,0.06,0.06 0.07,0.08,0.08,0.10), mean=0.0501, stddev=0.00955], oderiv-count=1.12118e+06
component name=tdnn2.batchnorm type=BatchNormComponent, dim=520, block-dim=520, epsilon=0.001, target-rms=1, count=33414.8, test-mode=false, data-mean=[percentiles(0,1,2,5 10,20,50,80,90 95,98,99,100)=(0.17,0.18,0.19,0.20 0.21,0.23,0.26,0.30,0.32 0.33,0.34,0.38,0.48), mean=0.265, stddev=0.043], data-stddev=[percentiles(0,1,2,5 10,20,50,80,90 95,98,99,100)=(0.33,0.37,0.38,0.40 0.41,0.43,0.48,0.53,0.56 0.58,0.61,0.62,0.67), mean=0.483, stddev=0.0568]
component name=lstm1.W_all type=NaturalGradientAffineComponent, input-dim=650, output-dim=2080, learning-rate=0.000119792, l2-regularize=0.01, max-change=1.5, linear-params-rms=0.0176, linear-params-row-norms=[percentiles(0,1,2,5 10,20,50,80,90 95,98,99,100)=(4e-08,6e-07,2e-06,1e-05 0.0003,0.17,0.41,0.59,0.66 0.73,0.79,0.85,1.0), mean=0.385, stddev=0.231], linear-params-col-norms=[percentiles(0,1,2,5 10,20,50,80,90 95,98,99,100)=(0.29,0.36,0.37,0.42 0.50,0.71,0.81,0.90,0.96 1.0,1.1,1.2,1.3), mean=0.785, stddev=0.168], bias-{mean,stddev}=0.002439,0.02718, rank-in=20, rank-out=80, num-samples-history=2000, update-period=4, alpha=4
component name=lstm1.lstm_nonlin type=LstmNonlinearityComponent, input-dim=2603, output-dim=1040, learning-rate=0.000119792, l2-regularize=0.01, max-change=0.75, cell-dim=520, use-dropout=true, w_ic-rms=0.08121, w_fc-rms=0.0257, w_oc-rms=0.04647, count=1.51e+06, i_t_sigmoid={ self-repair-lower-threshold=0.05, self-repair-scale=1e-05, self-repaired-proportion=0.00638937, value-avg=[percentiles(0,1,2,5 10,20,50,80,90 95,98,99,100)=(0.38,0.41,0.42,0.43 0.44,0.45,0.48,0.50,0.54 0.70,0.77,0.78,0.84), mean=0.495, stddev=0.0744], deriv-avg=[percentiles(0,1,2,5 10,20,50,80,90 95,98,99,100)=(0.13,0.15,0.16,0.19 0.20,0.21,0.23,0.24,0.25 0.25,0.25,0.25,0.25), mean=0.225, stddev=0.0203] }, f_t_sigmoid={ self-repair-lower-threshold=0.05, self-repair-scale=1e-05, self-repaired-proportion=0.00638937, value-avg=[percentiles(0,1,2,5 10,20,50,80,90 95,98,99,100)=(0.38,0.44,0.46,0.47 0.48,0.49,0.50,0.53,0.57 0.65,0.73,0.78,0.82), mean=0.516, stddev=0.0587], deriv-avg=[percentiles(0,1,2,5 10,20,50,80,90 95,98,99,100)=(0.14,0.15,0.17,0.19 0.21,0.22,0.24,0.25,0.25 0.25,0.25,0.25,0.25), mean=0.233, stddev=0.0192] }, c_t_tanh={ self-repair-lower-threshold=0.2, self-repair-scale=1e-05, self-repaired-proportion=0.0173517, value-avg=[percentiles(0,1,2,5 10,20,50,80,90 95,98,99,100)=(-0.91,-0.87,-0.85,-0.46 -0.26,-0.13,0.0007,0.15,0.30 0.61,0.82,0.87,0.89), mean=0.0162, stddev=0.298], deriv-avg=[percentiles(0,1,2,5 10,20,50,80,90 95,98,99,100)=(0.17,0.20,0.23,0.27 0.39,0.45,0.57,0.74,1.0 1.0,1.0,1.0,1.0), mean=0.611, stddev=0.213] }, o_t_sigmoid={ self-repair-lower-threshold=0.05, self-repair-scale=1e-05, self-repaired-proportion=0.00638937, value-avg=[percentiles(0,1,2,5 10,20,50,80,90 95,98,99,100)=(0.35,0.38,0.39,0.40 0.41,0.43,0.46,0.50,0.50 0.52,0.56,0.58,0.67), mean=0.462, stddev=0.0406], deriv-avg=[percentiles(0,1,2,5 10,20,50,80,90 95,98,99,100)=(0.16,0.18,0.18,0.19 0.20,0.20,0.22,0.24,0.25 0.25,0.25,0.25,0.25), mean=0.221, stddev=0.0196] }, m_t_tanh={ self-repair-lower-threshold=0.2, self-repair-scale=1e-05, self-repaired-proportion=0.00638937, value-avg=[percentiles(0,1,2,5 10,20,50,80,90 95,98,99,100)=(-0.82,-0.74,-0.68,-0.31 -0.18,-0.09,0.0005,0.10,0.22 0.42,0.63,0.73,0.81), mean=0.0109, stddev=0.229], deriv-avg=[percentiles(0,1,2,5 10,20,50,80,90 95,98,99,100)=(0.31,0.36,0.40,0.52 0.73,0.81,0.88,0.93,1.0 1.0,1.0,1.0,1.0), mean=0.855, stddev=0.133] }
component name=lstm1.cr_trunc type=BackpropTruncationComponent, dim=650, scale=0.85, count=1.98e+06, recurrence-interval=3, clipping-threshold=30, clipped-proportion=3.53341e-06, zeroing-threshold=15, zeroing-interval=20, zeroed-proportion=9.59761e-05, count-zeroing-boundaries=296949
component name=lstm1.dropout_mask type=DropoutMaskComponent, output-dim=3, dropout-proportion=0.180165
component name=lstm1.W_rp type=NaturalGradientAffineComponent, input-dim=520, output-dim=260, learning-rate=0.000119792, l2-regularize=0.01, max-change=1.5, linear-params-rms=0.03976, linear-params-row-norms=[percentiles(0,1,2,5 10,20,50,80,90 95,98,99,100)=(0.36,0.40,0.43,0.46 0.50,0.56,0.86,1.1,1.2 1.3,1.3,1.3,1.4), mean=0.861, stddev=0.285], linear-params-col-norms=[percentiles(0,1,2,5 10,20,50,80,90 95,98,99,100)=(0.0002,0.0007,0.0009,0.002 0.007,0.34,0.55,0.73,0.93 1.2,1.4,1.5,1.8), mean=0.545, stddev=0.338], bias-{mean,stddev}=0.01253,0.2604, rank-in=20, rank-out=80, num-samples-history=2000, update-period=4, alpha=4
component name=tdnn3.affine type=NaturalGradientAffineComponent, input-dim=780, output-dim=520, learning-rate=0.000119792, l2-regularize=0.05, max-change=0.75, linear-params-rms=0.01273, linear-params-row-norms=[percentiles(0,1,2,5 10,20,50,80,90 95,98,99,100)=(0.003,0.21,0.23,0.26 0.27,0.30,0.35,0.40,0.43 0.46,0.50,0.53,0.58), mean=0.35, stddev=0.0644], linear-params-col-norms=[percentiles(0,1,2,5 10,20,50,80,90 95,98,99,100)=(0.11,0.13,0.13,0.15 0.16,0.18,0.28,0.37,0.40 0.42,0.43,0.45,0.47), mean=0.274, stddev=0.0946], bias-{mean,stddev}=0.001649,0.009246, rank-in=20, rank-out=80, num-samples-history=2000, update-period=4, alpha=4
component name=tdnn3.relu type=RectifiedLinearComponent, dim=520, self-repair-scale=1e-05, count=9.98e+05, self-repaired-proportion=0.00224359, value-avg=[percentiles(0,1,2,5 10,20,50,80,90 95,98,99,100)=(5e-05,0.009,0.02,0.02 0.03,0.05,0.08,0.11,0.12 0.14,0.15,0.15,0.17), mean=0.0779, stddev=0.0333], deriv-avg=[percentiles(0,1,2,5 10,20,50,80,90 95,98,99,100)=(0.03,0.10,0.12,0.17 0.22,0.33,0.47,0.59,0.63 0.66,0.71,0.73,0.83), mean=0.45, stddev=0.149], oderiv-rms=[percentiles(0,1,2,5 10,20,50,80,90 95,98,99,100)=(0.004,0.09,0.09,0.09 0.10,0.11,0.12,0.16,0.19 0.23,0.26,0.28,0.37), mean=0.136, stddev=0.0438], oderiv-count=1.20134e+06
component name=tdnn3.batchnorm type=BatchNormComponent, dim=520, block-dim=520, epsilon=0.001, target-rms=1, count=31171, test-mode=false, data-mean=[percentiles(0,1,2,5 10,20,50,80,90 95,98,99,100)=(5e-05,0.009,0.01,0.02 0.03,0.05,0.08,0.11,0.12 0.13,0.15,0.16,0.18), mean=0.0774, stddev=0.0329], data-stddev=[percentiles(0,1,2,5 10,20,50,80,90 95,98,99,100)=(0.0003,0.05,0.06,0.07 0.09,0.11,0.13,0.14,0.16 0.17,0.18,0.18,0.21), mean=0.124, stddev=0.0279]
component name=tdnn4.affine type=NaturalGradientAffineComponent, input-dim=1560, output-dim=520, learning-rate=0.000119792, l2-regularize=0.05, max-change=0.75, linear-params-rms=0.008314, linear-params-row-norms=[percentiles(0,1,2,5 10,20,50,80,90 95,98,99,100)=(0.23,0.26,0.26,0.27 0.28,0.29,0.32,0.36,0.38 0.40,0.42,0.42,0.47), mean=0.326, stddev=0.0385], linear-params-col-norms=[percentiles(0,1,2,5 10,20,50,80,90 95,98,99,100)=(0.002,0.12,0.13,0.14 0.14,0.16,0.18,0.21,0.24 0.26,0.29,0.30,0.37), mean=0.186, stddev=0.039], bias-{mean,stddev}=-0.02732,0.01894, rank-in=20, rank-out=80, num-samples-history=2000, update-period=4, alpha=4
component name=tdnn4.relu type=RectifiedLinearComponent, dim=520, self-repair-scale=1e-05, count=8.35e+05, self-repaired-proportion=0, value-avg=[percentiles(0,1,2,5 10,20,50,80,90 95,98,99,100)=(0.17,0.19,0.19,0.20 0.21,0.22,0.25,0.28,0.29 0.30,0.32,0.33,0.37), mean=0.249, stddev=0.0319], deriv-avg=[percentiles(0,1,2,5 10,20,50,80,90 95,98,99,100)=(0.26,0.35,0.37,0.38 0.39,0.40,0.43,0.45,0.46 0.47,0.48,0.49,0.51), mean=0.425, stddev=0.0287], oderiv-rms=[percentiles(0,1,2,5 10,20,50,80,90 95,98,99,100)=(0.03,0.03,0.03,0.03 0.03,0.03,0.04,0.04,0.04 0.04,0.04,0.04,0.05), mean=0.0366, stddev=0.00264], oderiv-count=1.07792e+06
component name=tdnn4.batchnorm type=BatchNormComponent, dim=520, block-dim=520, epsilon=0.001, target-rms=1, count=28927.2, test-mode=false, data-mean=[percentiles(0,1,2,5 10,20,50,80,90 95,98,99,100)=(0.17,0.19,0.20,0.20 0.21,0.22,0.25,0.28,0.29 0.30,0.32,0.33,0.37), mean=0.251, stddev=0.0322], data-stddev=[percentiles(0,1,2,5 10,20,50,80,90 95,98,99,100)=(0.28,0.37,0.39,0.40 0.42,0.44,0.48,0.53,0.56 0.59,0.62,0.64,0.83), mean=0.488, stddev=0.0593]
component name=lstm2.W_all type=NaturalGradientAffineComponent, input-dim=650, output-dim=2080, learning-rate=0.000119792, l2-regularize=0.01, max-change=1.5, linear-params-rms=0.0144, linear-params-row-norms=[percentiles(0,1,2,5 10,20,50,80,90 95,98,99,100)=(3e-07,3e-06,6e-06,2e-05 6e-05,0.001,0.33,0.51,0.58 0.62,0.68,0.71,0.90), mean=0.284, stddev=0.232], linear-params-col-norms=[percentiles(0,1,2,5 10,20,50,80,90 95,98,99,100)=(0.26,0.28,0.30,0.35 0.43,0.60,0.66,0.73,0.77 0.80,0.87,0.92,1.3), mean=0.644, stddev=0.131], bias-{mean,stddev}=0.005417,0.03169, rank-in=20, rank-out=80, num-samples-history=2000, update-period=4, alpha=4
component name=lstm2.lstm_nonlin type=LstmNonlinearityComponent, input-dim=2603, output-dim=1040, learning-rate=0.000119792, l2-regularize=0.01, max-change=0.75, cell-dim=520, use-dropout=true, w_ic-rms=0.05026, w_fc-rms=0.01515, w_oc-rms=0.04065, count=1.38e+06, i_t_sigmoid={ self-repair-lower-threshold=0.05, self-repair-scale=1e-05, self-repaired-proportion=0.00644332, value-avg=[percentiles(0,1,2,5 10,20,50,80,90 95,98,99,100)=(0.41,0.43,0.44,0.46 0.47,0.48,0.50,0.51,0.55 0.60,0.65,0.68,0.78), mean=0.504, stddev=0.0456], deriv-avg=[percentiles(0,1,2,5 10,20,50,80,90 95,98,99,100)=(0.17,0.19,0.20,0.21 0.21,0.22,0.23,0.25,0.25 0.25,0.25,0.25,0.25), mean=0.233, stddev=0.0158] }, f_t_sigmoid={ self-repair-lower-threshold=0.05, self-repair-scale=1e-05, self-repaired-proportion=0.00644332, value-avg=[percentiles(0,1,2,5 10,20,50,80,90 95,98,99,100)=(0.41,0.46,0.46,0.47 0.48,0.50,0.50,0.53,0.56 0.59,0.64,0.66,0.71), mean=0.514, stddev=0.0386], deriv-avg=[percentiles(0,1,2,5 10,20,50,80,90 95,98,99,100)=(0.18,0.18,0.19,0.20 0.21,0.22,0.24,0.25,0.25 0.25,0.25,0.25,0.25), mean=0.236, stddev=0.0165] }, c_t_tanh={ self-repair-lower-threshold=0.2, self-repair-scale=1e-05, self-repaired-proportion=0.00644332, value-avg=[percentiles(0,1,2,5 10,20,50,80,90 95,98,99,100)=(-0.86,-0.80,-0.74,-0.42 -0.23,-0.10,0.0002,0.11,0.30 0.49,0.63,0.70,0.76), mean=0.00821, stddev=0.25], deriv-avg=[percentiles(0,1,2,5 10,20,50,80,90 95,98,99,100)=(0.25,0.29,0.39,0.42 0.47,0.53,0.64,1.0,1.0 1.0,1.0,1.0,1.0), mean=0.72, stddev=0.217] }, o_t_sigmoid={ self-repair-lower-threshold=0.05, self-repair-scale=1e-05, self-repaired-proportion=0.00644332, value-avg=[percentiles(0,1,2,5 10,20,50,80,90 95,98,99,100)=(0.39,0.42,0.43,0.44 0.46,0.47,0.50,0.50,0.51 0.52,0.56,0.57,0.69), mean=0.489, stddev=0.0282], deriv-avg=[percentiles(0,1,2,5 10,20,50,80,90 95,98,99,100)=(0.17,0.18,0.18,0.20 0.20,0.22,0.23,0.25,0.25 0.25,0.25,0.25,0.25), mean=0.231, stddev=0.0184] }, m_t_tanh={ self-repair-lower-threshold=0.2, self-repair-scale=1e-05, self-repaired-proportion=0.00644332, value-avg=[percentiles(0,1,2,5 10,20,50,80,90 95,98,99,100)=(-0.73,-0.60,-0.53,-0.30 -0.16,-0.07,0.0002,0.09,0.20 0.37,0.47,0.55,0.62), mean=0.00656, stddev=0.187], deriv-avg=[percentiles(0,1,2,5 10,20,50,80,90 95,98,99,100)=(0.42,0.56,0.59,0.68 0.76,0.83,0.90,1.0,1.0 1.0,1.0,1.0,1.0), mean=0.894, stddev=0.106] }
component name=lstm2.cr_trunc type=BackpropTruncationComponent, dim=650, scale=0.85, count=1.74e+06, recurrence-interval=3, clipping-threshold=30, clipped-proportion=2.88066e-07, zeroing-threshold=15, zeroing-interval=20, zeroed-proportion=1.3363e-05, count-zeroing-boundaries=261916
component name=lstm2.dropout_mask type=DropoutMaskComponent, output-dim=3, dropout-proportion=0.180165
component name=lstm2.W_rp type=NaturalGradientAffineComponent, input-dim=520, output-dim=260, learning-rate=0.000119792, l2-regularize=0.01, max-change=1.5, linear-params-rms=0.03786, linear-params-row-norms=[percentiles(0,1,2,5 10,20,50,80,90 95,98,99,100)=(0.42,0.45,0.49,0.53 0.56,0.60,0.83,1.1,1.1 1.2,1.2,1.2,1.3), mean=0.833, stddev=0.226], linear-params-col-norms=[percentiles(0,1,2,5 10,20,50,80,90 95,98,99,100)=(0.0006,0.001,0.002,0.002 0.004,0.01,0.56,0.80,0.93 1.0,1.3,1.3,1.5), mean=0.479, stddev=0.378], bias-{mean,stddev}=-0.0008282,0.2054, rank-in=20, rank-out=80, num-samples-history=2000, update-period=4, alpha=4
component name=tdnn5.affine type=NaturalGradientAffineComponent, input-dim=780, output-dim=520, learning-rate=0.000119792, l2-regularize=0.05, max-change=0.75, linear-params-rms=0.01199, linear-params-row-norms=[percentiles(0,1,2,5 10,20,50,80,90 95,98,99,100)=(0.20,0.22,0.24,0.25 0.26,0.28,0.32,0.37,0.42 0.45,0.48,0.50,0.56), mean=0.33, stddev=0.0592], linear-params-col-norms=[percentiles(0,1,2,5 10,20,50,80,90 95,98,99,100)=(0.11,0.13,0.14,0.15 0.16,0.18,0.25,0.35,0.38 0.40,0.41,0.42,0.45), mean=0.261, stddev=0.0818], bias-{mean,stddev}=0.0008523,0.006451, rank-in=20, rank-out=80, num-samples-history=2000, update-period=4, alpha=4
component name=tdnn5.relu type=RectifiedLinearComponent, dim=520, self-repair-scale=1e-05, count=9.68e+05, self-repaired-proportion=0, value-avg=[percentiles(0,1,2,5 10,20,50,80,90 95,98,99,100)=(0.01,0.01,0.01,0.02 0.02,0.04,0.06,0.09,0.10 0.11,0.13,0.13,0.16), mean=0.0637, stddev=0.0292], deriv-avg=[percentiles(0,1,2,5 10,20,50,80,90 95,98,99,100)=(0.09,0.12,0.14,0.17 0.22,0.29,0.46,0.56,0.61 0.64,0.69,0.71,0.73), mean=0.433, stddev=0.146], oderiv-rms=[percentiles(0,1,2,5 10,20,50,80,90 95,98,99,100)=(0.08,0.09,0.10,0.10 0.11,0.11,0.13,0.16,0.18 0.21,0.23,0.24,0.25), mean=0.139, stddev=0.0327], oderiv-count=1.07827e+06
component name=tdnn5.batchnorm type=BatchNormComponent, dim=520, block-dim=520, epsilon=0.001, target-rms=1, count=26683.4, test-mode=false, data-mean=[percentiles(0,1,2,5 10,20,50,80,90 95,98,99,100)=(0.009,0.01,0.01,0.02 0.03,0.04,0.06,0.09,0.10 0.11,0.14,0.14,0.15), mean=0.0653, stddev=0.0291], data-stddev=[percentiles(0,1,2,5 10,20,50,80,90 95,98,99,100)=(0.04,0.05,0.05,0.06 0.08,0.09,0.11,0.13,0.14 0.15,0.16,0.16,0.18), mean=0.109, stddev=0.025]
component name=tdnn6.affine type=NaturalGradientAffineComponent, input-dim=1560, output-dim=520, learning-rate=0.000119792, l2-regularize=0.05, max-change=0.75, linear-params-rms=0.00831, linear-params-row-norms=[percentiles(0,1,2,5 10,20,50,80,90 95,98,99,100)=(0.11,0.12,0.16,0.21 0.26,0.28,0.33,0.38,0.39 0.41,0.42,0.43,0.46), mean=0.323, stddev=0.0595], linear-params-col-norms=[percentiles(0,1,2,5 10,20,50,80,90 95,98,99,100)=(0.11,0.12,0.12,0.13 0.14,0.15,0.17,0.22,0.24 0.27,0.30,0.33,0.40), mean=0.184, stddev=0.0446], bias-{mean,stddev}=-0.0204,0.02346, rank-in=20, rank-out=80, num-samples-history=2000, update-period=4, alpha=4
component name=tdnn6.relu type=RectifiedLinearComponent, dim=520, self-repair-scale=1e-05, count=7.81e+05, self-repaired-proportion=0, value-avg=[percentiles(0,1,2,5 10,20,50,80,90 95,98,99,100)=(0.10,0.12,0.14,0.18 0.21,0.23,0.27,0.29,0.31 0.32,0.34,0.35,0.41), mean=0.262, stddev=0.0425], deriv-avg=[percentiles(0,1,2,5 10,20,50,80,90 95,98,99,100)=(0.33,0.34,0.35,0.36 0.37,0.39,0.42,0.45,0.46 0.47,0.48,0.50,0.51), mean=0.417, stddev=0.0335], oderiv-rms=[percentiles(0,1,2,5 10,20,50,80,90 95,98,99,100)=(0.02,0.02,0.02,0.03 0.03,0.03,0.03,0.03,0.03 0.04,0.04,0.04,0.04), mean=0.0303, stddev=0.00305], oderiv-count=929920
component name=tdnn6.batchnorm type=BatchNormComponent, dim=520, block-dim=520, epsilon=0.001, target-rms=1, count=24439.7, test-mode=false, data-mean=[percentiles(0,1,2,5 10,20,50,80,90 95,98,99,100)=(0.11,0.13,0.15,0.19 0.21,0.24,0.27,0.30,0.31 0.33,0.34,0.36,0.44), mean=0.266, stddev=0.043], data-stddev=[percentiles(0,1,2,5 10,20,50,80,90 95,98,99,100)=(0.19,0.21,0.25,0.34 0.41,0.46,0.53,0.59,0.62 0.64,0.68,0.71,0.93), mean=0.519, stddev=0.0936]
component name=lstm3.W_all type=NaturalGradientAffineComponent, input-dim=650, output-dim=2080, learning-rate=0.000119792, l2-regularize=0.01, max-change=1.5, linear-params-rms=0.02073, linear-params-row-norms=[percentiles(0,1,2,5 10,20,50,80,90 95,98,99,100)=(0.22,0.26,0.27,0.29 0.31,0.35,0.49,0.66,0.72 0.76,0.85,0.90,0.99), mean=0.505, stddev=0.156], linear-params-col-norms=[percentiles(0,1,2,5 10,20,50,80,90 95,98,99,100)=(0.54,0.60,0.63,0.71 0.77,0.81,0.88,1.1,1.2 1.3,1.4,1.5,1.9), mean=0.928, stddev=0.18], bias-{mean,stddev}=0.01291,0.01639, rank-in=20, rank-out=80, num-samples-history=2000, update-period=4, alpha=4
component name=lstm3.lstm_nonlin type=LstmNonlinearityComponent, input-dim=2603, output-dim=1040, learning-rate=0.000119792, l2-regularize=0.01, max-change=0.75, cell-dim=520, use-dropout=true, w_ic-rms=0.1092, w_fc-rms=0.04403, w_oc-rms=0.07476, count=1.25e+06, i_t_sigmoid={ self-repair-lower-threshold=0.05, self-repair-scale=1e-05, self-repaired-proportion=0.00650843, value-avg=[percentiles(0,1,2,5 10,20,50,80,90 95,98,99,100)=(0.50,0.59,0.60,0.63 0.65,0.67,0.72,0.76,0.79 0.81,0.84,0.85,0.89), mean=0.719, stddev=0.056], deriv-avg=[percentiles(0,1,2,5 10,20,50,80,90 95,98,99,100)=(0.09,0.10,0.11,0.13 0.14,0.15,0.17,0.19,0.19 0.20,0.20,0.20,0.22), mean=0.168, stddev=0.0214] }, f_t_sigmoid={ self-repair-lower-threshold=0.05, self-repair-scale=1e-05, self-repaired-proportion=0.00650843, value-avg=[percentiles(0,1,2,5 10,20,50,80,90 95,98,99,100)=(0.42,0.54,0.56,0.58 0.60,0.62,0.67,0.71,0.77 0.80,0.84,0.86,0.89), mean=0.675, stddev=0.0649], deriv-avg=[percentiles(0,1,2,5 10,20,50,80,90 95,98,99,100)=(0.09,0.10,0.11,0.13 0.14,0.17,0.18,0.19,0.20 0.20,0.21,0.21,0.23), mean=0.178, stddev=0.023] }, c_t_tanh={ self-repair-lower-threshold=0.2, self-repair-scale=1e-05, self-repaired-proportion=0.0293434, value-avg=[percentiles(0,1,2,5 10,20,50,80,90 95,98,99,100)=(-0.88,-0.83,-0.72,-0.59 -0.45,-0.32,-0.02,0.30,0.43 0.58,0.78,0.84,0.92), mean=-0.00646, stddev=0.353], deriv-avg=[percentiles(0,1,2,5 10,20,50,80,90 95,98,99,100)=(0.15,0.19,0.20,0.23 0.30,0.36,0.44,0.48,0.50 0.52,0.55,0.55,0.63), mean=0.419, stddev=0.0825] }, o_t_sigmoid={ self-repair-lower-threshold=0.05, self-repair-scale=1e-05, self-repaired-proportion=0.00650843, value-avg=[percentiles(0,1,2,5 10,20,50,80,90 95,98,99,100)=(0.46,0.49,0.50,0.53 0.55,0.59,0.64,0.68,0.70 0.72,0.76,0.80,0.88), mean=0.635, stddev=0.0597], deriv-avg=[percentiles(0,1,2,5 10,20,50,80,90 95,98,99,100)=(0.09,0.12,0.13,0.14 0.15,0.16,0.18,0.19,0.19 0.19,0.20,0.20,0.21), mean=0.175, stddev=0.0174] }, m_t_tanh={ self-repair-lower-threshold=0.2, self-repair-scale=1e-05, self-repaired-proportion=0.00650843, value-avg=[percentiles(0,1,2,5 10,20,50,80,90 95,98,99,100)=(-0.81,-0.74,-0.64,-0.54 -0.40,-0.28,-0.01,0.26,0.36 0.55,0.71,0.76,0.86), mean=-0.00703, stddev=0.315], deriv-avg=[percentiles(0,1,2,5 10,20,50,80,90 95,98,99,100)=(0.23,0.31,0.33,0.37 0.46,0.54,0.63,0.68,0.71 0.72,0.73,0.74,0.79), mean=0.602, stddev=0.0995] }
component name=lstm3.cr_trunc type=BackpropTruncationComponent, dim=650, scale=0.85, count=1.49e+06, recurrence-interval=3, clipping-threshold=30, clipped-proportion=0, zeroing-threshold=15, zeroing-interval=20, zeroed-proportion=2.24468e-06, count-zeroing-boundaries=222749
component name=lstm3.dropout_mask type=DropoutMaskComponent, output-dim=3, dropout-proportion=0.180165
component name=lstm3.W_rp type=NaturalGradientAffineComponent, input-dim=520, output-dim=260, learning-rate=0.000119792, l2-regularize=0.01, max-change=1.5, linear-params-rms=0.08947, linear-params-row-norms=[percentiles(0,1,2,5 10,20,50,80,90 95,98,99,100)=(0.98,1.1,1.1,1.1 1.2,1.3,1.7,2.6,2.7 2.7,2.8,2.9,3.1), mean=1.94, stddev=0.637], linear-params-col-norms=[percentiles(0,1,2,5 10,20,50,80,90 95,98,99,100)=(0.54,0.92,1.0,1.1 1.1,1.2,1.4,1.6,1.8 2.0,2.1,2.1,2.3), mean=1.42, stddev=0.267], bias-{mean,stddev}=-0.02898,0.6158, rank-in=20, rank-out=80, num-samples-history=2000, update-period=4, alpha=4
component name=output.affine type=NaturalGradientAffineComponent, input-dim=260, output-dim=2104, learning-rate=0.000119792, l2-regularize=0.01, max-change=1.5, linear-params-rms=0.04267, linear-params-row-norms=[percentiles(0,1,2,5 10,20,50,80,90 95,98,99,100)=(0.54,0.58,0.59,0.60 0.62,0.64,0.67,0.72,0.75 0.78,0.83,0.89,2.1), mean=0.683, stddev=0.0806], linear-params-col-norms=[percentiles(0,1,2,5 10,20,50,80,90 95,98,99,100)=(0.97,1.0,1.1,1.1 1.2,1.2,1.6,2.5,2.6 2.7,2.7,2.7,2.9), mean=1.86, stddev=0.594], bias-{mean,stddev}=4.752e-09,0.02159, rank-in=20, rank-out=80, num-samples-history=2000, update-period=4, alpha=4
component name=output.log-softmax type=LogSoftmaxComponent, dim=2104, oderiv-rms=[percentiles(0,1,2,5 10,20,50,80,90 95,98,99,100)=(0.001,0.007,0.008,0.009 0.01,0.01,0.02,0.02,0.02 0.03,0.03,0.04,0.41), mean=0.0169, stddev=0.0137], oderiv-count=599680
nnet3-show-progress --use-gpu=no exp/nnet3/tdnn_lstm1c_sp/375.mdl exp/nnet3/tdnn_lstm1c_sp/376.mdl 
LOG (nnet3-show-progress[5.5.0-]:SelectGpuId():cu-device.cc:153) Manually selected to compute on CPU.
WARNING (nnet3-show-progress[5.5.0-]:Check():nnet-nnet.cc:789) Node lda.delayed is never used to compute any output.
WARNING (nnet3-show-progress[5.5.0-]:Check():nnet-nnet.cc:789) Node lda.delayed is never used to compute any output.
WARNING (nnet3-show-progress[5.5.0-]:Check():nnet-nnet.cc:789) Node lda.delayed is never used to compute any output.
LOG (nnet3-show-progress[5.5.0-]:main():nnet3-show-progress.cc:143) Parameter differences per layer are [ tdnn1.affine:3.40731 tdnn2.affine:3.17901 lstm1.W_all:2.43614 lstm1.lstm_nonlin:0.0500929 lstm1.W_rp:1.05801 tdnn3.affine:2.2421 tdnn4.affine:2.32147 lstm2.W_all:1.66883 lstm2.lstm_nonlin:0.0303317 lstm2.W_rp:0.721043 tdnn5.affine:1.8595 tdnn6.affine:1.98735 lstm3.W_all:1.98767 lstm3.lstm_nonlin:0.0460868 lstm3.W_rp:0.762584 output.affine:1.9494 ]
LOG (nnet3-show-progress[5.5.0-]:main():nnet3-show-progress.cc:153) Norms of parameter matrices from <new-nnet-in> are [ tdnn1.affine:12.8378 tdnn2.affine:10.5388 lstm1.W_all:20.5018 lstm1.lstm_nonlin:2.21264 lstm1.W_rp:15.2117 tdnn3.affine:8.11036 tdnn4.affine:7.52685 lstm2.W_all:16.811 lstm2.lstm_nonlin:1.5139 lstm2.W_rp:14.311 tdnn5.affine:7.64032 tdnn6.affine:7.51796 lstm3.W_all:24.1243 lstm3.lstm_nonlin:3.17975 lstm3.W_rp:34.3662 output.affine:31.5737 ]
LOG (nnet3-show-progress[5.5.0-]:main():nnet3-show-progress.cc:157) Relative parameter differences per layer are [ tdnn1.affine:0.264809 tdnn2.affine:0.300878 lstm1.W_all:0.118713 lstm1.lstm_nonlin:0.0225698 lstm1.W_rp:0.0695005 tdnn3.affine:0.275411 tdnn4.affine:0.30748 lstm2.W_all:0.0991683 lstm2.lstm_nonlin:0.0199382 lstm2.W_rp:0.0502897 tdnn5.affine:0.241965 tdnn6.affine:0.263105 lstm3.W_all:0.0823418 lstm3.lstm_nonlin:0.0144869 lstm3.W_rp:0.0221702 output.affine:0.0617029 ]
# Accounting: time=0 threads=1
# Ended (code 0) at Thu Jul 30 12:30:04 KST 2020, elapsed time 0 seconds
