# nnet3-info exp/nnet3/tdnn_lstm1c_sp/457.mdl && nnet3-show-progress --use-gpu=no exp/nnet3/tdnn_lstm1c_sp/456.mdl exp/nnet3/tdnn_lstm1c_sp/457.mdl 
# Started at Thu Jul 30 13:02:20 KST 2020
#
nnet3-info exp/nnet3/tdnn_lstm1c_sp/457.mdl 
WARNING (nnet3-info[5.5.0-]:Check():nnet-nnet.cc:789) Node lda.delayed is never used to compute any output.
left-context: 10
right-context: 20
num-parameters: 8426364
modulus: 1
component-node name=lda.delayed component=lda.delayed input=Append(Offset(input, -2), Offset(input, -1), input, Offset(input, 1), Offset(input, 2), ReplaceIndex(ivector, t, 0)) input-dim=300 output-dim=300
input-node name=ivector dim=100
input-node name=input dim=40
component-node name=lda component=lda input=Append(Offset(input, -2), Offset(input, -1), input, Offset(input, 1), Offset(input, 2), ReplaceIndex(ivector, t, 0)) input-dim=300 output-dim=300
component-node name=tdnn1.affine component=tdnn1.affine input=lda input-dim=300 output-dim=520
component-node name=tdnn1.relu component=tdnn1.relu input=tdnn1.affine input-dim=520 output-dim=520
component-node name=tdnn1.batchnorm component=tdnn1.batchnorm input=tdnn1.relu input-dim=520 output-dim=520
component-node name=tdnn2.affine component=tdnn2.affine input=Append(Offset(tdnn1.batchnorm, -1), tdnn1.batchnorm, Offset(tdnn1.batchnorm, 1)) input-dim=1560 output-dim=520
component-node name=tdnn2.relu component=tdnn2.relu input=tdnn2.affine input-dim=520 output-dim=520
component-node name=tdnn2.batchnorm component=tdnn2.batchnorm input=tdnn2.relu input-dim=520 output-dim=520
component-node name=lstm1.W_all component=lstm1.W_all input=Append(tdnn2.batchnorm, IfDefined(Offset(lstm1.r_trunc, -3))) input-dim=650 output-dim=2080
component-node name=lstm1.dropout_mask component=lstm1.dropout_mask input=lstm1.dropout_mask input-dim=3 output-dim=3
component-node name=lstm1.lstm_nonlin component=lstm1.lstm_nonlin input=Append(lstm1.W_all, IfDefined(Offset(lstm1.c_trunc, -3)), lstm1.dropout_mask) input-dim=2603 output-dim=1040
dim-range-node name=lstm1.c input-node=lstm1.lstm_nonlin dim-offset=0 dim=520
dim-range-node name=lstm1.m input-node=lstm1.lstm_nonlin dim-offset=520 dim=520
component-node name=lstm1.rp component=lstm1.W_rp input=lstm1.m input-dim=520 output-dim=260
dim-range-node name=lstm1.r input-node=lstm1.rp dim-offset=0 dim=130
component-node name=lstm1.cr_trunc component=lstm1.cr_trunc input=Append(lstm1.c, lstm1.r) input-dim=650 output-dim=650
dim-range-node name=lstm1.c_trunc input-node=lstm1.cr_trunc dim-offset=0 dim=520
dim-range-node name=lstm1.r_trunc input-node=lstm1.cr_trunc dim-offset=520 dim=130
component-node name=tdnn3.affine component=tdnn3.affine input=Append(Offset(lstm1.rp, -3), lstm1.rp, Offset(lstm1.rp, 3)) input-dim=780 output-dim=520
component-node name=tdnn3.relu component=tdnn3.relu input=tdnn3.affine input-dim=520 output-dim=520
component-node name=tdnn3.batchnorm component=tdnn3.batchnorm input=tdnn3.relu input-dim=520 output-dim=520
component-node name=tdnn4.affine component=tdnn4.affine input=Append(Offset(tdnn3.batchnorm, -3), tdnn3.batchnorm, Offset(tdnn3.batchnorm, 3)) input-dim=1560 output-dim=520
component-node name=tdnn4.relu component=tdnn4.relu input=tdnn4.affine input-dim=520 output-dim=520
component-node name=tdnn4.batchnorm component=tdnn4.batchnorm input=tdnn4.relu input-dim=520 output-dim=520
component-node name=lstm2.W_all component=lstm2.W_all input=Append(tdnn4.batchnorm, IfDefined(Offset(lstm2.r_trunc, -3))) input-dim=650 output-dim=2080
component-node name=lstm2.dropout_mask component=lstm2.dropout_mask input=lstm2.dropout_mask input-dim=3 output-dim=3
component-node name=lstm2.lstm_nonlin component=lstm2.lstm_nonlin input=Append(lstm2.W_all, IfDefined(Offset(lstm2.c_trunc, -3)), lstm2.dropout_mask) input-dim=2603 output-dim=1040
dim-range-node name=lstm2.c input-node=lstm2.lstm_nonlin dim-offset=0 dim=520
dim-range-node name=lstm2.m input-node=lstm2.lstm_nonlin dim-offset=520 dim=520
component-node name=lstm2.rp component=lstm2.W_rp input=lstm2.m input-dim=520 output-dim=260
dim-range-node name=lstm2.r input-node=lstm2.rp dim-offset=0 dim=130
component-node name=lstm2.cr_trunc component=lstm2.cr_trunc input=Append(lstm2.c, lstm2.r) input-dim=650 output-dim=650
dim-range-node name=lstm2.c_trunc input-node=lstm2.cr_trunc dim-offset=0 dim=520
dim-range-node name=lstm2.r_trunc input-node=lstm2.cr_trunc dim-offset=520 dim=130
component-node name=tdnn5.affine component=tdnn5.affine input=Append(Offset(lstm2.rp, -3), lstm2.rp, Offset(lstm2.rp, 3)) input-dim=780 output-dim=520
component-node name=tdnn5.relu component=tdnn5.relu input=tdnn5.affine input-dim=520 output-dim=520
component-node name=tdnn5.batchnorm component=tdnn5.batchnorm input=tdnn5.relu input-dim=520 output-dim=520
component-node name=tdnn6.affine component=tdnn6.affine input=Append(Offset(tdnn5.batchnorm, -3), tdnn5.batchnorm, Offset(tdnn5.batchnorm, 3)) input-dim=1560 output-dim=520
component-node name=tdnn6.relu component=tdnn6.relu input=tdnn6.affine input-dim=520 output-dim=520
component-node name=tdnn6.batchnorm component=tdnn6.batchnorm input=tdnn6.relu input-dim=520 output-dim=520
component-node name=lstm3.W_all component=lstm3.W_all input=Append(tdnn6.batchnorm, IfDefined(Offset(lstm3.r_trunc, -3))) input-dim=650 output-dim=2080
component-node name=lstm3.dropout_mask component=lstm3.dropout_mask input=lstm3.dropout_mask input-dim=3 output-dim=3
component-node name=lstm3.lstm_nonlin component=lstm3.lstm_nonlin input=Append(lstm3.W_all, IfDefined(Offset(lstm3.c_trunc, -3)), lstm3.dropout_mask) input-dim=2603 output-dim=1040
dim-range-node name=lstm3.c input-node=lstm3.lstm_nonlin dim-offset=0 dim=520
dim-range-node name=lstm3.m input-node=lstm3.lstm_nonlin dim-offset=520 dim=520
component-node name=lstm3.rp component=lstm3.W_rp input=lstm3.m input-dim=520 output-dim=260
dim-range-node name=lstm3.r input-node=lstm3.rp dim-offset=0 dim=130
component-node name=lstm3.cr_trunc component=lstm3.cr_trunc input=Append(lstm3.c, lstm3.r) input-dim=650 output-dim=650
dim-range-node name=lstm3.c_trunc input-node=lstm3.cr_trunc dim-offset=0 dim=520
dim-range-node name=lstm3.r_trunc input-node=lstm3.cr_trunc dim-offset=520 dim=130
component-node name=output.affine component=output.affine input=lstm3.rp input-dim=260 output-dim=2104
component-node name=output.log-softmax component=output.log-softmax input=output.affine input-dim=2104 output-dim=2104
output-node name=output input=Offset(output.log-softmax, 5) dim=2104 objective=linear
component name=lda.delayed type=NoOpComponent, dim=300
component name=lda type=FixedAffineComponent, input-dim=300, output-dim=300, linear-params-rms=0.006709, bias-{mean,stddev}=-0.01975,0.4295
component name=tdnn1.affine type=NaturalGradientAffineComponent, input-dim=300, output-dim=520, learning-rate=7.16616e-05, l2-regularize=0.05, max-change=0.75, linear-params-rms=0.0326, linear-params-row-norms=[percentiles(0,1,2,5 10,20,50,80,90 95,98,99,100)=(0.003,0.003,0.004,0.007 0.009,0.02,0.58,0.72,0.80 0.87,0.92,0.99,1.3), mean=0.472, stddev=0.31], linear-params-col-norms=[percentiles(0,1,2,5 10,20,50,80,90 95,98,99,100)=(0.13,0.15,0.15,0.16 0.19,0.24,0.70,0.94,1.1 1.3,1.4,1.4,1.5), mean=0.652, stddev=0.358], bias-{mean,stddev}=-0.006851,0.06027, rank-in=20, rank-out=80, num-samples-history=2000, update-period=4, alpha=4
component name=tdnn1.relu type=RectifiedLinearComponent, dim=520, self-repair-scale=1e-05, count=1.15e+06, self-repaired-proportion=0.153634, value-avg=[percentiles(0,1,2,5 10,20,50,80,90 95,98,99,100)=(1e-05,2e-05,2e-05,4e-05 7e-05,0.0002,0.04,0.08,0.11 0.12,0.14,0.15,0.19), mean=0.0434, stddev=0.0444], deriv-avg=[percentiles(0,1,2,5 10,20,50,80,90 95,98,99,100)=(0.008,0.02,0.03,0.04 0.05,0.07,0.35,0.60,0.70 0.76,0.87,0.91,0.98), mean=0.344, stddev=0.262], oderiv-rms=[percentiles(0,1,2,5 10,20,50,80,90 95,98,99,100)=(0.005,0.008,0.009,0.01 0.02,0.05,0.43,0.64,0.78 0.88,0.99,1.1,1.9), mean=0.421, stddev=0.295], oderiv-count=1.24531e+06
component name=tdnn1.batchnorm type=BatchNormComponent, dim=520, block-dim=520, epsilon=0.001, target-rms=1, count=32027.4, test-mode=false, data-mean=[percentiles(0,1,2,5 10,20,50,80,90 95,98,99,100)=(9e-06,1e-05,1e-05,4e-05 6e-05,0.0002,0.04,0.08,0.10 0.12,0.15,0.16,0.19), mean=0.0416, stddev=0.0435], data-stddev=[percentiles(0,1,2,5 10,20,50,80,90 95,98,99,100)=(7e-05,9e-05,0.0001,0.0002 0.0003,0.001,0.07,0.10,0.12 0.13,0.14,0.14,0.16), mean=0.0579, stddev=0.0479]
component name=tdnn2.affine type=NaturalGradientAffineComponent, input-dim=1560, output-dim=520, learning-rate=7.16616e-05, l2-regularize=0.05, max-change=0.75, linear-params-rms=0.01145, linear-params-row-norms=[percentiles(0,1,2,5 10,20,50,80,90 95,98,99,100)=(0.30,0.33,0.33,0.35 0.37,0.39,0.44,0.50,0.54 0.57,0.61,0.63,0.73), mean=0.447, stddev=0.069], linear-params-col-norms=[percentiles(0,1,2,5 10,20,50,80,90 95,98,99,100)=(0.001,0.002,0.002,0.003 0.005,0.01,0.28,0.33,0.36 0.39,0.42,0.50,0.77), mean=0.218, stddev=0.144], bias-{mean,stddev}=-0.03557,0.037, rank-in=20, rank-out=80, num-samples-history=2000, update-period=4, alpha=4
component name=tdnn2.relu type=RectifiedLinearComponent, dim=520, self-repair-scale=1e-05, count=1.12e+06, self-repaired-proportion=0, value-avg=[percentiles(0,1,2,5 10,20,50,80,90 95,98,99,100)=(0.14,0.16,0.17,0.18 0.19,0.21,0.24,0.28,0.30 0.32,0.33,0.35,0.43), mean=0.245, stddev=0.042], deriv-avg=[percentiles(0,1,2,5 10,20,50,80,90 95,98,99,100)=(0.27,0.36,0.36,0.39 0.40,0.41,0.44,0.47,0.49 0.51,0.52,0.53,0.58), mean=0.442, stddev=0.0369], oderiv-rms=[percentiles(0,1,2,5 10,20,50,80,90 95,98,99,100)=(0.04,0.04,0.04,0.05 0.05,0.05,0.06,0.07,0.07 0.08,0.10,0.10,0.12), mean=0.0594, stddev=0.0124], oderiv-count=1.17386e+06
component name=tdnn2.batchnorm type=BatchNormComponent, dim=520, block-dim=520, epsilon=0.001, target-rms=1, count=31326.6, test-mode=false, data-mean=[percentiles(0,1,2,5 10,20,50,80,90 95,98,99,100)=(0.14,0.15,0.17,0.18 0.19,0.21,0.25,0.28,0.30 0.32,0.35,0.36,0.46), mean=0.248, stddev=0.0446], data-stddev=[percentiles(0,1,2,5 10,20,50,80,90 95,98,99,100)=(0.28,0.31,0.34,0.36 0.37,0.40,0.44,0.50,0.53 0.55,0.59,0.60,0.63), mean=0.449, stddev=0.0611]
component name=lstm1.W_all type=NaturalGradientAffineComponent, input-dim=650, output-dim=2080, learning-rate=7.16616e-05, l2-regularize=0.01, max-change=1.5, linear-params-rms=0.01736, linear-params-row-norms=[percentiles(0,1,2,5 10,20,50,80,90 95,98,99,100)=(3e-08,5e-07,1e-06,8e-06 0.0002,0.18,0.40,0.58,0.65 0.72,0.80,0.88,1.1), mean=0.379, stddev=0.228], linear-params-col-norms=[percentiles(0,1,2,5 10,20,50,80,90 95,98,99,100)=(0.29,0.34,0.38,0.41 0.47,0.69,0.80,0.89,0.96 1.0,1.1,1.2,1.3), mean=0.773, stddev=0.172], bias-{mean,stddev}=0.000533,0.02246, rank-in=20, rank-out=80, num-samples-history=2000, update-period=4, alpha=4
component name=lstm1.lstm_nonlin type=LstmNonlinearityComponent, input-dim=2603, output-dim=1040, learning-rate=7.16616e-05, l2-regularize=0.01, max-change=0.75, cell-dim=520, use-dropout=true, w_ic-rms=0.04777, w_fc-rms=0.0215, w_oc-rms=0.03945, count=1.53e+06, i_t_sigmoid={ self-repair-lower-threshold=0.05, self-repair-scale=1e-05, self-repaired-proportion=0.00636071, value-avg=[percentiles(0,1,2,5 10,20,50,80,90 95,98,99,100)=(0.38,0.40,0.42,0.43 0.44,0.45,0.48,0.50,0.54 0.64,0.72,0.73,0.78), mean=0.491, stddev=0.0632], deriv-avg=[percentiles(0,1,2,5 10,20,50,80,90 95,98,99,100)=(0.17,0.18,0.19,0.20 0.21,0.22,0.23,0.24,0.25 0.25,0.25,0.25,0.25), mean=0.228, stddev=0.0155] }, f_t_sigmoid={ self-repair-lower-threshold=0.05, self-repair-scale=1e-05, self-repaired-proportion=0.00636071, value-avg=[percentiles(0,1,2,5 10,20,50,80,90 95,98,99,100)=(0.40,0.42,0.43,0.44 0.45,0.47,0.50,0.51,0.55 0.61,0.66,0.70,0.76), mean=0.5, stddev=0.0512], deriv-avg=[percentiles(0,1,2,5 10,20,50,80,90 95,98,99,100)=(0.18,0.18,0.20,0.21 0.22,0.23,0.24,0.25,0.25 0.25,0.25,0.25,0.25), mean=0.236, stddev=0.0133] }, c_t_tanh={ self-repair-lower-threshold=0.2, self-repair-scale=1e-05, self-repaired-proportion=0.0063913, value-avg=[percentiles(0,1,2,5 10,20,50,80,90 95,98,99,100)=(-0.87,-0.82,-0.77,-0.44 -0.28,-0.13,0.0005,0.15,0.28 0.59,0.76,0.80,0.85), mean=0.0138, stddev=0.282], deriv-avg=[percentiles(0,1,2,5 10,20,50,80,90 95,98,99,100)=(0.23,0.28,0.31,0.33 0.40,0.46,0.57,0.71,1.0 1.0,1.0,1.0,1.0), mean=0.615, stddev=0.202] }, o_t_sigmoid={ self-repair-lower-threshold=0.05, self-repair-scale=1e-05, self-repaired-proportion=0.00636071, value-avg=[percentiles(0,1,2,5 10,20,50,80,90 95,98,99,100)=(0.34,0.38,0.39,0.40 0.41,0.43,0.46,0.50,0.50 0.52,0.55,0.58,0.65), mean=0.461, stddev=0.0414], deriv-avg=[percentiles(0,1,2,5 10,20,50,80,90 95,98,99,100)=(0.16,0.18,0.19,0.19 0.20,0.21,0.22,0.24,0.25 0.25,0.25,0.25,0.25), mean=0.222, stddev=0.0184] }, m_t_tanh={ self-repair-lower-threshold=0.2, self-repair-scale=1e-05, self-repaired-proportion=0.00846486, value-avg=[percentiles(0,1,2,5 10,20,50,80,90 95,98,99,100)=(-0.88,-0.80,-0.75,-0.38 -0.22,-0.11,0.0005,0.12,0.23 0.46,0.66,0.79,0.89), mean=0.0109, stddev=0.251], deriv-avg=[percentiles(0,1,2,5 10,20,50,80,90 95,98,99,100)=(0.19,0.29,0.33,0.48 0.67,0.75,0.84,0.91,1.0 1.0,1.0,1.0,1.0), mean=0.819, stddev=0.151] }
component name=lstm1.cr_trunc type=BackpropTruncationComponent, dim=650, scale=0.85, count=2e+06, recurrence-interval=3, clipping-threshold=30, clipped-proportion=1.00024e-06, zeroing-threshold=15, zeroing-interval=20, zeroed-proportion=1.50143e-05, count-zeroing-boundaries=299713
component name=lstm1.dropout_mask type=DropoutMaskComponent, output-dim=3, dropout-proportion=0.046281
component name=lstm1.W_rp type=NaturalGradientAffineComponent, input-dim=520, output-dim=260, learning-rate=7.16616e-05, l2-regularize=0.01, max-change=1.5, linear-params-rms=0.03832, linear-params-row-norms=[percentiles(0,1,2,5 10,20,50,80,90 95,98,99,100)=(0.36,0.41,0.44,0.46 0.51,0.56,0.83,1.1,1.2 1.2,1.3,1.3,1.3), mean=0.833, stddev=0.263], linear-params-col-norms=[percentiles(0,1,2,5 10,20,50,80,90 95,98,99,100)=(0.0002,0.0005,0.0008,0.002 0.006,0.40,0.56,0.71,0.87 1.0,1.3,1.3,1.6), mean=0.536, stddev=0.307], bias-{mean,stddev}=0.01161,0.2498, rank-in=20, rank-out=80, num-samples-history=2000, update-period=4, alpha=4
component name=tdnn3.affine type=NaturalGradientAffineComponent, input-dim=780, output-dim=520, learning-rate=7.16616e-05, l2-regularize=0.05, max-change=0.75, linear-params-rms=0.01223, linear-params-row-norms=[percentiles(0,1,2,5 10,20,50,80,90 95,98,99,100)=(0.13,0.23,0.24,0.26 0.27,0.29,0.33,0.38,0.41 0.44,0.47,0.48,0.55), mean=0.337, stddev=0.0545], linear-params-col-norms=[percentiles(0,1,2,5 10,20,50,80,90 95,98,99,100)=(0.11,0.13,0.13,0.15 0.16,0.18,0.26,0.35,0.38 0.40,0.42,0.44,0.46), mean=0.265, stddev=0.0862], bias-{mean,stddev}=0.001242,0.01047, rank-in=20, rank-out=80, num-samples-history=2000, update-period=4, alpha=4
component name=tdnn3.relu type=RectifiedLinearComponent, dim=520, self-repair-scale=1e-05, count=9.33e+05, self-repaired-proportion=0.000757919, value-avg=[percentiles(0,1,2,5 10,20,50,80,90 95,98,99,100)=(0.002,0.01,0.01,0.02 0.03,0.05,0.08,0.11,0.13 0.15,0.16,0.16,0.19), mean=0.0815, stddev=0.0369], deriv-avg=[percentiles(0,1,2,5 10,20,50,80,90 95,98,99,100)=(0.05,0.12,0.13,0.16 0.21,0.28,0.43,0.55,0.60 0.64,0.67,0.69,0.83), mean=0.418, stddev=0.146], oderiv-rms=[percentiles(0,1,2,5 10,20,50,80,90 95,98,99,100)=(0.08,0.08,0.09,0.09 0.09,0.10,0.12,0.15,0.19 0.21,0.24,0.25,0.30), mean=0.129, stddev=0.0386], oderiv-count=1.16051e+06
component name=tdnn3.batchnorm type=BatchNormComponent, dim=520, block-dim=520, epsilon=0.001, target-rms=1, count=29224.4, test-mode=false, data-mean=[percentiles(0,1,2,5 10,20,50,80,90 95,98,99,100)=(0.002,0.01,0.02,0.02 0.03,0.05,0.08,0.11,0.13 0.15,0.16,0.17,0.18), mean=0.0804, stddev=0.0366], data-stddev=[percentiles(0,1,2,5 10,20,50,80,90 95,98,99,100)=(0.01,0.05,0.06,0.07 0.09,0.11,0.13,0.16,0.18 0.19,0.20,0.20,0.22), mean=0.134, stddev=0.0335]
component name=tdnn4.affine type=NaturalGradientAffineComponent, input-dim=1560, output-dim=520, learning-rate=7.16616e-05, l2-regularize=0.05, max-change=0.75, linear-params-rms=0.008073, linear-params-row-norms=[percentiles(0,1,2,5 10,20,50,80,90 95,98,99,100)=(0.22,0.26,0.26,0.27 0.28,0.29,0.31,0.35,0.36 0.38,0.40,0.41,0.42), mean=0.317, stddev=0.0346], linear-params-col-norms=[percentiles(0,1,2,5 10,20,50,80,90 95,98,99,100)=(0.06,0.12,0.13,0.14 0.15,0.15,0.17,0.20,0.22 0.24,0.27,0.29,0.38), mean=0.181, stddev=0.0338], bias-{mean,stddev}=-0.02892,0.01714, rank-in=20, rank-out=80, num-samples-history=2000, update-period=4, alpha=4
component name=tdnn4.relu type=RectifiedLinearComponent, dim=520, self-repair-scale=1e-05, count=9.57e+05, self-repaired-proportion=0, value-avg=[percentiles(0,1,2,5 10,20,50,80,90 95,98,99,100)=(0.15,0.18,0.18,0.19 0.20,0.21,0.24,0.26,0.28 0.30,0.31,0.32,0.34), mean=0.24, stddev=0.0327], deriv-avg=[percentiles(0,1,2,5 10,20,50,80,90 95,98,99,100)=(0.24,0.35,0.36,0.37 0.38,0.39,0.42,0.44,0.45 0.46,0.48,0.49,0.51), mean=0.418, stddev=0.0293], oderiv-rms=[percentiles(0,1,2,5 10,20,50,80,90 95,98,99,100)=(0.03,0.03,0.03,0.03 0.04,0.04,0.04,0.04,0.04 0.04,0.05,0.05,0.05), mean=0.0389, stddev=0.00287], oderiv-count=1.03846e+06
component name=tdnn4.batchnorm type=BatchNormComponent, dim=520, block-dim=520, epsilon=0.001, target-rms=1, count=27122.2, test-mode=false, data-mean=[percentiles(0,1,2,5 10,20,50,80,90 95,98,99,100)=(0.16,0.18,0.18,0.19 0.20,0.21,0.24,0.27,0.29 0.30,0.32,0.33,0.39), mean=0.242, stddev=0.0346], data-stddev=[percentiles(0,1,2,5 10,20,50,80,90 95,98,99,100)=(0.32,0.36,0.38,0.39 0.41,0.43,0.47,0.52,0.55 0.57,0.61,0.64,0.77), mean=0.475, stddev=0.0582]
component name=lstm2.W_all type=NaturalGradientAffineComponent, input-dim=650, output-dim=2080, learning-rate=7.16616e-05, l2-regularize=0.01, max-change=1.5, linear-params-rms=0.01415, linear-params-row-norms=[percentiles(0,1,2,5 10,20,50,80,90 95,98,99,100)=(2e-07,3e-06,5e-06,1e-05 5e-05,0.0009,0.32,0.50,0.58 0.63,0.68,0.71,0.85), mean=0.279, stddev=0.229], linear-params-col-norms=[percentiles(0,1,2,5 10,20,50,80,90 95,98,99,100)=(0.26,0.28,0.30,0.33 0.39,0.59,0.65,0.72,0.76 0.79,0.85,0.89,1.3), mean=0.632, stddev=0.132], bias-{mean,stddev}=0.002724,0.02658, rank-in=20, rank-out=80, num-samples-history=2000, update-period=4, alpha=4
component name=lstm2.lstm_nonlin type=LstmNonlinearityComponent, input-dim=2603, output-dim=1040, learning-rate=7.16616e-05, l2-regularize=0.01, max-change=0.75, cell-dim=520, use-dropout=true, w_ic-rms=0.03003, w_fc-rms=0.01398, w_oc-rms=0.03641, count=1.4e+06, i_t_sigmoid={ self-repair-lower-threshold=0.05, self-repair-scale=1e-05, self-repaired-proportion=0.00641433, value-avg=[percentiles(0,1,2,5 10,20,50,80,90 95,98,99,100)=(0.42,0.43,0.44,0.45 0.46,0.48,0.50,0.50,0.54 0.57,0.62,0.65,0.71), mean=0.5, stddev=0.037], deriv-avg=[percentiles(0,1,2,5 10,20,50,80,90 95,98,99,100)=(0.20,0.21,0.21,0.21 0.22,0.22,0.23,0.25,0.25 0.25,0.25,0.25,0.25), mean=0.235, stddev=0.0133] }, f_t_sigmoid={ self-repair-lower-threshold=0.05, self-repair-scale=1e-05, self-repaired-proportion=0.00641433, value-avg=[percentiles(0,1,2,5 10,20,50,80,90 95,98,99,100)=(0.40,0.45,0.45,0.46 0.46,0.48,0.50,0.51,0.53 0.55,0.59,0.61,0.67), mean=0.499, stddev=0.0311], deriv-avg=[percentiles(0,1,2,5 10,20,50,80,90 95,98,99,100)=(0.20,0.21,0.21,0.22 0.22,0.23,0.24,0.25,0.25 0.25,0.25,0.25,0.25), mean=0.239, stddev=0.0116] }, c_t_tanh={ self-repair-lower-threshold=0.2, self-repair-scale=1e-05, self-repaired-proportion=0.00641433, value-avg=[percentiles(0,1,2,5 10,20,50,80,90 95,98,99,100)=(-0.82,-0.71,-0.65,-0.36 -0.21,-0.09,8e-05,0.10,0.26 0.43,0.56,0.61,0.73), mean=0.0055, stddev=0.224], deriv-avg=[percentiles(0,1,2,5 10,20,50,80,90 95,98,99,100)=(0.26,0.37,0.42,0.45 0.49,0.54,0.64,1.0,1.0 1.0,1.0,1.0,1.0), mean=0.724, stddev=0.212] }, o_t_sigmoid={ self-repair-lower-threshold=0.05, self-repair-scale=1e-05, self-repaired-proportion=0.00641433, value-avg=[percentiles(0,1,2,5 10,20,50,80,90 95,98,99,100)=(0.39,0.41,0.42,0.43 0.45,0.46,0.50,0.50,0.51 0.52,0.55,0.56,0.72), mean=0.486, stddev=0.0304], deriv-avg=[percentiles(0,1,2,5 10,20,50,80,90 95,98,99,100)=(0.17,0.18,0.19,0.20 0.21,0.22,0.23,0.25,0.25 0.25,0.25,0.25,0.25), mean=0.231, stddev=0.0175] }, m_t_tanh={ self-repair-lower-threshold=0.2, self-repair-scale=1e-05, self-repaired-proportion=0.00641433, value-avg=[percentiles(0,1,2,5 10,20,50,80,90 95,98,99,100)=(-0.79,-0.60,-0.56,-0.29 -0.19,-0.07,0.0001,0.09,0.22 0.39,0.48,0.54,0.70), mean=0.00494, stddev=0.196], deriv-avg=[percentiles(0,1,2,5 10,20,50,80,90 95,98,99,100)=(0.35,0.51,0.58,0.64 0.71,0.79,0.87,1.0,1.0 1.0,1.0,1.0,1.0), mean=0.873, stddev=0.12] }
component name=lstm2.cr_trunc type=BackpropTruncationComponent, dim=650, scale=0.85, count=1.75e+06, recurrence-interval=3, clipping-threshold=30, clipped-proportion=0, zeroing-threshold=15, zeroing-interval=20, zeroed-proportion=1.89144e-06, count-zeroing-boundaries=264349
component name=lstm2.dropout_mask type=DropoutMaskComponent, output-dim=3, dropout-proportion=0.046281
component name=lstm2.W_rp type=NaturalGradientAffineComponent, input-dim=520, output-dim=260, learning-rate=7.16616e-05, l2-regularize=0.01, max-change=1.5, linear-params-rms=0.03622, linear-params-row-norms=[percentiles(0,1,2,5 10,20,50,80,90 95,98,99,100)=(0.41,0.44,0.45,0.52 0.54,0.59,0.79,1.0,1.1 1.1,1.1,1.2,1.3), mean=0.799, stddev=0.21], linear-params-col-norms=[percentiles(0,1,2,5 10,20,50,80,90 95,98,99,100)=(0.0005,0.001,0.001,0.002 0.004,0.01,0.58,0.77,0.86 0.98,1.1,1.1,1.3), mean=0.465, stddev=0.354], bias-{mean,stddev}=-0.003381,0.198, rank-in=20, rank-out=80, num-samples-history=2000, update-period=4, alpha=4
component name=tdnn5.affine type=NaturalGradientAffineComponent, input-dim=780, output-dim=520, learning-rate=7.16616e-05, l2-regularize=0.05, max-change=0.75, linear-params-rms=0.01143, linear-params-row-norms=[percentiles(0,1,2,5 10,20,50,80,90 95,98,99,100)=(0.13,0.20,0.21,0.23 0.25,0.27,0.30,0.36,0.39 0.43,0.46,0.47,0.51), mean=0.314, stddev=0.0584], linear-params-col-norms=[percentiles(0,1,2,5 10,20,50,80,90 95,98,99,100)=(0.11,0.13,0.14,0.15 0.16,0.18,0.23,0.33,0.35 0.38,0.40,0.42,0.44), mean=0.249, stddev=0.0758], bias-{mean,stddev}=0.001413,0.007638, rank-in=20, rank-out=80, num-samples-history=2000, update-period=4, alpha=4
component name=tdnn5.relu type=RectifiedLinearComponent, dim=520, self-repair-scale=1e-05, count=9.23e+05, self-repaired-proportion=0, value-avg=[percentiles(0,1,2,5 10,20,50,80,90 95,98,99,100)=(0.009,0.01,0.01,0.02 0.03,0.04,0.06,0.09,0.10 0.12,0.13,0.14,0.17), mean=0.0651, stddev=0.0291], deriv-avg=[percentiles(0,1,2,5 10,20,50,80,90 95,98,99,100)=(0.08,0.11,0.12,0.16 0.20,0.28,0.40,0.50,0.55 0.58,0.60,0.62,0.66), mean=0.39, stddev=0.127], oderiv-rms=[percentiles(0,1,2,5 10,20,50,80,90 95,98,99,100)=(0.06,0.08,0.09,0.09 0.10,0.10,0.12,0.14,0.17 0.20,0.22,0.23,0.26), mean=0.126, stddev=0.0323], oderiv-count=1.04966e+06
component name=tdnn5.batchnorm type=BatchNormComponent, dim=520, block-dim=520, epsilon=0.001, target-rms=1, count=25019.9, test-mode=false, data-mean=[percentiles(0,1,2,5 10,20,50,80,90 95,98,99,100)=(0.009,0.01,0.02,0.02 0.03,0.04,0.07,0.09,0.11 0.12,0.13,0.14,0.17), mean=0.068, stddev=0.0297], data-stddev=[percentiles(0,1,2,5 10,20,50,80,90 95,98,99,100)=(0.03,0.05,0.06,0.07 0.08,0.10,0.12,0.15,0.16 0.17,0.18,0.18,0.20), mean=0.121, stddev=0.0298]
component name=tdnn6.affine type=NaturalGradientAffineComponent, input-dim=1560, output-dim=520, learning-rate=7.16616e-05, l2-regularize=0.05, max-change=0.75, linear-params-rms=0.008136, linear-params-row-norms=[percentiles(0,1,2,5 10,20,50,80,90 95,98,99,100)=(0.12,0.14,0.17,0.23 0.26,0.28,0.32,0.36,0.38 0.40,0.41,0.41,0.44), mean=0.317, stddev=0.0538], linear-params-col-norms=[percentiles(0,1,2,5 10,20,50,80,90 95,98,99,100)=(0.08,0.12,0.12,0.13 0.14,0.15,0.17,0.21,0.24 0.26,0.30,0.33,0.39), mean=0.181, stddev=0.0425], bias-{mean,stddev}=-0.02428,0.02102, rank-in=20, rank-out=80, num-samples-history=2000, update-period=4, alpha=4
component name=tdnn6.relu type=RectifiedLinearComponent, dim=520, self-repair-scale=1e-05, count=7.21e+05, self-repaired-proportion=0, value-avg=[percentiles(0,1,2,5 10,20,50,80,90 95,98,99,100)=(0.12,0.13,0.14,0.18 0.20,0.22,0.25,0.28,0.29 0.31,0.32,0.33,0.36), mean=0.25, stddev=0.0393], deriv-avg=[percentiles(0,1,2,5 10,20,50,80,90 95,98,99,100)=(0.31,0.34,0.35,0.36 0.37,0.39,0.41,0.43,0.45 0.46,0.48,0.49,0.50), mean=0.41, stddev=0.0301], oderiv-rms=[percentiles(0,1,2,5 10,20,50,80,90 95,98,99,100)=(0.02,0.02,0.03,0.03 0.03,0.03,0.03,0.03,0.04 0.04,0.04,0.04,0.05), mean=0.0318, stddev=0.00345], oderiv-count=924640
component name=tdnn6.batchnorm type=BatchNormComponent, dim=520, block-dim=520, epsilon=0.001, target-rms=1, count=22917.7, test-mode=false, data-mean=[percentiles(0,1,2,5 10,20,50,80,90 95,98,99,100)=(0.13,0.14,0.15,0.18 0.20,0.23,0.26,0.29,0.30 0.32,0.34,0.36,0.42), mean=0.257, stddev=0.0416], data-stddev=[percentiles(0,1,2,5 10,20,50,80,90 95,98,99,100)=(0.19,0.21,0.24,0.35 0.40,0.44,0.51,0.58,0.62 0.65,0.68,0.70,0.96), mean=0.508, stddev=0.0951]
component name=lstm3.W_all type=NaturalGradientAffineComponent, input-dim=650, output-dim=2080, learning-rate=7.16616e-05, l2-regularize=0.01, max-change=1.5, linear-params-rms=0.02035, linear-params-row-norms=[percentiles(0,1,2,5 10,20,50,80,90 95,98,99,100)=(0.20,0.23,0.24,0.26 0.28,0.32,0.47,0.67,0.73 0.78,0.82,0.86,0.93), mean=0.491, stddev=0.167], linear-params-col-norms=[percentiles(0,1,2,5 10,20,50,80,90 95,98,99,100)=(0.48,0.50,0.56,0.66 0.72,0.76,0.83,1.1,1.2 1.3,1.4,1.5,1.8), mean=0.904, stddev=0.211], bias-{mean,stddev}=0.01453,0.01718, rank-in=20, rank-out=80, num-samples-history=2000, update-period=4, alpha=4
component name=lstm3.lstm_nonlin type=LstmNonlinearityComponent, input-dim=2603, output-dim=1040, learning-rate=7.16616e-05, l2-regularize=0.01, max-change=0.75, cell-dim=520, use-dropout=true, w_ic-rms=0.08156, w_fc-rms=0.04032, w_oc-rms=0.05966, count=1.27e+06, i_t_sigmoid={ self-repair-lower-threshold=0.05, self-repair-scale=1e-05, self-repaired-proportion=0.00647903, value-avg=[percentiles(0,1,2,5 10,20,50,80,90 95,98,99,100)=(0.51,0.55,0.57,0.59 0.61,0.64,0.68,0.72,0.75 0.77,0.79,0.80,0.82), mean=0.682, stddev=0.0524], deriv-avg=[percentiles(0,1,2,5 10,20,50,80,90 95,98,99,100)=(0.12,0.13,0.14,0.15 0.16,0.17,0.18,0.19,0.20 0.20,0.20,0.20,0.21), mean=0.18, stddev=0.015] }, f_t_sigmoid={ self-repair-lower-threshold=0.05, self-repair-scale=1e-05, self-repaired-proportion=0.00647903, value-avg=[percentiles(0,1,2,5 10,20,50,80,90 95,98,99,100)=(0.44,0.50,0.52,0.54 0.55,0.58,0.61,0.66,0.71 0.76,0.79,0.81,0.85), mean=0.622, stddev=0.0626], deriv-avg=[percentiles(0,1,2,5 10,20,50,80,90 95,98,99,100)=(0.12,0.14,0.14,0.15 0.17,0.19,0.20,0.21,0.21 0.22,0.22,0.22,0.22), mean=0.195, stddev=0.0179] }, c_t_tanh={ self-repair-lower-threshold=0.2, self-repair-scale=1e-05, self-repaired-proportion=0.011975, value-avg=[percentiles(0,1,2,5 10,20,50,80,90 95,98,99,100)=(-0.86,-0.81,-0.70,-0.55 -0.42,-0.29,-0.02,0.25,0.39 0.53,0.65,0.73,0.86), mean=-0.0115, stddev=0.322], deriv-avg=[percentiles(0,1,2,5 10,20,50,80,90 95,98,99,100)=(0.19,0.23,0.24,0.28 0.31,0.35,0.41,0.44,0.47 0.48,0.50,0.52,0.54), mean=0.397, stddev=0.0601] }, o_t_sigmoid={ self-repair-lower-threshold=0.05, self-repair-scale=1e-05, self-repaired-proportion=0.00647903, value-avg=[percentiles(0,1,2,5 10,20,50,80,90 95,98,99,100)=(0.45,0.50,0.52,0.54 0.56,0.59,0.63,0.67,0.69 0.71,0.75,0.78,0.90), mean=0.631, stddev=0.0536], deriv-avg=[percentiles(0,1,2,5 10,20,50,80,90 95,98,99,100)=(0.08,0.13,0.13,0.14 0.15,0.16,0.18,0.18,0.19 0.19,0.19,0.19,0.20), mean=0.174, stddev=0.0149] }, m_t_tanh={ self-repair-lower-threshold=0.2, self-repair-scale=1e-05, self-repaired-proportion=0.0210713, value-avg=[percentiles(0,1,2,5 10,20,50,80,90 95,98,99,100)=(-0.88,-0.84,-0.72,-0.59 -0.41,-0.28,-0.008,0.24,0.37 0.55,0.69,0.76,0.87), mean=-0.0136, stddev=0.322], deriv-avg=[percentiles(0,1,2,5 10,20,50,80,90 95,98,99,100)=(0.19,0.20,0.21,0.30 0.37,0.45,0.55,0.60,0.63 0.64,0.66,0.66,0.71), mean=0.524, stddev=0.103] }
component name=lstm3.cr_trunc type=BackpropTruncationComponent, dim=650, scale=0.85, count=1.5e+06, recurrence-interval=3, clipping-threshold=30, clipped-proportion=0, zeroing-threshold=15, zeroing-interval=20, zeroed-proportion=6.67223e-06, count-zeroing-boundaries=224812
component name=lstm3.dropout_mask type=DropoutMaskComponent, output-dim=3, dropout-proportion=0.046281
component name=lstm3.W_rp type=NaturalGradientAffineComponent, input-dim=520, output-dim=260, learning-rate=7.16616e-05, l2-regularize=0.01, max-change=1.5, linear-params-rms=0.08615, linear-params-row-norms=[percentiles(0,1,2,5 10,20,50,80,90 95,98,99,100)=(0.94,1.0,1.1,1.1 1.1,1.2,1.7,2.5,2.6 2.6,2.7,2.8,3.0), mean=1.87, stddev=0.61], linear-params-col-norms=[percentiles(0,1,2,5 10,20,50,80,90 95,98,99,100)=(0.53,1.0,1.1,1.1 1.2,1.2,1.3,1.5,1.7 1.8,1.9,1.9,2.0), mean=1.37, stddev=0.21], bias-{mean,stddev}=-0.0404,0.4247, rank-in=20, rank-out=80, num-samples-history=2000, update-period=4, alpha=4
component name=output.affine type=NaturalGradientAffineComponent, input-dim=260, output-dim=2104, learning-rate=7.16616e-05, l2-regularize=0.01, max-change=1.5, linear-params-rms=0.04073, linear-params-row-norms=[percentiles(0,1,2,5 10,20,50,80,90 95,98,99,100)=(0.51,0.55,0.56,0.57 0.59,0.61,0.64,0.68,0.71 0.74,0.79,0.84,2.2), mean=0.652, stddev=0.0826], linear-params-col-norms=[percentiles(0,1,2,5 10,20,50,80,90 95,98,99,100)=(0.91,0.98,1.0,1.1 1.1,1.2,1.6,2.4,2.4 2.5,2.6,2.6,2.6), mean=1.78, stddev=0.579], bias-{mean,stddev}=2.967e-09,0.0255, rank-in=20, rank-out=80, num-samples-history=2000, update-period=4, alpha=4
component name=output.log-softmax type=LogSoftmaxComponent, dim=2104, oderiv-rms=[percentiles(0,1,2,5 10,20,50,80,90 95,98,99,100)=(0.004,0.007,0.008,0.009 0.01,0.01,0.02,0.02,0.02 0.03,0.03,0.04,0.42), mean=0.0168, stddev=0.0138], oderiv-count=618880
nnet3-show-progress --use-gpu=no exp/nnet3/tdnn_lstm1c_sp/456.mdl exp/nnet3/tdnn_lstm1c_sp/457.mdl 
LOG (nnet3-show-progress[5.5.0-]:SelectGpuId():cu-device.cc:153) Manually selected to compute on CPU.
WARNING (nnet3-show-progress[5.5.0-]:Check():nnet-nnet.cc:789) Node lda.delayed is never used to compute any output.
WARNING (nnet3-show-progress[5.5.0-]:Check():nnet-nnet.cc:789) Node lda.delayed is never used to compute any output.
WARNING (nnet3-show-progress[5.5.0-]:Check():nnet-nnet.cc:789) Node lda.delayed is never used to compute any output.
LOG (nnet3-show-progress[5.5.0-]:main():nnet3-show-progress.cc:143) Parameter differences per layer are [ tdnn1.affine:2.79287 tdnn2.affine:2.53981 lstm1.W_all:1.91205 lstm1.lstm_nonlin:0.0356524 lstm1.W_rp:0.876796 tdnn3.affine:1.73674 tdnn4.affine:1.78453 lstm2.W_all:1.2801 lstm2.lstm_nonlin:0.0199457 lstm2.W_rp:0.578222 tdnn5.affine:1.43492 tdnn6.affine:1.57073 lstm3.W_all:1.80543 lstm3.lstm_nonlin:0.0418145 lstm3.W_rp:0.6354 output.affine:1.38534 ]
LOG (nnet3-show-progress[5.5.0-]:main():nnet3-show-progress.cc:153) Norms of parameter matrices from <new-nnet-in> are [ tdnn1.affine:12.9496 tdnn2.affine:10.3764 lstm1.W_all:20.2108 lstm1.lstm_nonlin:1.49541 lstm1.W_rp:14.6561 tdnn3.affine:7.79437 tdnn4.affine:7.31161 lstm2.W_all:16.4963 lstm2.lstm_nonlin:1.12249 lstm2.W_rp:13.6939 tdnn5.affine:7.28396 tdnn6.affine:7.36427 lstm3.W_all:23.6863 lstm3.lstm_nonlin:2.48102 lstm3.W_rp:32.4157 output.affine:30.1482 ]
LOG (nnet3-show-progress[5.5.0-]:main():nnet3-show-progress.cc:157) Relative parameter differences per layer are [ tdnn1.affine:0.216607 tdnn2.affine:0.245509 lstm1.W_all:0.0946391 lstm1.lstm_nonlin:0.0237191 lstm1.W_rp:0.0598007 tdnn3.affine:0.223775 tdnn4.affine:0.244915 lstm2.W_all:0.0776433 lstm2.lstm_nonlin:0.0177062 lstm2.W_rp:0.0422417 tdnn5.affine:0.19771 tdnn6.affine:0.213848 lstm3.W_all:0.0762247 lstm3.lstm_nonlin:0.0167517 lstm3.W_rp:0.0195849 output.affine:0.0459274 ]
# Accounting: time=0 threads=1
# Ended (code 0) at Thu Jul 30 13:02:20 KST 2020, elapsed time 0 seconds
