# nnet3-info exp/nnet3/tdnn_lstm1c_sp/472.mdl && nnet3-show-progress --use-gpu=no exp/nnet3/tdnn_lstm1c_sp/471.mdl exp/nnet3/tdnn_lstm1c_sp/472.mdl 
# Started at Thu Jul 30 13:08:20 KST 2020
#
nnet3-info exp/nnet3/tdnn_lstm1c_sp/472.mdl 
WARNING (nnet3-info[5.5.0-]:Check():nnet-nnet.cc:789) Node lda.delayed is never used to compute any output.
left-context: 10
right-context: 20
num-parameters: 8426364
modulus: 1
component-node name=lda.delayed component=lda.delayed input=Append(Offset(input, -2), Offset(input, -1), input, Offset(input, 1), Offset(input, 2), ReplaceIndex(ivector, t, 0)) input-dim=300 output-dim=300
input-node name=ivector dim=100
input-node name=input dim=40
component-node name=lda component=lda input=Append(Offset(input, -2), Offset(input, -1), input, Offset(input, 1), Offset(input, 2), ReplaceIndex(ivector, t, 0)) input-dim=300 output-dim=300
component-node name=tdnn1.affine component=tdnn1.affine input=lda input-dim=300 output-dim=520
component-node name=tdnn1.relu component=tdnn1.relu input=tdnn1.affine input-dim=520 output-dim=520
component-node name=tdnn1.batchnorm component=tdnn1.batchnorm input=tdnn1.relu input-dim=520 output-dim=520
component-node name=tdnn2.affine component=tdnn2.affine input=Append(Offset(tdnn1.batchnorm, -1), tdnn1.batchnorm, Offset(tdnn1.batchnorm, 1)) input-dim=1560 output-dim=520
component-node name=tdnn2.relu component=tdnn2.relu input=tdnn2.affine input-dim=520 output-dim=520
component-node name=tdnn2.batchnorm component=tdnn2.batchnorm input=tdnn2.relu input-dim=520 output-dim=520
component-node name=lstm1.W_all component=lstm1.W_all input=Append(tdnn2.batchnorm, IfDefined(Offset(lstm1.r_trunc, -3))) input-dim=650 output-dim=2080
component-node name=lstm1.dropout_mask component=lstm1.dropout_mask input=lstm1.dropout_mask input-dim=3 output-dim=3
component-node name=lstm1.lstm_nonlin component=lstm1.lstm_nonlin input=Append(lstm1.W_all, IfDefined(Offset(lstm1.c_trunc, -3)), lstm1.dropout_mask) input-dim=2603 output-dim=1040
dim-range-node name=lstm1.c input-node=lstm1.lstm_nonlin dim-offset=0 dim=520
dim-range-node name=lstm1.m input-node=lstm1.lstm_nonlin dim-offset=520 dim=520
component-node name=lstm1.rp component=lstm1.W_rp input=lstm1.m input-dim=520 output-dim=260
dim-range-node name=lstm1.r input-node=lstm1.rp dim-offset=0 dim=130
component-node name=lstm1.cr_trunc component=lstm1.cr_trunc input=Append(lstm1.c, lstm1.r) input-dim=650 output-dim=650
dim-range-node name=lstm1.c_trunc input-node=lstm1.cr_trunc dim-offset=0 dim=520
dim-range-node name=lstm1.r_trunc input-node=lstm1.cr_trunc dim-offset=520 dim=130
component-node name=tdnn3.affine component=tdnn3.affine input=Append(Offset(lstm1.rp, -3), lstm1.rp, Offset(lstm1.rp, 3)) input-dim=780 output-dim=520
component-node name=tdnn3.relu component=tdnn3.relu input=tdnn3.affine input-dim=520 output-dim=520
component-node name=tdnn3.batchnorm component=tdnn3.batchnorm input=tdnn3.relu input-dim=520 output-dim=520
component-node name=tdnn4.affine component=tdnn4.affine input=Append(Offset(tdnn3.batchnorm, -3), tdnn3.batchnorm, Offset(tdnn3.batchnorm, 3)) input-dim=1560 output-dim=520
component-node name=tdnn4.relu component=tdnn4.relu input=tdnn4.affine input-dim=520 output-dim=520
component-node name=tdnn4.batchnorm component=tdnn4.batchnorm input=tdnn4.relu input-dim=520 output-dim=520
component-node name=lstm2.W_all component=lstm2.W_all input=Append(tdnn4.batchnorm, IfDefined(Offset(lstm2.r_trunc, -3))) input-dim=650 output-dim=2080
component-node name=lstm2.dropout_mask component=lstm2.dropout_mask input=lstm2.dropout_mask input-dim=3 output-dim=3
component-node name=lstm2.lstm_nonlin component=lstm2.lstm_nonlin input=Append(lstm2.W_all, IfDefined(Offset(lstm2.c_trunc, -3)), lstm2.dropout_mask) input-dim=2603 output-dim=1040
dim-range-node name=lstm2.c input-node=lstm2.lstm_nonlin dim-offset=0 dim=520
dim-range-node name=lstm2.m input-node=lstm2.lstm_nonlin dim-offset=520 dim=520
component-node name=lstm2.rp component=lstm2.W_rp input=lstm2.m input-dim=520 output-dim=260
dim-range-node name=lstm2.r input-node=lstm2.rp dim-offset=0 dim=130
component-node name=lstm2.cr_trunc component=lstm2.cr_trunc input=Append(lstm2.c, lstm2.r) input-dim=650 output-dim=650
dim-range-node name=lstm2.c_trunc input-node=lstm2.cr_trunc dim-offset=0 dim=520
dim-range-node name=lstm2.r_trunc input-node=lstm2.cr_trunc dim-offset=520 dim=130
component-node name=tdnn5.affine component=tdnn5.affine input=Append(Offset(lstm2.rp, -3), lstm2.rp, Offset(lstm2.rp, 3)) input-dim=780 output-dim=520
component-node name=tdnn5.relu component=tdnn5.relu input=tdnn5.affine input-dim=520 output-dim=520
component-node name=tdnn5.batchnorm component=tdnn5.batchnorm input=tdnn5.relu input-dim=520 output-dim=520
component-node name=tdnn6.affine component=tdnn6.affine input=Append(Offset(tdnn5.batchnorm, -3), tdnn5.batchnorm, Offset(tdnn5.batchnorm, 3)) input-dim=1560 output-dim=520
component-node name=tdnn6.relu component=tdnn6.relu input=tdnn6.affine input-dim=520 output-dim=520
component-node name=tdnn6.batchnorm component=tdnn6.batchnorm input=tdnn6.relu input-dim=520 output-dim=520
component-node name=lstm3.W_all component=lstm3.W_all input=Append(tdnn6.batchnorm, IfDefined(Offset(lstm3.r_trunc, -3))) input-dim=650 output-dim=2080
component-node name=lstm3.dropout_mask component=lstm3.dropout_mask input=lstm3.dropout_mask input-dim=3 output-dim=3
component-node name=lstm3.lstm_nonlin component=lstm3.lstm_nonlin input=Append(lstm3.W_all, IfDefined(Offset(lstm3.c_trunc, -3)), lstm3.dropout_mask) input-dim=2603 output-dim=1040
dim-range-node name=lstm3.c input-node=lstm3.lstm_nonlin dim-offset=0 dim=520
dim-range-node name=lstm3.m input-node=lstm3.lstm_nonlin dim-offset=520 dim=520
component-node name=lstm3.rp component=lstm3.W_rp input=lstm3.m input-dim=520 output-dim=260
dim-range-node name=lstm3.r input-node=lstm3.rp dim-offset=0 dim=130
component-node name=lstm3.cr_trunc component=lstm3.cr_trunc input=Append(lstm3.c, lstm3.r) input-dim=650 output-dim=650
dim-range-node name=lstm3.c_trunc input-node=lstm3.cr_trunc dim-offset=0 dim=520
dim-range-node name=lstm3.r_trunc input-node=lstm3.cr_trunc dim-offset=520 dim=130
component-node name=output.affine component=output.affine input=lstm3.rp input-dim=260 output-dim=2104
component-node name=output.log-softmax component=output.log-softmax input=output.affine input-dim=2104 output-dim=2104
output-node name=output input=Offset(output.log-softmax, 5) dim=2104 objective=linear
component name=lda.delayed type=NoOpComponent, dim=300
component name=lda type=FixedAffineComponent, input-dim=300, output-dim=300, linear-params-rms=0.006709, bias-{mean,stddev}=-0.01975,0.4295
component name=tdnn1.affine type=NaturalGradientAffineComponent, input-dim=300, output-dim=520, learning-rate=6.51574e-05, l2-regularize=0.05, max-change=0.75, linear-params-rms=0.03228, linear-params-row-norms=[percentiles(0,1,2,5 10,20,50,80,90 95,98,99,100)=(0.003,0.004,0.005,0.007 0.009,0.03,0.57,0.73,0.79 0.84,0.92,0.96,1.3), mean=0.469, stddev=0.305], linear-params-col-norms=[percentiles(0,1,2,5 10,20,50,80,90 95,98,99,100)=(0.13,0.15,0.15,0.16 0.19,0.23,0.70,0.94,1.1 1.3,1.3,1.4,1.4), mean=0.646, stddev=0.353], bias-{mean,stddev}=-0.007224,0.06029, rank-in=20, rank-out=80, num-samples-history=2000, update-period=4, alpha=4
component name=tdnn1.relu type=RectifiedLinearComponent, dim=520, self-repair-scale=1e-05, count=1.01e+06, self-repaired-proportion=0.14564, value-avg=[percentiles(0,1,2,5 10,20,50,80,90 95,98,99,100)=(3e-06,2e-05,3e-05,4e-05 7e-05,0.0002,0.04,0.08,0.11 0.12,0.14,0.15,0.19), mean=0.0426, stddev=0.044], deriv-avg=[percentiles(0,1,2,5 10,20,50,80,90 95,98,99,100)=(0.006,0.02,0.03,0.04 0.05,0.07,0.35,0.60,0.72 0.78,0.88,0.90,0.98), mean=0.343, stddev=0.264], oderiv-rms=[percentiles(0,1,2,5 10,20,50,80,90 95,98,99,100)=(0.006,0.009,0.01,0.02 0.02,0.06,0.46,0.66,0.79 0.91,1.0,1.1,1.8), mean=0.435, stddev=0.294], oderiv-count=1.17555e+06
component name=tdnn1.batchnorm type=BatchNormComponent, dim=520, block-dim=520, epsilon=0.001, target-rms=1, count=35968.4, test-mode=false, data-mean=[percentiles(0,1,2,5 10,20,50,80,90 95,98,99,100)=(5e-06,2e-05,2e-05,4e-05 7e-05,0.0002,0.04,0.08,0.11 0.12,0.14,0.15,0.19), mean=0.0414, stddev=0.0434], data-stddev=[percentiles(0,1,2,5 10,20,50,80,90 95,98,99,100)=(6e-05,0.0001,0.0001,0.0002 0.0004,0.001,0.07,0.10,0.12 0.13,0.14,0.14,0.16), mean=0.0573, stddev=0.0477]
component name=tdnn2.affine type=NaturalGradientAffineComponent, input-dim=1560, output-dim=520, learning-rate=6.51574e-05, l2-regularize=0.05, max-change=0.75, linear-params-rms=0.01136, linear-params-row-norms=[percentiles(0,1,2,5 10,20,50,80,90 95,98,99,100)=(0.30,0.33,0.33,0.35 0.37,0.39,0.43,0.49,0.54 0.57,0.61,0.62,0.71), mean=0.444, stddev=0.068], linear-params-col-norms=[percentiles(0,1,2,5 10,20,50,80,90 95,98,99,100)=(0.001,0.002,0.002,0.003 0.005,0.01,0.27,0.33,0.36 0.38,0.42,0.49,0.75), mean=0.216, stddev=0.143], bias-{mean,stddev}=-0.03573,0.03751, rank-in=20, rank-out=80, num-samples-history=2000, update-period=4, alpha=4
component name=tdnn2.relu type=RectifiedLinearComponent, dim=520, self-repair-scale=1e-05, count=9.67e+05, self-repaired-proportion=0, value-avg=[percentiles(0,1,2,5 10,20,50,80,90 95,98,99,100)=(0.14,0.15,0.17,0.18 0.19,0.21,0.24,0.27,0.30 0.31,0.33,0.34,0.43), mean=0.243, stddev=0.0419], deriv-avg=[percentiles(0,1,2,5 10,20,50,80,90 95,98,99,100)=(0.26,0.35,0.37,0.38 0.40,0.42,0.44,0.47,0.49 0.51,0.52,0.53,0.55), mean=0.443, stddev=0.0371], oderiv-rms=[percentiles(0,1,2,5 10,20,50,80,90 95,98,99,100)=(0.04,0.04,0.04,0.04 0.05,0.05,0.06,0.07,0.08 0.09,0.09,0.10,0.12), mean=0.0594, stddev=0.0128], oderiv-count=1.192e+06
component name=tdnn2.batchnorm type=BatchNormComponent, dim=520, block-dim=520, epsilon=0.001, target-rms=1, count=35187.7, test-mode=false, data-mean=[percentiles(0,1,2,5 10,20,50,80,90 95,98,99,100)=(0.13,0.15,0.17,0.18 0.19,0.21,0.24,0.28,0.30 0.32,0.34,0.35,0.44), mean=0.245, stddev=0.0433], data-stddev=[percentiles(0,1,2,5 10,20,50,80,90 95,98,99,100)=(0.27,0.31,0.32,0.35 0.37,0.39,0.44,0.49,0.52 0.55,0.57,0.58,0.64), mean=0.443, stddev=0.0602]
component name=lstm1.W_all type=NaturalGradientAffineComponent, input-dim=650, output-dim=2080, learning-rate=6.51574e-05, l2-regularize=0.01, max-change=1.5, linear-params-rms=0.01727, linear-params-row-norms=[percentiles(0,1,2,5 10,20,50,80,90 95,98,99,100)=(3e-08,5e-07,1e-06,8e-06 0.0002,0.18,0.39,0.58,0.65 0.72,0.80,0.88,1.1), mean=0.377, stddev=0.227], linear-params-col-norms=[percentiles(0,1,2,5 10,20,50,80,90 95,98,99,100)=(0.29,0.34,0.38,0.41 0.46,0.68,0.80,0.89,0.95 1.0,1.1,1.2,1.3), mean=0.768, stddev=0.172], bias-{mean,stddev}=0.0002092,0.02141, rank-in=20, rank-out=80, num-samples-history=2000, update-period=4, alpha=4
component name=lstm1.lstm_nonlin type=LstmNonlinearityComponent, input-dim=2603, output-dim=1040, learning-rate=6.51574e-05, l2-regularize=0.01, max-change=0.75, cell-dim=520, use-dropout=true, w_ic-rms=0.04271, w_fc-rms=0.02155, w_oc-rms=0.03819, count=1.51e+06, i_t_sigmoid={ self-repair-lower-threshold=0.05, self-repair-scale=1e-05, self-repaired-proportion=0.00643522, value-avg=[percentiles(0,1,2,5 10,20,50,80,90 95,98,99,100)=(0.38,0.40,0.41,0.43 0.44,0.45,0.48,0.50,0.55 0.64,0.71,0.72,0.76), mean=0.49, stddev=0.0608], deriv-avg=[percentiles(0,1,2,5 10,20,50,80,90 95,98,99,100)=(0.18,0.19,0.19,0.20 0.21,0.22,0.23,0.24,0.25 0.25,0.25,0.25,0.25), mean=0.228, stddev=0.0145] }, f_t_sigmoid={ self-repair-lower-threshold=0.05, self-repair-scale=1e-05, self-repaired-proportion=0.00643522, value-avg=[percentiles(0,1,2,5 10,20,50,80,90 95,98,99,100)=(0.40,0.42,0.43,0.44 0.45,0.47,0.50,0.51,0.55 0.61,0.66,0.70,0.76), mean=0.499, stddev=0.0507], deriv-avg=[percentiles(0,1,2,5 10,20,50,80,90 95,98,99,100)=(0.18,0.19,0.20,0.21 0.22,0.23,0.24,0.25,0.25 0.25,0.25,0.25,0.25), mean=0.236, stddev=0.0126] }, c_t_tanh={ self-repair-lower-threshold=0.2, self-repair-scale=1e-05, self-repaired-proportion=0.00643522, value-avg=[percentiles(0,1,2,5 10,20,50,80,90 95,98,99,100)=(-0.85,-0.81,-0.77,-0.44 -0.27,-0.13,0.0002,0.16,0.28 0.57,0.74,0.79,0.86), mean=0.0131, stddev=0.278], deriv-avg=[percentiles(0,1,2,5 10,20,50,80,90 95,98,99,100)=(0.23,0.30,0.31,0.36 0.41,0.46,0.57,0.72,1.0 1.0,1.0,1.0,1.0), mean=0.618, stddev=0.199] }, o_t_sigmoid={ self-repair-lower-threshold=0.05, self-repair-scale=1e-05, self-repaired-proportion=0.00643522, value-avg=[percentiles(0,1,2,5 10,20,50,80,90 95,98,99,100)=(0.35,0.37,0.38,0.40 0.41,0.43,0.46,0.50,0.50 0.52,0.55,0.59,0.65), mean=0.462, stddev=0.0418], deriv-avg=[percentiles(0,1,2,5 10,20,50,80,90 95,98,99,100)=(0.16,0.19,0.19,0.19 0.20,0.21,0.22,0.24,0.25 0.25,0.25,0.25,0.25), mean=0.222, stddev=0.0181] }, m_t_tanh={ self-repair-lower-threshold=0.2, self-repair-scale=1e-05, self-repaired-proportion=0.00979662, value-avg=[percentiles(0,1,2,5 10,20,50,80,90 95,98,99,100)=(-0.89,-0.81,-0.75,-0.39 -0.22,-0.11,0.0004,0.13,0.23 0.46,0.67,0.80,0.90), mean=0.0108, stddev=0.255], deriv-avg=[percentiles(0,1,2,5 10,20,50,80,90 95,98,99,100)=(0.17,0.26,0.32,0.45 0.66,0.74,0.83,0.90,1.0 1.0,1.0,1.0,1.0), mean=0.813, stddev=0.154] }
component name=lstm1.cr_trunc type=BackpropTruncationComponent, dim=650, scale=0.85, count=1.98e+06, recurrence-interval=3, clipping-threshold=30, clipped-proportion=0, zeroing-threshold=15, zeroing-interval=20, zeroed-proportion=6.74617e-06, count-zeroing-boundaries=296464
component name=lstm1.dropout_mask type=DropoutMaskComponent, output-dim=3, dropout-proportion=0.0214876
component name=lstm1.W_rp type=NaturalGradientAffineComponent, input-dim=520, output-dim=260, learning-rate=6.51574e-05, l2-regularize=0.01, max-change=1.5, linear-params-rms=0.03795, linear-params-row-norms=[percentiles(0,1,2,5 10,20,50,80,90 95,98,99,100)=(0.36,0.40,0.44,0.45 0.51,0.55,0.82,1.1,1.1 1.2,1.2,1.3,1.3), mean=0.826, stddev=0.26], linear-params-col-norms=[percentiles(0,1,2,5 10,20,50,80,90 95,98,99,100)=(0.0002,0.0005,0.0008,0.002 0.006,0.39,0.55,0.71,0.86 1.0,1.2,1.3,1.6), mean=0.533, stddev=0.301], bias-{mean,stddev}=0.01056,0.2311, rank-in=20, rank-out=80, num-samples-history=2000, update-period=4, alpha=4
component name=tdnn3.affine type=NaturalGradientAffineComponent, input-dim=780, output-dim=520, learning-rate=6.51574e-05, l2-regularize=0.05, max-change=0.75, linear-params-rms=0.01219, linear-params-row-norms=[percentiles(0,1,2,5 10,20,50,80,90 95,98,99,100)=(0.20,0.23,0.24,0.26 0.27,0.29,0.33,0.38,0.41 0.44,0.47,0.48,0.55), mean=0.336, stddev=0.0545], linear-params-col-norms=[percentiles(0,1,2,5 10,20,50,80,90 95,98,99,100)=(0.11,0.13,0.13,0.15 0.16,0.18,0.26,0.35,0.38 0.40,0.43,0.44,0.47), mean=0.264, stddev=0.086], bias-{mean,stddev}=0.001374,0.0105, rank-in=20, rank-out=80, num-samples-history=2000, update-period=4, alpha=4
component name=tdnn3.relu type=RectifiedLinearComponent, dim=520, self-repair-scale=1e-05, count=9.59e+05, self-repaired-proportion=0, value-avg=[percentiles(0,1,2,5 10,20,50,80,90 95,98,99,100)=(0.006,0.008,0.01,0.02 0.03,0.05,0.08,0.12,0.13 0.15,0.16,0.16,0.19), mean=0.0824, stddev=0.0382], deriv-avg=[percentiles(0,1,2,5 10,20,50,80,90 95,98,99,100)=(0.07,0.10,0.11,0.16 0.20,0.26,0.42,0.54,0.59 0.63,0.66,0.68,0.83), mean=0.41, stddev=0.146], oderiv-rms=[percentiles(0,1,2,5 10,20,50,80,90 95,98,99,100)=(0.08,0.08,0.08,0.09 0.09,0.10,0.11,0.15,0.18 0.21,0.25,0.27,0.31), mean=0.126, stddev=0.0393], oderiv-count=1.0633e+06
component name=tdnn3.batchnorm type=BatchNormComponent, dim=520, block-dim=520, epsilon=0.001, target-rms=1, count=32845.6, test-mode=false, data-mean=[percentiles(0,1,2,5 10,20,50,80,90 95,98,99,100)=(0.006,0.01,0.01,0.02 0.03,0.05,0.08,0.11,0.13 0.15,0.16,0.16,0.19), mean=0.0817, stddev=0.0374], data-stddev=[percentiles(0,1,2,5 10,20,50,80,90 95,98,99,100)=(0.03,0.04,0.06,0.08 0.09,0.11,0.14,0.17,0.18 0.19,0.21,0.21,0.23), mean=0.138, stddev=0.0348]
component name=tdnn4.affine type=NaturalGradientAffineComponent, input-dim=1560, output-dim=520, learning-rate=6.51574e-05, l2-regularize=0.05, max-change=0.75, linear-params-rms=0.008051, linear-params-row-norms=[percentiles(0,1,2,5 10,20,50,80,90 95,98,99,100)=(0.22,0.26,0.26,0.27 0.28,0.29,0.31,0.34,0.36 0.38,0.40,0.40,0.43), mean=0.316, stddev=0.0344], linear-params-col-norms=[percentiles(0,1,2,5 10,20,50,80,90 95,98,99,100)=(0.09,0.12,0.13,0.14 0.14,0.15,0.17,0.20,0.22 0.24,0.27,0.29,0.38), mean=0.181, stddev=0.0334], bias-{mean,stddev}=-0.02875,0.01631, rank-in=20, rank-out=80, num-samples-history=2000, update-period=4, alpha=4
component name=tdnn4.relu type=RectifiedLinearComponent, dim=520, self-repair-scale=1e-05, count=8.25e+05, self-repaired-proportion=0, value-avg=[percentiles(0,1,2,5 10,20,50,80,90 95,98,99,100)=(0.16,0.17,0.18,0.19 0.20,0.21,0.23,0.27,0.28 0.30,0.31,0.33,0.35), mean=0.238, stddev=0.0334], deriv-avg=[percentiles(0,1,2,5 10,20,50,80,90 95,98,99,100)=(0.26,0.35,0.36,0.37 0.38,0.40,0.42,0.44,0.45 0.47,0.48,0.49,0.51), mean=0.419, stddev=0.0303], oderiv-rms=[percentiles(0,1,2,5 10,20,50,80,90 95,98,99,100)=(0.03,0.03,0.03,0.03 0.04,0.04,0.04,0.04,0.04 0.04,0.05,0.05,0.05), mean=0.0384, stddev=0.00294], oderiv-count=966656
component name=tdnn4.batchnorm type=BatchNormComponent, dim=520, block-dim=520, epsilon=0.001, target-rms=1, count=30503.5, test-mode=false, data-mean=[percentiles(0,1,2,5 10,20,50,80,90 95,98,99,100)=(0.16,0.17,0.18,0.19 0.20,0.21,0.24,0.27,0.29 0.30,0.31,0.32,0.37), mean=0.24, stddev=0.0337], data-stddev=[percentiles(0,1,2,5 10,20,50,80,90 95,98,99,100)=(0.29,0.37,0.38,0.40 0.41,0.43,0.47,0.52,0.54 0.57,0.61,0.62,0.74), mean=0.474, stddev=0.0553]
component name=lstm2.W_all type=NaturalGradientAffineComponent, input-dim=650, output-dim=2080, learning-rate=6.51574e-05, l2-regularize=0.01, max-change=1.5, linear-params-rms=0.0141, linear-params-row-norms=[percentiles(0,1,2,5 10,20,50,80,90 95,98,99,100)=(2e-07,2e-06,5e-06,1e-05 5e-05,0.0009,0.31,0.50,0.58 0.63,0.68,0.71,0.83), mean=0.278, stddev=0.228], linear-params-col-norms=[percentiles(0,1,2,5 10,20,50,80,90 95,98,99,100)=(0.26,0.27,0.29,0.33 0.39,0.58,0.65,0.72,0.76 0.79,0.85,0.89,1.3), mean=0.629, stddev=0.134], bias-{mean,stddev}=0.002239,0.02545, rank-in=20, rank-out=80, num-samples-history=2000, update-period=4, alpha=4
component name=lstm2.lstm_nonlin type=LstmNonlinearityComponent, input-dim=2603, output-dim=1040, learning-rate=6.51574e-05, l2-regularize=0.01, max-change=0.75, cell-dim=520, use-dropout=true, w_ic-rms=0.02722, w_fc-rms=0.01398, w_oc-rms=0.03521, count=1.38e+06, i_t_sigmoid={ self-repair-lower-threshold=0.05, self-repair-scale=1e-05, self-repaired-proportion=0.00648915, value-avg=[percentiles(0,1,2,5 10,20,50,80,90 95,98,99,100)=(0.42,0.43,0.45,0.46 0.46,0.48,0.50,0.51,0.54 0.57,0.61,0.64,0.70), mean=0.5, stddev=0.0356], deriv-avg=[percentiles(0,1,2,5 10,20,50,80,90 95,98,99,100)=(0.20,0.21,0.21,0.21 0.22,0.22,0.23,0.25,0.25 0.25,0.25,0.25,0.25), mean=0.235, stddev=0.013] }, f_t_sigmoid={ self-repair-lower-threshold=0.05, self-repair-scale=1e-05, self-repaired-proportion=0.00648915, value-avg=[percentiles(0,1,2,5 10,20,50,80,90 95,98,99,100)=(0.40,0.44,0.45,0.46 0.46,0.47,0.50,0.51,0.53 0.55,0.59,0.61,0.67), mean=0.498, stddev=0.031], deriv-avg=[percentiles(0,1,2,5 10,20,50,80,90 95,98,99,100)=(0.20,0.21,0.21,0.22 0.22,0.23,0.24,0.25,0.25 0.25,0.25,0.25,0.25), mean=0.239, stddev=0.011] }, c_t_tanh={ self-repair-lower-threshold=0.2, self-repair-scale=1e-05, self-repaired-proportion=0.00648915, value-avg=[percentiles(0,1,2,5 10,20,50,80,90 95,98,99,100)=(-0.83,-0.72,-0.63,-0.34 -0.21,-0.09,0.0001,0.10,0.25 0.40,0.54,0.60,0.73), mean=0.00475, stddev=0.22], deriv-avg=[percentiles(0,1,2,5 10,20,50,80,90 95,98,99,100)=(0.26,0.38,0.42,0.45 0.49,0.54,0.64,1.0,1.0 1.0,1.0,1.0,1.0), mean=0.724, stddev=0.211] }, o_t_sigmoid={ self-repair-lower-threshold=0.05, self-repair-scale=1e-05, self-repaired-proportion=0.00648915, value-avg=[percentiles(0,1,2,5 10,20,50,80,90 95,98,99,100)=(0.39,0.41,0.42,0.43 0.45,0.46,0.50,0.50,0.51 0.52,0.55,0.56,0.73), mean=0.486, stddev=0.0305], deriv-avg=[percentiles(0,1,2,5 10,20,50,80,90 95,98,99,100)=(0.17,0.18,0.19,0.20 0.21,0.22,0.23,0.25,0.25 0.25,0.25,0.25,0.25), mean=0.231, stddev=0.0172] }, m_t_tanh={ self-repair-lower-threshold=0.2, self-repair-scale=1e-05, self-repaired-proportion=0.00648915, value-avg=[percentiles(0,1,2,5 10,20,50,80,90 95,98,99,100)=(-0.80,-0.60,-0.57,-0.31 -0.19,-0.08,8e-05,0.10,0.23 0.37,0.48,0.53,0.73), mean=0.00489, stddev=0.199], deriv-avg=[percentiles(0,1,2,5 10,20,50,80,90 95,98,99,100)=(0.34,0.50,0.56,0.64 0.71,0.78,0.87,1.0,1.0 1.0,1.0,1.0,1.0), mean=0.869, stddev=0.124] }
component name=lstm2.cr_trunc type=BackpropTruncationComponent, dim=650, scale=0.85, count=1.73e+06, recurrence-interval=3, clipping-threshold=30, clipped-proportion=0, zeroing-threshold=15, zeroing-interval=20, zeroed-proportion=3.8243e-06, count-zeroing-boundaries=261486
component name=lstm2.dropout_mask type=DropoutMaskComponent, output-dim=3, dropout-proportion=0.0214876
component name=lstm2.W_rp type=NaturalGradientAffineComponent, input-dim=520, output-dim=260, learning-rate=6.51574e-05, l2-regularize=0.01, max-change=1.5, linear-params-rms=0.03582, linear-params-row-norms=[percentiles(0,1,2,5 10,20,50,80,90 95,98,99,100)=(0.41,0.43,0.45,0.51 0.54,0.59,0.78,1.0,1.1 1.1,1.1,1.1,1.3), mean=0.79, stddev=0.206], linear-params-col-norms=[percentiles(0,1,2,5 10,20,50,80,90 95,98,99,100)=(0.0005,0.001,0.001,0.002 0.004,0.01,0.58,0.76,0.85 0.95,1.1,1.1,1.3), mean=0.46, stddev=0.349], bias-{mean,stddev}=-0.003551,0.1854, rank-in=20, rank-out=80, num-samples-history=2000, update-period=4, alpha=4
component name=tdnn5.affine type=NaturalGradientAffineComponent, input-dim=780, output-dim=520, learning-rate=6.51574e-05, l2-regularize=0.05, max-change=0.75, linear-params-rms=0.01137, linear-params-row-norms=[percentiles(0,1,2,5 10,20,50,80,90 95,98,99,100)=(0.13,0.20,0.21,0.23 0.25,0.26,0.30,0.36,0.39 0.42,0.46,0.47,0.50), mean=0.312, stddev=0.0588], linear-params-col-norms=[percentiles(0,1,2,5 10,20,50,80,90 95,98,99,100)=(0.10,0.13,0.14,0.15 0.16,0.18,0.23,0.33,0.35 0.38,0.40,0.42,0.45), mean=0.248, stddev=0.0755], bias-{mean,stddev}=0.001873,0.007485, rank-in=20, rank-out=80, num-samples-history=2000, update-period=4, alpha=4
component name=tdnn5.relu type=RectifiedLinearComponent, dim=520, self-repair-scale=1e-05, count=8.23e+05, self-repaired-proportion=0, value-avg=[percentiles(0,1,2,5 10,20,50,80,90 95,98,99,100)=(0.007,0.01,0.01,0.02 0.03,0.04,0.06,0.09,0.11 0.12,0.13,0.14,0.16), mean=0.0646, stddev=0.0298], deriv-avg=[percentiles(0,1,2,5 10,20,50,80,90 95,98,99,100)=(0.08,0.10,0.12,0.15 0.19,0.27,0.39,0.49,0.54 0.57,0.61,0.62,0.66), mean=0.38, stddev=0.128], oderiv-rms=[percentiles(0,1,2,5 10,20,50,80,90 95,98,99,100)=(0.06,0.08,0.08,0.09 0.09,0.10,0.12,0.14,0.17 0.20,0.22,0.23,0.25), mean=0.123, stddev=0.0316], oderiv-count=1.01274e+06
component name=tdnn5.batchnorm type=BatchNormComponent, dim=520, block-dim=520, epsilon=0.001, target-rms=1, count=28161.4, test-mode=false, data-mean=[percentiles(0,1,2,5 10,20,50,80,90 95,98,99,100)=(0.01,0.01,0.02,0.02 0.03,0.04,0.06,0.09,0.11 0.12,0.13,0.14,0.16), mean=0.0666, stddev=0.0298], data-stddev=[percentiles(0,1,2,5 10,20,50,80,90 95,98,99,100)=(0.04,0.05,0.06,0.07 0.08,0.09,0.12,0.15,0.16 0.17,0.18,0.18,0.20), mean=0.12, stddev=0.0294]
component name=tdnn6.affine type=NaturalGradientAffineComponent, input-dim=1560, output-dim=520, learning-rate=6.51574e-05, l2-regularize=0.05, max-change=0.75, linear-params-rms=0.008082, linear-params-row-norms=[percentiles(0,1,2,5 10,20,50,80,90 95,98,99,100)=(0.12,0.14,0.18,0.23 0.25,0.28,0.31,0.36,0.38 0.40,0.41,0.41,0.43), mean=0.315, stddev=0.0524], linear-params-col-norms=[percentiles(0,1,2,5 10,20,50,80,90 95,98,99,100)=(0.08,0.11,0.12,0.13 0.14,0.15,0.17,0.20,0.23 0.26,0.30,0.34,0.38), mean=0.179, stddev=0.042], bias-{mean,stddev}=-0.02439,0.02048, rank-in=20, rank-out=80, num-samples-history=2000, update-period=4, alpha=4
component name=tdnn6.relu type=RectifiedLinearComponent, dim=520, self-repair-scale=1e-05, count=7.08e+05, self-repaired-proportion=0, value-avg=[percentiles(0,1,2,5 10,20,50,80,90 95,98,99,100)=(0.12,0.14,0.15,0.18 0.20,0.22,0.25,0.28,0.29 0.31,0.32,0.33,0.38), mean=0.247, stddev=0.0391], deriv-avg=[percentiles(0,1,2,5 10,20,50,80,90 95,98,99,100)=(0.33,0.35,0.35,0.36 0.37,0.39,0.41,0.44,0.45 0.47,0.48,0.49,0.50), mean=0.413, stddev=0.0305], oderiv-rms=[percentiles(0,1,2,5 10,20,50,80,90 95,98,99,100)=(0.02,0.02,0.03,0.03 0.03,0.03,0.03,0.03,0.04 0.04,0.04,0.04,0.05), mean=0.0316, stddev=0.0036], oderiv-count=993280
component name=tdnn6.batchnorm type=BatchNormComponent, dim=520, block-dim=520, epsilon=0.001, target-rms=1, count=25819.3, test-mode=false, data-mean=[percentiles(0,1,2,5 10,20,50,80,90 95,98,99,100)=(0.13,0.14,0.15,0.18 0.20,0.22,0.25,0.28,0.30 0.31,0.34,0.34,0.41), mean=0.25, stddev=0.0405], data-stddev=[percentiles(0,1,2,5 10,20,50,80,90 95,98,99,100)=(0.21,0.22,0.27,0.35 0.39,0.43,0.50,0.56,0.59 0.62,0.65,0.67,0.75), mean=0.493, stddev=0.0848]
component name=lstm3.W_all type=NaturalGradientAffineComponent, input-dim=650, output-dim=2080, learning-rate=6.51574e-05, l2-regularize=0.01, max-change=1.5, linear-params-rms=0.02014, linear-params-row-norms=[percentiles(0,1,2,5 10,20,50,80,90 95,98,99,100)=(0.18,0.22,0.23,0.25 0.27,0.32,0.46,0.66,0.73 0.78,0.82,0.85,0.92), mean=0.485, stddev=0.169], linear-params-col-norms=[percentiles(0,1,2,5 10,20,50,80,90 95,98,99,100)=(0.46,0.49,0.55,0.65 0.71,0.74,0.82,1.1,1.2 1.3,1.4,1.5,1.8), mean=0.893, stddev=0.216], bias-{mean,stddev}=0.01398,0.01677, rank-in=20, rank-out=80, num-samples-history=2000, update-period=4, alpha=4
component name=lstm3.lstm_nonlin type=LstmNonlinearityComponent, input-dim=2603, output-dim=1040, learning-rate=6.51574e-05, l2-regularize=0.01, max-change=0.75, cell-dim=520, use-dropout=true, w_ic-rms=0.07256, w_fc-rms=0.03901, w_oc-rms=0.05504, count=1.25e+06, i_t_sigmoid={ self-repair-lower-threshold=0.05, self-repair-scale=1e-05, self-repaired-proportion=0.00655422, value-avg=[percentiles(0,1,2,5 10,20,50,80,90 95,98,99,100)=(0.49,0.55,0.56,0.57 0.60,0.63,0.67,0.71,0.73 0.76,0.77,0.78,0.82), mean=0.67, stddev=0.0528], deriv-avg=[percentiles(0,1,2,5 10,20,50,80,90 95,98,99,100)=(0.13,0.14,0.15,0.16 0.17,0.18,0.19,0.20,0.20 0.20,0.20,0.21,0.21), mean=0.185, stddev=0.0133] }, f_t_sigmoid={ self-repair-lower-threshold=0.05, self-repair-scale=1e-05, self-repaired-proportion=0.00655422, value-avg=[percentiles(0,1,2,5 10,20,50,80,90 95,98,99,100)=(0.45,0.50,0.51,0.53 0.55,0.57,0.60,0.65,0.71 0.75,0.78,0.79,0.84), mean=0.613, stddev=0.0612], deriv-avg=[percentiles(0,1,2,5 10,20,50,80,90 95,98,99,100)=(0.13,0.15,0.15,0.16 0.17,0.19,0.20,0.21,0.21 0.22,0.22,0.22,0.22), mean=0.198, stddev=0.0162] }, c_t_tanh={ self-repair-lower-threshold=0.2, self-repair-scale=1e-05, self-repaired-proportion=0.00759884, value-avg=[percentiles(0,1,2,5 10,20,50,80,90 95,98,99,100)=(-0.86,-0.78,-0.71,-0.53 -0.41,-0.27,-0.009,0.25,0.40 0.53,0.64,0.73,0.85), mean=-0.00848, stddev=0.316], deriv-avg=[percentiles(0,1,2,5 10,20,50,80,90 95,98,99,100)=(0.20,0.23,0.26,0.28 0.32,0.35,0.40,0.44,0.46 0.47,0.50,0.51,0.53), mean=0.394, stddev=0.0559] }, o_t_sigmoid={ self-repair-lower-threshold=0.05, self-repair-scale=1e-05, self-repaired-proportion=0.00655422, value-avg=[percentiles(0,1,2,5 10,20,50,80,90 95,98,99,100)=(0.45,0.51,0.52,0.54 0.56,0.59,0.63,0.67,0.69 0.72,0.75,0.78,0.90), mean=0.631, stddev=0.0533], deriv-avg=[percentiles(0,1,2,5 10,20,50,80,90 95,98,99,100)=(0.08,0.13,0.14,0.15 0.16,0.16,0.18,0.18,0.19 0.19,0.19,0.19,0.20), mean=0.174, stddev=0.0143] }, m_t_tanh={ self-repair-lower-threshold=0.2, self-repair-scale=1e-05, self-repaired-proportion=0.024437, value-avg=[percentiles(0,1,2,5 10,20,50,80,90 95,98,99,100)=(-0.90,-0.83,-0.71,-0.59 -0.40,-0.26,-0.02,0.24,0.37 0.56,0.70,0.76,0.89), mean=-0.0115, stddev=0.322], deriv-avg=[percentiles(0,1,2,5 10,20,50,80,90 95,98,99,100)=(0.16,0.19,0.21,0.28 0.36,0.44,0.54,0.59,0.62 0.63,0.65,0.66,0.70), mean=0.512, stddev=0.104] }
component name=lstm3.cr_trunc type=BackpropTruncationComponent, dim=650, scale=0.85, count=1.49e+06, recurrence-interval=3, clipping-threshold=30, clipped-proportion=0, zeroing-threshold=15, zeroing-interval=20, zeroed-proportion=0, count-zeroing-boundaries=222382
component name=lstm3.dropout_mask type=DropoutMaskComponent, output-dim=3, dropout-proportion=0.0214876
component name=lstm3.W_rp type=NaturalGradientAffineComponent, input-dim=520, output-dim=260, learning-rate=6.51574e-05, l2-regularize=0.01, max-change=1.5, linear-params-rms=0.08503, linear-params-row-norms=[percentiles(0,1,2,5 10,20,50,80,90 95,98,99,100)=(0.93,1.0,1.0,1.1 1.1,1.2,1.7,2.5,2.5 2.6,2.7,2.8,2.9), mean=1.84, stddev=0.6], linear-params-col-norms=[percentiles(0,1,2,5 10,20,50,80,90 95,98,99,100)=(0.54,1.0,1.1,1.1 1.2,1.2,1.3,1.5,1.6 1.7,1.8,1.9,2.0), mean=1.36, stddev=0.199], bias-{mean,stddev}=-0.03734,0.383, rank-in=20, rank-out=80, num-samples-history=2000, update-period=4, alpha=4
component name=output.affine type=NaturalGradientAffineComponent, input-dim=260, output-dim=2104, learning-rate=6.51574e-05, l2-regularize=0.01, max-change=1.5, linear-params-rms=0.04032, linear-params-row-norms=[percentiles(0,1,2,5 10,20,50,80,90 95,98,99,100)=(0.50,0.54,0.55,0.57 0.58,0.60,0.64,0.68,0.71 0.74,0.77,0.82,2.2), mean=0.645, stddev=0.0828], linear-params-col-norms=[percentiles(0,1,2,5 10,20,50,80,90 95,98,99,100)=(0.91,0.97,1.0,1.0 1.1,1.1,1.5,2.4,2.4 2.5,2.5,2.6,2.6), mean=1.76, stddev=0.573], bias-{mean,stddev}=3.102e-09,0.02573, rank-in=20, rank-out=80, num-samples-history=2000, update-period=4, alpha=4
component name=output.log-softmax type=LogSoftmaxComponent, dim=2104, oderiv-rms=[percentiles(0,1,2,5 10,20,50,80,90 95,98,99,100)=(0.002,0.007,0.008,0.009 0.01,0.01,0.02,0.02,0.02 0.03,0.03,0.03,0.41), mean=0.0169, stddev=0.0137], oderiv-count=629760
nnet3-show-progress --use-gpu=no exp/nnet3/tdnn_lstm1c_sp/471.mdl exp/nnet3/tdnn_lstm1c_sp/472.mdl 
LOG (nnet3-show-progress[5.5.0-]:SelectGpuId():cu-device.cc:153) Manually selected to compute on CPU.
WARNING (nnet3-show-progress[5.5.0-]:Check():nnet-nnet.cc:789) Node lda.delayed is never used to compute any output.
WARNING (nnet3-show-progress[5.5.0-]:Check():nnet-nnet.cc:789) Node lda.delayed is never used to compute any output.
WARNING (nnet3-show-progress[5.5.0-]:Check():nnet-nnet.cc:789) Node lda.delayed is never used to compute any output.
LOG (nnet3-show-progress[5.5.0-]:main():nnet3-show-progress.cc:143) Parameter differences per layer are [ tdnn1.affine:2.6456 tdnn2.affine:2.38085 lstm1.W_all:1.77174 lstm1.lstm_nonlin:0.0345249 lstm1.W_rp:0.819871 tdnn3.affine:1.6447 tdnn4.affine:1.67971 lstm2.W_all:1.19828 lstm2.lstm_nonlin:0.0182597 lstm2.W_rp:0.556438 tdnn5.affine:1.36647 tdnn6.affine:1.49072 lstm3.W_all:1.71686 lstm3.lstm_nonlin:0.0413576 lstm3.W_rp:0.60446 output.affine:1.29146 ]
LOG (nnet3-show-progress[5.5.0-]:main():nnet3-show-progress.cc:153) Norms of parameter matrices from <new-nnet-in> are [ tdnn1.affine:12.8253 tdnn2.affine:10.304 lstm1.W_all:20.1017 lstm1.lstm_nonlin:1.39588 lstm1.W_rp:14.4447 tdnn3.affine:7.76617 tdnn4.affine:7.28992 lstm2.W_all:16.4335 lstm2.lstm_nonlin:1.06379 lstm2.W_rp:13.506 tdnn5.affine:7.24231 tdnn6.affine:7.31557 lstm3.W_all:23.4407 lstm3.lstm_nonlin:2.25922 lstm3.W_rp:31.8746 output.affine:29.8419 ]
LOG (nnet3-show-progress[5.5.0-]:main():nnet3-show-progress.cc:157) Relative parameter differences per layer are [ tdnn1.affine:0.20653 tdnn2.affine:0.231579 lstm1.W_all:0.0881255 lstm1.lstm_nonlin:0.0246301 lstm1.W_rp:0.0567096 tdnn3.affine:0.212254 tdnn4.affine:0.230634 lstm2.W_all:0.072917 lstm2.lstm_nonlin:0.0171118 lstm2.W_rp:0.041171 tdnn5.affine:0.188859 tdnn6.affine:0.204067 lstm3.W_all:0.0731888 lstm3.lstm_nonlin:0.0181752 lstm3.W_rp:0.0189418 output.affine:0.0432555 ]
# Accounting: time=0 threads=1
# Ended (code 0) at Thu Jul 30 13:08:20 KST 2020, elapsed time 0 seconds
