# nnet3-info exp/nnet3/tdnn_lstm1c_sp/460.mdl && nnet3-show-progress --use-gpu=no exp/nnet3/tdnn_lstm1c_sp/459.mdl exp/nnet3/tdnn_lstm1c_sp/460.mdl 
# Started at Thu Jul 30 13:03:31 KST 2020
#
nnet3-info exp/nnet3/tdnn_lstm1c_sp/460.mdl 
WARNING (nnet3-info[5.5.0-]:Check():nnet-nnet.cc:789) Node lda.delayed is never used to compute any output.
left-context: 10
right-context: 20
num-parameters: 8426364
modulus: 1
component-node name=lda.delayed component=lda.delayed input=Append(Offset(input, -2), Offset(input, -1), input, Offset(input, 1), Offset(input, 2), ReplaceIndex(ivector, t, 0)) input-dim=300 output-dim=300
input-node name=ivector dim=100
input-node name=input dim=40
component-node name=lda component=lda input=Append(Offset(input, -2), Offset(input, -1), input, Offset(input, 1), Offset(input, 2), ReplaceIndex(ivector, t, 0)) input-dim=300 output-dim=300
component-node name=tdnn1.affine component=tdnn1.affine input=lda input-dim=300 output-dim=520
component-node name=tdnn1.relu component=tdnn1.relu input=tdnn1.affine input-dim=520 output-dim=520
component-node name=tdnn1.batchnorm component=tdnn1.batchnorm input=tdnn1.relu input-dim=520 output-dim=520
component-node name=tdnn2.affine component=tdnn2.affine input=Append(Offset(tdnn1.batchnorm, -1), tdnn1.batchnorm, Offset(tdnn1.batchnorm, 1)) input-dim=1560 output-dim=520
component-node name=tdnn2.relu component=tdnn2.relu input=tdnn2.affine input-dim=520 output-dim=520
component-node name=tdnn2.batchnorm component=tdnn2.batchnorm input=tdnn2.relu input-dim=520 output-dim=520
component-node name=lstm1.W_all component=lstm1.W_all input=Append(tdnn2.batchnorm, IfDefined(Offset(lstm1.r_trunc, -3))) input-dim=650 output-dim=2080
component-node name=lstm1.dropout_mask component=lstm1.dropout_mask input=lstm1.dropout_mask input-dim=3 output-dim=3
component-node name=lstm1.lstm_nonlin component=lstm1.lstm_nonlin input=Append(lstm1.W_all, IfDefined(Offset(lstm1.c_trunc, -3)), lstm1.dropout_mask) input-dim=2603 output-dim=1040
dim-range-node name=lstm1.c input-node=lstm1.lstm_nonlin dim-offset=0 dim=520
dim-range-node name=lstm1.m input-node=lstm1.lstm_nonlin dim-offset=520 dim=520
component-node name=lstm1.rp component=lstm1.W_rp input=lstm1.m input-dim=520 output-dim=260
dim-range-node name=lstm1.r input-node=lstm1.rp dim-offset=0 dim=130
component-node name=lstm1.cr_trunc component=lstm1.cr_trunc input=Append(lstm1.c, lstm1.r) input-dim=650 output-dim=650
dim-range-node name=lstm1.c_trunc input-node=lstm1.cr_trunc dim-offset=0 dim=520
dim-range-node name=lstm1.r_trunc input-node=lstm1.cr_trunc dim-offset=520 dim=130
component-node name=tdnn3.affine component=tdnn3.affine input=Append(Offset(lstm1.rp, -3), lstm1.rp, Offset(lstm1.rp, 3)) input-dim=780 output-dim=520
component-node name=tdnn3.relu component=tdnn3.relu input=tdnn3.affine input-dim=520 output-dim=520
component-node name=tdnn3.batchnorm component=tdnn3.batchnorm input=tdnn3.relu input-dim=520 output-dim=520
component-node name=tdnn4.affine component=tdnn4.affine input=Append(Offset(tdnn3.batchnorm, -3), tdnn3.batchnorm, Offset(tdnn3.batchnorm, 3)) input-dim=1560 output-dim=520
component-node name=tdnn4.relu component=tdnn4.relu input=tdnn4.affine input-dim=520 output-dim=520
component-node name=tdnn4.batchnorm component=tdnn4.batchnorm input=tdnn4.relu input-dim=520 output-dim=520
component-node name=lstm2.W_all component=lstm2.W_all input=Append(tdnn4.batchnorm, IfDefined(Offset(lstm2.r_trunc, -3))) input-dim=650 output-dim=2080
component-node name=lstm2.dropout_mask component=lstm2.dropout_mask input=lstm2.dropout_mask input-dim=3 output-dim=3
component-node name=lstm2.lstm_nonlin component=lstm2.lstm_nonlin input=Append(lstm2.W_all, IfDefined(Offset(lstm2.c_trunc, -3)), lstm2.dropout_mask) input-dim=2603 output-dim=1040
dim-range-node name=lstm2.c input-node=lstm2.lstm_nonlin dim-offset=0 dim=520
dim-range-node name=lstm2.m input-node=lstm2.lstm_nonlin dim-offset=520 dim=520
component-node name=lstm2.rp component=lstm2.W_rp input=lstm2.m input-dim=520 output-dim=260
dim-range-node name=lstm2.r input-node=lstm2.rp dim-offset=0 dim=130
component-node name=lstm2.cr_trunc component=lstm2.cr_trunc input=Append(lstm2.c, lstm2.r) input-dim=650 output-dim=650
dim-range-node name=lstm2.c_trunc input-node=lstm2.cr_trunc dim-offset=0 dim=520
dim-range-node name=lstm2.r_trunc input-node=lstm2.cr_trunc dim-offset=520 dim=130
component-node name=tdnn5.affine component=tdnn5.affine input=Append(Offset(lstm2.rp, -3), lstm2.rp, Offset(lstm2.rp, 3)) input-dim=780 output-dim=520
component-node name=tdnn5.relu component=tdnn5.relu input=tdnn5.affine input-dim=520 output-dim=520
component-node name=tdnn5.batchnorm component=tdnn5.batchnorm input=tdnn5.relu input-dim=520 output-dim=520
component-node name=tdnn6.affine component=tdnn6.affine input=Append(Offset(tdnn5.batchnorm, -3), tdnn5.batchnorm, Offset(tdnn5.batchnorm, 3)) input-dim=1560 output-dim=520
component-node name=tdnn6.relu component=tdnn6.relu input=tdnn6.affine input-dim=520 output-dim=520
component-node name=tdnn6.batchnorm component=tdnn6.batchnorm input=tdnn6.relu input-dim=520 output-dim=520
component-node name=lstm3.W_all component=lstm3.W_all input=Append(tdnn6.batchnorm, IfDefined(Offset(lstm3.r_trunc, -3))) input-dim=650 output-dim=2080
component-node name=lstm3.dropout_mask component=lstm3.dropout_mask input=lstm3.dropout_mask input-dim=3 output-dim=3
component-node name=lstm3.lstm_nonlin component=lstm3.lstm_nonlin input=Append(lstm3.W_all, IfDefined(Offset(lstm3.c_trunc, -3)), lstm3.dropout_mask) input-dim=2603 output-dim=1040
dim-range-node name=lstm3.c input-node=lstm3.lstm_nonlin dim-offset=0 dim=520
dim-range-node name=lstm3.m input-node=lstm3.lstm_nonlin dim-offset=520 dim=520
component-node name=lstm3.rp component=lstm3.W_rp input=lstm3.m input-dim=520 output-dim=260
dim-range-node name=lstm3.r input-node=lstm3.rp dim-offset=0 dim=130
component-node name=lstm3.cr_trunc component=lstm3.cr_trunc input=Append(lstm3.c, lstm3.r) input-dim=650 output-dim=650
dim-range-node name=lstm3.c_trunc input-node=lstm3.cr_trunc dim-offset=0 dim=520
dim-range-node name=lstm3.r_trunc input-node=lstm3.cr_trunc dim-offset=520 dim=130
component-node name=output.affine component=output.affine input=lstm3.rp input-dim=260 output-dim=2104
component-node name=output.log-softmax component=output.log-softmax input=output.affine input-dim=2104 output-dim=2104
output-node name=output input=Offset(output.log-softmax, 5) dim=2104 objective=linear
component name=lda.delayed type=NoOpComponent, dim=300
component name=lda type=FixedAffineComponent, input-dim=300, output-dim=300, linear-params-rms=0.006709, bias-{mean,stddev}=-0.01975,0.4295
component name=tdnn1.affine type=NaturalGradientAffineComponent, input-dim=300, output-dim=520, learning-rate=7.03108e-05, l2-regularize=0.05, max-change=0.75, linear-params-rms=0.03249, linear-params-row-norms=[percentiles(0,1,2,5 10,20,50,80,90 95,98,99,100)=(0.003,0.004,0.004,0.007 0.009,0.02,0.58,0.73,0.79 0.87,0.93,0.98,1.3), mean=0.47, stddev=0.309], linear-params-col-norms=[percentiles(0,1,2,5 10,20,50,80,90 95,98,99,100)=(0.13,0.15,0.15,0.16 0.19,0.23,0.70,0.93,1.1 1.3,1.4,1.4,1.4), mean=0.649, stddev=0.357], bias-{mean,stddev}=-0.008127,0.06028, rank-in=20, rank-out=80, num-samples-history=2000, update-period=4, alpha=4
component name=tdnn1.relu type=RectifiedLinearComponent, dim=520, self-repair-scale=1e-05, count=9.01e+05, self-repaired-proportion=0.158742, value-avg=[percentiles(0,1,2,5 10,20,50,80,90 95,98,99,100)=(4e-06,2e-05,3e-05,4e-05 7e-05,0.0002,0.03,0.08,0.10 0.12,0.13,0.15,0.19), mean=0.0425, stddev=0.0434], deriv-avg=[percentiles(0,1,2,5 10,20,50,80,90 95,98,99,100)=(0.006,0.02,0.03,0.03 0.05,0.07,0.34,0.60,0.71 0.78,0.85,0.89,0.98), mean=0.341, stddev=0.261], oderiv-rms=[percentiles(0,1,2,5 10,20,50,80,90 95,98,99,100)=(0.006,0.008,0.01,0.01 0.02,0.05,0.43,0.62,0.75 0.86,0.99,1.1,1.8), mean=0.411, stddev=0.286], oderiv-count=1.03795e+06
component name=tdnn1.batchnorm type=BatchNormComponent, dim=520, block-dim=520, epsilon=0.001, target-rms=1, count=32771.5, test-mode=false, data-mean=[percentiles(0,1,2,5 10,20,50,80,90 95,98,99,100)=(7e-06,1e-05,2e-05,4e-05 7e-05,0.0002,0.03,0.08,0.10 0.12,0.14,0.16,0.19), mean=0.0412, stddev=0.0428], data-stddev=[percentiles(0,1,2,5 10,20,50,80,90 95,98,99,100)=(8e-05,0.0001,0.0001,0.0002 0.0003,0.001,0.07,0.11,0.12 0.13,0.14,0.15,0.16), mean=0.0578, stddev=0.0483]
component name=tdnn2.affine type=NaturalGradientAffineComponent, input-dim=1560, output-dim=520, learning-rate=7.03108e-05, l2-regularize=0.05, max-change=0.75, linear-params-rms=0.01141, linear-params-row-norms=[percentiles(0,1,2,5 10,20,50,80,90 95,98,99,100)=(0.31,0.32,0.33,0.35 0.37,0.39,0.43,0.50,0.54 0.57,0.61,0.63,0.72), mean=0.445, stddev=0.0687], linear-params-col-norms=[percentiles(0,1,2,5 10,20,50,80,90 95,98,99,100)=(0.002,0.002,0.002,0.003 0.005,0.01,0.27,0.33,0.36 0.38,0.42,0.50,0.77), mean=0.217, stddev=0.144], bias-{mean,stddev}=-0.0358,0.03728, rank-in=20, rank-out=80, num-samples-history=2000, update-period=4, alpha=4
component name=tdnn2.relu type=RectifiedLinearComponent, dim=520, self-repair-scale=1e-05, count=1.01e+06, self-repaired-proportion=0, value-avg=[percentiles(0,1,2,5 10,20,50,80,90 95,98,99,100)=(0.14,0.16,0.17,0.18 0.19,0.21,0.24,0.28,0.30 0.32,0.33,0.35,0.41), mean=0.245, stddev=0.0422], deriv-avg=[percentiles(0,1,2,5 10,20,50,80,90 95,98,99,100)=(0.24,0.35,0.36,0.39 0.40,0.41,0.44,0.47,0.49 0.50,0.52,0.53,0.57), mean=0.442, stddev=0.0378], oderiv-rms=[percentiles(0,1,2,5 10,20,50,80,90 95,98,99,100)=(0.04,0.04,0.04,0.04 0.05,0.05,0.05,0.06,0.07 0.08,0.09,0.10,0.12), mean=0.0576, stddev=0.0121], oderiv-count=1.14406e+06
component name=tdnn2.batchnorm type=BatchNormComponent, dim=520, block-dim=520, epsilon=0.001, target-rms=1, count=32049.7, test-mode=false, data-mean=[percentiles(0,1,2,5 10,20,50,80,90 95,98,99,100)=(0.13,0.16,0.17,0.18 0.19,0.21,0.24,0.28,0.30 0.32,0.34,0.37,0.42), mean=0.246, stddev=0.0448], data-stddev=[percentiles(0,1,2,5 10,20,50,80,90 95,98,99,100)=(0.27,0.32,0.33,0.36 0.37,0.39,0.44,0.50,0.53 0.55,0.58,0.61,0.65), mean=0.446, stddev=0.063]
component name=lstm1.W_all type=NaturalGradientAffineComponent, input-dim=650, output-dim=2080, learning-rate=7.03108e-05, l2-regularize=0.01, max-change=1.5, linear-params-rms=0.01734, linear-params-row-norms=[percentiles(0,1,2,5 10,20,50,80,90 95,98,99,100)=(3e-08,5e-07,1e-06,8e-06 0.0002,0.18,0.40,0.58,0.65 0.72,0.80,0.88,1.1), mean=0.379, stddev=0.228], linear-params-col-norms=[percentiles(0,1,2,5 10,20,50,80,90 95,98,99,100)=(0.29,0.34,0.38,0.41 0.47,0.68,0.80,0.89,0.95 1.0,1.1,1.2,1.3), mean=0.772, stddev=0.172], bias-{mean,stddev}=0.000468,0.02229, rank-in=20, rank-out=80, num-samples-history=2000, update-period=4, alpha=4
component name=lstm1.lstm_nonlin type=LstmNonlinearityComponent, input-dim=2603, output-dim=1040, learning-rate=7.03108e-05, l2-regularize=0.01, max-change=0.75, cell-dim=520, use-dropout=true, w_ic-rms=0.04671, w_fc-rms=0.02153, w_oc-rms=0.03938, count=1.51e+06, i_t_sigmoid={ self-repair-lower-threshold=0.05, self-repair-scale=1e-05, self-repaired-proportion=0.00643705, value-avg=[percentiles(0,1,2,5 10,20,50,80,90 95,98,99,100)=(0.38,0.40,0.42,0.43 0.44,0.45,0.48,0.50,0.54 0.64,0.72,0.73,0.78), mean=0.49, stddev=0.0627], deriv-avg=[percentiles(0,1,2,5 10,20,50,80,90 95,98,99,100)=(0.17,0.18,0.19,0.20 0.21,0.22,0.23,0.24,0.25 0.25,0.25,0.25,0.25), mean=0.228, stddev=0.0153] }, f_t_sigmoid={ self-repair-lower-threshold=0.05, self-repair-scale=1e-05, self-repaired-proportion=0.00643705, value-avg=[percentiles(0,1,2,5 10,20,50,80,90 95,98,99,100)=(0.40,0.42,0.43,0.44 0.45,0.47,0.50,0.51,0.55 0.61,0.66,0.70,0.76), mean=0.5, stddev=0.0511], deriv-avg=[percentiles(0,1,2,5 10,20,50,80,90 95,98,99,100)=(0.18,0.19,0.20,0.21 0.22,0.23,0.24,0.25,0.25 0.25,0.25,0.25,0.25), mean=0.236, stddev=0.0132] }, c_t_tanh={ self-repair-lower-threshold=0.2, self-repair-scale=1e-05, self-repaired-proportion=0.00643705, value-avg=[percentiles(0,1,2,5 10,20,50,80,90 95,98,99,100)=(-0.86,-0.82,-0.77,-0.43 -0.27,-0.13,0.0007,0.15,0.27 0.60,0.75,0.80,0.85), mean=0.0138, stddev=0.281], deriv-avg=[percentiles(0,1,2,5 10,20,50,80,90 95,98,99,100)=(0.22,0.28,0.31,0.34 0.40,0.46,0.58,0.71,1.0 1.0,1.0,1.0,1.0), mean=0.616, stddev=0.201] }, o_t_sigmoid={ self-repair-lower-threshold=0.05, self-repair-scale=1e-05, self-repaired-proportion=0.00643705, value-avg=[percentiles(0,1,2,5 10,20,50,80,90 95,98,99,100)=(0.34,0.38,0.39,0.40 0.41,0.42,0.46,0.50,0.50 0.52,0.55,0.59,0.65), mean=0.461, stddev=0.0417], deriv-avg=[percentiles(0,1,2,5 10,20,50,80,90 95,98,99,100)=(0.16,0.19,0.19,0.19 0.20,0.21,0.22,0.24,0.25 0.25,0.25,0.25,0.25), mean=0.222, stddev=0.0183] }, m_t_tanh={ self-repair-lower-threshold=0.2, self-repair-scale=1e-05, self-repaired-proportion=0.00951558, value-avg=[percentiles(0,1,2,5 10,20,50,80,90 95,98,99,100)=(-0.88,-0.80,-0.75,-0.38 -0.22,-0.11,0.0003,0.13,0.23 0.45,0.65,0.79,0.89), mean=0.0107, stddev=0.252], deriv-avg=[percentiles(0,1,2,5 10,20,50,80,90 95,98,99,100)=(0.19,0.28,0.33,0.47 0.67,0.75,0.84,0.91,1.0 1.0,1.0,1.0,1.0), mean=0.818, stddev=0.151] }
component name=lstm1.cr_trunc type=BackpropTruncationComponent, dim=650, scale=0.85, count=1.98e+06, recurrence-interval=3, clipping-threshold=30, clipped-proportion=0, zeroing-threshold=15, zeroing-interval=20, zeroed-proportion=1.35076e-05, count-zeroing-boundaries=296130
component name=lstm1.dropout_mask type=DropoutMaskComponent, output-dim=3, dropout-proportion=0.0413223
component name=lstm1.W_rp type=NaturalGradientAffineComponent, input-dim=520, output-dim=260, learning-rate=7.03108e-05, l2-regularize=0.01, max-change=1.5, linear-params-rms=0.03826, linear-params-row-norms=[percentiles(0,1,2,5 10,20,50,80,90 95,98,99,100)=(0.36,0.41,0.44,0.46 0.51,0.56,0.83,1.1,1.2 1.2,1.3,1.3,1.3), mean=0.832, stddev=0.262], linear-params-col-norms=[percentiles(0,1,2,5 10,20,50,80,90 95,98,99,100)=(0.0002,0.0006,0.0008,0.002 0.006,0.40,0.56,0.71,0.87 1.0,1.2,1.3,1.6), mean=0.536, stddev=0.306], bias-{mean,stddev}=0.01151,0.2467, rank-in=20, rank-out=80, num-samples-history=2000, update-period=4, alpha=4
component name=tdnn3.affine type=NaturalGradientAffineComponent, input-dim=780, output-dim=520, learning-rate=7.03108e-05, l2-regularize=0.05, max-change=0.75, linear-params-rms=0.01224, linear-params-row-norms=[percentiles(0,1,2,5 10,20,50,80,90 95,98,99,100)=(0.15,0.23,0.24,0.26 0.27,0.29,0.33,0.38,0.41 0.44,0.46,0.49,0.54), mean=0.337, stddev=0.0545], linear-params-col-norms=[percentiles(0,1,2,5 10,20,50,80,90 95,98,99,100)=(0.11,0.13,0.13,0.15 0.16,0.18,0.26,0.35,0.38 0.41,0.43,0.44,0.47), mean=0.265, stddev=0.0861], bias-{mean,stddev}=0.0009518,0.01027, rank-in=20, rank-out=80, num-samples-history=2000, update-period=4, alpha=4
component name=tdnn3.relu type=RectifiedLinearComponent, dim=520, self-repair-scale=1e-05, count=9.88e+05, self-repaired-proportion=8.48416e-05, value-avg=[percentiles(0,1,2,5 10,20,50,80,90 95,98,99,100)=(0.004,0.01,0.01,0.02 0.03,0.04,0.08,0.12,0.13 0.14,0.15,0.16,0.19), mean=0.0814, stddev=0.0373], deriv-avg=[percentiles(0,1,2,5 10,20,50,80,90 95,98,99,100)=(0.08,0.11,0.13,0.15 0.19,0.28,0.43,0.54,0.60 0.64,0.66,0.69,0.84), mean=0.416, stddev=0.146], oderiv-rms=[percentiles(0,1,2,5 10,20,50,80,90 95,98,99,100)=(0.08,0.08,0.08,0.09 0.09,0.10,0.11,0.15,0.18 0.20,0.24,0.25,0.29), mean=0.126, stddev=0.0379], oderiv-count=1.23494e+06
component name=tdnn3.batchnorm type=BatchNormComponent, dim=520, block-dim=520, epsilon=0.001, target-rms=1, count=29884.6, test-mode=false, data-mean=[percentiles(0,1,2,5 10,20,50,80,90 95,98,99,100)=(0.006,0.01,0.02,0.02 0.03,0.05,0.08,0.11,0.13 0.15,0.16,0.17,0.18), mean=0.0812, stddev=0.0366], data-stddev=[percentiles(0,1,2,5 10,20,50,80,90 95,98,99,100)=(0.02,0.05,0.06,0.07 0.09,0.11,0.14,0.16,0.18 0.19,0.20,0.21,0.22), mean=0.136, stddev=0.034]
component name=tdnn4.affine type=NaturalGradientAffineComponent, input-dim=1560, output-dim=520, learning-rate=7.03108e-05, l2-regularize=0.05, max-change=0.75, linear-params-rms=0.008065, linear-params-row-norms=[percentiles(0,1,2,5 10,20,50,80,90 95,98,99,100)=(0.21,0.25,0.26,0.27 0.27,0.29,0.31,0.34,0.37 0.38,0.40,0.40,0.42), mean=0.317, stddev=0.0348], linear-params-col-norms=[percentiles(0,1,2,5 10,20,50,80,90 95,98,99,100)=(0.06,0.13,0.13,0.14 0.15,0.15,0.17,0.20,0.22 0.24,0.27,0.29,0.38), mean=0.181, stddev=0.0337], bias-{mean,stddev}=-0.02894,0.0168, rank-in=20, rank-out=80, num-samples-history=2000, update-period=4, alpha=4
component name=tdnn4.relu type=RectifiedLinearComponent, dim=520, self-repair-scale=1e-05, count=9.18e+05, self-repaired-proportion=0, value-avg=[percentiles(0,1,2,5 10,20,50,80,90 95,98,99,100)=(0.14,0.18,0.18,0.19 0.20,0.21,0.24,0.27,0.28 0.30,0.31,0.32,0.36), mean=0.239, stddev=0.0333], deriv-avg=[percentiles(0,1,2,5 10,20,50,80,90 95,98,99,100)=(0.23,0.35,0.36,0.37 0.38,0.39,0.42,0.44,0.46 0.47,0.48,0.48,0.50), mean=0.419, stddev=0.0299], oderiv-rms=[percentiles(0,1,2,5 10,20,50,80,90 95,98,99,100)=(0.03,0.03,0.03,0.03 0.03,0.04,0.04,0.04,0.04 0.04,0.04,0.05,0.05), mean=0.0379, stddev=0.0028], oderiv-count=937152
component name=tdnn4.batchnorm type=BatchNormComponent, dim=520, block-dim=520, epsilon=0.001, target-rms=1, count=27719.5, test-mode=false, data-mean=[percentiles(0,1,2,5 10,20,50,80,90 95,98,99,100)=(0.16,0.18,0.18,0.19 0.20,0.21,0.24,0.27,0.29 0.30,0.32,0.34,0.39), mean=0.243, stddev=0.0343], data-stddev=[percentiles(0,1,2,5 10,20,50,80,90 95,98,99,100)=(0.31,0.36,0.38,0.40 0.41,0.43,0.47,0.52,0.55 0.58,0.62,0.63,0.77), mean=0.477, stddev=0.0588]
component name=lstm2.W_all type=NaturalGradientAffineComponent, input-dim=650, output-dim=2080, learning-rate=7.03108e-05, l2-regularize=0.01, max-change=1.5, linear-params-rms=0.01415, linear-params-row-norms=[percentiles(0,1,2,5 10,20,50,80,90 95,98,99,100)=(2e-07,3e-06,5e-06,1e-05 5e-05,0.0009,0.32,0.50,0.58 0.63,0.68,0.70,0.85), mean=0.279, stddev=0.229], linear-params-col-norms=[percentiles(0,1,2,5 10,20,50,80,90 95,98,99,100)=(0.26,0.28,0.30,0.33 0.39,0.58,0.65,0.72,0.76 0.79,0.85,0.89,1.3), mean=0.631, stddev=0.133], bias-{mean,stddev}=0.002621,0.02635, rank-in=20, rank-out=80, num-samples-history=2000, update-period=4, alpha=4
component name=lstm2.lstm_nonlin type=LstmNonlinearityComponent, input-dim=2603, output-dim=1040, learning-rate=7.03108e-05, l2-regularize=0.01, max-change=0.75, cell-dim=520, use-dropout=true, w_ic-rms=0.02943, w_fc-rms=0.01399, w_oc-rms=0.03605, count=1.38e+06, i_t_sigmoid={ self-repair-lower-threshold=0.05, self-repair-scale=1e-05, self-repaired-proportion=0.00649278, value-avg=[percentiles(0,1,2,5 10,20,50,80,90 95,98,99,100)=(0.42,0.43,0.44,0.45 0.46,0.48,0.50,0.50,0.54 0.57,0.61,0.64,0.71), mean=0.5, stddev=0.0367], deriv-avg=[percentiles(0,1,2,5 10,20,50,80,90 95,98,99,100)=(0.20,0.21,0.21,0.21 0.22,0.22,0.23,0.25,0.25 0.25,0.25,0.25,0.25), mean=0.235, stddev=0.0132] }, f_t_sigmoid={ self-repair-lower-threshold=0.05, self-repair-scale=1e-05, self-repaired-proportion=0.00649278, value-avg=[percentiles(0,1,2,5 10,20,50,80,90 95,98,99,100)=(0.40,0.44,0.45,0.46 0.46,0.48,0.50,0.51,0.53 0.55,0.59,0.61,0.67), mean=0.499, stddev=0.031], deriv-avg=[percentiles(0,1,2,5 10,20,50,80,90 95,98,99,100)=(0.20,0.21,0.21,0.22 0.22,0.23,0.24,0.25,0.25 0.25,0.25,0.25,0.25), mean=0.239, stddev=0.0115] }, c_t_tanh={ self-repair-lower-threshold=0.2, self-repair-scale=1e-05, self-repaired-proportion=0.00649278, value-avg=[percentiles(0,1,2,5 10,20,50,80,90 95,98,99,100)=(-0.83,-0.73,-0.64,-0.36 -0.21,-0.08,0.0001,0.11,0.26 0.42,0.55,0.60,0.74), mean=0.00527, stddev=0.223], deriv-avg=[percentiles(0,1,2,5 10,20,50,80,90 95,98,99,100)=(0.26,0.37,0.42,0.45 0.49,0.54,0.64,1.0,1.0 1.0,1.0,1.0,1.0), mean=0.723, stddev=0.212] }, o_t_sigmoid={ self-repair-lower-threshold=0.05, self-repair-scale=1e-05, self-repaired-proportion=0.00649278, value-avg=[percentiles(0,1,2,5 10,20,50,80,90 95,98,99,100)=(0.39,0.41,0.42,0.43 0.45,0.46,0.50,0.50,0.50 0.52,0.55,0.56,0.73), mean=0.486, stddev=0.0306], deriv-avg=[percentiles(0,1,2,5 10,20,50,80,90 95,98,99,100)=(0.17,0.18,0.19,0.20 0.21,0.21,0.23,0.25,0.25 0.25,0.25,0.25,0.25), mean=0.231, stddev=0.0175] }, m_t_tanh={ self-repair-lower-threshold=0.2, self-repair-scale=1e-05, self-repaired-proportion=0.00649278, value-avg=[percentiles(0,1,2,5 10,20,50,80,90 95,98,99,100)=(-0.79,-0.60,-0.57,-0.30 -0.18,-0.07,5e-05,0.10,0.23 0.39,0.47,0.53,0.71), mean=0.00489, stddev=0.197], deriv-avg=[percentiles(0,1,2,5 10,20,50,80,90 95,98,99,100)=(0.35,0.51,0.57,0.64 0.72,0.78,0.87,1.0,1.0 1.0,1.0,1.0,1.0), mean=0.872, stddev=0.121] }
component name=lstm2.cr_trunc type=BackpropTruncationComponent, dim=650, scale=0.85, count=1.73e+06, recurrence-interval=3, clipping-threshold=30, clipped-proportion=0, zeroing-threshold=15, zeroing-interval=20, zeroed-proportion=5.74386e-06, count-zeroing-boundaries=261148
component name=lstm2.dropout_mask type=DropoutMaskComponent, output-dim=3, dropout-proportion=0.0413223
component name=lstm2.W_rp type=NaturalGradientAffineComponent, input-dim=520, output-dim=260, learning-rate=7.03108e-05, l2-regularize=0.01, max-change=1.5, linear-params-rms=0.03616, linear-params-row-norms=[percentiles(0,1,2,5 10,20,50,80,90 95,98,99,100)=(0.41,0.43,0.45,0.52 0.54,0.59,0.79,1.0,1.1 1.1,1.1,1.2,1.3), mean=0.797, stddev=0.21], linear-params-col-norms=[percentiles(0,1,2,5 10,20,50,80,90 95,98,99,100)=(0.0005,0.001,0.001,0.002 0.004,0.01,0.58,0.77,0.86 0.97,1.1,1.1,1.3), mean=0.464, stddev=0.353], bias-{mean,stddev}=-0.003402,0.196, rank-in=20, rank-out=80, num-samples-history=2000, update-period=4, alpha=4
component name=tdnn5.affine type=NaturalGradientAffineComponent, input-dim=780, output-dim=520, learning-rate=7.03108e-05, l2-regularize=0.05, max-change=0.75, linear-params-rms=0.0114, linear-params-row-norms=[percentiles(0,1,2,5 10,20,50,80,90 95,98,99,100)=(0.13,0.20,0.21,0.23 0.25,0.26,0.30,0.36,0.40 0.43,0.46,0.46,0.50), mean=0.313, stddev=0.0583], linear-params-col-norms=[percentiles(0,1,2,5 10,20,50,80,90 95,98,99,100)=(0.10,0.13,0.14,0.15 0.16,0.18,0.23,0.33,0.35 0.38,0.40,0.41,0.43), mean=0.249, stddev=0.0755], bias-{mean,stddev}=0.001343,0.007615, rank-in=20, rank-out=80, num-samples-history=2000, update-period=4, alpha=4
component name=tdnn5.relu type=RectifiedLinearComponent, dim=520, self-repair-scale=1e-05, count=7.9e+05, self-repaired-proportion=0, value-avg=[percentiles(0,1,2,5 10,20,50,80,90 95,98,99,100)=(0.008,0.01,0.01,0.02 0.03,0.04,0.06,0.09,0.10 0.12,0.13,0.14,0.17), mean=0.0642, stddev=0.0299], deriv-avg=[percentiles(0,1,2,5 10,20,50,80,90 95,98,99,100)=(0.09,0.10,0.11,0.14 0.19,0.27,0.40,0.50,0.55 0.58,0.61,0.63,0.66), mean=0.385, stddev=0.13], oderiv-rms=[percentiles(0,1,2,5 10,20,50,80,90 95,98,99,100)=(0.06,0.08,0.08,0.09 0.09,0.10,0.12,0.14,0.17 0.20,0.22,0.23,0.27), mean=0.125, stddev=0.0327], oderiv-count=1.01459e+06
component name=tdnn5.batchnorm type=BatchNormComponent, dim=520, block-dim=520, epsilon=0.001, target-rms=1, count=25554.3, test-mode=false, data-mean=[percentiles(0,1,2,5 10,20,50,80,90 95,98,99,100)=(0.009,0.01,0.02,0.02 0.03,0.04,0.06,0.09,0.11 0.12,0.13,0.14,0.16), mean=0.068, stddev=0.0298], data-stddev=[percentiles(0,1,2,5 10,20,50,80,90 95,98,99,100)=(0.04,0.06,0.06,0.07 0.08,0.10,0.12,0.15,0.16 0.17,0.18,0.18,0.20), mean=0.121, stddev=0.0296]
component name=tdnn6.affine type=NaturalGradientAffineComponent, input-dim=1560, output-dim=520, learning-rate=7.03108e-05, l2-regularize=0.05, max-change=0.75, linear-params-rms=0.008117, linear-params-row-norms=[percentiles(0,1,2,5 10,20,50,80,90 95,98,99,100)=(0.12,0.14,0.17,0.23 0.26,0.28,0.32,0.36,0.38 0.40,0.40,0.41,0.43), mean=0.316, stddev=0.0535], linear-params-col-norms=[percentiles(0,1,2,5 10,20,50,80,90 95,98,99,100)=(0.08,0.12,0.12,0.13 0.14,0.15,0.17,0.21,0.23 0.26,0.30,0.34,0.38), mean=0.18, stddev=0.0424], bias-{mean,stddev}=-0.02461,0.02073, rank-in=20, rank-out=80, num-samples-history=2000, update-period=4, alpha=4
component name=tdnn6.relu type=RectifiedLinearComponent, dim=520, self-repair-scale=1e-05, count=8.39e+05, self-repaired-proportion=0, value-avg=[percentiles(0,1,2,5 10,20,50,80,90 95,98,99,100)=(0.11,0.12,0.14,0.18 0.20,0.22,0.25,0.28,0.29 0.31,0.32,0.33,0.36), mean=0.247, stddev=0.0402], deriv-avg=[percentiles(0,1,2,5 10,20,50,80,90 95,98,99,100)=(0.32,0.34,0.35,0.36 0.37,0.38,0.41,0.43,0.45 0.46,0.47,0.49,0.51), mean=0.409, stddev=0.0312], oderiv-rms=[percentiles(0,1,2,5 10,20,50,80,90 95,98,99,100)=(0.02,0.02,0.03,0.03 0.03,0.03,0.03,0.03,0.04 0.04,0.04,0.04,0.05), mean=0.0314, stddev=0.00354], oderiv-count=923040
component name=tdnn6.batchnorm type=BatchNormComponent, dim=520, block-dim=520, epsilon=0.001, target-rms=1, count=23389.2, test-mode=false, data-mean=[percentiles(0,1,2,5 10,20,50,80,90 95,98,99,100)=(0.12,0.13,0.15,0.18 0.20,0.22,0.26,0.28,0.30 0.31,0.33,0.36,0.42), mean=0.254, stddev=0.0425], data-stddev=[percentiles(0,1,2,5 10,20,50,80,90 95,98,99,100)=(0.19,0.22,0.25,0.34 0.39,0.44,0.51,0.57,0.60 0.64,0.67,0.70,0.95), mean=0.501, stddev=0.0937]
component name=lstm3.W_all type=NaturalGradientAffineComponent, input-dim=650, output-dim=2080, learning-rate=7.03108e-05, l2-regularize=0.01, max-change=1.5, linear-params-rms=0.02031, linear-params-row-norms=[percentiles(0,1,2,5 10,20,50,80,90 95,98,99,100)=(0.19,0.22,0.24,0.25 0.28,0.32,0.47,0.66,0.73 0.78,0.82,0.85,0.93), mean=0.49, stddev=0.167], linear-params-col-norms=[percentiles(0,1,2,5 10,20,50,80,90 95,98,99,100)=(0.48,0.50,0.56,0.66 0.72,0.76,0.83,1.1,1.2 1.3,1.4,1.5,1.8), mean=0.901, stddev=0.212], bias-{mean,stddev}=0.0145,0.01711, rank-in=20, rank-out=80, num-samples-history=2000, update-period=4, alpha=4
component name=lstm3.lstm_nonlin type=LstmNonlinearityComponent, input-dim=2603, output-dim=1040, learning-rate=7.03108e-05, l2-regularize=0.01, max-change=0.75, cell-dim=520, use-dropout=true, w_ic-rms=0.07987, w_fc-rms=0.04014, w_oc-rms=0.05886, count=1.25e+06, i_t_sigmoid={ self-repair-lower-threshold=0.05, self-repair-scale=1e-05, self-repaired-proportion=0.00656006, value-avg=[percentiles(0,1,2,5 10,20,50,80,90 95,98,99,100)=(0.50,0.55,0.56,0.59 0.61,0.64,0.68,0.72,0.75 0.77,0.79,0.80,0.82), mean=0.68, stddev=0.0527], deriv-avg=[percentiles(0,1,2,5 10,20,50,80,90 95,98,99,100)=(0.12,0.14,0.14,0.15 0.16,0.17,0.18,0.19,0.20 0.20,0.20,0.20,0.21), mean=0.182, stddev=0.0148] }, f_t_sigmoid={ self-repair-lower-threshold=0.05, self-repair-scale=1e-05, self-repaired-proportion=0.00656006, value-avg=[percentiles(0,1,2,5 10,20,50,80,90 95,98,99,100)=(0.44,0.50,0.52,0.54 0.55,0.58,0.61,0.65,0.71 0.76,0.79,0.80,0.85), mean=0.62, stddev=0.0624], deriv-avg=[percentiles(0,1,2,5 10,20,50,80,90 95,98,99,100)=(0.12,0.14,0.15,0.16 0.17,0.19,0.20,0.21,0.21 0.22,0.22,0.22,0.22), mean=0.196, stddev=0.0175] }, c_t_tanh={ self-repair-lower-threshold=0.2, self-repair-scale=1e-05, self-repaired-proportion=0.00851802, value-avg=[percentiles(0,1,2,5 10,20,50,80,90 95,98,99,100)=(-0.85,-0.81,-0.70,-0.54 -0.41,-0.29,-0.01,0.26,0.41 0.53,0.65,0.74,0.86), mean=-0.00885, stddev=0.322], deriv-avg=[percentiles(0,1,2,5 10,20,50,80,90 95,98,99,100)=(0.21,0.23,0.24,0.29 0.31,0.35,0.40,0.44,0.47 0.48,0.50,0.52,0.53), mean=0.397, stddev=0.0596] }, o_t_sigmoid={ self-repair-lower-threshold=0.05, self-repair-scale=1e-05, self-repaired-proportion=0.00656006, value-avg=[percentiles(0,1,2,5 10,20,50,80,90 95,98,99,100)=(0.45,0.51,0.52,0.54 0.56,0.59,0.63,0.67,0.69 0.71,0.75,0.79,0.90), mean=0.632, stddev=0.0538], deriv-avg=[percentiles(0,1,2,5 10,20,50,80,90 95,98,99,100)=(0.08,0.13,0.13,0.14 0.15,0.16,0.18,0.19,0.19 0.19,0.19,0.19,0.20), mean=0.174, stddev=0.0148] }, m_t_tanh={ self-repair-lower-threshold=0.2, self-repair-scale=1e-05, self-repaired-proportion=0.0218916, value-avg=[percentiles(0,1,2,5 10,20,50,80,90 95,98,99,100)=(-0.88,-0.84,-0.72,-0.57 -0.40,-0.28,0.0009,0.24,0.37 0.55,0.69,0.76,0.88), mean=-0.0116, stddev=0.322], deriv-avg=[percentiles(0,1,2,5 10,20,50,80,90 95,98,99,100)=(0.18,0.20,0.21,0.30 0.36,0.45,0.55,0.60,0.63 0.64,0.66,0.66,0.70), mean=0.521, stddev=0.104] }
component name=lstm3.cr_trunc type=BackpropTruncationComponent, dim=650, scale=0.85, count=1.49e+06, recurrence-interval=3, clipping-threshold=30, clipped-proportion=0, zeroing-threshold=15, zeroing-interval=20, zeroed-proportion=0, count-zeroing-boundaries=222044
component name=lstm3.dropout_mask type=DropoutMaskComponent, output-dim=3, dropout-proportion=0.0413223
component name=lstm3.W_rp type=NaturalGradientAffineComponent, input-dim=520, output-dim=260, learning-rate=7.03108e-05, l2-regularize=0.01, max-change=1.5, linear-params-rms=0.08589, linear-params-row-norms=[percentiles(0,1,2,5 10,20,50,80,90 95,98,99,100)=(0.94,1.0,1.1,1.1 1.1,1.2,1.7,2.5,2.6 2.6,2.7,2.8,3.0), mean=1.86, stddev=0.608], linear-params-col-norms=[percentiles(0,1,2,5 10,20,50,80,90 95,98,99,100)=(0.54,1.0,1.1,1.1 1.2,1.2,1.3,1.5,1.7 1.8,1.9,1.9,2.0), mean=1.37, stddev=0.208], bias-{mean,stddev}=-0.03992,0.4172, rank-in=20, rank-out=80, num-samples-history=2000, update-period=4, alpha=4
component name=output.affine type=NaturalGradientAffineComponent, input-dim=260, output-dim=2104, learning-rate=7.03108e-05, l2-regularize=0.01, max-change=1.5, linear-params-rms=0.04063, linear-params-row-norms=[percentiles(0,1,2,5 10,20,50,80,90 95,98,99,100)=(0.51,0.55,0.56,0.57 0.59,0.61,0.64,0.68,0.71 0.74,0.78,0.84,2.2), mean=0.65, stddev=0.0827], linear-params-col-norms=[percentiles(0,1,2,5 10,20,50,80,90 95,98,99,100)=(0.91,0.97,1.0,1.1 1.1,1.2,1.6,2.4,2.4 2.5,2.6,2.6,2.6), mean=1.77, stddev=0.577], bias-{mean,stddev}=3.846e-09,0.02562, rank-in=20, rank-out=80, num-samples-history=2000, update-period=4, alpha=4
component name=output.log-softmax type=LogSoftmaxComponent, dim=2104, oderiv-rms=[percentiles(0,1,2,5 10,20,50,80,90 95,98,99,100)=(0.003,0.007,0.008,0.009 0.01,0.01,0.02,0.02,0.02 0.03,0.03,0.04,0.41), mean=0.017, stddev=0.0136], oderiv-count=573760
nnet3-show-progress --use-gpu=no exp/nnet3/tdnn_lstm1c_sp/459.mdl exp/nnet3/tdnn_lstm1c_sp/460.mdl 
LOG (nnet3-show-progress[5.5.0-]:SelectGpuId():cu-device.cc:153) Manually selected to compute on CPU.
WARNING (nnet3-show-progress[5.5.0-]:Check():nnet-nnet.cc:789) Node lda.delayed is never used to compute any output.
WARNING (nnet3-show-progress[5.5.0-]:Check():nnet-nnet.cc:789) Node lda.delayed is never used to compute any output.
WARNING (nnet3-show-progress[5.5.0-]:Check():nnet-nnet.cc:789) Node lda.delayed is never used to compute any output.
LOG (nnet3-show-progress[5.5.0-]:main():nnet3-show-progress.cc:143) Parameter differences per layer are [ tdnn1.affine:2.69195 tdnn2.affine:2.42438 lstm1.W_all:1.81801 lstm1.lstm_nonlin:0.0345243 lstm1.W_rp:0.839447 tdnn3.affine:1.69326 tdnn4.affine:1.72231 lstm2.W_all:1.23719 lstm2.lstm_nonlin:0.0188926 lstm2.W_rp:0.573025 tdnn5.affine:1.40626 tdnn6.affine:1.54884 lstm3.W_all:1.76957 lstm3.lstm_nonlin:0.0421622 lstm3.W_rp:0.618759 output.affine:1.35614 ]
LOG (nnet3-show-progress[5.5.0-]:main():nnet3-show-progress.cc:153) Norms of parameter matrices from <new-nnet-in> are [ tdnn1.affine:12.9062 tdnn2.affine:10.3418 lstm1.W_all:20.1907 lstm1.lstm_nonlin:1.47711 lstm1.W_rp:14.6221 tdnn3.affine:7.7963 tdnn4.affine:7.30379 lstm2.W_all:16.4925 lstm2.lstm_nonlin:1.10805 lstm2.W_rp:13.6659 tdnn5.affine:7.26159 tdnn6.affine:7.34717 lstm3.W_all:23.6324 lstm3.lstm_nonlin:2.44062 lstm3.W_rp:32.297 output.affine:30.0753 ]
LOG (nnet3-show-progress[5.5.0-]:main():nnet3-show-progress.cc:157) Relative parameter differences per layer are [ tdnn1.affine:0.208169 tdnn2.affine:0.233721 lstm1.W_all:0.0899816 lstm1.lstm_nonlin:0.0232429 lstm1.W_rp:0.0573636 tdnn3.affine:0.216857 tdnn4.affine:0.23547 lstm2.W_all:0.0749887 lstm2.lstm_nonlin:0.0169716 lstm2.W_rp:0.0418938 tdnn5.affine:0.193533 tdnn6.affine:0.210772 lstm3.W_all:0.0748275 lstm3.lstm_nonlin:0.0171829 lstm3.W_rp:0.0191366 output.affine:0.0450635 ]
# Accounting: time=0 threads=1
# Ended (code 0) at Thu Jul 30 13:03:31 KST 2020, elapsed time 0 seconds
