# nnet3-info exp/nnet3/tdnn_lstm1c_sp/365.mdl && nnet3-show-progress --use-gpu=no exp/nnet3/tdnn_lstm1c_sp/364.mdl exp/nnet3/tdnn_lstm1c_sp/365.mdl 
# Started at Thu Jul 30 12:25:44 KST 2020
#
nnet3-info exp/nnet3/tdnn_lstm1c_sp/365.mdl 
WARNING (nnet3-info[5.5.0-]:Check():nnet-nnet.cc:789) Node lda.delayed is never used to compute any output.
left-context: 10
right-context: 20
num-parameters: 8426364
modulus: 1
component-node name=lda.delayed component=lda.delayed input=Append(Offset(input, -2), Offset(input, -1), input, Offset(input, 1), Offset(input, 2), ReplaceIndex(ivector, t, 0)) input-dim=300 output-dim=300
input-node name=ivector dim=100
input-node name=input dim=40
component-node name=lda component=lda input=Append(Offset(input, -2), Offset(input, -1), input, Offset(input, 1), Offset(input, 2), ReplaceIndex(ivector, t, 0)) input-dim=300 output-dim=300
component-node name=tdnn1.affine component=tdnn1.affine input=lda input-dim=300 output-dim=520
component-node name=tdnn1.relu component=tdnn1.relu input=tdnn1.affine input-dim=520 output-dim=520
component-node name=tdnn1.batchnorm component=tdnn1.batchnorm input=tdnn1.relu input-dim=520 output-dim=520
component-node name=tdnn2.affine component=tdnn2.affine input=Append(Offset(tdnn1.batchnorm, -1), tdnn1.batchnorm, Offset(tdnn1.batchnorm, 1)) input-dim=1560 output-dim=520
component-node name=tdnn2.relu component=tdnn2.relu input=tdnn2.affine input-dim=520 output-dim=520
component-node name=tdnn2.batchnorm component=tdnn2.batchnorm input=tdnn2.relu input-dim=520 output-dim=520
component-node name=lstm1.W_all component=lstm1.W_all input=Append(tdnn2.batchnorm, IfDefined(Offset(lstm1.r_trunc, -3))) input-dim=650 output-dim=2080
component-node name=lstm1.dropout_mask component=lstm1.dropout_mask input=lstm1.dropout_mask input-dim=3 output-dim=3
component-node name=lstm1.lstm_nonlin component=lstm1.lstm_nonlin input=Append(lstm1.W_all, IfDefined(Offset(lstm1.c_trunc, -3)), lstm1.dropout_mask) input-dim=2603 output-dim=1040
dim-range-node name=lstm1.c input-node=lstm1.lstm_nonlin dim-offset=0 dim=520
dim-range-node name=lstm1.m input-node=lstm1.lstm_nonlin dim-offset=520 dim=520
component-node name=lstm1.rp component=lstm1.W_rp input=lstm1.m input-dim=520 output-dim=260
dim-range-node name=lstm1.r input-node=lstm1.rp dim-offset=0 dim=130
component-node name=lstm1.cr_trunc component=lstm1.cr_trunc input=Append(lstm1.c, lstm1.r) input-dim=650 output-dim=650
dim-range-node name=lstm1.c_trunc input-node=lstm1.cr_trunc dim-offset=0 dim=520
dim-range-node name=lstm1.r_trunc input-node=lstm1.cr_trunc dim-offset=520 dim=130
component-node name=tdnn3.affine component=tdnn3.affine input=Append(Offset(lstm1.rp, -3), lstm1.rp, Offset(lstm1.rp, 3)) input-dim=780 output-dim=520
component-node name=tdnn3.relu component=tdnn3.relu input=tdnn3.affine input-dim=520 output-dim=520
component-node name=tdnn3.batchnorm component=tdnn3.batchnorm input=tdnn3.relu input-dim=520 output-dim=520
component-node name=tdnn4.affine component=tdnn4.affine input=Append(Offset(tdnn3.batchnorm, -3), tdnn3.batchnorm, Offset(tdnn3.batchnorm, 3)) input-dim=1560 output-dim=520
component-node name=tdnn4.relu component=tdnn4.relu input=tdnn4.affine input-dim=520 output-dim=520
component-node name=tdnn4.batchnorm component=tdnn4.batchnorm input=tdnn4.relu input-dim=520 output-dim=520
component-node name=lstm2.W_all component=lstm2.W_all input=Append(tdnn4.batchnorm, IfDefined(Offset(lstm2.r_trunc, -3))) input-dim=650 output-dim=2080
component-node name=lstm2.dropout_mask component=lstm2.dropout_mask input=lstm2.dropout_mask input-dim=3 output-dim=3
component-node name=lstm2.lstm_nonlin component=lstm2.lstm_nonlin input=Append(lstm2.W_all, IfDefined(Offset(lstm2.c_trunc, -3)), lstm2.dropout_mask) input-dim=2603 output-dim=1040
dim-range-node name=lstm2.c input-node=lstm2.lstm_nonlin dim-offset=0 dim=520
dim-range-node name=lstm2.m input-node=lstm2.lstm_nonlin dim-offset=520 dim=520
component-node name=lstm2.rp component=lstm2.W_rp input=lstm2.m input-dim=520 output-dim=260
dim-range-node name=lstm2.r input-node=lstm2.rp dim-offset=0 dim=130
component-node name=lstm2.cr_trunc component=lstm2.cr_trunc input=Append(lstm2.c, lstm2.r) input-dim=650 output-dim=650
dim-range-node name=lstm2.c_trunc input-node=lstm2.cr_trunc dim-offset=0 dim=520
dim-range-node name=lstm2.r_trunc input-node=lstm2.cr_trunc dim-offset=520 dim=130
component-node name=tdnn5.affine component=tdnn5.affine input=Append(Offset(lstm2.rp, -3), lstm2.rp, Offset(lstm2.rp, 3)) input-dim=780 output-dim=520
component-node name=tdnn5.relu component=tdnn5.relu input=tdnn5.affine input-dim=520 output-dim=520
component-node name=tdnn5.batchnorm component=tdnn5.batchnorm input=tdnn5.relu input-dim=520 output-dim=520
component-node name=tdnn6.affine component=tdnn6.affine input=Append(Offset(tdnn5.batchnorm, -3), tdnn5.batchnorm, Offset(tdnn5.batchnorm, 3)) input-dim=1560 output-dim=520
component-node name=tdnn6.relu component=tdnn6.relu input=tdnn6.affine input-dim=520 output-dim=520
component-node name=tdnn6.batchnorm component=tdnn6.batchnorm input=tdnn6.relu input-dim=520 output-dim=520
component-node name=lstm3.W_all component=lstm3.W_all input=Append(tdnn6.batchnorm, IfDefined(Offset(lstm3.r_trunc, -3))) input-dim=650 output-dim=2080
component-node name=lstm3.dropout_mask component=lstm3.dropout_mask input=lstm3.dropout_mask input-dim=3 output-dim=3
component-node name=lstm3.lstm_nonlin component=lstm3.lstm_nonlin input=Append(lstm3.W_all, IfDefined(Offset(lstm3.c_trunc, -3)), lstm3.dropout_mask) input-dim=2603 output-dim=1040
dim-range-node name=lstm3.c input-node=lstm3.lstm_nonlin dim-offset=0 dim=520
dim-range-node name=lstm3.m input-node=lstm3.lstm_nonlin dim-offset=520 dim=520
component-node name=lstm3.rp component=lstm3.W_rp input=lstm3.m input-dim=520 output-dim=260
dim-range-node name=lstm3.r input-node=lstm3.rp dim-offset=0 dim=130
component-node name=lstm3.cr_trunc component=lstm3.cr_trunc input=Append(lstm3.c, lstm3.r) input-dim=650 output-dim=650
dim-range-node name=lstm3.c_trunc input-node=lstm3.cr_trunc dim-offset=0 dim=520
dim-range-node name=lstm3.r_trunc input-node=lstm3.cr_trunc dim-offset=520 dim=130
component-node name=output.affine component=output.affine input=lstm3.rp input-dim=260 output-dim=2104
component-node name=output.log-softmax component=output.log-softmax input=output.affine input-dim=2104 output-dim=2104
output-node name=output input=Offset(output.log-softmax, 5) dim=2104 objective=linear
component name=lda.delayed type=NoOpComponent, dim=300
component name=lda type=FixedAffineComponent, input-dim=300, output-dim=300, linear-params-rms=0.006709, bias-{mean,stddev}=-0.01975,0.4295
component name=tdnn1.affine type=NaturalGradientAffineComponent, input-dim=300, output-dim=520, learning-rate=0.000128449, l2-regularize=0.05, max-change=0.75, linear-params-rms=0.03229, linear-params-row-norms=[percentiles(0,1,2,5 10,20,50,80,90 95,98,99,100)=(0.003,0.004,0.005,0.007 0.009,0.02,0.56,0.71,0.80 0.87,0.94,0.99,1.2), mean=0.468, stddev=0.307], linear-params-col-norms=[percentiles(0,1,2,5 10,20,50,80,90 95,98,99,100)=(0.13,0.14,0.15,0.16 0.18,0.22,0.66,0.92,1.2 1.4,1.4,1.5,1.5), mean=0.637, stddev=0.368], bias-{mean,stddev}=-0.003707,0.06221, rank-in=20, rank-out=80, num-samples-history=2000, update-period=4, alpha=4
component name=tdnn1.relu type=RectifiedLinearComponent, dim=520, self-repair-scale=1e-05, count=1.15e+06, self-repaired-proportion=0.197544, value-avg=[percentiles(0,1,2,5 10,20,50,80,90 95,98,99,100)=(5e-06,2e-05,2e-05,3e-05 6e-05,0.0001,0.04,0.09,0.11 0.12,0.14,0.16,0.18), mean=0.0475, stddev=0.045], deriv-avg=[percentiles(0,1,2,5 10,20,50,80,90 95,98,99,100)=(0.002,0.01,0.02,0.03 0.04,0.06,0.38,0.61,0.71 0.81,0.86,0.89,0.98), mean=0.356, stddev=0.266], oderiv-rms=[percentiles(0,1,2,5 10,20,50,80,90 95,98,99,100)=(0.005,0.008,0.009,0.01 0.02,0.03,0.33,0.46,0.56 0.63,0.77,0.90,1.5), mean=0.311, stddev=0.223], oderiv-count=1.16864e+06
component name=tdnn1.batchnorm type=BatchNormComponent, dim=520, block-dim=520, epsilon=0.001, target-rms=1, count=33991.7, test-mode=false, data-mean=[percentiles(0,1,2,5 10,20,50,80,90 95,98,99,100)=(3e-06,1e-05,2e-05,3e-05 6e-05,0.0002,0.04,0.09,0.10 0.13,0.14,0.17,0.18), mean=0.0462, stddev=0.0444], data-stddev=[percentiles(0,1,2,5 10,20,50,80,90 95,98,99,100)=(4e-05,0.0001,0.0002,0.0002 0.0003,0.0008,0.08,0.11,0.12 0.14,0.15,0.15,0.16), mean=0.0647, stddev=0.0502]
component name=tdnn2.affine type=NaturalGradientAffineComponent, input-dim=1560, output-dim=520, learning-rate=0.000128449, l2-regularize=0.05, max-change=0.75, linear-params-rms=0.0117, linear-params-row-norms=[percentiles(0,1,2,5 10,20,50,80,90 95,98,99,100)=(0.32,0.34,0.35,0.36 0.38,0.40,0.45,0.51,0.54 0.59,0.63,0.65,0.76), mean=0.457, stddev=0.0677], linear-params-col-norms=[percentiles(0,1,2,5 10,20,50,80,90 95,98,99,100)=(0.002,0.003,0.003,0.004 0.005,0.009,0.28,0.33,0.37 0.40,0.43,0.50,0.73), mean=0.223, stddev=0.146], bias-{mean,stddev}=-0.03554,0.03964, rank-in=20, rank-out=80, num-samples-history=2000, update-period=4, alpha=4
component name=tdnn2.relu type=RectifiedLinearComponent, dim=520, self-repair-scale=1e-05, count=1.18e+06, self-repaired-proportion=0, value-avg=[percentiles(0,1,2,5 10,20,50,80,90 95,98,99,100)=(0.16,0.18,0.19,0.20 0.22,0.23,0.26,0.30,0.32 0.33,0.36,0.38,0.44), mean=0.266, stddev=0.0418], deriv-avg=[percentiles(0,1,2,5 10,20,50,80,90 95,98,99,100)=(0.24,0.36,0.37,0.39 0.40,0.41,0.44,0.47,0.49 0.50,0.52,0.53,0.55), mean=0.443, stddev=0.0369], oderiv-rms=[percentiles(0,1,2,5 10,20,50,80,90 95,98,99,100)=(0.03,0.04,0.04,0.04 0.04,0.04,0.05,0.06,0.06 0.07,0.08,0.08,0.10), mean=0.0501, stddev=0.00962], oderiv-count=1.06339e+06
component name=tdnn2.batchnorm type=BatchNormComponent, dim=520, block-dim=520, epsilon=0.001, target-rms=1, count=33243.8, test-mode=false, data-mean=[percentiles(0,1,2,5 10,20,50,80,90 95,98,99,100)=(0.16,0.18,0.19,0.20 0.22,0.23,0.27,0.30,0.33 0.34,0.37,0.38,0.46), mean=0.269, stddev=0.0445], data-stddev=[percentiles(0,1,2,5 10,20,50,80,90 95,98,99,100)=(0.34,0.37,0.38,0.40 0.41,0.44,0.48,0.54,0.57 0.60,0.63,0.64,0.66), mean=0.489, stddev=0.0598]
component name=lstm1.W_all type=NaturalGradientAffineComponent, input-dim=650, output-dim=2080, learning-rate=0.000128449, l2-regularize=0.01, max-change=1.5, linear-params-rms=0.01762, linear-params-row-norms=[percentiles(0,1,2,5 10,20,50,80,90 95,98,99,100)=(5e-08,7e-07,2e-06,1e-05 0.0003,0.17,0.41,0.59,0.66 0.73,0.79,0.85,1.0), mean=0.385, stddev=0.231], linear-params-col-norms=[percentiles(0,1,2,5 10,20,50,80,90 95,98,99,100)=(0.29,0.36,0.37,0.42 0.50,0.71,0.81,0.90,0.96 1.0,1.1,1.2,1.3), mean=0.786, stddev=0.169], bias-{mean,stddev}=0.002661,0.02763, rank-in=20, rank-out=80, num-samples-history=2000, update-period=4, alpha=4
component name=lstm1.lstm_nonlin type=LstmNonlinearityComponent, input-dim=2603, output-dim=1040, learning-rate=0.000128449, l2-regularize=0.01, max-change=0.75, cell-dim=520, use-dropout=true, w_ic-rms=0.08518, w_fc-rms=0.02637, w_oc-rms=0.04722, count=1.49e+06, i_t_sigmoid={ self-repair-lower-threshold=0.05, self-repair-scale=1e-05, self-repaired-proportion=0.0064457, value-avg=[percentiles(0,1,2,5 10,20,50,80,90 95,98,99,100)=(0.38,0.40,0.41,0.43 0.44,0.45,0.48,0.50,0.55 0.71,0.78,0.79,0.85), mean=0.495, stddev=0.0755], deriv-avg=[percentiles(0,1,2,5 10,20,50,80,90 95,98,99,100)=(0.12,0.15,0.16,0.19 0.20,0.21,0.23,0.24,0.25 0.25,0.25,0.25,0.25), mean=0.225, stddev=0.0208] }, f_t_sigmoid={ self-repair-lower-threshold=0.05, self-repair-scale=1e-05, self-repaired-proportion=0.0064457, value-avg=[percentiles(0,1,2,5 10,20,50,80,90 95,98,99,100)=(0.38,0.45,0.46,0.47 0.48,0.49,0.50,0.53,0.57 0.65,0.73,0.78,0.83), mean=0.519, stddev=0.06], deriv-avg=[percentiles(0,1,2,5 10,20,50,80,90 95,98,99,100)=(0.13,0.15,0.16,0.19 0.21,0.22,0.24,0.25,0.25 0.25,0.25,0.25,0.25), mean=0.232, stddev=0.0201] }, c_t_tanh={ self-repair-lower-threshold=0.2, self-repair-scale=1e-05, self-repaired-proportion=0.0162118, value-avg=[percentiles(0,1,2,5 10,20,50,80,90 95,98,99,100)=(-0.91,-0.88,-0.85,-0.44 -0.26,-0.13,0.0007,0.15,0.30 0.62,0.82,0.87,0.90), mean=0.0175, stddev=0.298], deriv-avg=[percentiles(0,1,2,5 10,20,50,80,90 95,98,99,100)=(0.16,0.20,0.22,0.27 0.39,0.45,0.58,0.73,1.0 1.0,1.0,1.0,1.0), mean=0.611, stddev=0.214] }, o_t_sigmoid={ self-repair-lower-threshold=0.05, self-repair-scale=1e-05, self-repaired-proportion=0.0064457, value-avg=[percentiles(0,1,2,5 10,20,50,80,90 95,98,99,100)=(0.35,0.38,0.39,0.40 0.41,0.43,0.46,0.50,0.50 0.51,0.56,0.58,0.69), mean=0.462, stddev=0.0409], deriv-avg=[percentiles(0,1,2,5 10,20,50,80,90 95,98,99,100)=(0.16,0.18,0.18,0.19 0.20,0.20,0.22,0.24,0.25 0.25,0.25,0.25,0.25), mean=0.221, stddev=0.0198] }, m_t_tanh={ self-repair-lower-threshold=0.2, self-repair-scale=1e-05, self-repaired-proportion=0.0064457, value-avg=[percentiles(0,1,2,5 10,20,50,80,90 95,98,99,100)=(-0.81,-0.73,-0.68,-0.30 -0.17,-0.09,0.0005,0.10,0.21 0.40,0.63,0.72,0.80), mean=0.0117, stddev=0.225], deriv-avg=[percentiles(0,1,2,5 10,20,50,80,90 95,98,99,100)=(0.32,0.37,0.42,0.54 0.73,0.81,0.88,0.94,1.0 1.0,1.0,1.0,1.0), mean=0.86, stddev=0.13] }
component name=lstm1.cr_trunc type=BackpropTruncationComponent, dim=650, scale=0.85, count=1.96e+06, recurrence-interval=3, clipping-threshold=30, clipped-proportion=2.54881e-06, zeroing-threshold=15, zeroing-interval=20, zeroed-proportion=0.000102026, count-zeroing-boundaries=294042
component name=lstm1.dropout_mask type=DropoutMaskComponent, output-dim=3, dropout-proportion=0.198347
component name=lstm1.W_rp type=NaturalGradientAffineComponent, input-dim=520, output-dim=260, learning-rate=0.000128449, l2-regularize=0.01, max-change=1.5, linear-params-rms=0.03981, linear-params-row-norms=[percentiles(0,1,2,5 10,20,50,80,90 95,98,99,100)=(0.36,0.40,0.42,0.45 0.50,0.56,0.86,1.1,1.2 1.3,1.3,1.4,1.4), mean=0.86, stddev=0.29], linear-params-col-norms=[percentiles(0,1,2,5 10,20,50,80,90 95,98,99,100)=(0.0002,0.0007,0.001,0.002 0.008,0.34,0.55,0.73,0.92 1.2,1.4,1.5,1.8), mean=0.544, stddev=0.341], bias-{mean,stddev}=0.01313,0.2597, rank-in=20, rank-out=80, num-samples-history=2000, update-period=4, alpha=4
component name=tdnn3.affine type=NaturalGradientAffineComponent, input-dim=780, output-dim=520, learning-rate=0.000128449, l2-regularize=0.05, max-change=0.75, linear-params-rms=0.01284, linear-params-row-norms=[percentiles(0,1,2,5 10,20,50,80,90 95,98,99,100)=(0.003,0.22,0.24,0.26 0.28,0.30,0.35,0.40,0.43 0.47,0.51,0.52,0.57), mean=0.353, stddev=0.065], linear-params-col-norms=[percentiles(0,1,2,5 10,20,50,80,90 95,98,99,100)=(0.11,0.12,0.13,0.14 0.15,0.17,0.28,0.38,0.40 0.42,0.44,0.45,0.48), mean=0.276, stddev=0.0978], bias-{mean,stddev}=0.001332,0.00849, rank-in=20, rank-out=80, num-samples-history=2000, update-period=4, alpha=4
component name=tdnn3.relu type=RectifiedLinearComponent, dim=520, self-repair-scale=1e-05, count=1.03e+06, self-repaired-proportion=0.00224359, value-avg=[percentiles(0,1,2,5 10,20,50,80,90 95,98,99,100)=(5e-05,0.01,0.01,0.02 0.03,0.05,0.08,0.11,0.12 0.13,0.15,0.15,0.17), mean=0.0774, stddev=0.0328], deriv-avg=[percentiles(0,1,2,5 10,20,50,80,90 95,98,99,100)=(0.03,0.11,0.13,0.17 0.22,0.33,0.47,0.59,0.64 0.67,0.71,0.73,0.82), mean=0.456, stddev=0.15], oderiv-rms=[percentiles(0,1,2,5 10,20,50,80,90 95,98,99,100)=(0.003,0.09,0.09,0.10 0.10,0.11,0.13,0.16,0.20 0.24,0.28,0.29,0.37), mean=0.14, stddev=0.0447], oderiv-count=1.13267e+06
component name=tdnn3.batchnorm type=BatchNormComponent, dim=520, block-dim=520, epsilon=0.001, target-rms=1, count=31000, test-mode=false, data-mean=[percentiles(0,1,2,5 10,20,50,80,90 95,98,99,100)=(9e-05,0.009,0.01,0.02 0.03,0.05,0.08,0.10,0.12 0.13,0.15,0.16,0.18), mean=0.0776, stddev=0.0324], data-stddev=[percentiles(0,1,2,5 10,20,50,80,90 95,98,99,100)=(0.0003,0.04,0.06,0.07 0.09,0.10,0.13,0.14,0.16 0.17,0.18,0.18,0.19), mean=0.123, stddev=0.0275]
component name=tdnn4.affine type=NaturalGradientAffineComponent, input-dim=1560, output-dim=520, learning-rate=0.000128449, l2-regularize=0.05, max-change=0.75, linear-params-rms=0.008391, linear-params-row-norms=[percentiles(0,1,2,5 10,20,50,80,90 95,98,99,100)=(0.23,0.26,0.26,0.27 0.29,0.30,0.32,0.36,0.38 0.40,0.42,0.43,0.48), mean=0.329, stddev=0.0394], linear-params-col-norms=[percentiles(0,1,2,5 10,20,50,80,90 95,98,99,100)=(0.002,0.12,0.13,0.14 0.15,0.16,0.18,0.22,0.24 0.26,0.29,0.30,0.37), mean=0.187, stddev=0.0399], bias-{mean,stddev}=-0.02673,0.01898, rank-in=20, rank-out=80, num-samples-history=2000, update-period=4, alpha=4
component name=tdnn4.relu type=RectifiedLinearComponent, dim=520, self-repair-scale=1e-05, count=9.38e+05, self-repaired-proportion=0, value-avg=[percentiles(0,1,2,5 10,20,50,80,90 95,98,99,100)=(0.17,0.19,0.19,0.20 0.21,0.22,0.25,0.28,0.29 0.30,0.32,0.33,0.36), mean=0.251, stddev=0.0311], deriv-avg=[percentiles(0,1,2,5 10,20,50,80,90 95,98,99,100)=(0.28,0.35,0.37,0.38 0.39,0.41,0.43,0.45,0.46 0.47,0.48,0.49,0.50), mean=0.427, stddev=0.0284], oderiv-rms=[percentiles(0,1,2,5 10,20,50,80,90 95,98,99,100)=(0.03,0.03,0.03,0.03 0.03,0.03,0.04,0.04,0.04 0.04,0.04,0.04,0.05), mean=0.0366, stddev=0.0028], oderiv-count=1.02806e+06
component name=tdnn4.batchnorm type=BatchNormComponent, dim=520, block-dim=520, epsilon=0.001, target-rms=1, count=28756.2, test-mode=false, data-mean=[percentiles(0,1,2,5 10,20,50,80,90 95,98,99,100)=(0.18,0.19,0.20,0.20 0.21,0.22,0.25,0.28,0.29 0.31,0.33,0.33,0.37), mean=0.253, stddev=0.0314], data-stddev=[percentiles(0,1,2,5 10,20,50,80,90 95,98,99,100)=(0.29,0.36,0.39,0.41 0.43,0.44,0.49,0.54,0.56 0.60,0.64,0.64,0.84), mean=0.492, stddev=0.061]
component name=lstm2.W_all type=NaturalGradientAffineComponent, input-dim=650, output-dim=2080, learning-rate=0.000128449, l2-regularize=0.01, max-change=1.5, linear-params-rms=0.01444, linear-params-row-norms=[percentiles(0,1,2,5 10,20,50,80,90 95,98,99,100)=(3e-07,3e-06,6e-06,2e-05 6e-05,0.001,0.33,0.52,0.58 0.62,0.67,0.71,0.90), mean=0.285, stddev=0.233], linear-params-col-norms=[percentiles(0,1,2,5 10,20,50,80,90 95,98,99,100)=(0.26,0.28,0.29,0.35 0.44,0.60,0.66,0.72,0.78 0.81,0.88,0.94,1.3), mean=0.646, stddev=0.131], bias-{mean,stddev}=0.00569,0.03233, rank-in=20, rank-out=80, num-samples-history=2000, update-period=4, alpha=4
component name=lstm2.lstm_nonlin type=LstmNonlinearityComponent, input-dim=2603, output-dim=1040, learning-rate=0.000128449, l2-regularize=0.01, max-change=0.75, cell-dim=520, use-dropout=true, w_ic-rms=0.05326, w_fc-rms=0.01572, w_oc-rms=0.04086, count=1.36e+06, i_t_sigmoid={ self-repair-lower-threshold=0.05, self-repair-scale=1e-05, self-repaired-proportion=0.00650018, value-avg=[percentiles(0,1,2,5 10,20,50,80,90 95,98,99,100)=(0.41,0.43,0.44,0.46 0.46,0.48,0.50,0.51,0.55 0.60,0.66,0.69,0.78), mean=0.505, stddev=0.047], deriv-avg=[percentiles(0,1,2,5 10,20,50,80,90 95,98,99,100)=(0.16,0.19,0.19,0.21 0.21,0.22,0.23,0.25,0.25 0.25,0.25,0.25,0.25), mean=0.232, stddev=0.0162] }, f_t_sigmoid={ self-repair-lower-threshold=0.05, self-repair-scale=1e-05, self-repaired-proportion=0.00650018, value-avg=[percentiles(0,1,2,5 10,20,50,80,90 95,98,99,100)=(0.41,0.46,0.46,0.48 0.49,0.50,0.50,0.53,0.56 0.60,0.65,0.67,0.72), mean=0.517, stddev=0.0403], deriv-avg=[percentiles(0,1,2,5 10,20,50,80,90 95,98,99,100)=(0.18,0.18,0.19,0.20 0.21,0.22,0.24,0.25,0.25 0.25,0.25,0.25,0.25), mean=0.235, stddev=0.0173] }, c_t_tanh={ self-repair-lower-threshold=0.2, self-repair-scale=1e-05, self-repaired-proportion=0.00650018, value-avg=[percentiles(0,1,2,5 10,20,50,80,90 95,98,99,100)=(-0.86,-0.80,-0.76,-0.43 -0.24,-0.09,0.0009,0.12,0.32 0.52,0.67,0.71,0.78), mean=0.0093, stddev=0.256], deriv-avg=[percentiles(0,1,2,5 10,20,50,80,90 95,98,99,100)=(0.24,0.28,0.37,0.41 0.47,0.54,0.65,1.0,1.0 1.0,1.0,1.0,1.0), mean=0.72, stddev=0.218] }, o_t_sigmoid={ self-repair-lower-threshold=0.05, self-repair-scale=1e-05, self-repaired-proportion=0.00650018, value-avg=[percentiles(0,1,2,5 10,20,50,80,90 95,98,99,100)=(0.39,0.42,0.43,0.44 0.46,0.47,0.50,0.50,0.51 0.52,0.56,0.57,0.69), mean=0.49, stddev=0.0281], deriv-avg=[percentiles(0,1,2,5 10,20,50,80,90 95,98,99,100)=(0.17,0.18,0.18,0.20 0.20,0.22,0.23,0.25,0.25 0.25,0.25,0.25,0.25), mean=0.231, stddev=0.0185] }, m_t_tanh={ self-repair-lower-threshold=0.2, self-repair-scale=1e-05, self-repaired-proportion=0.00650018, value-avg=[percentiles(0,1,2,5 10,20,50,80,90 95,98,99,100)=(-0.72,-0.61,-0.52,-0.31 -0.16,-0.07,0.0006,0.09,0.20 0.37,0.48,0.54,0.62), mean=0.00711, stddev=0.186], deriv-avg=[percentiles(0,1,2,5 10,20,50,80,90 95,98,99,100)=(0.44,0.56,0.58,0.69 0.76,0.83,0.91,1.0,1.0 1.0,1.0,1.0,1.0), mean=0.898, stddev=0.104] }
component name=lstm2.cr_trunc type=BackpropTruncationComponent, dim=650, scale=0.85, count=1.72e+06, recurrence-interval=3, clipping-threshold=30, clipped-proportion=8.72791e-07, zeroing-threshold=15, zeroing-interval=20, zeroed-proportion=2.69918e-05, count-zeroing-boundaries=259338
component name=lstm2.dropout_mask type=DropoutMaskComponent, output-dim=3, dropout-proportion=0.198347
component name=lstm2.W_rp type=NaturalGradientAffineComponent, input-dim=520, output-dim=260, learning-rate=0.000128449, l2-regularize=0.01, max-change=1.5, linear-params-rms=0.03812, linear-params-row-norms=[percentiles(0,1,2,5 10,20,50,80,90 95,98,99,100)=(0.42,0.45,0.50,0.54 0.56,0.61,0.83,1.1,1.1 1.2,1.2,1.2,1.3), mean=0.839, stddev=0.228], linear-params-col-norms=[percentiles(0,1,2,5 10,20,50,80,90 95,98,99,100)=(0.0006,0.001,0.002,0.002 0.004,0.01,0.56,0.81,0.93 1.1,1.3,1.4,1.5), mean=0.481, stddev=0.382], bias-{mean,stddev}=-0.0004465,0.2075, rank-in=20, rank-out=80, num-samples-history=2000, update-period=4, alpha=4
component name=tdnn5.affine type=NaturalGradientAffineComponent, input-dim=780, output-dim=520, learning-rate=0.000128449, l2-regularize=0.05, max-change=0.75, linear-params-rms=0.01215, linear-params-row-norms=[percentiles(0,1,2,5 10,20,50,80,90 95,98,99,100)=(0.19,0.22,0.24,0.25 0.27,0.29,0.32,0.38,0.42 0.46,0.49,0.50,0.56), mean=0.334, stddev=0.0599], linear-params-col-norms=[percentiles(0,1,2,5 10,20,50,80,90 95,98,99,100)=(0.12,0.13,0.14,0.15 0.17,0.19,0.25,0.35,0.38 0.40,0.41,0.42,0.46), mean=0.264, stddev=0.0827], bias-{mean,stddev}=0.001029,0.006102, rank-in=20, rank-out=80, num-samples-history=2000, update-period=4, alpha=4
component name=tdnn5.relu type=RectifiedLinearComponent, dim=520, self-repair-scale=1e-05, count=7.64e+05, self-repaired-proportion=0, value-avg=[percentiles(0,1,2,5 10,20,50,80,90 95,98,99,100)=(0.01,0.01,0.01,0.02 0.02,0.04,0.06,0.09,0.10 0.11,0.12,0.13,0.14), mean=0.0635, stddev=0.0285], deriv-avg=[percentiles(0,1,2,5 10,20,50,80,90 95,98,99,100)=(0.09,0.11,0.13,0.17 0.21,0.30,0.46,0.57,0.61 0.65,0.67,0.68,0.72), mean=0.436, stddev=0.148], oderiv-rms=[percentiles(0,1,2,5 10,20,50,80,90 95,98,99,100)=(0.08,0.09,0.10,0.10 0.11,0.11,0.13,0.16,0.19 0.21,0.23,0.23,0.26), mean=0.14, stddev=0.033], oderiv-count=989248
component name=tdnn5.batchnorm type=BatchNormComponent, dim=520, block-dim=520, epsilon=0.001, target-rms=1, count=26512.4, test-mode=false, data-mean=[percentiles(0,1,2,5 10,20,50,80,90 95,98,99,100)=(0.01,0.01,0.02,0.02 0.03,0.04,0.07,0.09,0.10 0.11,0.13,0.13,0.15), mean=0.0655, stddev=0.0284], data-stddev=[percentiles(0,1,2,5 10,20,50,80,90 95,98,99,100)=(0.04,0.05,0.06,0.07 0.07,0.09,0.11,0.13,0.14 0.15,0.16,0.16,0.17), mean=0.109, stddev=0.0242]
component name=tdnn6.affine type=NaturalGradientAffineComponent, input-dim=1560, output-dim=520, learning-rate=0.000128449, l2-regularize=0.05, max-change=0.75, linear-params-rms=0.008389, linear-params-row-norms=[percentiles(0,1,2,5 10,20,50,80,90 95,98,99,100)=(0.11,0.12,0.15,0.21 0.26,0.29,0.33,0.38,0.40 0.41,0.43,0.44,0.46), mean=0.326, stddev=0.0608], linear-params-col-norms=[percentiles(0,1,2,5 10,20,50,80,90 95,98,99,100)=(0.09,0.12,0.13,0.13 0.14,0.15,0.17,0.22,0.25 0.28,0.31,0.33,0.40), mean=0.186, stddev=0.0451], bias-{mean,stddev}=-0.02003,0.02346, rank-in=20, rank-out=80, num-samples-history=2000, update-period=4, alpha=4
component name=tdnn6.relu type=RectifiedLinearComponent, dim=520, self-repair-scale=1e-05, count=7.36e+05, self-repaired-proportion=0, value-avg=[percentiles(0,1,2,5 10,20,50,80,90 95,98,99,100)=(0.11,0.12,0.15,0.18 0.21,0.23,0.27,0.29,0.31 0.32,0.34,0.35,0.40), mean=0.263, stddev=0.0423], deriv-avg=[percentiles(0,1,2,5 10,20,50,80,90 95,98,99,100)=(0.31,0.33,0.35,0.36 0.37,0.39,0.42,0.45,0.46 0.47,0.49,0.49,0.52), mean=0.418, stddev=0.0339], oderiv-rms=[percentiles(0,1,2,5 10,20,50,80,90 95,98,99,100)=(0.02,0.02,0.02,0.03 0.03,0.03,0.03,0.03,0.03 0.04,0.04,0.04,0.04), mean=0.0301, stddev=0.00295], oderiv-count=933920
component name=tdnn6.batchnorm type=BatchNormComponent, dim=520, block-dim=520, epsilon=0.001, target-rms=1, count=24268.6, test-mode=false, data-mean=[percentiles(0,1,2,5 10,20,50,80,90 95,98,99,100)=(0.13,0.14,0.17,0.19 0.22,0.24,0.27,0.30,0.31 0.33,0.34,0.35,0.46), mean=0.268, stddev=0.042], data-stddev=[percentiles(0,1,2,5 10,20,50,80,90 95,98,99,100)=(0.20,0.22,0.27,0.35 0.41,0.46,0.53,0.59,0.63 0.65,0.69,0.72,1.0), mean=0.524, stddev=0.094]
component name=lstm3.W_all type=NaturalGradientAffineComponent, input-dim=650, output-dim=2080, learning-rate=0.000128449, l2-regularize=0.01, max-change=1.5, linear-params-rms=0.02074, linear-params-row-norms=[percentiles(0,1,2,5 10,20,50,80,90 95,98,99,100)=(0.21,0.27,0.28,0.29 0.31,0.35,0.49,0.66,0.72 0.76,0.85,0.90,0.98), mean=0.506, stddev=0.155], linear-params-col-norms=[percentiles(0,1,2,5 10,20,50,80,90 95,98,99,100)=(0.54,0.61,0.62,0.72 0.78,0.81,0.88,1.0,1.1 1.3,1.4,1.5,1.9), mean=0.929, stddev=0.175], bias-{mean,stddev}=0.01262,0.01635, rank-in=20, rank-out=80, num-samples-history=2000, update-period=4, alpha=4
component name=lstm3.lstm_nonlin type=LstmNonlinearityComponent, input-dim=2603, output-dim=1040, learning-rate=0.000128449, l2-regularize=0.01, max-change=0.75, cell-dim=520, use-dropout=true, w_ic-rms=0.1088, w_fc-rms=0.04443, w_oc-rms=0.0747, count=1.24e+06, i_t_sigmoid={ self-repair-lower-threshold=0.05, self-repair-scale=1e-05, self-repaired-proportion=0.00656593, value-avg=[percentiles(0,1,2,5 10,20,50,80,90 95,98,99,100)=(0.51,0.59,0.60,0.63 0.65,0.68,0.72,0.76,0.79 0.82,0.84,0.85,0.89), mean=0.721, stddev=0.0554], deriv-avg=[percentiles(0,1,2,5 10,20,50,80,90 95,98,99,100)=(0.09,0.10,0.11,0.12 0.14,0.15,0.17,0.18,0.19 0.20,0.20,0.21,0.21), mean=0.168, stddev=0.0219] }, f_t_sigmoid={ self-repair-lower-threshold=0.05, self-repair-scale=1e-05, self-repaired-proportion=0.00656593, value-avg=[percentiles(0,1,2,5 10,20,50,80,90 95,98,99,100)=(0.41,0.53,0.56,0.58 0.60,0.63,0.67,0.72,0.77 0.80,0.84,0.86,0.88), mean=0.678, stddev=0.065], deriv-avg=[percentiles(0,1,2,5 10,20,50,80,90 95,98,99,100)=(0.09,0.10,0.11,0.13 0.14,0.16,0.18,0.19,0.20 0.20,0.21,0.21,0.23), mean=0.177, stddev=0.0234] }, c_t_tanh={ self-repair-lower-threshold=0.2, self-repair-scale=1e-05, self-repaired-proportion=0.0292588, value-avg=[percentiles(0,1,2,5 10,20,50,80,90 95,98,99,100)=(-0.89,-0.80,-0.74,-0.60 -0.45,-0.32,-0.01,0.30,0.43 0.58,0.80,0.84,0.92), mean=-0.00336, stddev=0.355], deriv-avg=[percentiles(0,1,2,5 10,20,50,80,90 95,98,99,100)=(0.13,0.17,0.20,0.23 0.30,0.36,0.44,0.49,0.52 0.54,0.55,0.56,0.60), mean=0.426, stddev=0.0871] }, o_t_sigmoid={ self-repair-lower-threshold=0.05, self-repair-scale=1e-05, self-repaired-proportion=0.00656593, value-avg=[percentiles(0,1,2,5 10,20,50,80,90 95,98,99,100)=(0.44,0.48,0.50,0.53 0.55,0.59,0.63,0.67,0.70 0.72,0.78,0.80,0.87), mean=0.633, stddev=0.0599], deriv-avg=[percentiles(0,1,2,5 10,20,50,80,90 95,98,99,100)=(0.09,0.12,0.13,0.14 0.15,0.16,0.18,0.19,0.19 0.20,0.20,0.20,0.21), mean=0.176, stddev=0.0178] }, m_t_tanh={ self-repair-lower-threshold=0.2, self-repair-scale=1e-05, self-repaired-proportion=0.00656593, value-avg=[percentiles(0,1,2,5 10,20,50,80,90 95,98,99,100)=(-0.80,-0.72,-0.64,-0.53 -0.39,-0.27,-0.006,0.25,0.36 0.54,0.70,0.76,0.83), mean=-0.00479, stddev=0.312], deriv-avg=[percentiles(0,1,2,5 10,20,50,80,90 95,98,99,100)=(0.28,0.32,0.35,0.39 0.47,0.55,0.64,0.69,0.72 0.74,0.75,0.75,0.81), mean=0.617, stddev=0.0993] }
component name=lstm3.cr_trunc type=BackpropTruncationComponent, dim=650, scale=0.85, count=1.48e+06, recurrence-interval=3, clipping-threshold=30, clipped-proportion=0, zeroing-threshold=15, zeroing-interval=20, zeroed-proportion=2.26717e-06, count-zeroing-boundaries=220539
component name=lstm3.dropout_mask type=DropoutMaskComponent, output-dim=3, dropout-proportion=0.198347
component name=lstm3.W_rp type=NaturalGradientAffineComponent, input-dim=520, output-dim=260, learning-rate=0.000128449, l2-regularize=0.01, max-change=1.5, linear-params-rms=0.09001, linear-params-row-norms=[percentiles(0,1,2,5 10,20,50,80,90 95,98,99,100)=(0.99,1.1,1.1,1.1 1.2,1.3,1.7,2.6,2.7 2.8,2.8,2.9,3.1), mean=1.95, stddev=0.638], linear-params-col-norms=[percentiles(0,1,2,5 10,20,50,80,90 95,98,99,100)=(0.44,0.89,1.0,1.1 1.1,1.2,1.4,1.6,1.8 2.0,2.1,2.2,2.3), mean=1.42, stddev=0.276], bias-{mean,stddev}=-0.0236,0.6397, rank-in=20, rank-out=80, num-samples-history=2000, update-period=4, alpha=4
component name=output.affine type=NaturalGradientAffineComponent, input-dim=260, output-dim=2104, learning-rate=0.000128449, l2-regularize=0.01, max-change=1.5, linear-params-rms=0.043, linear-params-row-norms=[percentiles(0,1,2,5 10,20,50,80,90 95,98,99,100)=(0.56,0.58,0.59,0.61 0.62,0.64,0.68,0.72,0.76 0.78,0.83,0.90,2.1), mean=0.688, stddev=0.0817], linear-params-col-norms=[percentiles(0,1,2,5 10,20,50,80,90 95,98,99,100)=(0.98,1.1,1.1,1.1 1.2,1.2,1.7,2.5,2.6 2.7,2.7,2.7,2.9), mean=1.88, stddev=0.595], bias-{mean,stddev}=5.085e-09,0.02137, rank-in=20, rank-out=80, num-samples-history=2000, update-period=4, alpha=4
component name=output.log-softmax type=LogSoftmaxComponent, dim=2104, oderiv-rms=[percentiles(0,1,2,5 10,20,50,80,90 95,98,99,100)=(0.003,0.007,0.008,0.009 0.01,0.01,0.02,0.02,0.02 0.03,0.03,0.03,0.42), mean=0.0167, stddev=0.0138], oderiv-count=532480
nnet3-show-progress --use-gpu=no exp/nnet3/tdnn_lstm1c_sp/364.mdl exp/nnet3/tdnn_lstm1c_sp/365.mdl 
LOG (nnet3-show-progress[5.5.0-]:SelectGpuId():cu-device.cc:153) Manually selected to compute on CPU.
WARNING (nnet3-show-progress[5.5.0-]:Check():nnet-nnet.cc:789) Node lda.delayed is never used to compute any output.
WARNING (nnet3-show-progress[5.5.0-]:Check():nnet-nnet.cc:789) Node lda.delayed is never used to compute any output.
WARNING (nnet3-show-progress[5.5.0-]:Check():nnet-nnet.cc:789) Node lda.delayed is never used to compute any output.
LOG (nnet3-show-progress[5.5.0-]:main():nnet3-show-progress.cc:143) Parameter differences per layer are [ tdnn1.affine:3.54777 tdnn2.affine:3.36855 lstm1.W_all:2.58537 lstm1.lstm_nonlin:0.0552984 lstm1.W_rp:1.1155 tdnn3.affine:2.35519 tdnn4.affine:2.42857 lstm2.W_all:1.75392 lstm2.lstm_nonlin:0.0291903 lstm2.W_rp:0.752785 tdnn5.affine:1.94455 tdnn6.affine:2.07108 lstm3.W_all:2.04452 lstm3.lstm_nonlin:0.0459892 lstm3.W_rp:0.794678 output.affine:2.07171 ]
LOG (nnet3-show-progress[5.5.0-]:main():nnet3-show-progress.cc:153) Norms of parameter matrices from <new-nnet-in> are [ tdnn1.affine:12.8316 tdnn2.affine:10.6075 lstm1.W_all:20.5228 lstm1.lstm_nonlin:2.30083 lstm1.W_rp:15.2272 tdnn3.affine:8.18003 tdnn4.affine:7.59421 lstm2.W_all:16.8621 lstm2.lstm_nonlin:1.57203 lstm2.W_rp:14.4103 tdnn5.affine:7.74051 tdnn6.affine:7.58814 lstm3.W_all:24.13 lstm3.lstm_nonlin:3.17467 lstm3.W_rp:34.6683 output.affine:31.8153 ]
LOG (nnet3-show-progress[5.5.0-]:main():nnet3-show-progress.cc:157) Relative parameter differences per layer are [ tdnn1.affine:0.27777 tdnn2.affine:0.318769 lstm1.W_all:0.125994 lstm1.lstm_nonlin:0.0239254 lstm1.W_rp:0.0732214 tdnn3.affine:0.287887 tdnn4.affine:0.319667 lstm2.W_all:0.103981 lstm2.lstm_nonlin:0.0185067 lstm2.W_rp:0.052201 tdnn5.affine:0.250627 tdnn6.affine:0.272583 lstm3.W_all:0.0847317 lstm3.lstm_nonlin:0.0144935 lstm3.W_rp:0.022909 output.affine:0.0651098 ]
# Accounting: time=0 threads=1
# Ended (code 0) at Thu Jul 30 12:25:44 KST 2020, elapsed time 0 seconds
