# nnet3-info exp/nnet3/tdnn_lstm1c_sp/373.mdl && nnet3-show-progress --use-gpu=no exp/nnet3/tdnn_lstm1c_sp/372.mdl exp/nnet3/tdnn_lstm1c_sp/373.mdl 
# Started at Thu Jul 30 12:28:53 KST 2020
#
nnet3-info exp/nnet3/tdnn_lstm1c_sp/373.mdl 
WARNING (nnet3-info[5.5.0-]:Check():nnet-nnet.cc:789) Node lda.delayed is never used to compute any output.
left-context: 10
right-context: 20
num-parameters: 8426364
modulus: 1
component-node name=lda.delayed component=lda.delayed input=Append(Offset(input, -2), Offset(input, -1), input, Offset(input, 1), Offset(input, 2), ReplaceIndex(ivector, t, 0)) input-dim=300 output-dim=300
input-node name=ivector dim=100
input-node name=input dim=40
component-node name=lda component=lda input=Append(Offset(input, -2), Offset(input, -1), input, Offset(input, 1), Offset(input, 2), ReplaceIndex(ivector, t, 0)) input-dim=300 output-dim=300
component-node name=tdnn1.affine component=tdnn1.affine input=lda input-dim=300 output-dim=520
component-node name=tdnn1.relu component=tdnn1.relu input=tdnn1.affine input-dim=520 output-dim=520
component-node name=tdnn1.batchnorm component=tdnn1.batchnorm input=tdnn1.relu input-dim=520 output-dim=520
component-node name=tdnn2.affine component=tdnn2.affine input=Append(Offset(tdnn1.batchnorm, -1), tdnn1.batchnorm, Offset(tdnn1.batchnorm, 1)) input-dim=1560 output-dim=520
component-node name=tdnn2.relu component=tdnn2.relu input=tdnn2.affine input-dim=520 output-dim=520
component-node name=tdnn2.batchnorm component=tdnn2.batchnorm input=tdnn2.relu input-dim=520 output-dim=520
component-node name=lstm1.W_all component=lstm1.W_all input=Append(tdnn2.batchnorm, IfDefined(Offset(lstm1.r_trunc, -3))) input-dim=650 output-dim=2080
component-node name=lstm1.dropout_mask component=lstm1.dropout_mask input=lstm1.dropout_mask input-dim=3 output-dim=3
component-node name=lstm1.lstm_nonlin component=lstm1.lstm_nonlin input=Append(lstm1.W_all, IfDefined(Offset(lstm1.c_trunc, -3)), lstm1.dropout_mask) input-dim=2603 output-dim=1040
dim-range-node name=lstm1.c input-node=lstm1.lstm_nonlin dim-offset=0 dim=520
dim-range-node name=lstm1.m input-node=lstm1.lstm_nonlin dim-offset=520 dim=520
component-node name=lstm1.rp component=lstm1.W_rp input=lstm1.m input-dim=520 output-dim=260
dim-range-node name=lstm1.r input-node=lstm1.rp dim-offset=0 dim=130
component-node name=lstm1.cr_trunc component=lstm1.cr_trunc input=Append(lstm1.c, lstm1.r) input-dim=650 output-dim=650
dim-range-node name=lstm1.c_trunc input-node=lstm1.cr_trunc dim-offset=0 dim=520
dim-range-node name=lstm1.r_trunc input-node=lstm1.cr_trunc dim-offset=520 dim=130
component-node name=tdnn3.affine component=tdnn3.affine input=Append(Offset(lstm1.rp, -3), lstm1.rp, Offset(lstm1.rp, 3)) input-dim=780 output-dim=520
component-node name=tdnn3.relu component=tdnn3.relu input=tdnn3.affine input-dim=520 output-dim=520
component-node name=tdnn3.batchnorm component=tdnn3.batchnorm input=tdnn3.relu input-dim=520 output-dim=520
component-node name=tdnn4.affine component=tdnn4.affine input=Append(Offset(tdnn3.batchnorm, -3), tdnn3.batchnorm, Offset(tdnn3.batchnorm, 3)) input-dim=1560 output-dim=520
component-node name=tdnn4.relu component=tdnn4.relu input=tdnn4.affine input-dim=520 output-dim=520
component-node name=tdnn4.batchnorm component=tdnn4.batchnorm input=tdnn4.relu input-dim=520 output-dim=520
component-node name=lstm2.W_all component=lstm2.W_all input=Append(tdnn4.batchnorm, IfDefined(Offset(lstm2.r_trunc, -3))) input-dim=650 output-dim=2080
component-node name=lstm2.dropout_mask component=lstm2.dropout_mask input=lstm2.dropout_mask input-dim=3 output-dim=3
component-node name=lstm2.lstm_nonlin component=lstm2.lstm_nonlin input=Append(lstm2.W_all, IfDefined(Offset(lstm2.c_trunc, -3)), lstm2.dropout_mask) input-dim=2603 output-dim=1040
dim-range-node name=lstm2.c input-node=lstm2.lstm_nonlin dim-offset=0 dim=520
dim-range-node name=lstm2.m input-node=lstm2.lstm_nonlin dim-offset=520 dim=520
component-node name=lstm2.rp component=lstm2.W_rp input=lstm2.m input-dim=520 output-dim=260
dim-range-node name=lstm2.r input-node=lstm2.rp dim-offset=0 dim=130
component-node name=lstm2.cr_trunc component=lstm2.cr_trunc input=Append(lstm2.c, lstm2.r) input-dim=650 output-dim=650
dim-range-node name=lstm2.c_trunc input-node=lstm2.cr_trunc dim-offset=0 dim=520
dim-range-node name=lstm2.r_trunc input-node=lstm2.cr_trunc dim-offset=520 dim=130
component-node name=tdnn5.affine component=tdnn5.affine input=Append(Offset(lstm2.rp, -3), lstm2.rp, Offset(lstm2.rp, 3)) input-dim=780 output-dim=520
component-node name=tdnn5.relu component=tdnn5.relu input=tdnn5.affine input-dim=520 output-dim=520
component-node name=tdnn5.batchnorm component=tdnn5.batchnorm input=tdnn5.relu input-dim=520 output-dim=520
component-node name=tdnn6.affine component=tdnn6.affine input=Append(Offset(tdnn5.batchnorm, -3), tdnn5.batchnorm, Offset(tdnn5.batchnorm, 3)) input-dim=1560 output-dim=520
component-node name=tdnn6.relu component=tdnn6.relu input=tdnn6.affine input-dim=520 output-dim=520
component-node name=tdnn6.batchnorm component=tdnn6.batchnorm input=tdnn6.relu input-dim=520 output-dim=520
component-node name=lstm3.W_all component=lstm3.W_all input=Append(tdnn6.batchnorm, IfDefined(Offset(lstm3.r_trunc, -3))) input-dim=650 output-dim=2080
component-node name=lstm3.dropout_mask component=lstm3.dropout_mask input=lstm3.dropout_mask input-dim=3 output-dim=3
component-node name=lstm3.lstm_nonlin component=lstm3.lstm_nonlin input=Append(lstm3.W_all, IfDefined(Offset(lstm3.c_trunc, -3)), lstm3.dropout_mask) input-dim=2603 output-dim=1040
dim-range-node name=lstm3.c input-node=lstm3.lstm_nonlin dim-offset=0 dim=520
dim-range-node name=lstm3.m input-node=lstm3.lstm_nonlin dim-offset=520 dim=520
component-node name=lstm3.rp component=lstm3.W_rp input=lstm3.m input-dim=520 output-dim=260
dim-range-node name=lstm3.r input-node=lstm3.rp dim-offset=0 dim=130
component-node name=lstm3.cr_trunc component=lstm3.cr_trunc input=Append(lstm3.c, lstm3.r) input-dim=650 output-dim=650
dim-range-node name=lstm3.c_trunc input-node=lstm3.cr_trunc dim-offset=0 dim=520
dim-range-node name=lstm3.r_trunc input-node=lstm3.cr_trunc dim-offset=520 dim=130
component-node name=output.affine component=output.affine input=lstm3.rp input-dim=260 output-dim=2104
component-node name=output.log-softmax component=output.log-softmax input=output.affine input-dim=2104 output-dim=2104
output-node name=output input=Offset(output.log-softmax, 5) dim=2104 objective=linear
component name=lda.delayed type=NoOpComponent, dim=300
component name=lda type=FixedAffineComponent, input-dim=300, output-dim=300, linear-params-rms=0.006709, bias-{mean,stddev}=-0.01975,0.4295
component name=tdnn1.affine type=NaturalGradientAffineComponent, input-dim=300, output-dim=520, learning-rate=0.000122093, l2-regularize=0.05, max-change=0.75, linear-params-rms=0.03219, linear-params-row-norms=[percentiles(0,1,2,5 10,20,50,80,90 95,98,99,100)=(0.004,0.005,0.005,0.006 0.008,0.02,0.56,0.72,0.80 0.87,0.95,0.99,1.2), mean=0.466, stddev=0.307], linear-params-col-norms=[percentiles(0,1,2,5 10,20,50,80,90 95,98,99,100)=(0.13,0.14,0.15,0.16 0.18,0.22,0.66,0.91,1.2 1.3,1.4,1.5,1.5), mean=0.636, stddev=0.366], bias-{mean,stddev}=-0.004497,0.06329, rank-in=20, rank-out=80, num-samples-history=2000, update-period=4, alpha=4
component name=tdnn1.relu type=RectifiedLinearComponent, dim=520, self-repair-scale=1e-05, count=1.01e+06, self-repaired-proportion=0.200375, value-avg=[percentiles(0,1,2,5 10,20,50,80,90 95,98,99,100)=(4e-06,1e-05,2e-05,4e-05 5e-05,0.0001,0.04,0.09,0.11 0.13,0.15,0.16,0.20), mean=0.048, stddev=0.0461], deriv-avg=[percentiles(0,1,2,5 10,20,50,80,90 95,98,99,100)=(0.003,0.008,0.01,0.03 0.04,0.06,0.37,0.61,0.71 0.82,0.88,0.92,0.98), mean=0.353, stddev=0.268], oderiv-rms=[percentiles(0,1,2,5 10,20,50,80,90 95,98,99,100)=(0.006,0.009,0.009,0.01 0.01,0.03,0.33,0.46,0.57 0.65,0.76,0.81,1.5), mean=0.312, stddev=0.224], oderiv-count=1.10797e+06
component name=tdnn1.batchnorm type=BatchNormComponent, dim=520, block-dim=520, epsilon=0.001, target-rms=1, count=38179.6, test-mode=false, data-mean=[percentiles(0,1,2,5 10,20,50,80,90 95,98,99,100)=(5e-06,7e-06,9e-06,2e-05 5e-05,0.0001,0.04,0.09,0.11 0.13,0.15,0.16,0.20), mean=0.0465, stddev=0.0455], data-stddev=[percentiles(0,1,2,5 10,20,50,80,90 95,98,99,100)=(5e-05,8e-05,0.0001,0.0002 0.0003,0.0007,0.08,0.11,0.13 0.14,0.15,0.15,0.17), mean=0.0645, stddev=0.0512]
component name=tdnn2.affine type=NaturalGradientAffineComponent, input-dim=1560, output-dim=520, learning-rate=0.000122093, l2-regularize=0.05, max-change=0.75, linear-params-rms=0.01167, linear-params-row-norms=[percentiles(0,1,2,5 10,20,50,80,90 95,98,99,100)=(0.32,0.33,0.35,0.36 0.38,0.40,0.45,0.51,0.54 0.58,0.63,0.65,0.75), mean=0.456, stddev=0.0677], linear-params-col-norms=[percentiles(0,1,2,5 10,20,50,80,90 95,98,99,100)=(0.002,0.003,0.003,0.004 0.005,0.01,0.28,0.33,0.37 0.40,0.43,0.49,0.73), mean=0.222, stddev=0.147], bias-{mean,stddev}=-0.03457,0.04057, rank-in=20, rank-out=80, num-samples-history=2000, update-period=4, alpha=4
component name=tdnn2.relu type=RectifiedLinearComponent, dim=520, self-repair-scale=1e-05, count=1.03e+06, self-repaired-proportion=0, value-avg=[percentiles(0,1,2,5 10,20,50,80,90 95,98,99,100)=(0.16,0.18,0.19,0.20 0.21,0.23,0.26,0.30,0.32 0.34,0.35,0.39,0.48), mean=0.265, stddev=0.0432], deriv-avg=[percentiles(0,1,2,5 10,20,50,80,90 95,98,99,100)=(0.23,0.36,0.37,0.39 0.40,0.41,0.44,0.47,0.49 0.50,0.53,0.53,0.56), mean=0.443, stddev=0.0369], oderiv-rms=[percentiles(0,1,2,5 10,20,50,80,90 95,98,99,100)=(0.03,0.04,0.04,0.04 0.04,0.04,0.05,0.06,0.06 0.07,0.08,0.08,0.10), mean=0.0498, stddev=0.00962], oderiv-count=1.1599e+06
component name=tdnn2.batchnorm type=BatchNormComponent, dim=520, block-dim=520, epsilon=0.001, target-rms=1, count=37372.7, test-mode=false, data-mean=[percentiles(0,1,2,5 10,20,50,80,90 95,98,99,100)=(0.16,0.18,0.19,0.20 0.21,0.23,0.26,0.30,0.32 0.34,0.37,0.40,0.48), mean=0.268, stddev=0.045], data-stddev=[percentiles(0,1,2,5 10,20,50,80,90 95,98,99,100)=(0.33,0.37,0.38,0.40 0.41,0.44,0.48,0.54,0.57 0.59,0.62,0.64,0.67), mean=0.487, stddev=0.0591]
component name=lstm1.W_all type=NaturalGradientAffineComponent, input-dim=650, output-dim=2080, learning-rate=0.000122093, l2-regularize=0.01, max-change=1.5, linear-params-rms=0.01762, linear-params-row-norms=[percentiles(0,1,2,5 10,20,50,80,90 95,98,99,100)=(4e-08,6e-07,2e-06,1e-05 0.0003,0.17,0.41,0.59,0.66 0.73,0.79,0.85,1.1), mean=0.385, stddev=0.231], linear-params-col-norms=[percentiles(0,1,2,5 10,20,50,80,90 95,98,99,100)=(0.29,0.36,0.37,0.42 0.50,0.70,0.81,0.90,0.96 1.0,1.1,1.2,1.3), mean=0.786, stddev=0.169], bias-{mean,stddev}=0.002499,0.02724, rank-in=20, rank-out=80, num-samples-history=2000, update-period=4, alpha=4
component name=lstm1.lstm_nonlin type=LstmNonlinearityComponent, input-dim=2603, output-dim=1040, learning-rate=0.000122093, l2-regularize=0.01, max-change=0.75, cell-dim=520, use-dropout=true, w_ic-rms=0.0822, w_fc-rms=0.02585, w_oc-rms=0.04682, count=1.5e+06, i_t_sigmoid={ self-repair-lower-threshold=0.05, self-repair-scale=1e-05, self-repaired-proportion=0.00639377, value-avg=[percentiles(0,1,2,5 10,20,50,80,90 95,98,99,100)=(0.38,0.40,0.42,0.43 0.44,0.45,0.48,0.50,0.55 0.70,0.77,0.79,0.84), mean=0.495, stddev=0.0746], deriv-avg=[percentiles(0,1,2,5 10,20,50,80,90 95,98,99,100)=(0.13,0.15,0.16,0.19 0.20,0.21,0.23,0.24,0.25 0.25,0.25,0.25,0.25), mean=0.225, stddev=0.0204] }, f_t_sigmoid={ self-repair-lower-threshold=0.05, self-repair-scale=1e-05, self-repaired-proportion=0.00639377, value-avg=[percentiles(0,1,2,5 10,20,50,80,90 95,98,99,100)=(0.38,0.45,0.46,0.47 0.48,0.49,0.50,0.53,0.57 0.65,0.73,0.78,0.82), mean=0.517, stddev=0.0589], deriv-avg=[percentiles(0,1,2,5 10,20,50,80,90 95,98,99,100)=(0.14,0.15,0.17,0.19 0.21,0.22,0.24,0.25,0.25 0.25,0.25,0.25,0.25), mean=0.233, stddev=0.0195] }, c_t_tanh={ self-repair-lower-threshold=0.2, self-repair-scale=1e-05, self-repaired-proportion=0.0147432, value-avg=[percentiles(0,1,2,5 10,20,50,80,90 95,98,99,100)=(-0.90,-0.87,-0.85,-0.46 -0.26,-0.13,0.001,0.14,0.29 0.62,0.83,0.87,0.89), mean=0.0172, stddev=0.297], deriv-avg=[percentiles(0,1,2,5 10,20,50,80,90 95,98,99,100)=(0.18,0.21,0.23,0.27 0.38,0.45,0.58,0.73,1.0 1.0,1.0,1.0,1.0), mean=0.61, stddev=0.213] }, o_t_sigmoid={ self-repair-lower-threshold=0.05, self-repair-scale=1e-05, self-repaired-proportion=0.00639377, value-avg=[percentiles(0,1,2,5 10,20,50,80,90 95,98,99,100)=(0.35,0.38,0.39,0.40 0.41,0.43,0.46,0.50,0.50 0.52,0.57,0.58,0.68), mean=0.462, stddev=0.0407], deriv-avg=[percentiles(0,1,2,5 10,20,50,80,90 95,98,99,100)=(0.16,0.18,0.18,0.19 0.20,0.20,0.22,0.24,0.25 0.25,0.25,0.25,0.25), mean=0.221, stddev=0.0197] }, m_t_tanh={ self-repair-lower-threshold=0.2, self-repair-scale=1e-05, self-repaired-proportion=0.00639377, value-avg=[percentiles(0,1,2,5 10,20,50,80,90 95,98,99,100)=(-0.81,-0.73,-0.68,-0.31 -0.18,-0.09,0.0008,0.10,0.21 0.41,0.63,0.73,0.81), mean=0.0115, stddev=0.228], deriv-avg=[percentiles(0,1,2,5 10,20,50,80,90 95,98,99,100)=(0.32,0.36,0.41,0.52 0.73,0.81,0.88,0.93,1.0 1.0,1.0,1.0,1.0), mean=0.856, stddev=0.132] }
component name=lstm1.cr_trunc type=BackpropTruncationComponent, dim=650, scale=0.85, count=1.98e+06, recurrence-interval=3, clipping-threshold=30, clipped-proportion=4.79767e-06, zeroing-threshold=15, zeroing-interval=20, zeroed-proportion=7.9177e-05, count-zeroing-boundaries=296803
component name=lstm1.dropout_mask type=DropoutMaskComponent, output-dim=3, dropout-proportion=0.185124
component name=lstm1.W_rp type=NaturalGradientAffineComponent, input-dim=520, output-dim=260, learning-rate=0.000122093, l2-regularize=0.01, max-change=1.5, linear-params-rms=0.03979, linear-params-row-norms=[percentiles(0,1,2,5 10,20,50,80,90 95,98,99,100)=(0.37,0.40,0.42,0.46 0.50,0.56,0.86,1.2,1.2 1.3,1.3,1.4,1.4), mean=0.861, stddev=0.287], linear-params-col-norms=[percentiles(0,1,2,5 10,20,50,80,90 95,98,99,100)=(0.0002,0.0007,0.0009,0.002 0.007,0.35,0.55,0.73,0.93 1.2,1.4,1.5,1.8), mean=0.545, stddev=0.338], bias-{mean,stddev}=0.01306,0.2596, rank-in=20, rank-out=80, num-samples-history=2000, update-period=4, alpha=4
component name=tdnn3.affine type=NaturalGradientAffineComponent, input-dim=780, output-dim=520, learning-rate=0.000122093, l2-regularize=0.05, max-change=0.75, linear-params-rms=0.01282, linear-params-row-norms=[percentiles(0,1,2,5 10,20,50,80,90 95,98,99,100)=(0.003,0.21,0.24,0.26 0.28,0.30,0.35,0.40,0.43 0.46,0.50,0.52,0.57), mean=0.352, stddev=0.0643], linear-params-col-norms=[percentiles(0,1,2,5 10,20,50,80,90 95,98,99,100)=(0.11,0.13,0.13,0.15 0.16,0.18,0.28,0.37,0.40 0.42,0.44,0.45,0.49), mean=0.276, stddev=0.0961], bias-{mean,stddev}=0.001607,0.00934, rank-in=20, rank-out=80, num-samples-history=2000, update-period=4, alpha=4
component name=tdnn3.relu type=RectifiedLinearComponent, dim=520, self-repair-scale=1e-05, count=1.07e+06, self-repaired-proportion=0.00170611, value-avg=[percentiles(0,1,2,5 10,20,50,80,90 95,98,99,100)=(0.0001,0.01,0.02,0.02 0.03,0.05,0.08,0.11,0.12 0.14,0.15,0.16,0.17), mean=0.0784, stddev=0.033], deriv-avg=[percentiles(0,1,2,5 10,20,50,80,90 95,98,99,100)=(0.04,0.11,0.12,0.17 0.22,0.33,0.47,0.58,0.62 0.67,0.71,0.73,0.83), mean=0.451, stddev=0.148], oderiv-rms=[percentiles(0,1,2,5 10,20,50,80,90 95,98,99,100)=(0.004,0.09,0.09,0.10 0.10,0.11,0.12,0.15,0.19 0.24,0.26,0.29,0.35), mean=0.136, stddev=0.0436], oderiv-count=1.09248e+06
component name=tdnn3.batchnorm type=BatchNormComponent, dim=520, block-dim=520, epsilon=0.001, target-rms=1, count=34952, test-mode=false, data-mean=[percentiles(0,1,2,5 10,20,50,80,90 95,98,99,100)=(0.0002,0.01,0.02,0.02 0.03,0.05,0.08,0.11,0.12 0.13,0.15,0.16,0.17), mean=0.0784, stddev=0.0326], data-stddev=[percentiles(0,1,2,5 10,20,50,80,90 95,98,99,100)=(0.0009,0.05,0.06,0.07 0.09,0.11,0.13,0.14,0.16 0.17,0.18,0.18,0.19), mean=0.125, stddev=0.0275]
component name=tdnn4.affine type=NaturalGradientAffineComponent, input-dim=1560, output-dim=520, learning-rate=0.000122093, l2-regularize=0.05, max-change=0.75, linear-params-rms=0.008359, linear-params-row-norms=[percentiles(0,1,2,5 10,20,50,80,90 95,98,99,100)=(0.22,0.26,0.27,0.27 0.28,0.30,0.32,0.36,0.38 0.40,0.42,0.43,0.48), mean=0.328, stddev=0.0386], linear-params-col-norms=[percentiles(0,1,2,5 10,20,50,80,90 95,98,99,100)=(0.002,0.12,0.13,0.14 0.15,0.16,0.18,0.21,0.24 0.26,0.29,0.30,0.37), mean=0.187, stddev=0.0394], bias-{mean,stddev}=-0.02704,0.01901, rank-in=20, rank-out=80, num-samples-history=2000, update-period=4, alpha=4
component name=tdnn4.relu type=RectifiedLinearComponent, dim=520, self-repair-scale=1e-05, count=9.54e+05, self-repaired-proportion=0, value-avg=[percentiles(0,1,2,5 10,20,50,80,90 95,98,99,100)=(0.17,0.19,0.20,0.20 0.21,0.23,0.25,0.28,0.29 0.30,0.31,0.33,0.36), mean=0.252, stddev=0.0311], deriv-avg=[percentiles(0,1,2,5 10,20,50,80,90 95,98,99,100)=(0.27,0.35,0.37,0.38 0.39,0.40,0.43,0.45,0.46 0.47,0.48,0.48,0.50), mean=0.426, stddev=0.0282], oderiv-rms=[percentiles(0,1,2,5 10,20,50,80,90 95,98,99,100)=(0.03,0.03,0.03,0.03 0.03,0.03,0.04,0.04,0.04 0.04,0.04,0.04,0.05), mean=0.0365, stddev=0.00276], oderiv-count=1.12291e+06
component name=tdnn4.batchnorm type=BatchNormComponent, dim=520, block-dim=520, epsilon=0.001, target-rms=1, count=32531.2, test-mode=false, data-mean=[percentiles(0,1,2,5 10,20,50,80,90 95,98,99,100)=(0.17,0.19,0.20,0.21 0.21,0.23,0.25,0.28,0.30 0.31,0.32,0.33,0.37), mean=0.255, stddev=0.0323], data-stddev=[percentiles(0,1,2,5 10,20,50,80,90 95,98,99,100)=(0.25,0.37,0.39,0.41 0.42,0.45,0.49,0.54,0.56 0.59,0.63,0.65,0.82), mean=0.492, stddev=0.0588]
component name=lstm2.W_all type=NaturalGradientAffineComponent, input-dim=650, output-dim=2080, learning-rate=0.000122093, l2-regularize=0.01, max-change=1.5, linear-params-rms=0.01443, linear-params-row-norms=[percentiles(0,1,2,5 10,20,50,80,90 95,98,99,100)=(3e-07,3e-06,6e-06,2e-05 6e-05,0.001,0.33,0.52,0.58 0.62,0.67,0.71,0.91), mean=0.285, stddev=0.233], linear-params-col-norms=[percentiles(0,1,2,5 10,20,50,80,90 95,98,99,100)=(0.26,0.28,0.29,0.35 0.43,0.60,0.66,0.73,0.77 0.81,0.87,0.93,1.3), mean=0.645, stddev=0.131], bias-{mean,stddev}=0.005438,0.0319, rank-in=20, rank-out=80, num-samples-history=2000, update-period=4, alpha=4
component name=lstm2.lstm_nonlin type=LstmNonlinearityComponent, input-dim=2603, output-dim=1040, learning-rate=0.000122093, l2-regularize=0.01, max-change=0.75, cell-dim=520, use-dropout=true, w_ic-rms=0.05112, w_fc-rms=0.01545, w_oc-rms=0.04089, count=1.38e+06, i_t_sigmoid={ self-repair-lower-threshold=0.05, self-repair-scale=1e-05, self-repaired-proportion=0.00644825, value-avg=[percentiles(0,1,2,5 10,20,50,80,90 95,98,99,100)=(0.41,0.43,0.44,0.46 0.47,0.48,0.50,0.51,0.55 0.60,0.65,0.68,0.78), mean=0.504, stddev=0.046], deriv-avg=[percentiles(0,1,2,5 10,20,50,80,90 95,98,99,100)=(0.16,0.19,0.20,0.21 0.21,0.22,0.23,0.25,0.25 0.25,0.25,0.25,0.25), mean=0.233, stddev=0.016] }, f_t_sigmoid={ self-repair-lower-threshold=0.05, self-repair-scale=1e-05, self-repaired-proportion=0.00644825, value-avg=[percentiles(0,1,2,5 10,20,50,80,90 95,98,99,100)=(0.41,0.46,0.46,0.47 0.49,0.50,0.50,0.53,0.56 0.59,0.65,0.67,0.72), mean=0.515, stddev=0.0392], deriv-avg=[percentiles(0,1,2,5 10,20,50,80,90 95,98,99,100)=(0.18,0.18,0.19,0.20 0.21,0.22,0.24,0.25,0.25 0.25,0.25,0.25,0.25), mean=0.235, stddev=0.0167] }, c_t_tanh={ self-repair-lower-threshold=0.2, self-repair-scale=1e-05, self-repaired-proportion=0.00644825, value-avg=[percentiles(0,1,2,5 10,20,50,80,90 95,98,99,100)=(-0.86,-0.79,-0.74,-0.42 -0.23,-0.10,0.0007,0.12,0.30 0.50,0.64,0.70,0.78), mean=0.00784, stddev=0.251], deriv-avg=[percentiles(0,1,2,5 10,20,50,80,90 95,98,99,100)=(0.24,0.29,0.38,0.42 0.47,0.53,0.64,1.0,1.0 1.0,1.0,1.0,1.0), mean=0.719, stddev=0.217] }, o_t_sigmoid={ self-repair-lower-threshold=0.05, self-repair-scale=1e-05, self-repaired-proportion=0.00644825, value-avg=[percentiles(0,1,2,5 10,20,50,80,90 95,98,99,100)=(0.39,0.43,0.43,0.44 0.45,0.47,0.50,0.50,0.51 0.52,0.55,0.58,0.69), mean=0.489, stddev=0.0284], deriv-avg=[percentiles(0,1,2,5 10,20,50,80,90 95,98,99,100)=(0.17,0.18,0.18,0.20 0.20,0.22,0.23,0.25,0.25 0.25,0.25,0.25,0.25), mean=0.231, stddev=0.0185] }, m_t_tanh={ self-repair-lower-threshold=0.2, self-repair-scale=1e-05, self-repaired-proportion=0.00644825, value-avg=[percentiles(0,1,2,5 10,20,50,80,90 95,98,99,100)=(-0.73,-0.61,-0.53,-0.30 -0.16,-0.07,0.0003,0.08,0.20 0.36,0.47,0.55,0.62), mean=0.00622, stddev=0.186], deriv-avg=[percentiles(0,1,2,5 10,20,50,80,90 95,98,99,100)=(0.43,0.55,0.59,0.68 0.76,0.83,0.90,1.0,1.0 1.0,1.0,1.0,1.0), mean=0.895, stddev=0.105] }
component name=lstm2.cr_trunc type=BackpropTruncationComponent, dim=650, scale=0.85, count=1.73e+06, recurrence-interval=3, clipping-threshold=30, clipped-proportion=0, zeroing-threshold=15, zeroing-interval=20, zeroed-proportion=3.05607e-05, count-zeroing-boundaries=261774
component name=lstm2.dropout_mask type=DropoutMaskComponent, output-dim=3, dropout-proportion=0.185124
component name=lstm2.W_rp type=NaturalGradientAffineComponent, input-dim=520, output-dim=260, learning-rate=0.000122093, l2-regularize=0.01, max-change=1.5, linear-params-rms=0.03799, linear-params-row-norms=[percentiles(0,1,2,5 10,20,50,80,90 95,98,99,100)=(0.42,0.45,0.49,0.53 0.56,0.60,0.84,1.1,1.1 1.2,1.2,1.2,1.3), mean=0.836, stddev=0.227], linear-params-col-norms=[percentiles(0,1,2,5 10,20,50,80,90 95,98,99,100)=(0.0006,0.001,0.002,0.002 0.004,0.01,0.56,0.80,0.93 1.1,1.3,1.4,1.5), mean=0.48, stddev=0.38], bias-{mean,stddev}=-0.0007108,0.2063, rank-in=20, rank-out=80, num-samples-history=2000, update-period=4, alpha=4
component name=tdnn5.affine type=NaturalGradientAffineComponent, input-dim=780, output-dim=520, learning-rate=0.000122093, l2-regularize=0.05, max-change=0.75, linear-params-rms=0.0121, linear-params-row-norms=[percentiles(0,1,2,5 10,20,50,80,90 95,98,99,100)=(0.20,0.22,0.24,0.25 0.27,0.29,0.32,0.38,0.42 0.45,0.48,0.50,0.56), mean=0.333, stddev=0.0594], linear-params-col-norms=[percentiles(0,1,2,5 10,20,50,80,90 95,98,99,100)=(0.11,0.13,0.14,0.15 0.16,0.18,0.25,0.35,0.38 0.40,0.41,0.42,0.45), mean=0.263, stddev=0.0827], bias-{mean,stddev}=0.0009976,0.00632, rank-in=20, rank-out=80, num-samples-history=2000, update-period=4, alpha=4
component name=tdnn5.relu type=RectifiedLinearComponent, dim=520, self-repair-scale=1e-05, count=9.04e+05, self-repaired-proportion=0, value-avg=[percentiles(0,1,2,5 10,20,50,80,90 95,98,99,100)=(0.01,0.01,0.01,0.02 0.02,0.04,0.06,0.09,0.10 0.11,0.13,0.14,0.16), mean=0.0637, stddev=0.0285], deriv-avg=[percentiles(0,1,2,5 10,20,50,80,90 95,98,99,100)=(0.09,0.11,0.15,0.17 0.22,0.29,0.46,0.56,0.60 0.64,0.68,0.69,0.72), mean=0.433, stddev=0.144], oderiv-rms=[percentiles(0,1,2,5 10,20,50,80,90 95,98,99,100)=(0.08,0.09,0.10,0.10 0.11,0.11,0.13,0.16,0.18 0.21,0.22,0.23,0.25), mean=0.137, stddev=0.0316], oderiv-count=1.01952e+06
component name=tdnn5.batchnorm type=BatchNormComponent, dim=520, block-dim=520, epsilon=0.001, target-rms=1, count=30110.5, test-mode=false, data-mean=[percentiles(0,1,2,5 10,20,50,80,90 95,98,99,100)=(0.01,0.01,0.02,0.02 0.03,0.04,0.07,0.09,0.10 0.11,0.13,0.14,0.15), mean=0.0653, stddev=0.028], data-stddev=[percentiles(0,1,2,5 10,20,50,80,90 95,98,99,100)=(0.04,0.05,0.06,0.07 0.08,0.09,0.11,0.13,0.14 0.15,0.15,0.16,0.19), mean=0.109, stddev=0.0243]
component name=tdnn6.affine type=NaturalGradientAffineComponent, input-dim=1560, output-dim=520, learning-rate=0.000122093, l2-regularize=0.05, max-change=0.75, linear-params-rms=0.008359, linear-params-row-norms=[percentiles(0,1,2,5 10,20,50,80,90 95,98,99,100)=(0.11,0.12,0.15,0.22 0.26,0.29,0.33,0.38,0.40 0.41,0.42,0.44,0.47), mean=0.325, stddev=0.0597], linear-params-col-norms=[percentiles(0,1,2,5 10,20,50,80,90 95,98,99,100)=(0.10,0.12,0.12,0.13 0.14,0.15,0.17,0.22,0.25 0.28,0.31,0.33,0.39), mean=0.185, stddev=0.045], bias-{mean,stddev}=-0.02031,0.02305, rank-in=20, rank-out=80, num-samples-history=2000, update-period=4, alpha=4
component name=tdnn6.relu type=RectifiedLinearComponent, dim=520, self-repair-scale=1e-05, count=7.55e+05, self-repaired-proportion=0, value-avg=[percentiles(0,1,2,5 10,20,50,80,90 95,98,99,100)=(0.11,0.13,0.14,0.19 0.21,0.24,0.27,0.30,0.31 0.32,0.34,0.35,0.38), mean=0.265, stddev=0.0421], deriv-avg=[percentiles(0,1,2,5 10,20,50,80,90 95,98,99,100)=(0.32,0.33,0.35,0.36 0.38,0.39,0.42,0.45,0.46 0.47,0.49,0.49,0.52), mean=0.418, stddev=0.0338], oderiv-rms=[percentiles(0,1,2,5 10,20,50,80,90 95,98,99,100)=(0.02,0.02,0.02,0.03 0.03,0.03,0.03,0.03,0.03 0.04,0.04,0.04,0.04), mean=0.0301, stddev=0.00299], oderiv-count=1.02e+06
component name=tdnn6.batchnorm type=BatchNormComponent, dim=520, block-dim=520, epsilon=0.001, target-rms=1, count=27689.7, test-mode=false, data-mean=[percentiles(0,1,2,5 10,20,50,80,90 95,98,99,100)=(0.12,0.14,0.15,0.19 0.21,0.24,0.28,0.30,0.31 0.33,0.34,0.36,0.44), mean=0.27, stddev=0.0426], data-stddev=[percentiles(0,1,2,5 10,20,50,80,90 95,98,99,100)=(0.19,0.22,0.25,0.34 0.42,0.46,0.53,0.60,0.63 0.65,0.68,0.71,1.0), mean=0.526, stddev=0.0983]
component name=lstm3.W_all type=NaturalGradientAffineComponent, input-dim=650, output-dim=2080, learning-rate=0.000122093, l2-regularize=0.01, max-change=1.5, linear-params-rms=0.02074, linear-params-row-norms=[percentiles(0,1,2,5 10,20,50,80,90 95,98,99,100)=(0.22,0.26,0.27,0.29 0.31,0.35,0.49,0.66,0.72 0.76,0.85,0.91,0.99), mean=0.505, stddev=0.155], linear-params-col-norms=[percentiles(0,1,2,5 10,20,50,80,90 95,98,99,100)=(0.54,0.60,0.63,0.71 0.77,0.81,0.88,1.1,1.2 1.3,1.4,1.5,1.9), mean=0.929, stddev=0.179], bias-{mean,stddev}=0.0128,0.01634, rank-in=20, rank-out=80, num-samples-history=2000, update-period=4, alpha=4
component name=lstm3.lstm_nonlin type=LstmNonlinearityComponent, input-dim=2603, output-dim=1040, learning-rate=0.000122093, l2-regularize=0.01, max-change=0.75, cell-dim=520, use-dropout=true, w_ic-rms=0.1092, w_fc-rms=0.04415, w_oc-rms=0.07492, count=1.25e+06, i_t_sigmoid={ self-repair-lower-threshold=0.05, self-repair-scale=1e-05, self-repaired-proportion=0.00651401, value-avg=[percentiles(0,1,2,5 10,20,50,80,90 95,98,99,100)=(0.51,0.60,0.60,0.63 0.65,0.67,0.72,0.76,0.79 0.82,0.83,0.85,0.89), mean=0.719, stddev=0.0555], deriv-avg=[percentiles(0,1,2,5 10,20,50,80,90 95,98,99,100)=(0.09,0.10,0.11,0.13 0.14,0.15,0.17,0.19,0.19 0.20,0.20,0.20,0.21), mean=0.168, stddev=0.0215] }, f_t_sigmoid={ self-repair-lower-threshold=0.05, self-repair-scale=1e-05, self-repaired-proportion=0.00651401, value-avg=[percentiles(0,1,2,5 10,20,50,80,90 95,98,99,100)=(0.42,0.54,0.56,0.58 0.60,0.62,0.67,0.71,0.76 0.80,0.84,0.86,0.89), mean=0.675, stddev=0.065], deriv-avg=[percentiles(0,1,2,5 10,20,50,80,90 95,98,99,100)=(0.09,0.10,0.11,0.13 0.14,0.16,0.18,0.19,0.20 0.20,0.21,0.21,0.23), mean=0.178, stddev=0.0232] }, c_t_tanh={ self-repair-lower-threshold=0.2, self-repair-scale=1e-05, self-repaired-proportion=0.0320221, value-avg=[percentiles(0,1,2,5 10,20,50,80,90 95,98,99,100)=(-0.87,-0.85,-0.72,-0.60 -0.44,-0.32,-0.01,0.29,0.43 0.58,0.77,0.83,0.92), mean=-0.00337, stddev=0.351], deriv-avg=[percentiles(0,1,2,5 10,20,50,80,90 95,98,99,100)=(0.15,0.19,0.20,0.23 0.31,0.36,0.44,0.49,0.51 0.52,0.55,0.56,0.61), mean=0.422, stddev=0.0835] }, o_t_sigmoid={ self-repair-lower-threshold=0.05, self-repair-scale=1e-05, self-repaired-proportion=0.00651401, value-avg=[percentiles(0,1,2,5 10,20,50,80,90 95,98,99,100)=(0.45,0.48,0.50,0.53 0.55,0.59,0.64,0.67,0.70 0.72,0.77,0.80,0.88), mean=0.634, stddev=0.0594], deriv-avg=[percentiles(0,1,2,5 10,20,50,80,90 95,98,99,100)=(0.09,0.11,0.13,0.14 0.15,0.16,0.18,0.19,0.19 0.20,0.20,0.20,0.21), mean=0.176, stddev=0.0175] }, m_t_tanh={ self-repair-lower-threshold=0.2, self-repair-scale=1e-05, self-repaired-proportion=0.00651401, value-avg=[percentiles(0,1,2,5 10,20,50,80,90 95,98,99,100)=(-0.80,-0.71,-0.64,-0.54 -0.40,-0.28,-0.01,0.25,0.36 0.54,0.70,0.75,0.86), mean=-0.00484, stddev=0.312], deriv-avg=[percentiles(0,1,2,5 10,20,50,80,90 95,98,99,100)=(0.24,0.31,0.33,0.38 0.46,0.54,0.63,0.68,0.71 0.72,0.74,0.74,0.79), mean=0.607, stddev=0.0992] }
component name=lstm3.cr_trunc type=BackpropTruncationComponent, dim=650, scale=0.85, count=1.49e+06, recurrence-interval=3, clipping-threshold=30, clipped-proportion=3.35711e-07, zeroing-threshold=15, zeroing-interval=20, zeroed-proportion=6.73833e-06, count-zeroing-boundaries=222607
component name=lstm3.dropout_mask type=DropoutMaskComponent, output-dim=3, dropout-proportion=0.185124
component name=lstm3.W_rp type=NaturalGradientAffineComponent, input-dim=520, output-dim=260, learning-rate=0.000122093, l2-regularize=0.01, max-change=1.5, linear-params-rms=0.08962, linear-params-row-norms=[percentiles(0,1,2,5 10,20,50,80,90 95,98,99,100)=(0.98,1.1,1.1,1.1 1.2,1.3,1.7,2.6,2.7 2.7,2.8,2.9,3.1), mean=1.94, stddev=0.637], linear-params-col-norms=[percentiles(0,1,2,5 10,20,50,80,90 95,98,99,100)=(0.50,0.94,1.0,1.1 1.1,1.2,1.4,1.6,1.8 2.0,2.1,2.1,2.3), mean=1.42, stddev=0.27], bias-{mean,stddev}=-0.02739,0.6223, rank-in=20, rank-out=80, num-samples-history=2000, update-period=4, alpha=4
component name=output.affine type=NaturalGradientAffineComponent, input-dim=260, output-dim=2104, learning-rate=0.000122093, l2-regularize=0.01, max-change=1.5, linear-params-rms=0.04274, linear-params-row-norms=[percentiles(0,1,2,5 10,20,50,80,90 95,98,99,100)=(0.56,0.58,0.59,0.61 0.62,0.64,0.67,0.72,0.75 0.78,0.83,0.90,2.1), mean=0.684, stddev=0.0804], linear-params-col-norms=[percentiles(0,1,2,5 10,20,50,80,90 95,98,99,100)=(0.97,1.0,1.1,1.1 1.2,1.2,1.7,2.5,2.6 2.7,2.7,2.7,2.9), mean=1.87, stddev=0.594], bias-{mean,stddev}=4.791e-09,0.02149, rank-in=20, rank-out=80, num-samples-history=2000, update-period=4, alpha=4
component name=output.log-softmax type=LogSoftmaxComponent, dim=2104, oderiv-rms=[percentiles(0,1,2,5 10,20,50,80,90 95,98,99,100)=(0.001,0.007,0.008,0.009 0.01,0.01,0.02,0.02,0.02 0.03,0.03,0.04,0.42), mean=0.0169, stddev=0.0137], oderiv-count=645120
nnet3-show-progress --use-gpu=no exp/nnet3/tdnn_lstm1c_sp/372.mdl exp/nnet3/tdnn_lstm1c_sp/373.mdl 
LOG (nnet3-show-progress[5.5.0-]:SelectGpuId():cu-device.cc:153) Manually selected to compute on CPU.
WARNING (nnet3-show-progress[5.5.0-]:Check():nnet-nnet.cc:789) Node lda.delayed is never used to compute any output.
WARNING (nnet3-show-progress[5.5.0-]:Check():nnet-nnet.cc:789) Node lda.delayed is never used to compute any output.
WARNING (nnet3-show-progress[5.5.0-]:Check():nnet-nnet.cc:789) Node lda.delayed is never used to compute any output.
LOG (nnet3-show-progress[5.5.0-]:main():nnet3-show-progress.cc:143) Parameter differences per layer are [ tdnn1.affine:3.44084 tdnn2.affine:3.23349 lstm1.W_all:2.47585 lstm1.lstm_nonlin:0.0525748 lstm1.W_rp:1.07034 tdnn3.affine:2.25999 tdnn4.affine:2.33519 lstm2.W_all:1.69196 lstm2.lstm_nonlin:0.0287938 lstm2.W_rp:0.729848 tdnn5.affine:1.89161 tdnn6.affine:1.99382 lstm3.W_all:2.02895 lstm3.lstm_nonlin:0.0526813 lstm3.W_rp:0.770529 output.affine:2.00323 ]
LOG (nnet3-show-progress[5.5.0-]:main():nnet3-show-progress.cc:153) Norms of parameter matrices from <new-nnet-in> are [ tdnn1.affine:12.7977 tdnn2.affine:10.5832 lstm1.W_all:20.5236 lstm1.lstm_nonlin:2.23624 lstm1.W_rp:15.2184 tdnn3.affine:8.16629 tdnn4.affine:7.56608 lstm2.W_all:16.838 lstm2.lstm_nonlin:1.53372 lstm2.W_rp:14.3587 tdnn5.affine:7.70974 tdnn6.affine:7.56155 lstm3.W_all:24.1339 lstm3.lstm_nonlin:3.18266 lstm3.W_rp:34.4506 output.affine:31.6279 ]
LOG (nnet3-show-progress[5.5.0-]:main():nnet3-show-progress.cc:157) Relative parameter differences per layer are [ tdnn1.affine:0.268711 tdnn2.affine:0.305027 lstm1.W_all:0.120593 lstm1.lstm_nonlin:0.0233577 lstm1.W_rp:0.0702939 tdnn3.affine:0.276344 tdnn4.affine:0.307936 lstm2.W_all:0.100468 lstm2.lstm_nonlin:0.0186951 lstm2.W_rp:0.0508076 tdnn5.affine:0.244614 tdnn6.affine:0.263089 lstm3.W_all:0.0840974 lstm3.lstm_nonlin:0.0165662 lstm3.W_rp:0.0223398 output.affine:0.0632591 ]
# Accounting: time=0 threads=1
# Ended (code 0) at Thu Jul 30 12:28:53 KST 2020, elapsed time 0 seconds
