# nnet3-info exp/nnet3/tdnn_lstm1c_sp/458.mdl && nnet3-show-progress --use-gpu=no exp/nnet3/tdnn_lstm1c_sp/457.mdl exp/nnet3/tdnn_lstm1c_sp/458.mdl 
# Started at Thu Jul 30 13:02:43 KST 2020
#
nnet3-info exp/nnet3/tdnn_lstm1c_sp/458.mdl 
WARNING (nnet3-info[5.5.0-]:Check():nnet-nnet.cc:789) Node lda.delayed is never used to compute any output.
left-context: 10
right-context: 20
num-parameters: 8426364
modulus: 1
component-node name=lda.delayed component=lda.delayed input=Append(Offset(input, -2), Offset(input, -1), input, Offset(input, 1), Offset(input, 2), ReplaceIndex(ivector, t, 0)) input-dim=300 output-dim=300
input-node name=ivector dim=100
input-node name=input dim=40
component-node name=lda component=lda input=Append(Offset(input, -2), Offset(input, -1), input, Offset(input, 1), Offset(input, 2), ReplaceIndex(ivector, t, 0)) input-dim=300 output-dim=300
component-node name=tdnn1.affine component=tdnn1.affine input=lda input-dim=300 output-dim=520
component-node name=tdnn1.relu component=tdnn1.relu input=tdnn1.affine input-dim=520 output-dim=520
component-node name=tdnn1.batchnorm component=tdnn1.batchnorm input=tdnn1.relu input-dim=520 output-dim=520
component-node name=tdnn2.affine component=tdnn2.affine input=Append(Offset(tdnn1.batchnorm, -1), tdnn1.batchnorm, Offset(tdnn1.batchnorm, 1)) input-dim=1560 output-dim=520
component-node name=tdnn2.relu component=tdnn2.relu input=tdnn2.affine input-dim=520 output-dim=520
component-node name=tdnn2.batchnorm component=tdnn2.batchnorm input=tdnn2.relu input-dim=520 output-dim=520
component-node name=lstm1.W_all component=lstm1.W_all input=Append(tdnn2.batchnorm, IfDefined(Offset(lstm1.r_trunc, -3))) input-dim=650 output-dim=2080
component-node name=lstm1.dropout_mask component=lstm1.dropout_mask input=lstm1.dropout_mask input-dim=3 output-dim=3
component-node name=lstm1.lstm_nonlin component=lstm1.lstm_nonlin input=Append(lstm1.W_all, IfDefined(Offset(lstm1.c_trunc, -3)), lstm1.dropout_mask) input-dim=2603 output-dim=1040
dim-range-node name=lstm1.c input-node=lstm1.lstm_nonlin dim-offset=0 dim=520
dim-range-node name=lstm1.m input-node=lstm1.lstm_nonlin dim-offset=520 dim=520
component-node name=lstm1.rp component=lstm1.W_rp input=lstm1.m input-dim=520 output-dim=260
dim-range-node name=lstm1.r input-node=lstm1.rp dim-offset=0 dim=130
component-node name=lstm1.cr_trunc component=lstm1.cr_trunc input=Append(lstm1.c, lstm1.r) input-dim=650 output-dim=650
dim-range-node name=lstm1.c_trunc input-node=lstm1.cr_trunc dim-offset=0 dim=520
dim-range-node name=lstm1.r_trunc input-node=lstm1.cr_trunc dim-offset=520 dim=130
component-node name=tdnn3.affine component=tdnn3.affine input=Append(Offset(lstm1.rp, -3), lstm1.rp, Offset(lstm1.rp, 3)) input-dim=780 output-dim=520
component-node name=tdnn3.relu component=tdnn3.relu input=tdnn3.affine input-dim=520 output-dim=520
component-node name=tdnn3.batchnorm component=tdnn3.batchnorm input=tdnn3.relu input-dim=520 output-dim=520
component-node name=tdnn4.affine component=tdnn4.affine input=Append(Offset(tdnn3.batchnorm, -3), tdnn3.batchnorm, Offset(tdnn3.batchnorm, 3)) input-dim=1560 output-dim=520
component-node name=tdnn4.relu component=tdnn4.relu input=tdnn4.affine input-dim=520 output-dim=520
component-node name=tdnn4.batchnorm component=tdnn4.batchnorm input=tdnn4.relu input-dim=520 output-dim=520
component-node name=lstm2.W_all component=lstm2.W_all input=Append(tdnn4.batchnorm, IfDefined(Offset(lstm2.r_trunc, -3))) input-dim=650 output-dim=2080
component-node name=lstm2.dropout_mask component=lstm2.dropout_mask input=lstm2.dropout_mask input-dim=3 output-dim=3
component-node name=lstm2.lstm_nonlin component=lstm2.lstm_nonlin input=Append(lstm2.W_all, IfDefined(Offset(lstm2.c_trunc, -3)), lstm2.dropout_mask) input-dim=2603 output-dim=1040
dim-range-node name=lstm2.c input-node=lstm2.lstm_nonlin dim-offset=0 dim=520
dim-range-node name=lstm2.m input-node=lstm2.lstm_nonlin dim-offset=520 dim=520
component-node name=lstm2.rp component=lstm2.W_rp input=lstm2.m input-dim=520 output-dim=260
dim-range-node name=lstm2.r input-node=lstm2.rp dim-offset=0 dim=130
component-node name=lstm2.cr_trunc component=lstm2.cr_trunc input=Append(lstm2.c, lstm2.r) input-dim=650 output-dim=650
dim-range-node name=lstm2.c_trunc input-node=lstm2.cr_trunc dim-offset=0 dim=520
dim-range-node name=lstm2.r_trunc input-node=lstm2.cr_trunc dim-offset=520 dim=130
component-node name=tdnn5.affine component=tdnn5.affine input=Append(Offset(lstm2.rp, -3), lstm2.rp, Offset(lstm2.rp, 3)) input-dim=780 output-dim=520
component-node name=tdnn5.relu component=tdnn5.relu input=tdnn5.affine input-dim=520 output-dim=520
component-node name=tdnn5.batchnorm component=tdnn5.batchnorm input=tdnn5.relu input-dim=520 output-dim=520
component-node name=tdnn6.affine component=tdnn6.affine input=Append(Offset(tdnn5.batchnorm, -3), tdnn5.batchnorm, Offset(tdnn5.batchnorm, 3)) input-dim=1560 output-dim=520
component-node name=tdnn6.relu component=tdnn6.relu input=tdnn6.affine input-dim=520 output-dim=520
component-node name=tdnn6.batchnorm component=tdnn6.batchnorm input=tdnn6.relu input-dim=520 output-dim=520
component-node name=lstm3.W_all component=lstm3.W_all input=Append(tdnn6.batchnorm, IfDefined(Offset(lstm3.r_trunc, -3))) input-dim=650 output-dim=2080
component-node name=lstm3.dropout_mask component=lstm3.dropout_mask input=lstm3.dropout_mask input-dim=3 output-dim=3
component-node name=lstm3.lstm_nonlin component=lstm3.lstm_nonlin input=Append(lstm3.W_all, IfDefined(Offset(lstm3.c_trunc, -3)), lstm3.dropout_mask) input-dim=2603 output-dim=1040
dim-range-node name=lstm3.c input-node=lstm3.lstm_nonlin dim-offset=0 dim=520
dim-range-node name=lstm3.m input-node=lstm3.lstm_nonlin dim-offset=520 dim=520
component-node name=lstm3.rp component=lstm3.W_rp input=lstm3.m input-dim=520 output-dim=260
dim-range-node name=lstm3.r input-node=lstm3.rp dim-offset=0 dim=130
component-node name=lstm3.cr_trunc component=lstm3.cr_trunc input=Append(lstm3.c, lstm3.r) input-dim=650 output-dim=650
dim-range-node name=lstm3.c_trunc input-node=lstm3.cr_trunc dim-offset=0 dim=520
dim-range-node name=lstm3.r_trunc input-node=lstm3.cr_trunc dim-offset=520 dim=130
component-node name=output.affine component=output.affine input=lstm3.rp input-dim=260 output-dim=2104
component-node name=output.log-softmax component=output.log-softmax input=output.affine input-dim=2104 output-dim=2104
output-node name=output input=Offset(output.log-softmax, 5) dim=2104 objective=linear
component name=lda.delayed type=NoOpComponent, dim=300
component name=lda type=FixedAffineComponent, input-dim=300, output-dim=300, linear-params-rms=0.006709, bias-{mean,stddev}=-0.01975,0.4295
component name=tdnn1.affine type=NaturalGradientAffineComponent, input-dim=300, output-dim=520, learning-rate=7.12084e-05, l2-regularize=0.05, max-change=0.75, linear-params-rms=0.03252, linear-params-row-norms=[percentiles(0,1,2,5 10,20,50,80,90 95,98,99,100)=(0.003,0.004,0.004,0.006 0.009,0.02,0.58,0.73,0.79 0.87,0.92,0.98,1.3), mean=0.471, stddev=0.309], linear-params-col-norms=[percentiles(0,1,2,5 10,20,50,80,90 95,98,99,100)=(0.13,0.15,0.15,0.16 0.19,0.23,0.69,0.94,1.1 1.3,1.4,1.4,1.4), mean=0.65, stddev=0.357], bias-{mean,stddev}=-0.007725,0.0597, rank-in=20, rank-out=80, num-samples-history=2000, update-period=4, alpha=4
component name=tdnn1.relu type=RectifiedLinearComponent, dim=520, self-repair-scale=1e-05, count=9.31e+05, self-repaired-proportion=0.15932, value-avg=[percentiles(0,1,2,5 10,20,50,80,90 95,98,99,100)=(7e-06,2e-05,3e-05,4e-05 6e-05,0.0002,0.04,0.09,0.11 0.12,0.14,0.14,0.18), mean=0.0433, stddev=0.0441], deriv-avg=[percentiles(0,1,2,5 10,20,50,80,90 95,98,99,100)=(0.007,0.02,0.02,0.03 0.05,0.07,0.36,0.60,0.71 0.77,0.87,0.91,0.98), mean=0.345, stddev=0.263], oderiv-rms=[percentiles(0,1,2,5 10,20,50,80,90 95,98,99,100)=(0.006,0.008,0.009,0.01 0.02,0.05,0.43,0.62,0.76 0.87,0.99,1.1,1.8), mean=0.415, stddev=0.287], oderiv-count=1.09043e+06
component name=tdnn1.batchnorm type=BatchNormComponent, dim=520, block-dim=520, epsilon=0.001, target-rms=1, count=36099.7, test-mode=false, data-mean=[percentiles(0,1,2,5 10,20,50,80,90 95,98,99,100)=(7e-06,1e-05,1e-05,3e-05 6e-05,0.0002,0.04,0.08,0.10 0.12,0.14,0.15,0.18), mean=0.0415, stddev=0.0429], data-stddev=[percentiles(0,1,2,5 10,20,50,80,90 95,98,99,100)=(6e-05,0.0001,0.0001,0.0002 0.0003,0.001,0.07,0.10,0.12 0.13,0.14,0.15,0.16), mean=0.0577, stddev=0.0477]
component name=tdnn2.affine type=NaturalGradientAffineComponent, input-dim=1560, output-dim=520, learning-rate=7.12084e-05, l2-regularize=0.05, max-change=0.75, linear-params-rms=0.01143, linear-params-row-norms=[percentiles(0,1,2,5 10,20,50,80,90 95,98,99,100)=(0.30,0.33,0.33,0.35 0.37,0.39,0.44,0.50,0.54 0.57,0.61,0.64,0.72), mean=0.446, stddev=0.0689], linear-params-col-norms=[percentiles(0,1,2,5 10,20,50,80,90 95,98,99,100)=(0.001,0.002,0.002,0.003 0.005,0.01,0.27,0.33,0.36 0.39,0.42,0.50,0.76), mean=0.217, stddev=0.144], bias-{mean,stddev}=-0.03567,0.03714, rank-in=20, rank-out=80, num-samples-history=2000, update-period=4, alpha=4
component name=tdnn2.relu type=RectifiedLinearComponent, dim=520, self-repair-scale=1e-05, count=1.1e+06, self-repaired-proportion=0, value-avg=[percentiles(0,1,2,5 10,20,50,80,90 95,98,99,100)=(0.14,0.16,0.17,0.18 0.20,0.21,0.24,0.28,0.30 0.32,0.33,0.35,0.43), mean=0.246, stddev=0.0414], deriv-avg=[percentiles(0,1,2,5 10,20,50,80,90 95,98,99,100)=(0.26,0.36,0.37,0.38 0.40,0.41,0.44,0.47,0.49 0.50,0.52,0.53,0.58), mean=0.441, stddev=0.0372], oderiv-rms=[percentiles(0,1,2,5 10,20,50,80,90 95,98,99,100)=(0.04,0.04,0.04,0.04 0.05,0.05,0.06,0.07,0.07 0.08,0.09,0.10,0.12), mean=0.058, stddev=0.0121], oderiv-count=1.08957e+06
component name=tdnn2.batchnorm type=BatchNormComponent, dim=520, block-dim=520, epsilon=0.001, target-rms=1, count=35319, test-mode=false, data-mean=[percentiles(0,1,2,5 10,20,50,80,90 95,98,99,100)=(0.14,0.16,0.17,0.18 0.20,0.21,0.25,0.28,0.30 0.31,0.35,0.37,0.44), mean=0.248, stddev=0.0432], data-stddev=[percentiles(0,1,2,5 10,20,50,80,90 95,98,99,100)=(0.29,0.32,0.34,0.36 0.38,0.40,0.45,0.50,0.53 0.55,0.58,0.59,0.62), mean=0.449, stddev=0.0589]
component name=lstm1.W_all type=NaturalGradientAffineComponent, input-dim=650, output-dim=2080, learning-rate=7.12084e-05, l2-regularize=0.01, max-change=1.5, linear-params-rms=0.01735, linear-params-row-norms=[percentiles(0,1,2,5 10,20,50,80,90 95,98,99,100)=(3e-08,5e-07,1e-06,8e-06 0.0002,0.18,0.40,0.58,0.65 0.72,0.80,0.88,1.1), mean=0.379, stddev=0.228], linear-params-col-norms=[percentiles(0,1,2,5 10,20,50,80,90 95,98,99,100)=(0.29,0.34,0.38,0.41 0.47,0.69,0.80,0.89,0.95 1.0,1.1,1.2,1.3), mean=0.773, stddev=0.171], bias-{mean,stddev}=0.0005137,0.02243, rank-in=20, rank-out=80, num-samples-history=2000, update-period=4, alpha=4
component name=lstm1.lstm_nonlin type=LstmNonlinearityComponent, input-dim=2603, output-dim=1040, learning-rate=7.12084e-05, l2-regularize=0.01, max-change=0.75, cell-dim=520, use-dropout=true, w_ic-rms=0.04743, w_fc-rms=0.02152, w_oc-rms=0.03956, count=1.51e+06, i_t_sigmoid={ self-repair-lower-threshold=0.05, self-repair-scale=1e-05, self-repaired-proportion=0.00643345, value-avg=[percentiles(0,1,2,5 10,20,50,80,90 95,98,99,100)=(0.38,0.40,0.42,0.43 0.44,0.45,0.48,0.50,0.54 0.64,0.72,0.73,0.78), mean=0.49, stddev=0.063], deriv-avg=[percentiles(0,1,2,5 10,20,50,80,90 95,98,99,100)=(0.17,0.18,0.19,0.20 0.21,0.22,0.23,0.24,0.25 0.25,0.25,0.25,0.25), mean=0.228, stddev=0.0154] }, f_t_sigmoid={ self-repair-lower-threshold=0.05, self-repair-scale=1e-05, self-repaired-proportion=0.00643345, value-avg=[percentiles(0,1,2,5 10,20,50,80,90 95,98,99,100)=(0.40,0.42,0.43,0.44 0.45,0.47,0.50,0.51,0.55 0.61,0.66,0.70,0.76), mean=0.5, stddev=0.0511], deriv-avg=[percentiles(0,1,2,5 10,20,50,80,90 95,98,99,100)=(0.18,0.18,0.20,0.21 0.22,0.23,0.24,0.25,0.25 0.25,0.25,0.25,0.25), mean=0.236, stddev=0.0133] }, c_t_tanh={ self-repair-lower-threshold=0.2, self-repair-scale=1e-05, self-repaired-proportion=0.00650772, value-avg=[percentiles(0,1,2,5 10,20,50,80,90 95,98,99,100)=(-0.86,-0.82,-0.78,-0.43 -0.28,-0.13,0.0004,0.15,0.28 0.59,0.76,0.80,0.86), mean=0.0136, stddev=0.281], deriv-avg=[percentiles(0,1,2,5 10,20,50,80,90 95,98,99,100)=(0.21,0.28,0.30,0.33 0.40,0.46,0.58,0.71,1.0 1.0,1.0,1.0,1.0), mean=0.615, stddev=0.202] }, o_t_sigmoid={ self-repair-lower-threshold=0.05, self-repair-scale=1e-05, self-repaired-proportion=0.00643345, value-avg=[percentiles(0,1,2,5 10,20,50,80,90 95,98,99,100)=(0.34,0.38,0.39,0.40 0.41,0.43,0.46,0.50,0.50 0.52,0.55,0.59,0.65), mean=0.461, stddev=0.0416], deriv-avg=[percentiles(0,1,2,5 10,20,50,80,90 95,98,99,100)=(0.16,0.18,0.19,0.19 0.20,0.21,0.22,0.24,0.25 0.25,0.25,0.25,0.25), mean=0.222, stddev=0.0184] }, m_t_tanh={ self-repair-lower-threshold=0.2, self-repair-scale=1e-05, self-repaired-proportion=0.00865735, value-avg=[percentiles(0,1,2,5 10,20,50,80,90 95,98,99,100)=(-0.88,-0.80,-0.75,-0.38 -0.21,-0.11,0.0004,0.13,0.23 0.45,0.65,0.79,0.89), mean=0.0108, stddev=0.251], deriv-avg=[percentiles(0,1,2,5 10,20,50,80,90 95,98,99,100)=(0.20,0.28,0.33,0.48 0.66,0.75,0.84,0.91,1.0 1.0,1.0,1.0,1.0), mean=0.819, stddev=0.151] }
component name=lstm1.cr_trunc type=BackpropTruncationComponent, dim=650, scale=0.85, count=1.98e+06, recurrence-interval=3, clipping-threshold=30, clipped-proportion=1.51778e-06, zeroing-threshold=15, zeroing-interval=20, zeroed-proportion=1.18134e-05, count-zeroing-boundaries=296272
component name=lstm1.dropout_mask type=DropoutMaskComponent, output-dim=3, dropout-proportion=0.0446281
component name=lstm1.W_rp type=NaturalGradientAffineComponent, input-dim=520, output-dim=260, learning-rate=7.12084e-05, l2-regularize=0.01, max-change=1.5, linear-params-rms=0.03828, linear-params-row-norms=[percentiles(0,1,2,5 10,20,50,80,90 95,98,99,100)=(0.36,0.41,0.44,0.46 0.51,0.55,0.83,1.1,1.2 1.2,1.3,1.3,1.3), mean=0.833, stddev=0.262], linear-params-col-norms=[percentiles(0,1,2,5 10,20,50,80,90 95,98,99,100)=(0.0002,0.0006,0.0008,0.002 0.006,0.40,0.55,0.71,0.87 1.0,1.2,1.3,1.6), mean=0.536, stddev=0.307], bias-{mean,stddev}=0.01146,0.2489, rank-in=20, rank-out=80, num-samples-history=2000, update-period=4, alpha=4
component name=tdnn3.affine type=NaturalGradientAffineComponent, input-dim=780, output-dim=520, learning-rate=7.12084e-05, l2-regularize=0.05, max-change=0.75, linear-params-rms=0.01222, linear-params-row-norms=[percentiles(0,1,2,5 10,20,50,80,90 95,98,99,100)=(0.13,0.23,0.24,0.26 0.27,0.29,0.33,0.38,0.40 0.44,0.47,0.49,0.54), mean=0.337, stddev=0.0546], linear-params-col-norms=[percentiles(0,1,2,5 10,20,50,80,90 95,98,99,100)=(0.11,0.13,0.13,0.15 0.16,0.18,0.26,0.35,0.38 0.40,0.43,0.44,0.47), mean=0.265, stddev=0.0861], bias-{mean,stddev}=0.0009769,0.01052, rank-in=20, rank-out=80, num-samples-history=2000, update-period=4, alpha=4
component name=tdnn3.relu type=RectifiedLinearComponent, dim=520, self-repair-scale=1e-05, count=8.01e+05, self-repaired-proportion=0.00163346, value-avg=[percentiles(0,1,2,5 10,20,50,80,90 95,98,99,100)=(0.002,0.01,0.01,0.02 0.03,0.05,0.08,0.11,0.13 0.15,0.16,0.17,0.19), mean=0.0813, stddev=0.0372], deriv-avg=[percentiles(0,1,2,5 10,20,50,80,90 95,98,99,100)=(0.06,0.11,0.12,0.15 0.21,0.28,0.43,0.54,0.60 0.64,0.67,0.69,0.84), mean=0.417, stddev=0.146], oderiv-rms=[percentiles(0,1,2,5 10,20,50,80,90 95,98,99,100)=(0.07,0.08,0.08,0.09 0.09,0.10,0.11,0.15,0.18 0.21,0.24,0.26,0.31), mean=0.128, stddev=0.0387], oderiv-count=997568
component name=tdnn3.batchnorm type=BatchNormComponent, dim=520, block-dim=520, epsilon=0.001, target-rms=1, count=32976.9, test-mode=false, data-mean=[percentiles(0,1,2,5 10,20,50,80,90 95,98,99,100)=(0.003,0.01,0.02,0.02 0.03,0.05,0.08,0.11,0.13 0.14,0.16,0.17,0.18), mean=0.0811, stddev=0.0362], data-stddev=[percentiles(0,1,2,5 10,20,50,80,90 95,98,99,100)=(0.02,0.05,0.06,0.07 0.09,0.11,0.14,0.16,0.18 0.19,0.20,0.20,0.23), mean=0.136, stddev=0.0332]
component name=tdnn4.affine type=NaturalGradientAffineComponent, input-dim=1560, output-dim=520, learning-rate=7.12084e-05, l2-regularize=0.05, max-change=0.75, linear-params-rms=0.008058, linear-params-row-norms=[percentiles(0,1,2,5 10,20,50,80,90 95,98,99,100)=(0.22,0.25,0.26,0.27 0.28,0.29,0.31,0.35,0.36 0.38,0.40,0.40,0.42), mean=0.316, stddev=0.0344], linear-params-col-norms=[percentiles(0,1,2,5 10,20,50,80,90 95,98,99,100)=(0.06,0.12,0.13,0.14 0.15,0.15,0.17,0.20,0.22 0.24,0.27,0.29,0.38), mean=0.181, stddev=0.0336], bias-{mean,stddev}=-0.02895,0.01708, rank-in=20, rank-out=80, num-samples-history=2000, update-period=4, alpha=4
component name=tdnn4.relu type=RectifiedLinearComponent, dim=520, self-repair-scale=1e-05, count=9.15e+05, self-repaired-proportion=0, value-avg=[percentiles(0,1,2,5 10,20,50,80,90 95,98,99,100)=(0.16,0.18,0.18,0.19 0.20,0.21,0.24,0.26,0.28 0.30,0.32,0.33,0.35), mean=0.239, stddev=0.0328], deriv-avg=[percentiles(0,1,2,5 10,20,50,80,90 95,98,99,100)=(0.24,0.35,0.36,0.37 0.38,0.40,0.42,0.44,0.46 0.47,0.48,0.48,0.50), mean=0.42, stddev=0.0294], oderiv-rms=[percentiles(0,1,2,5 10,20,50,80,90 95,98,99,100)=(0.03,0.03,0.03,0.03 0.03,0.04,0.04,0.04,0.04 0.04,0.05,0.05,0.05), mean=0.0385, stddev=0.00294], oderiv-count=986624
component name=tdnn4.batchnorm type=BatchNormComponent, dim=520, block-dim=520, epsilon=0.001, target-rms=1, count=30634.8, test-mode=false, data-mean=[percentiles(0,1,2,5 10,20,50,80,90 95,98,99,100)=(0.16,0.18,0.19,0.19 0.20,0.21,0.24,0.27,0.28 0.30,0.32,0.33,0.39), mean=0.242, stddev=0.0334], data-stddev=[percentiles(0,1,2,5 10,20,50,80,90 95,98,99,100)=(0.30,0.37,0.38,0.40 0.41,0.43,0.47,0.52,0.55 0.57,0.61,0.63,0.74), mean=0.475, stddev=0.0564]
component name=lstm2.W_all type=NaturalGradientAffineComponent, input-dim=650, output-dim=2080, learning-rate=7.12084e-05, l2-regularize=0.01, max-change=1.5, linear-params-rms=0.01415, linear-params-row-norms=[percentiles(0,1,2,5 10,20,50,80,90 95,98,99,100)=(2e-07,3e-06,5e-06,1e-05 5e-05,0.0009,0.32,0.50,0.58 0.63,0.68,0.70,0.85), mean=0.279, stddev=0.229], linear-params-col-norms=[percentiles(0,1,2,5 10,20,50,80,90 95,98,99,100)=(0.26,0.28,0.30,0.33 0.39,0.58,0.65,0.72,0.76 0.79,0.85,0.89,1.3), mean=0.632, stddev=0.132], bias-{mean,stddev}=0.002691,0.0265, rank-in=20, rank-out=80, num-samples-history=2000, update-period=4, alpha=4
component name=lstm2.lstm_nonlin type=LstmNonlinearityComponent, input-dim=2603, output-dim=1040, learning-rate=7.12084e-05, l2-regularize=0.01, max-change=0.75, cell-dim=520, use-dropout=true, w_ic-rms=0.02985, w_fc-rms=0.01395, w_oc-rms=0.03627, count=1.38e+06, i_t_sigmoid={ self-repair-lower-threshold=0.05, self-repair-scale=1e-05, self-repaired-proportion=0.00648886, value-avg=[percentiles(0,1,2,5 10,20,50,80,90 95,98,99,100)=(0.42,0.43,0.44,0.46 0.46,0.48,0.50,0.50,0.54 0.57,0.62,0.65,0.71), mean=0.5, stddev=0.0369], deriv-avg=[percentiles(0,1,2,5 10,20,50,80,90 95,98,99,100)=(0.20,0.21,0.21,0.21 0.22,0.22,0.23,0.25,0.25 0.25,0.25,0.25,0.25), mean=0.235, stddev=0.0132] }, f_t_sigmoid={ self-repair-lower-threshold=0.05, self-repair-scale=1e-05, self-repaired-proportion=0.00648886, value-avg=[percentiles(0,1,2,5 10,20,50,80,90 95,98,99,100)=(0.40,0.45,0.45,0.46 0.46,0.48,0.50,0.51,0.53 0.55,0.59,0.61,0.67), mean=0.499, stddev=0.031], deriv-avg=[percentiles(0,1,2,5 10,20,50,80,90 95,98,99,100)=(0.20,0.21,0.21,0.22 0.22,0.23,0.24,0.25,0.25 0.25,0.25,0.25,0.25), mean=0.239, stddev=0.0115] }, c_t_tanh={ self-repair-lower-threshold=0.2, self-repair-scale=1e-05, self-repaired-proportion=0.00648886, value-avg=[percentiles(0,1,2,5 10,20,50,80,90 95,98,99,100)=(-0.83,-0.73,-0.65,-0.36 -0.21,-0.09,8e-05,0.10,0.26 0.43,0.56,0.61,0.73), mean=0.00529, stddev=0.224], deriv-avg=[percentiles(0,1,2,5 10,20,50,80,90 95,98,99,100)=(0.26,0.37,0.42,0.46 0.49,0.54,0.64,1.0,1.0 1.0,1.0,1.0,1.0), mean=0.724, stddev=0.211] }, o_t_sigmoid={ self-repair-lower-threshold=0.05, self-repair-scale=1e-05, self-repaired-proportion=0.00648886, value-avg=[percentiles(0,1,2,5 10,20,50,80,90 95,98,99,100)=(0.39,0.41,0.42,0.43 0.45,0.46,0.50,0.50,0.51 0.52,0.55,0.56,0.73), mean=0.486, stddev=0.0304], deriv-avg=[percentiles(0,1,2,5 10,20,50,80,90 95,98,99,100)=(0.17,0.18,0.19,0.20 0.21,0.21,0.23,0.25,0.25 0.25,0.25,0.25,0.25), mean=0.231, stddev=0.0174] }, m_t_tanh={ self-repair-lower-threshold=0.2, self-repair-scale=1e-05, self-repaired-proportion=0.00648886, value-avg=[percentiles(0,1,2,5 10,20,50,80,90 95,98,99,100)=(-0.79,-0.60,-0.56,-0.30 -0.19,-0.07,5e-05,0.09,0.22 0.39,0.48,0.54,0.70), mean=0.00493, stddev=0.196], deriv-avg=[percentiles(0,1,2,5 10,20,50,80,90 95,98,99,100)=(0.35,0.51,0.57,0.64 0.71,0.78,0.87,1.0,1.0 1.0,1.0,1.0,1.0), mean=0.873, stddev=0.12] }
component name=lstm2.cr_trunc type=BackpropTruncationComponent, dim=650, scale=0.85, count=1.73e+06, recurrence-interval=3, clipping-threshold=30, clipped-proportion=0, zeroing-threshold=15, zeroing-interval=20, zeroed-proportion=1.91355e-06, count-zeroing-boundaries=261294
component name=lstm2.dropout_mask type=DropoutMaskComponent, output-dim=3, dropout-proportion=0.0446281
component name=lstm2.W_rp type=NaturalGradientAffineComponent, input-dim=520, output-dim=260, learning-rate=7.12084e-05, l2-regularize=0.01, max-change=1.5, linear-params-rms=0.03619, linear-params-row-norms=[percentiles(0,1,2,5 10,20,50,80,90 95,98,99,100)=(0.41,0.43,0.45,0.52 0.54,0.59,0.79,1.0,1.1 1.1,1.1,1.2,1.3), mean=0.798, stddev=0.21], linear-params-col-norms=[percentiles(0,1,2,5 10,20,50,80,90 95,98,99,100)=(0.0005,0.001,0.001,0.002 0.004,0.01,0.58,0.77,0.86 0.97,1.1,1.1,1.3), mean=0.464, stddev=0.353], bias-{mean,stddev}=-0.003349,0.1976, rank-in=20, rank-out=80, num-samples-history=2000, update-period=4, alpha=4
component name=tdnn5.affine type=NaturalGradientAffineComponent, input-dim=780, output-dim=520, learning-rate=7.12084e-05, l2-regularize=0.05, max-change=0.75, linear-params-rms=0.0114, linear-params-row-norms=[percentiles(0,1,2,5 10,20,50,80,90 95,98,99,100)=(0.13,0.20,0.21,0.23 0.25,0.26,0.30,0.36,0.39 0.43,0.46,0.46,0.50), mean=0.313, stddev=0.0584], linear-params-col-norms=[percentiles(0,1,2,5 10,20,50,80,90 95,98,99,100)=(0.11,0.13,0.14,0.15 0.16,0.18,0.23,0.33,0.35 0.38,0.40,0.41,0.43), mean=0.249, stddev=0.0755], bias-{mean,stddev}=0.001512,0.007576, rank-in=20, rank-out=80, num-samples-history=2000, update-period=4, alpha=4
component name=tdnn5.relu type=RectifiedLinearComponent, dim=520, self-repair-scale=1e-05, count=8.87e+05, self-repaired-proportion=0, value-avg=[percentiles(0,1,2,5 10,20,50,80,90 95,98,99,100)=(0.009,0.01,0.01,0.02 0.03,0.04,0.06,0.09,0.11 0.11,0.13,0.14,0.17), mean=0.0643, stddev=0.0291], deriv-avg=[percentiles(0,1,2,5 10,20,50,80,90 95,98,99,100)=(0.08,0.11,0.12,0.15 0.19,0.27,0.40,0.50,0.55 0.58,0.61,0.62,0.66), mean=0.387, stddev=0.128], oderiv-rms=[percentiles(0,1,2,5 10,20,50,80,90 95,98,99,100)=(0.06,0.08,0.09,0.09 0.09,0.10,0.12,0.14,0.17 0.20,0.22,0.22,0.28), mean=0.126, stddev=0.0327], oderiv-count=930048
component name=tdnn5.batchnorm type=BatchNormComponent, dim=520, block-dim=520, epsilon=0.001, target-rms=1, count=28292.7, test-mode=false, data-mean=[percentiles(0,1,2,5 10,20,50,80,90 95,98,99,100)=(0.009,0.01,0.01,0.02 0.03,0.04,0.06,0.09,0.10 0.12,0.13,0.14,0.16), mean=0.0666, stddev=0.0291], data-stddev=[percentiles(0,1,2,5 10,20,50,80,90 95,98,99,100)=(0.03,0.05,0.06,0.07 0.08,0.09,0.12,0.14,0.16 0.17,0.17,0.18,0.20), mean=0.118, stddev=0.0289]
component name=tdnn6.affine type=NaturalGradientAffineComponent, input-dim=1560, output-dim=520, learning-rate=7.12084e-05, l2-regularize=0.05, max-change=0.75, linear-params-rms=0.008116, linear-params-row-norms=[percentiles(0,1,2,5 10,20,50,80,90 95,98,99,100)=(0.11,0.13,0.16,0.23 0.25,0.28,0.32,0.36,0.38 0.40,0.40,0.41,0.44), mean=0.316, stddev=0.0537], linear-params-col-norms=[percentiles(0,1,2,5 10,20,50,80,90 95,98,99,100)=(0.08,0.12,0.12,0.13 0.14,0.15,0.17,0.21,0.24 0.26,0.30,0.34,0.39), mean=0.18, stddev=0.0424], bias-{mean,stddev}=-0.02448,0.02091, rank-in=20, rank-out=80, num-samples-history=2000, update-period=4, alpha=4
component name=tdnn6.relu type=RectifiedLinearComponent, dim=520, self-repair-scale=1e-05, count=7.05e+05, self-repaired-proportion=0, value-avg=[percentiles(0,1,2,5 10,20,50,80,90 95,98,99,100)=(0.12,0.13,0.14,0.18 0.20,0.22,0.25,0.28,0.29 0.31,0.32,0.34,0.36), mean=0.249, stddev=0.0395], deriv-avg=[percentiles(0,1,2,5 10,20,50,80,90 95,98,99,100)=(0.31,0.34,0.35,0.36 0.37,0.38,0.41,0.43,0.45 0.46,0.48,0.49,0.50), mean=0.41, stddev=0.0314], oderiv-rms=[percentiles(0,1,2,5 10,20,50,80,90 95,98,99,100)=(0.02,0.02,0.03,0.03 0.03,0.03,0.03,0.03,0.04 0.04,0.04,0.04,0.05), mean=0.0317, stddev=0.00354], oderiv-count=932960
component name=tdnn6.batchnorm type=BatchNormComponent, dim=520, block-dim=520, epsilon=0.001, target-rms=1, count=25950.6, test-mode=false, data-mean=[percentiles(0,1,2,5 10,20,50,80,90 95,98,99,100)=(0.13,0.13,0.14,0.18 0.20,0.22,0.26,0.28,0.30 0.31,0.32,0.34,0.40), mean=0.253, stddev=0.0406], data-stddev=[percentiles(0,1,2,5 10,20,50,80,90 95,98,99,100)=(0.19,0.21,0.23,0.33 0.40,0.43,0.50,0.56,0.60 0.63,0.65,0.67,0.87), mean=0.498, stddev=0.0892]
component name=lstm3.W_all type=NaturalGradientAffineComponent, input-dim=650, output-dim=2080, learning-rate=7.12084e-05, l2-regularize=0.01, max-change=1.5, linear-params-rms=0.02033, linear-params-row-norms=[percentiles(0,1,2,5 10,20,50,80,90 95,98,99,100)=(0.20,0.22,0.24,0.26 0.28,0.32,0.47,0.66,0.73 0.78,0.82,0.85,0.93), mean=0.491, stddev=0.167], linear-params-col-norms=[percentiles(0,1,2,5 10,20,50,80,90 95,98,99,100)=(0.47,0.50,0.56,0.66 0.72,0.76,0.83,1.1,1.2 1.3,1.4,1.5,1.8), mean=0.903, stddev=0.212], bias-{mean,stddev}=0.01453,0.01716, rank-in=20, rank-out=80, num-samples-history=2000, update-period=4, alpha=4
component name=lstm3.lstm_nonlin type=LstmNonlinearityComponent, input-dim=2603, output-dim=1040, learning-rate=7.12084e-05, l2-regularize=0.01, max-change=0.75, cell-dim=520, use-dropout=true, w_ic-rms=0.08099, w_fc-rms=0.04027, w_oc-rms=0.05938, count=1.25e+06, i_t_sigmoid={ self-repair-lower-threshold=0.05, self-repair-scale=1e-05, self-repaired-proportion=0.00655574, value-avg=[percentiles(0,1,2,5 10,20,50,80,90 95,98,99,100)=(0.50,0.55,0.57,0.59 0.61,0.64,0.68,0.72,0.75 0.77,0.79,0.80,0.82), mean=0.681, stddev=0.0525], deriv-avg=[percentiles(0,1,2,5 10,20,50,80,90 95,98,99,100)=(0.12,0.13,0.14,0.15 0.16,0.17,0.18,0.19,0.20 0.20,0.20,0.20,0.21), mean=0.181, stddev=0.0148] }, f_t_sigmoid={ self-repair-lower-threshold=0.05, self-repair-scale=1e-05, self-repaired-proportion=0.00655574, value-avg=[percentiles(0,1,2,5 10,20,50,80,90 95,98,99,100)=(0.44,0.50,0.52,0.54 0.55,0.58,0.61,0.66,0.71 0.76,0.79,0.80,0.85), mean=0.621, stddev=0.0622], deriv-avg=[percentiles(0,1,2,5 10,20,50,80,90 95,98,99,100)=(0.12,0.14,0.15,0.15 0.17,0.19,0.20,0.21,0.21 0.22,0.22,0.22,0.22), mean=0.195, stddev=0.0177] }, c_t_tanh={ self-repair-lower-threshold=0.2, self-repair-scale=1e-05, self-repaired-proportion=0.0105711, value-avg=[percentiles(0,1,2,5 10,20,50,80,90 95,98,99,100)=(-0.86,-0.81,-0.70,-0.55 -0.42,-0.29,-0.02,0.25,0.40 0.53,0.65,0.73,0.86), mean=-0.0104, stddev=0.321], deriv-avg=[percentiles(0,1,2,5 10,20,50,80,90 95,98,99,100)=(0.20,0.22,0.23,0.28 0.31,0.35,0.41,0.44,0.47 0.48,0.50,0.51,0.54), mean=0.397, stddev=0.0601] }, o_t_sigmoid={ self-repair-lower-threshold=0.05, self-repair-scale=1e-05, self-repaired-proportion=0.00655574, value-avg=[percentiles(0,1,2,5 10,20,50,80,90 95,98,99,100)=(0.46,0.50,0.52,0.54 0.56,0.59,0.63,0.67,0.69 0.71,0.75,0.78,0.90), mean=0.631, stddev=0.0536], deriv-avg=[percentiles(0,1,2,5 10,20,50,80,90 95,98,99,100)=(0.08,0.13,0.13,0.14 0.15,0.16,0.18,0.18,0.19 0.19,0.19,0.19,0.20), mean=0.174, stddev=0.0149] }, m_t_tanh={ self-repair-lower-threshold=0.2, self-repair-scale=1e-05, self-repaired-proportion=0.0190096, value-avg=[percentiles(0,1,2,5 10,20,50,80,90 95,98,99,100)=(-0.88,-0.84,-0.72,-0.58 -0.40,-0.27,-0.006,0.24,0.36 0.54,0.69,0.75,0.88), mean=-0.0128, stddev=0.321], deriv-avg=[percentiles(0,1,2,5 10,20,50,80,90 95,98,99,100)=(0.19,0.20,0.21,0.30 0.37,0.45,0.55,0.61,0.63 0.64,0.66,0.66,0.71), mean=0.524, stddev=0.103] }
component name=lstm3.cr_trunc type=BackpropTruncationComponent, dim=650, scale=0.85, count=1.49e+06, recurrence-interval=3, clipping-threshold=30, clipped-proportion=3.3634e-07, zeroing-threshold=15, zeroing-interval=20, zeroed-proportion=2.25032e-06, count-zeroing-boundaries=222190
component name=lstm3.dropout_mask type=DropoutMaskComponent, output-dim=3, dropout-proportion=0.0446281
component name=lstm3.W_rp type=NaturalGradientAffineComponent, input-dim=520, output-dim=260, learning-rate=7.12084e-05, l2-regularize=0.01, max-change=1.5, linear-params-rms=0.08606, linear-params-row-norms=[percentiles(0,1,2,5 10,20,50,80,90 95,98,99,100)=(0.94,1.0,1.1,1.1 1.1,1.2,1.7,2.5,2.6 2.6,2.7,2.8,3.0), mean=1.87, stddev=0.61], linear-params-col-norms=[percentiles(0,1,2,5 10,20,50,80,90 95,98,99,100)=(0.53,1.0,1.1,1.1 1.2,1.2,1.3,1.5,1.7 1.8,1.9,1.9,2.0), mean=1.37, stddev=0.21], bias-{mean,stddev}=-0.04024,0.4221, rank-in=20, rank-out=80, num-samples-history=2000, update-period=4, alpha=4
component name=output.affine type=NaturalGradientAffineComponent, input-dim=260, output-dim=2104, learning-rate=7.12084e-05, l2-regularize=0.01, max-change=1.5, linear-params-rms=0.04069, linear-params-row-norms=[percentiles(0,1,2,5 10,20,50,80,90 95,98,99,100)=(0.51,0.55,0.56,0.57 0.59,0.61,0.64,0.68,0.71 0.74,0.79,0.85,2.2), mean=0.651, stddev=0.0824], linear-params-col-norms=[percentiles(0,1,2,5 10,20,50,80,90 95,98,99,100)=(0.91,0.97,1.0,1.1 1.1,1.2,1.6,2.4,2.4 2.5,2.6,2.6,2.6), mean=1.77, stddev=0.578], bias-{mean,stddev}=3.215e-09,0.02549, rank-in=20, rank-out=80, num-samples-history=2000, update-period=4, alpha=4
component name=output.log-softmax type=LogSoftmaxComponent, dim=2104, oderiv-rms=[percentiles(0,1,2,5 10,20,50,80,90 95,98,99,100)=(0.002,0.007,0.008,0.009 0.01,0.01,0.02,0.02,0.02 0.03,0.03,0.04,0.41), mean=0.017, stddev=0.0136], oderiv-count=643520
nnet3-show-progress --use-gpu=no exp/nnet3/tdnn_lstm1c_sp/457.mdl exp/nnet3/tdnn_lstm1c_sp/458.mdl 
LOG (nnet3-show-progress[5.5.0-]:SelectGpuId():cu-device.cc:153) Manually selected to compute on CPU.
WARNING (nnet3-show-progress[5.5.0-]:Check():nnet-nnet.cc:789) Node lda.delayed is never used to compute any output.
WARNING (nnet3-show-progress[5.5.0-]:Check():nnet-nnet.cc:789) Node lda.delayed is never used to compute any output.
WARNING (nnet3-show-progress[5.5.0-]:Check():nnet-nnet.cc:789) Node lda.delayed is never used to compute any output.
LOG (nnet3-show-progress[5.5.0-]:main():nnet3-show-progress.cc:143) Parameter differences per layer are [ tdnn1.affine:2.71754 tdnn2.affine:2.46881 lstm1.W_all:1.84777 lstm1.lstm_nonlin:0.0365075 lstm1.W_rp:0.84151 tdnn3.affine:1.70428 tdnn4.affine:1.74614 lstm2.W_all:1.25267 lstm2.lstm_nonlin:0.0185879 lstm2.W_rp:0.577231 tdnn5.affine:1.41315 tdnn6.affine:1.54398 lstm3.W_all:1.75097 lstm3.lstm_nonlin:0.0418006 lstm3.W_rp:0.619425 output.affine:1.36027 ]
LOG (nnet3-show-progress[5.5.0-]:main():nnet3-show-progress.cc:153) Norms of parameter matrices from <new-nnet-in> are [ tdnn1.affine:12.9161 tdnn2.affine:10.364 lstm1.W_all:20.201 lstm1.lstm_nonlin:1.49134 lstm1.W_rp:14.638 tdnn3.affine:7.78933 tdnn4.affine:7.29826 lstm2.W_all:16.4954 lstm2.lstm_nonlin:1.11743 lstm2.W_rp:13.6814 tdnn5.affine:7.26519 tdnn6.affine:7.34625 lstm3.W_all:23.6653 lstm3.lstm_nonlin:2.46729 lstm3.W_rp:32.3744 output.affine:30.1215 ]
LOG (nnet3-show-progress[5.5.0-]:main():nnet3-show-progress.cc:157) Relative parameter differences per layer are [ tdnn1.affine:0.209855 tdnn2.affine:0.237926 lstm1.W_all:0.0914249 lstm1.lstm_nonlin:0.024413 lstm1.W_rp:0.0574172 tdnn3.affine:0.218655 tdnn4.affine:0.238817 lstm2.W_all:0.0759362 lstm2.lstm_nonlin:0.0165595 lstm2.W_rp:0.0421523 tdnn5.affine:0.194008 tdnn6.affine:0.209659 lstm3.W_all:0.0739231 lstm3.lstm_nonlin:0.0168481 lstm3.W_rp:0.0191088 output.affine:0.0451194 ]
# Accounting: time=1 threads=1
# Ended (code 0) at Thu Jul 30 13:02:44 KST 2020, elapsed time 1 seconds
