# nnet3-info exp/nnet3/tdnn_lstm1c_sp/313.mdl && nnet3-show-progress --use-gpu=no exp/nnet3/tdnn_lstm1c_sp/312.mdl exp/nnet3/tdnn_lstm1c_sp/313.mdl 
# Started at Thu Jul 30 12:04:58 KST 2020
#
nnet3-info exp/nnet3/tdnn_lstm1c_sp/313.mdl 
WARNING (nnet3-info[5.5.0-]:Check():nnet-nnet.cc:789) Node lda.delayed is never used to compute any output.
left-context: 10
right-context: 20
num-parameters: 8426364
modulus: 1
component-node name=lda.delayed component=lda.delayed input=Append(Offset(input, -2), Offset(input, -1), input, Offset(input, 1), Offset(input, 2), ReplaceIndex(ivector, t, 0)) input-dim=300 output-dim=300
input-node name=ivector dim=100
input-node name=input dim=40
component-node name=lda component=lda input=Append(Offset(input, -2), Offset(input, -1), input, Offset(input, 1), Offset(input, 2), ReplaceIndex(ivector, t, 0)) input-dim=300 output-dim=300
component-node name=tdnn1.affine component=tdnn1.affine input=lda input-dim=300 output-dim=520
component-node name=tdnn1.relu component=tdnn1.relu input=tdnn1.affine input-dim=520 output-dim=520
component-node name=tdnn1.batchnorm component=tdnn1.batchnorm input=tdnn1.relu input-dim=520 output-dim=520
component-node name=tdnn2.affine component=tdnn2.affine input=Append(Offset(tdnn1.batchnorm, -1), tdnn1.batchnorm, Offset(tdnn1.batchnorm, 1)) input-dim=1560 output-dim=520
component-node name=tdnn2.relu component=tdnn2.relu input=tdnn2.affine input-dim=520 output-dim=520
component-node name=tdnn2.batchnorm component=tdnn2.batchnorm input=tdnn2.relu input-dim=520 output-dim=520
component-node name=lstm1.W_all component=lstm1.W_all input=Append(tdnn2.batchnorm, IfDefined(Offset(lstm1.r_trunc, -3))) input-dim=650 output-dim=2080
component-node name=lstm1.dropout_mask component=lstm1.dropout_mask input=lstm1.dropout_mask input-dim=3 output-dim=3
component-node name=lstm1.lstm_nonlin component=lstm1.lstm_nonlin input=Append(lstm1.W_all, IfDefined(Offset(lstm1.c_trunc, -3)), lstm1.dropout_mask) input-dim=2603 output-dim=1040
dim-range-node name=lstm1.c input-node=lstm1.lstm_nonlin dim-offset=0 dim=520
dim-range-node name=lstm1.m input-node=lstm1.lstm_nonlin dim-offset=520 dim=520
component-node name=lstm1.rp component=lstm1.W_rp input=lstm1.m input-dim=520 output-dim=260
dim-range-node name=lstm1.r input-node=lstm1.rp dim-offset=0 dim=130
component-node name=lstm1.cr_trunc component=lstm1.cr_trunc input=Append(lstm1.c, lstm1.r) input-dim=650 output-dim=650
dim-range-node name=lstm1.c_trunc input-node=lstm1.cr_trunc dim-offset=0 dim=520
dim-range-node name=lstm1.r_trunc input-node=lstm1.cr_trunc dim-offset=520 dim=130
component-node name=tdnn3.affine component=tdnn3.affine input=Append(Offset(lstm1.rp, -3), lstm1.rp, Offset(lstm1.rp, 3)) input-dim=780 output-dim=520
component-node name=tdnn3.relu component=tdnn3.relu input=tdnn3.affine input-dim=520 output-dim=520
component-node name=tdnn3.batchnorm component=tdnn3.batchnorm input=tdnn3.relu input-dim=520 output-dim=520
component-node name=tdnn4.affine component=tdnn4.affine input=Append(Offset(tdnn3.batchnorm, -3), tdnn3.batchnorm, Offset(tdnn3.batchnorm, 3)) input-dim=1560 output-dim=520
component-node name=tdnn4.relu component=tdnn4.relu input=tdnn4.affine input-dim=520 output-dim=520
component-node name=tdnn4.batchnorm component=tdnn4.batchnorm input=tdnn4.relu input-dim=520 output-dim=520
component-node name=lstm2.W_all component=lstm2.W_all input=Append(tdnn4.batchnorm, IfDefined(Offset(lstm2.r_trunc, -3))) input-dim=650 output-dim=2080
component-node name=lstm2.dropout_mask component=lstm2.dropout_mask input=lstm2.dropout_mask input-dim=3 output-dim=3
component-node name=lstm2.lstm_nonlin component=lstm2.lstm_nonlin input=Append(lstm2.W_all, IfDefined(Offset(lstm2.c_trunc, -3)), lstm2.dropout_mask) input-dim=2603 output-dim=1040
dim-range-node name=lstm2.c input-node=lstm2.lstm_nonlin dim-offset=0 dim=520
dim-range-node name=lstm2.m input-node=lstm2.lstm_nonlin dim-offset=520 dim=520
component-node name=lstm2.rp component=lstm2.W_rp input=lstm2.m input-dim=520 output-dim=260
dim-range-node name=lstm2.r input-node=lstm2.rp dim-offset=0 dim=130
component-node name=lstm2.cr_trunc component=lstm2.cr_trunc input=Append(lstm2.c, lstm2.r) input-dim=650 output-dim=650
dim-range-node name=lstm2.c_trunc input-node=lstm2.cr_trunc dim-offset=0 dim=520
dim-range-node name=lstm2.r_trunc input-node=lstm2.cr_trunc dim-offset=520 dim=130
component-node name=tdnn5.affine component=tdnn5.affine input=Append(Offset(lstm2.rp, -3), lstm2.rp, Offset(lstm2.rp, 3)) input-dim=780 output-dim=520
component-node name=tdnn5.relu component=tdnn5.relu input=tdnn5.affine input-dim=520 output-dim=520
component-node name=tdnn5.batchnorm component=tdnn5.batchnorm input=tdnn5.relu input-dim=520 output-dim=520
component-node name=tdnn6.affine component=tdnn6.affine input=Append(Offset(tdnn5.batchnorm, -3), tdnn5.batchnorm, Offset(tdnn5.batchnorm, 3)) input-dim=1560 output-dim=520
component-node name=tdnn6.relu component=tdnn6.relu input=tdnn6.affine input-dim=520 output-dim=520
component-node name=tdnn6.batchnorm component=tdnn6.batchnorm input=tdnn6.relu input-dim=520 output-dim=520
component-node name=lstm3.W_all component=lstm3.W_all input=Append(tdnn6.batchnorm, IfDefined(Offset(lstm3.r_trunc, -3))) input-dim=650 output-dim=2080
component-node name=lstm3.dropout_mask component=lstm3.dropout_mask input=lstm3.dropout_mask input-dim=3 output-dim=3
component-node name=lstm3.lstm_nonlin component=lstm3.lstm_nonlin input=Append(lstm3.W_all, IfDefined(Offset(lstm3.c_trunc, -3)), lstm3.dropout_mask) input-dim=2603 output-dim=1040
dim-range-node name=lstm3.c input-node=lstm3.lstm_nonlin dim-offset=0 dim=520
dim-range-node name=lstm3.m input-node=lstm3.lstm_nonlin dim-offset=520 dim=520
component-node name=lstm3.rp component=lstm3.W_rp input=lstm3.m input-dim=520 output-dim=260
dim-range-node name=lstm3.r input-node=lstm3.rp dim-offset=0 dim=130
component-node name=lstm3.cr_trunc component=lstm3.cr_trunc input=Append(lstm3.c, lstm3.r) input-dim=650 output-dim=650
dim-range-node name=lstm3.c_trunc input-node=lstm3.cr_trunc dim-offset=0 dim=520
dim-range-node name=lstm3.r_trunc input-node=lstm3.cr_trunc dim-offset=520 dim=130
component-node name=output.affine component=output.affine input=lstm3.rp input-dim=260 output-dim=2104
component-node name=output.log-softmax component=output.log-softmax input=output.affine input-dim=2104 output-dim=2104
output-node name=output input=Offset(output.log-softmax, 5) dim=2104 objective=linear
component name=lda.delayed type=NoOpComponent, dim=300
component name=lda type=FixedAffineComponent, input-dim=300, output-dim=300, linear-params-rms=0.006709, bias-{mean,stddev}=-0.01975,0.4295
component name=tdnn1.affine type=NaturalGradientAffineComponent, input-dim=300, output-dim=520, learning-rate=0.000178641, l2-regularize=0.05, max-change=0.75, linear-params-rms=0.0314, linear-params-row-norms=[percentiles(0,1,2,5 10,20,50,80,90 95,98,99,100)=(0.004,0.006,0.007,0.01 0.01,0.03,0.55,0.69,0.78 0.84,0.94,1.0,1.1), mean=0.46, stddev=0.29], linear-params-col-norms=[percentiles(0,1,2,5 10,20,50,80,90 95,98,99,100)=(0.13,0.14,0.14,0.15 0.18,0.22,0.63,0.88,1.1 1.3,1.5,1.5,1.5), mean=0.615, stddev=0.366], bias-{mean,stddev}=-0.001512,0.0583, rank-in=20, rank-out=80, num-samples-history=2000, update-period=4, alpha=4
component name=tdnn1.relu type=RectifiedLinearComponent, dim=520, self-repair-scale=1e-05, count=1.04e+06, self-repaired-proportion=0.19892, value-avg=[percentiles(0,1,2,5 10,20,50,80,90 95,98,99,100)=(2e-06,2e-05,3e-05,6e-05 8e-05,0.0002,0.05,0.09,0.11 0.12,0.14,0.16,0.18), mean=0.0505, stddev=0.0434], deriv-avg=[percentiles(0,1,2,5 10,20,50,80,90 95,98,99,100)=(0.001,0.009,0.02,0.02 0.04,0.07,0.42,0.60,0.71 0.81,0.88,0.92,0.98), mean=0.373, stddev=0.261], oderiv-rms=[percentiles(0,1,2,5 10,20,50,80,90 95,98,99,100)=(0.006,0.01,0.01,0.02 0.02,0.06,0.28,0.38,0.44 0.55,0.65,0.74,1.5), mean=0.267, stddev=0.178], oderiv-count=1.18029e+06
component name=tdnn1.batchnorm type=BatchNormComponent, dim=520, block-dim=520, epsilon=0.001, target-rms=1, count=37740.3, test-mode=false, data-mean=[percentiles(0,1,2,5 10,20,50,80,90 95,98,99,100)=(2e-06,1e-05,2e-05,4e-05 8e-05,0.0003,0.05,0.08,0.10 0.12,0.14,0.15,0.18), mean=0.0488, stddev=0.0427], data-stddev=[percentiles(0,1,2,5 10,20,50,80,90 95,98,99,100)=(6e-05,0.0001,0.0002,0.0003 0.0005,0.002,0.09,0.11,0.13 0.14,0.14,0.15,0.16), mean=0.0688, stddev=0.0494]
component name=tdnn2.affine type=NaturalGradientAffineComponent, input-dim=1560, output-dim=520, learning-rate=0.000178641, l2-regularize=0.05, max-change=0.75, linear-params-rms=0.01169, linear-params-row-norms=[percentiles(0,1,2,5 10,20,50,80,90 95,98,99,100)=(0.32,0.35,0.35,0.36 0.38,0.40,0.45,0.51,0.54 0.59,0.62,0.64,0.71), mean=0.457, stddev=0.0649], linear-params-col-norms=[percentiles(0,1,2,5 10,20,50,80,90 95,98,99,100)=(0.002,0.003,0.004,0.006 0.008,0.02,0.28,0.33,0.36 0.39,0.43,0.48,0.71), mean=0.227, stddev=0.14], bias-{mean,stddev}=-0.0299,0.04089, rank-in=20, rank-out=80, num-samples-history=2000, update-period=4, alpha=4
component name=tdnn2.relu type=RectifiedLinearComponent, dim=520, self-repair-scale=1e-05, count=8.77e+05, self-repaired-proportion=0, value-avg=[percentiles(0,1,2,5 10,20,50,80,90 95,98,99,100)=(0.18,0.19,0.21,0.22 0.23,0.25,0.28,0.31,0.33 0.35,0.38,0.40,0.46), mean=0.281, stddev=0.0417], deriv-avg=[percentiles(0,1,2,5 10,20,50,80,90 95,98,99,100)=(0.28,0.36,0.37,0.39 0.40,0.42,0.44,0.47,0.49 0.51,0.52,0.53,0.55), mean=0.444, stddev=0.0363], oderiv-rms=[percentiles(0,1,2,5 10,20,50,80,90 95,98,99,100)=(0.03,0.03,0.03,0.03 0.04,0.04,0.04,0.05,0.05 0.06,0.06,0.07,0.08), mean=0.0438, stddev=0.00766], oderiv-count=1.11507e+06
component name=tdnn2.batchnorm type=BatchNormComponent, dim=520, block-dim=520, epsilon=0.001, target-rms=1, count=36933.4, test-mode=false, data-mean=[percentiles(0,1,2,5 10,20,50,80,90 95,98,99,100)=(0.18,0.21,0.21,0.22 0.23,0.25,0.28,0.32,0.34 0.36,0.38,0.41,0.47), mean=0.282, stddev=0.0436], data-stddev=[percentiles(0,1,2,5 10,20,50,80,90 95,98,99,100)=(0.39,0.40,0.41,0.42 0.44,0.46,0.50,0.56,0.59 0.61,0.65,0.66,0.70), mean=0.512, stddev=0.0575]
component name=lstm1.W_all type=NaturalGradientAffineComponent, input-dim=650, output-dim=2080, learning-rate=0.000178641, l2-regularize=0.01, max-change=1.5, linear-params-rms=0.01766, linear-params-row-norms=[percentiles(0,1,2,5 10,20,50,80,90 95,98,99,100)=(7e-08,1e-06,3e-06,2e-05 0.0006,0.16,0.42,0.59,0.67 0.72,0.79,0.84,1.0), mean=0.386, stddev=0.231], linear-params-col-norms=[percentiles(0,1,2,5 10,20,50,80,90 95,98,99,100)=(0.29,0.35,0.39,0.43 0.52,0.70,0.81,0.90,0.96 1.0,1.1,1.1,1.3), mean=0.788, stddev=0.164], bias-{mean,stddev}=0.003794,0.02909, rank-in=20, rank-out=80, num-samples-history=2000, update-period=4, alpha=4
component name=lstm1.lstm_nonlin type=LstmNonlinearityComponent, input-dim=2603, output-dim=1040, learning-rate=0.000178641, l2-regularize=0.01, max-change=0.75, cell-dim=520, use-dropout=true, w_ic-rms=0.0849, w_fc-rms=0.03303, w_oc-rms=0.0474, count=1.5e+06, i_t_sigmoid={ self-repair-lower-threshold=0.05, self-repair-scale=1e-05, self-repaired-proportion=0.00635839, value-avg=[percentiles(0,1,2,5 10,20,50,80,90 95,98,99,100)=(0.38,0.41,0.42,0.43 0.44,0.45,0.48,0.50,0.55 0.72,0.79,0.82,0.86), mean=0.497, stddev=0.0796], deriv-avg=[percentiles(0,1,2,5 10,20,50,80,90 95,98,99,100)=(0.11,0.14,0.15,0.18 0.20,0.21,0.23,0.24,0.25 0.25,0.25,0.25,0.25), mean=0.224, stddev=0.0232] }, f_t_sigmoid={ self-repair-lower-threshold=0.05, self-repair-scale=1e-05, self-repaired-proportion=0.00635839, value-avg=[percentiles(0,1,2,5 10,20,50,80,90 95,98,99,100)=(0.37,0.45,0.47,0.48 0.49,0.50,0.51,0.55,0.59 0.68,0.79,0.82,0.87), mean=0.531, stddev=0.0671], deriv-avg=[percentiles(0,1,2,5 10,20,50,80,90 95,98,99,100)=(0.11,0.13,0.14,0.17 0.20,0.22,0.24,0.25,0.25 0.25,0.25,0.25,0.25), mean=0.23, stddev=0.0246] }, c_t_tanh={ self-repair-lower-threshold=0.2, self-repair-scale=1e-05, self-repaired-proportion=0.0314336, value-avg=[percentiles(0,1,2,5 10,20,50,80,90 95,98,99,100)=(-0.93,-0.89,-0.86,-0.53 -0.27,-0.12,0.0008,0.15,0.31 0.57,0.87,0.89,0.92), mean=0.0176, stddev=0.305], deriv-avg=[percentiles(0,1,2,5 10,20,50,80,90 95,98,99,100)=(0.13,0.17,0.20,0.24 0.37,0.45,0.58,0.76,1.0 1.0,1.0,1.0,1.0), mean=0.611, stddev=0.219] }, o_t_sigmoid={ self-repair-lower-threshold=0.05, self-repair-scale=1e-05, self-repaired-proportion=0.00635839, value-avg=[percentiles(0,1,2,5 10,20,50,80,90 95,98,99,100)=(0.35,0.38,0.39,0.41 0.42,0.43,0.46,0.50,0.50 0.51,0.55,0.58,0.74), mean=0.463, stddev=0.0401], deriv-avg=[percentiles(0,1,2,5 10,20,50,80,90 95,98,99,100)=(0.15,0.18,0.18,0.19 0.19,0.20,0.22,0.24,0.25 0.25,0.25,0.25,0.25), mean=0.221, stddev=0.0202] }, m_t_tanh={ self-repair-lower-threshold=0.2, self-repair-scale=1e-05, self-repaired-proportion=0.00635839, value-avg=[percentiles(0,1,2,5 10,20,50,80,90 95,98,99,100)=(-0.75,-0.68,-0.62,-0.30 -0.15,-0.07,0.0008,0.09,0.21 0.33,0.62,0.69,0.75), mean=0.0117, stddev=0.208], deriv-avg=[percentiles(0,1,2,5 10,20,50,80,90 95,98,99,100)=(0.41,0.43,0.49,0.58 0.79,0.84,0.90,0.95,1.0 1.0,1.0,1.0,1.0), mean=0.882, stddev=0.115] }
component name=lstm1.cr_trunc type=BackpropTruncationComponent, dim=650, scale=0.85, count=1.98e+06, recurrence-interval=3, clipping-threshold=30, clipped-proportion=1.18698e-05, zeroing-threshold=15, zeroing-interval=20, zeroed-proportion=0.00021398, count-zeroing-boundaries=296757
component name=lstm1.dropout_mask type=DropoutMaskComponent, output-dim=3, dropout-proportion=0.284298
component name=lstm1.W_rp type=NaturalGradientAffineComponent, input-dim=520, output-dim=260, learning-rate=0.000178641, l2-regularize=0.01, max-change=1.5, linear-params-rms=0.04022, linear-params-row-norms=[percentiles(0,1,2,5 10,20,50,80,90 95,98,99,100)=(0.35,0.36,0.39,0.43 0.46,0.54,0.88,1.2,1.3 1.3,1.4,1.4,1.4), mean=0.861, stddev=0.317], linear-params-col-norms=[percentiles(0,1,2,5 10,20,50,80,90 95,98,99,100)=(0.0002,0.0009,0.001,0.002 0.01,0.33,0.54,0.74,0.92 1.2,1.5,1.6,1.9), mean=0.544, stddev=0.354], bias-{mean,stddev}=0.01274,0.2651, rank-in=20, rank-out=80, num-samples-history=2000, update-period=4, alpha=4
component name=tdnn3.affine type=NaturalGradientAffineComponent, input-dim=780, output-dim=520, learning-rate=0.000178641, l2-regularize=0.05, max-change=0.75, linear-params-rms=0.01339, linear-params-row-norms=[percentiles(0,1,2,5 10,20,50,80,90 95,98,99,100)=(0.01,0.21,0.24,0.26 0.28,0.30,0.36,0.43,0.46 0.49,0.53,0.54,0.59), mean=0.366, stddev=0.0772], linear-params-col-norms=[percentiles(0,1,2,5 10,20,50,80,90 95,98,99,100)=(0.11,0.12,0.13,0.14 0.15,0.17,0.29,0.40,0.42 0.44,0.47,0.48,0.50), mean=0.285, stddev=0.11], bias-{mean,stddev}=0.00222,0.009283, rank-in=20, rank-out=80, num-samples-history=2000, update-period=4, alpha=4
component name=tdnn3.relu type=RectifiedLinearComponent, dim=520, self-repair-scale=1e-05, count=9.7e+05, self-repaired-proportion=0.00234013, value-avg=[percentiles(0,1,2,5 10,20,50,80,90 95,98,99,100)=(0.0001,0.01,0.02,0.03 0.04,0.05,0.08,0.10,0.12 0.13,0.14,0.15,0.18), mean=0.0789, stddev=0.0302], deriv-avg=[percentiles(0,1,2,5 10,20,50,80,90 95,98,99,100)=(0.05,0.11,0.15,0.20 0.26,0.37,0.51,0.61,0.66 0.69,0.73,0.75,0.84), mean=0.488, stddev=0.148], oderiv-rms=[percentiles(0,1,2,5 10,20,50,80,90 95,98,99,100)=(0.01,0.09,0.09,0.10 0.10,0.11,0.13,0.16,0.19 0.22,0.27,0.29,0.37), mean=0.138, stddev=0.042], oderiv-count=1.09414e+06
component name=tdnn3.batchnorm type=BatchNormComponent, dim=520, block-dim=520, epsilon=0.001, target-rms=1, count=34512.7, test-mode=false, data-mean=[percentiles(0,1,2,5 10,20,50,80,90 95,98,99,100)=(9e-05,0.01,0.02,0.02 0.04,0.05,0.08,0.10,0.11 0.13,0.14,0.15,0.19), mean=0.0777, stddev=0.0303], data-stddev=[percentiles(0,1,2,5 10,20,50,80,90 95,98,99,100)=(0.0006,0.06,0.07,0.08 0.09,0.10,0.12,0.14,0.15 0.16,0.17,0.18,0.19), mean=0.119, stddev=0.0244]
component name=tdnn4.affine type=NaturalGradientAffineComponent, input-dim=1560, output-dim=520, learning-rate=0.000178641, l2-regularize=0.05, max-change=0.75, linear-params-rms=0.008702, linear-params-row-norms=[percentiles(0,1,2,5 10,20,50,80,90 95,98,99,100)=(0.24,0.27,0.27,0.29 0.30,0.30,0.33,0.37,0.40 0.42,0.46,0.46,0.53), mean=0.341, stddev=0.0437], linear-params-col-norms=[percentiles(0,1,2,5 10,20,50,80,90 95,98,99,100)=(0.006,0.12,0.13,0.14 0.15,0.16,0.19,0.23,0.25 0.27,0.30,0.32,0.37), mean=0.193, stddev=0.0448], bias-{mean,stddev}=-0.02433,0.02023, rank-in=20, rank-out=80, num-samples-history=2000, update-period=4, alpha=4
component name=tdnn4.relu type=RectifiedLinearComponent, dim=520, self-repair-scale=1e-05, count=1.02e+06, self-repaired-proportion=0, value-avg=[percentiles(0,1,2,5 10,20,50,80,90 95,98,99,100)=(0.19,0.21,0.21,0.21 0.22,0.24,0.26,0.29,0.30 0.32,0.33,0.34,0.41), mean=0.262, stddev=0.0313], deriv-avg=[percentiles(0,1,2,5 10,20,50,80,90 95,98,99,100)=(0.31,0.36,0.38,0.39 0.40,0.41,0.44,0.46,0.47 0.48,0.49,0.50,0.52), mean=0.435, stddev=0.0279], oderiv-rms=[percentiles(0,1,2,5 10,20,50,80,90 95,98,99,100)=(0.03,0.03,0.03,0.03 0.03,0.03,0.04,0.04,0.04 0.04,0.04,0.04,0.05), mean=0.0357, stddev=0.00303], oderiv-count=1.03306e+06
component name=tdnn4.batchnorm type=BatchNormComponent, dim=520, block-dim=520, epsilon=0.001, target-rms=1, count=32091.9, test-mode=false, data-mean=[percentiles(0,1,2,5 10,20,50,80,90 95,98,99,100)=(0.19,0.20,0.21,0.22 0.22,0.24,0.26,0.29,0.30 0.32,0.33,0.34,0.42), mean=0.262, stddev=0.0323], data-stddev=[percentiles(0,1,2,5 10,20,50,80,90 95,98,99,100)=(0.27,0.38,0.40,0.42 0.43,0.45,0.49,0.54,0.58 0.61,0.66,0.67,0.88), mean=0.503, stddev=0.0642]
component name=lstm2.W_all type=NaturalGradientAffineComponent, input-dim=650, output-dim=2080, learning-rate=0.000178641, l2-regularize=0.01, max-change=1.5, linear-params-rms=0.01472, linear-params-row-norms=[percentiles(0,1,2,5 10,20,50,80,90 95,98,99,100)=(2e-07,2e-06,4e-06,1e-05 4e-05,0.0008,0.33,0.53,0.59 0.64,0.69,0.71,0.92), mean=0.29, stddev=0.239], linear-params-col-norms=[percentiles(0,1,2,5 10,20,50,80,90 95,98,99,100)=(0.25,0.31,0.32,0.38 0.47,0.60,0.67,0.74,0.78 0.84,0.96,1.0,1.3), mean=0.658, stddev=0.134], bias-{mean,stddev}=0.006666,0.03571, rank-in=20, rank-out=80, num-samples-history=2000, update-period=4, alpha=4
component name=lstm2.lstm_nonlin type=LstmNonlinearityComponent, input-dim=2603, output-dim=1040, learning-rate=0.000178641, l2-regularize=0.01, max-change=0.75, cell-dim=520, use-dropout=true, w_ic-rms=0.05501, w_fc-rms=0.01836, w_oc-rms=0.03919, count=1.37e+06, i_t_sigmoid={ self-repair-lower-threshold=0.05, self-repair-scale=1e-05, self-repaired-proportion=0.00641273, value-avg=[percentiles(0,1,2,5 10,20,50,80,90 95,98,99,100)=(0.42,0.43,0.45,0.46 0.46,0.47,0.50,0.51,0.57 0.61,0.70,0.73,0.81), mean=0.507, stddev=0.0531], deriv-avg=[percentiles(0,1,2,5 10,20,50,80,90 95,98,99,100)=(0.15,0.18,0.18,0.20 0.21,0.22,0.23,0.25,0.25 0.25,0.25,0.25,0.25), mean=0.231, stddev=0.0183] }, f_t_sigmoid={ self-repair-lower-threshold=0.05, self-repair-scale=1e-05, self-repaired-proportion=0.00641273, value-avg=[percentiles(0,1,2,5 10,20,50,80,90 95,98,99,100)=(0.41,0.46,0.46,0.48 0.49,0.50,0.50,0.55,0.59 0.63,0.68,0.70,0.76), mean=0.525, stddev=0.0489], deriv-avg=[percentiles(0,1,2,5 10,20,50,80,90 95,98,99,100)=(0.16,0.17,0.17,0.19 0.20,0.21,0.24,0.25,0.25 0.25,0.25,0.25,0.25), mean=0.232, stddev=0.0213] }, c_t_tanh={ self-repair-lower-threshold=0.2, self-repair-scale=1e-05, self-repaired-proportion=0.00885703, value-avg=[percentiles(0,1,2,5 10,20,50,80,90 95,98,99,100)=(-0.89,-0.84,-0.76,-0.47 -0.28,-0.11,0.0005,0.14,0.33 0.58,0.73,0.77,0.85), mean=0.0125, stddev=0.279], deriv-avg=[percentiles(0,1,2,5 10,20,50,80,90 95,98,99,100)=(0.18,0.25,0.28,0.39 0.45,0.52,0.65,1.0,1.0 1.0,1.0,1.0,1.0), mean=0.713, stddev=0.227] }, o_t_sigmoid={ self-repair-lower-threshold=0.05, self-repair-scale=1e-05, self-repaired-proportion=0.00641273, value-avg=[percentiles(0,1,2,5 10,20,50,80,90 95,98,99,100)=(0.41,0.43,0.44,0.45 0.46,0.47,0.50,0.50,0.52 0.54,0.56,0.58,0.64), mean=0.493, stddev=0.0273], deriv-avg=[percentiles(0,1,2,5 10,20,50,80,90 95,98,99,100)=(0.16,0.18,0.18,0.19 0.20,0.21,0.23,0.25,0.25 0.25,0.25,0.25,0.25), mean=0.231, stddev=0.019] }, m_t_tanh={ self-repair-lower-threshold=0.2, self-repair-scale=1e-05, self-repaired-proportion=0.00641273, value-avg=[percentiles(0,1,2,5 10,20,50,80,90 95,98,99,100)=(-0.68,-0.59,-0.46,-0.29 -0.16,-0.07,0.0002,0.09,0.19 0.37,0.46,0.53,0.60), mean=0.0084, stddev=0.179], deriv-avg=[percentiles(0,1,2,5 10,20,50,80,90 95,98,99,100)=(0.49,0.59,0.62,0.73 0.78,0.85,0.92,1.0,1.0 1.0,1.0,1.0,1.0), mean=0.911, stddev=0.0944] }
component name=lstm2.cr_trunc type=BackpropTruncationComponent, dim=650, scale=0.85, count=1.73e+06, recurrence-interval=3, clipping-threshold=30, clipped-proportion=1.44139e-06, zeroing-threshold=15, zeroing-interval=20, zeroed-proportion=8.21479e-05, count-zeroing-boundaries=261723
component name=lstm2.dropout_mask type=DropoutMaskComponent, output-dim=3, dropout-proportion=0.284298
component name=lstm2.W_rp type=NaturalGradientAffineComponent, input-dim=520, output-dim=260, learning-rate=0.000178641, l2-regularize=0.01, max-change=1.5, linear-params-rms=0.03906, linear-params-row-norms=[percentiles(0,1,2,5 10,20,50,80,90 95,98,99,100)=(0.40,0.46,0.50,0.53 0.57,0.61,0.87,1.1,1.2 1.2,1.2,1.3,1.3), mean=0.857, stddev=0.242], linear-params-col-norms=[percentiles(0,1,2,5 10,20,50,80,90 95,98,99,100)=(0.0005,0.001,0.001,0.002 0.004,0.01,0.56,0.81,0.96 1.1,1.3,1.5,1.7), mean=0.488, stddev=0.399], bias-{mean,stddev}=0.001966,0.2154, rank-in=20, rank-out=80, num-samples-history=2000, update-period=4, alpha=4
component name=tdnn5.affine type=NaturalGradientAffineComponent, input-dim=780, output-dim=520, learning-rate=0.000178641, l2-regularize=0.05, max-change=0.75, linear-params-rms=0.01283, linear-params-row-norms=[percentiles(0,1,2,5 10,20,50,80,90 95,98,99,100)=(0.22,0.24,0.25,0.27 0.28,0.30,0.34,0.40,0.44 0.49,0.51,0.53,0.58), mean=0.353, stddev=0.0644], linear-params-col-norms=[percentiles(0,1,2,5 10,20,50,80,90 95,98,99,100)=(0.12,0.13,0.15,0.16 0.17,0.19,0.27,0.37,0.41 0.43,0.44,0.45,0.50), mean=0.279, stddev=0.089], bias-{mean,stddev}=0.0003514,0.00588, rank-in=20, rank-out=80, num-samples-history=2000, update-period=4, alpha=4
component name=tdnn5.relu type=RectifiedLinearComponent, dim=520, self-repair-scale=1e-05, count=7.21e+05, self-repaired-proportion=0, value-avg=[percentiles(0,1,2,5 10,20,50,80,90 95,98,99,100)=(0.01,0.01,0.01,0.02 0.03,0.04,0.07,0.09,0.10 0.11,0.11,0.12,0.16), mean=0.0649, stddev=0.0264], deriv-avg=[percentiles(0,1,2,5 10,20,50,80,90 95,98,99,100)=(0.09,0.12,0.15,0.19 0.24,0.32,0.50,0.60,0.64 0.67,0.69,0.69,0.78), mean=0.47, stddev=0.148], oderiv-rms=[percentiles(0,1,2,5 10,20,50,80,90 95,98,99,100)=(0.09,0.10,0.10,0.11 0.12,0.12,0.14,0.17,0.20 0.21,0.24,0.25,0.31), mean=0.147, stddev=0.0331], oderiv-count=1.00883e+06
component name=tdnn5.batchnorm type=BatchNormComponent, dim=520, block-dim=520, epsilon=0.001, target-rms=1, count=29671.2, test-mode=false, data-mean=[percentiles(0,1,2,5 10,20,50,80,90 95,98,99,100)=(0.01,0.01,0.02,0.02 0.03,0.04,0.07,0.09,0.10 0.11,0.12,0.12,0.16), mean=0.0661, stddev=0.0266], data-stddev=[percentiles(0,1,2,5 10,20,50,80,90 95,98,99,100)=(0.04,0.05,0.06,0.07 0.08,0.09,0.10,0.12,0.13 0.14,0.14,0.15,0.17), mean=0.104, stddev=0.0206]
component name=tdnn6.affine type=NaturalGradientAffineComponent, input-dim=1560, output-dim=520, learning-rate=0.000178641, l2-regularize=0.05, max-change=0.75, linear-params-rms=0.00858, linear-params-row-norms=[percentiles(0,1,2,5 10,20,50,80,90 95,98,99,100)=(0.13,0.14,0.16,0.21 0.27,0.29,0.33,0.38,0.41 0.42,0.44,0.47,0.50), mean=0.333, stddev=0.062], linear-params-col-norms=[percentiles(0,1,2,5 10,20,50,80,90 95,98,99,100)=(0.11,0.13,0.13,0.14 0.14,0.15,0.18,0.23,0.25 0.28,0.31,0.33,0.39), mean=0.19, stddev=0.0457], bias-{mean,stddev}=-0.01628,0.02521, rank-in=20, rank-out=80, num-samples-history=2000, update-period=4, alpha=4
component name=tdnn6.relu type=RectifiedLinearComponent, dim=520, self-repair-scale=1e-05, count=7.4e+05, self-repaired-proportion=0, value-avg=[percentiles(0,1,2,5 10,20,50,80,90 95,98,99,100)=(0.11,0.13,0.16,0.20 0.22,0.24,0.28,0.31,0.32 0.33,0.34,0.35,0.44), mean=0.275, stddev=0.0421], deriv-avg=[percentiles(0,1,2,5 10,20,50,80,90 95,98,99,100)=(0.31,0.35,0.35,0.37 0.39,0.40,0.43,0.46,0.47 0.48,0.49,0.50,0.53), mean=0.429, stddev=0.0337], oderiv-rms=[percentiles(0,1,2,5 10,20,50,80,90 95,98,99,100)=(0.02,0.02,0.02,0.03 0.03,0.03,0.03,0.03,0.03 0.03,0.04,0.04,0.04), mean=0.0294, stddev=0.00275], oderiv-count=992160
component name=tdnn6.batchnorm type=BatchNormComponent, dim=520, block-dim=520, epsilon=0.001, target-rms=1, count=27250.5, test-mode=false, data-mean=[percentiles(0,1,2,5 10,20,50,80,90 95,98,99,100)=(0.12,0.14,0.17,0.20 0.23,0.25,0.28,0.31,0.32 0.34,0.35,0.37,0.47), mean=0.279, stddev=0.0428], data-stddev=[percentiles(0,1,2,5 10,20,50,80,90 95,98,99,100)=(0.21,0.23,0.27,0.37 0.42,0.47,0.54,0.61,0.64 0.68,0.71,0.75,0.97), mean=0.536, stddev=0.0959]
component name=lstm3.W_all type=NaturalGradientAffineComponent, input-dim=650, output-dim=2080, learning-rate=0.000178641, l2-regularize=0.01, max-change=1.5, linear-params-rms=0.02082, linear-params-row-norms=[percentiles(0,1,2,5 10,20,50,80,90 95,98,99,100)=(0.20,0.27,0.28,0.30 0.32,0.36,0.50,0.65,0.71 0.76,0.85,0.89,1.1), mean=0.51, stddev=0.149], linear-params-col-norms=[percentiles(0,1,2,5 10,20,50,80,90 95,98,99,100)=(0.61,0.66,0.68,0.75 0.78,0.82,0.89,1.1,1.1 1.2,1.4,1.4,1.8), mean=0.936, stddev=0.163], bias-{mean,stddev}=0.01337,0.01791, rank-in=20, rank-out=80, num-samples-history=2000, update-period=4, alpha=4
component name=lstm3.lstm_nonlin type=LstmNonlinearityComponent, input-dim=2603, output-dim=1040, learning-rate=0.000178641, l2-regularize=0.01, max-change=0.75, cell-dim=520, use-dropout=true, w_ic-rms=0.09986, w_fc-rms=0.04661, w_oc-rms=0.07488, count=1.24e+06, i_t_sigmoid={ self-repair-lower-threshold=0.05, self-repair-scale=1e-05, self-repaired-proportion=0.00647832, value-avg=[percentiles(0,1,2,5 10,20,50,80,90 95,98,99,100)=(0.54,0.58,0.61,0.63 0.65,0.68,0.73,0.78,0.81 0.83,0.85,0.87,0.89), mean=0.73, stddev=0.0596], deriv-avg=[percentiles(0,1,2,5 10,20,50,80,90 95,98,99,100)=(0.08,0.09,0.10,0.12 0.13,0.15,0.17,0.19,0.19 0.20,0.20,0.21,0.22), mean=0.164, stddev=0.0247] }, f_t_sigmoid={ self-repair-lower-threshold=0.05, self-repair-scale=1e-05, self-repaired-proportion=0.00647832, value-avg=[percentiles(0,1,2,5 10,20,50,80,90 95,98,99,100)=(0.41,0.50,0.57,0.60 0.62,0.65,0.70,0.75,0.79 0.82,0.85,0.88,0.89), mean=0.7, stddev=0.0681], deriv-avg=[percentiles(0,1,2,5 10,20,50,80,90 95,98,99,100)=(0.08,0.09,0.10,0.11 0.13,0.15,0.17,0.19,0.19 0.20,0.20,0.21,0.23), mean=0.168, stddev=0.0251] }, c_t_tanh={ self-repair-lower-threshold=0.2, self-repair-scale=1e-05, self-repaired-proportion=0.0330536, value-avg=[percentiles(0,1,2,5 10,20,50,80,90 95,98,99,100)=(-0.91,-0.87,-0.80,-0.61 -0.45,-0.34,-0.006,0.32,0.46 0.62,0.82,0.86,0.91), mean=-0.00444, stddev=0.372], deriv-avg=[percentiles(0,1,2,5 10,20,50,80,90 95,98,99,100)=(0.15,0.17,0.20,0.22 0.28,0.36,0.46,0.52,0.55 0.57,0.58,0.60,0.67), mean=0.441, stddev=0.101] }, o_t_sigmoid={ self-repair-lower-threshold=0.05, self-repair-scale=1e-05, self-repaired-proportion=0.00647832, value-avg=[percentiles(0,1,2,5 10,20,50,80,90 95,98,99,100)=(0.44,0.48,0.50,0.53 0.56,0.59,0.64,0.68,0.71 0.74,0.77,0.81,0.88), mean=0.638, stddev=0.0619], deriv-avg=[percentiles(0,1,2,5 10,20,50,80,90 95,98,99,100)=(0.09,0.12,0.13,0.14 0.15,0.16,0.18,0.19,0.20 0.20,0.20,0.20,0.21), mean=0.177, stddev=0.0187] }, m_t_tanh={ self-repair-lower-threshold=0.2, self-repair-scale=1e-05, self-repaired-proportion=0.00647832, value-avg=[percentiles(0,1,2,5 10,20,50,80,90 95,98,99,100)=(-0.75,-0.71,-0.64,-0.50 -0.36,-0.26,0.0008,0.24,0.35 0.50,0.66,0.69,0.75), mean=-0.00565, stddev=0.296], deriv-avg=[percentiles(0,1,2,5 10,20,50,80,90 95,98,99,100)=(0.38,0.41,0.43,0.46 0.53,0.62,0.70,0.75,0.77 0.79,0.81,0.82,0.85), mean=0.678, stddev=0.0934] }
component name=lstm3.cr_trunc type=BackpropTruncationComponent, dim=650, scale=0.85, count=1.49e+06, recurrence-interval=3, clipping-threshold=30, clipped-proportion=6.71566e-07, zeroing-threshold=15, zeroing-interval=20, zeroed-proportion=0, count-zeroing-boundaries=222560
component name=lstm3.dropout_mask type=DropoutMaskComponent, output-dim=3, dropout-proportion=0.284298
component name=lstm3.W_rp type=NaturalGradientAffineComponent, input-dim=520, output-dim=260, learning-rate=0.000178641, l2-regularize=0.01, max-change=1.5, linear-params-rms=0.09134, linear-params-row-norms=[percentiles(0,1,2,5 10,20,50,80,90 95,98,99,100)=(1.0,1.1,1.1,1.2 1.2,1.3,1.8,2.6,2.7 2.8,2.9,3.0,3.1), mean=1.98, stddev=0.632], linear-params-col-norms=[percentiles(0,1,2,5 10,20,50,80,90 95,98,99,100)=(0.53,0.88,0.99,1.1 1.1,1.2,1.4,1.6,1.9 2.1,2.2,2.3,2.3), mean=1.44, stddev=0.303], bias-{mean,stddev}=0.0004435,0.72, rank-in=20, rank-out=80, num-samples-history=2000, update-period=4, alpha=4
component name=output.affine type=NaturalGradientAffineComponent, input-dim=260, output-dim=2104, learning-rate=0.000178641, l2-regularize=0.01, max-change=1.5, linear-params-rms=0.04427, linear-params-row-norms=[percentiles(0,1,2,5 10,20,50,80,90 95,98,99,100)=(0.57,0.60,0.61,0.62 0.64,0.66,0.70,0.75,0.78 0.81,0.86,0.94,2.1), mean=0.709, stddev=0.0845], linear-params-col-norms=[percentiles(0,1,2,5 10,20,50,80,90 95,98,99,100)=(1.0,1.1,1.2,1.2 1.2,1.3,1.7,2.6,2.6 2.7,2.7,2.8,2.9), mean=1.94, stddev=0.586], bias-{mean,stddev}=5.099e-09,0.02275, rank-in=20, rank-out=80, num-samples-history=2000, update-period=4, alpha=4
component name=output.log-softmax type=LogSoftmaxComponent, dim=2104, oderiv-rms=[percentiles(0,1,2,5 10,20,50,80,90 95,98,99,100)=(0.002,0.007,0.008,0.009 0.01,0.01,0.02,0.02,0.02 0.03,0.03,0.04,0.41), mean=0.017, stddev=0.0136], oderiv-count=602560
nnet3-show-progress --use-gpu=no exp/nnet3/tdnn_lstm1c_sp/312.mdl exp/nnet3/tdnn_lstm1c_sp/313.mdl 
LOG (nnet3-show-progress[5.5.0-]:SelectGpuId():cu-device.cc:153) Manually selected to compute on CPU.
WARNING (nnet3-show-progress[5.5.0-]:Check():nnet-nnet.cc:789) Node lda.delayed is never used to compute any output.
WARNING (nnet3-show-progress[5.5.0-]:Check():nnet-nnet.cc:789) Node lda.delayed is never used to compute any output.
WARNING (nnet3-show-progress[5.5.0-]:Check():nnet-nnet.cc:789) Node lda.delayed is never used to compute any output.
LOG (nnet3-show-progress[5.5.0-]:main():nnet3-show-progress.cc:143) Parameter differences per layer are [ tdnn1.affine:4.0499 tdnn2.affine:3.93124 lstm1.W_all:3.06452 lstm1.lstm_nonlin:0.0642975 lstm1.W_rp:1.25447 tdnn3.affine:2.87383 tdnn4.affine:2.99625 lstm2.W_all:2.18237 lstm2.lstm_nonlin:0.0358059 lstm2.W_rp:0.886053 tdnn5.affine:2.41618 tdnn6.affine:2.50312 lstm3.W_all:2.25321 lstm3.lstm_nonlin:0.0569005 lstm3.W_rp:0.920585 output.affine:2.5457 ]
LOG (nnet3-show-progress[5.5.0-]:main():nnet3-show-progress.cc:153) Norms of parameter matrices from <new-nnet-in> are [ tdnn1.affine:12.4737 tdnn2.affine:10.5928 lstm1.W_all:20.5755 lstm1.lstm_nonlin:2.34178 lstm1.W_rp:15.3952 tdnn3.affine:8.52766 tdnn4.affine:7.87072 lstm2.W_all:17.1985 lstm2.lstm_nonlin:1.59606 lstm2.W_rp:14.778 tdnn5.affine:8.17489 tdnn6.affine:7.75794 lstm3.W_all:24.2325 lstm3.lstm_nonlin:3.03829 lstm3.W_rp:35.535 output.affine:32.7595 ]
LOG (nnet3-show-progress[5.5.0-]:main():nnet3-show-progress.cc:157) Relative parameter differences per layer are [ tdnn1.affine:0.323005 tdnn2.affine:0.369126 lstm1.W_all:0.148595 lstm1.lstm_nonlin:0.027532 lstm1.W_rp:0.0814234 tdnn3.affine:0.335113 tdnn4.affine:0.378712 lstm2.W_all:0.126698 lstm2.lstm_nonlin:0.0225409 lstm2.W_rp:0.0598885 tdnn5.affine:0.294468 tdnn6.affine:0.321408 lstm3.W_all:0.0928665 lstm3.lstm_nonlin:0.0187196 lstm3.W_rp:0.0259103 output.affine:0.0776934 ]
# Accounting: time=1 threads=1
# Ended (code 0) at Thu Jul 30 12:04:59 KST 2020, elapsed time 1 seconds
