# nnet3-info exp/nnet3/tdnn_lstm1c_sp/475.mdl && nnet3-show-progress --use-gpu=no exp/nnet3/tdnn_lstm1c_sp/474.mdl exp/nnet3/tdnn_lstm1c_sp/475.mdl 
# Started at Thu Jul 30 13:09:31 KST 2020
#
nnet3-info exp/nnet3/tdnn_lstm1c_sp/475.mdl 
WARNING (nnet3-info[5.5.0-]:Check():nnet-nnet.cc:789) Node lda.delayed is never used to compute any output.
left-context: 10
right-context: 20
num-parameters: 8426364
modulus: 1
component-node name=lda.delayed component=lda.delayed input=Append(Offset(input, -2), Offset(input, -1), input, Offset(input, 1), Offset(input, 2), ReplaceIndex(ivector, t, 0)) input-dim=300 output-dim=300
input-node name=ivector dim=100
input-node name=input dim=40
component-node name=lda component=lda input=Append(Offset(input, -2), Offset(input, -1), input, Offset(input, 1), Offset(input, 2), ReplaceIndex(ivector, t, 0)) input-dim=300 output-dim=300
component-node name=tdnn1.affine component=tdnn1.affine input=lda input-dim=300 output-dim=520
component-node name=tdnn1.relu component=tdnn1.relu input=tdnn1.affine input-dim=520 output-dim=520
component-node name=tdnn1.batchnorm component=tdnn1.batchnorm input=tdnn1.relu input-dim=520 output-dim=520
component-node name=tdnn2.affine component=tdnn2.affine input=Append(Offset(tdnn1.batchnorm, -1), tdnn1.batchnorm, Offset(tdnn1.batchnorm, 1)) input-dim=1560 output-dim=520
component-node name=tdnn2.relu component=tdnn2.relu input=tdnn2.affine input-dim=520 output-dim=520
component-node name=tdnn2.batchnorm component=tdnn2.batchnorm input=tdnn2.relu input-dim=520 output-dim=520
component-node name=lstm1.W_all component=lstm1.W_all input=Append(tdnn2.batchnorm, IfDefined(Offset(lstm1.r_trunc, -3))) input-dim=650 output-dim=2080
component-node name=lstm1.dropout_mask component=lstm1.dropout_mask input=lstm1.dropout_mask input-dim=3 output-dim=3
component-node name=lstm1.lstm_nonlin component=lstm1.lstm_nonlin input=Append(lstm1.W_all, IfDefined(Offset(lstm1.c_trunc, -3)), lstm1.dropout_mask) input-dim=2603 output-dim=1040
dim-range-node name=lstm1.c input-node=lstm1.lstm_nonlin dim-offset=0 dim=520
dim-range-node name=lstm1.m input-node=lstm1.lstm_nonlin dim-offset=520 dim=520
component-node name=lstm1.rp component=lstm1.W_rp input=lstm1.m input-dim=520 output-dim=260
dim-range-node name=lstm1.r input-node=lstm1.rp dim-offset=0 dim=130
component-node name=lstm1.cr_trunc component=lstm1.cr_trunc input=Append(lstm1.c, lstm1.r) input-dim=650 output-dim=650
dim-range-node name=lstm1.c_trunc input-node=lstm1.cr_trunc dim-offset=0 dim=520
dim-range-node name=lstm1.r_trunc input-node=lstm1.cr_trunc dim-offset=520 dim=130
component-node name=tdnn3.affine component=tdnn3.affine input=Append(Offset(lstm1.rp, -3), lstm1.rp, Offset(lstm1.rp, 3)) input-dim=780 output-dim=520
component-node name=tdnn3.relu component=tdnn3.relu input=tdnn3.affine input-dim=520 output-dim=520
component-node name=tdnn3.batchnorm component=tdnn3.batchnorm input=tdnn3.relu input-dim=520 output-dim=520
component-node name=tdnn4.affine component=tdnn4.affine input=Append(Offset(tdnn3.batchnorm, -3), tdnn3.batchnorm, Offset(tdnn3.batchnorm, 3)) input-dim=1560 output-dim=520
component-node name=tdnn4.relu component=tdnn4.relu input=tdnn4.affine input-dim=520 output-dim=520
component-node name=tdnn4.batchnorm component=tdnn4.batchnorm input=tdnn4.relu input-dim=520 output-dim=520
component-node name=lstm2.W_all component=lstm2.W_all input=Append(tdnn4.batchnorm, IfDefined(Offset(lstm2.r_trunc, -3))) input-dim=650 output-dim=2080
component-node name=lstm2.dropout_mask component=lstm2.dropout_mask input=lstm2.dropout_mask input-dim=3 output-dim=3
component-node name=lstm2.lstm_nonlin component=lstm2.lstm_nonlin input=Append(lstm2.W_all, IfDefined(Offset(lstm2.c_trunc, -3)), lstm2.dropout_mask) input-dim=2603 output-dim=1040
dim-range-node name=lstm2.c input-node=lstm2.lstm_nonlin dim-offset=0 dim=520
dim-range-node name=lstm2.m input-node=lstm2.lstm_nonlin dim-offset=520 dim=520
component-node name=lstm2.rp component=lstm2.W_rp input=lstm2.m input-dim=520 output-dim=260
dim-range-node name=lstm2.r input-node=lstm2.rp dim-offset=0 dim=130
component-node name=lstm2.cr_trunc component=lstm2.cr_trunc input=Append(lstm2.c, lstm2.r) input-dim=650 output-dim=650
dim-range-node name=lstm2.c_trunc input-node=lstm2.cr_trunc dim-offset=0 dim=520
dim-range-node name=lstm2.r_trunc input-node=lstm2.cr_trunc dim-offset=520 dim=130
component-node name=tdnn5.affine component=tdnn5.affine input=Append(Offset(lstm2.rp, -3), lstm2.rp, Offset(lstm2.rp, 3)) input-dim=780 output-dim=520
component-node name=tdnn5.relu component=tdnn5.relu input=tdnn5.affine input-dim=520 output-dim=520
component-node name=tdnn5.batchnorm component=tdnn5.batchnorm input=tdnn5.relu input-dim=520 output-dim=520
component-node name=tdnn6.affine component=tdnn6.affine input=Append(Offset(tdnn5.batchnorm, -3), tdnn5.batchnorm, Offset(tdnn5.batchnorm, 3)) input-dim=1560 output-dim=520
component-node name=tdnn6.relu component=tdnn6.relu input=tdnn6.affine input-dim=520 output-dim=520
component-node name=tdnn6.batchnorm component=tdnn6.batchnorm input=tdnn6.relu input-dim=520 output-dim=520
component-node name=lstm3.W_all component=lstm3.W_all input=Append(tdnn6.batchnorm, IfDefined(Offset(lstm3.r_trunc, -3))) input-dim=650 output-dim=2080
component-node name=lstm3.dropout_mask component=lstm3.dropout_mask input=lstm3.dropout_mask input-dim=3 output-dim=3
component-node name=lstm3.lstm_nonlin component=lstm3.lstm_nonlin input=Append(lstm3.W_all, IfDefined(Offset(lstm3.c_trunc, -3)), lstm3.dropout_mask) input-dim=2603 output-dim=1040
dim-range-node name=lstm3.c input-node=lstm3.lstm_nonlin dim-offset=0 dim=520
dim-range-node name=lstm3.m input-node=lstm3.lstm_nonlin dim-offset=520 dim=520
component-node name=lstm3.rp component=lstm3.W_rp input=lstm3.m input-dim=520 output-dim=260
dim-range-node name=lstm3.r input-node=lstm3.rp dim-offset=0 dim=130
component-node name=lstm3.cr_trunc component=lstm3.cr_trunc input=Append(lstm3.c, lstm3.r) input-dim=650 output-dim=650
dim-range-node name=lstm3.c_trunc input-node=lstm3.cr_trunc dim-offset=0 dim=520
dim-range-node name=lstm3.r_trunc input-node=lstm3.cr_trunc dim-offset=520 dim=130
component-node name=output.affine component=output.affine input=lstm3.rp input-dim=260 output-dim=2104
component-node name=output.log-softmax component=output.log-softmax input=output.affine input-dim=2104 output-dim=2104
output-node name=output input=Offset(output.log-softmax, 5) dim=2104 objective=linear
component name=lda.delayed type=NoOpComponent, dim=300
component name=lda type=FixedAffineComponent, input-dim=300, output-dim=300, linear-params-rms=0.006709, bias-{mean,stddev}=-0.01975,0.4295
component name=tdnn1.affine type=NaturalGradientAffineComponent, input-dim=300, output-dim=520, learning-rate=6.39292e-05, l2-regularize=0.05, max-change=0.75, linear-params-rms=0.03215, linear-params-row-norms=[percentiles(0,1,2,5 10,20,50,80,90 95,98,99,100)=(0.003,0.003,0.005,0.007 0.009,0.03,0.57,0.73,0.78 0.84,0.91,0.97,1.3), mean=0.467, stddev=0.303], linear-params-col-norms=[percentiles(0,1,2,5 10,20,50,80,90 95,98,99,100)=(0.13,0.14,0.15,0.16 0.19,0.24,0.70,0.93,1.1 1.3,1.3,1.4,1.4), mean=0.644, stddev=0.35], bias-{mean,stddev}=-0.00761,0.05968, rank-in=20, rank-out=80, num-samples-history=2000, update-period=4, alpha=4
component name=tdnn1.relu type=RectifiedLinearComponent, dim=520, self-repair-scale=1e-05, count=1.11e+06, self-repaired-proportion=0.175802, value-avg=[percentiles(0,1,2,5 10,20,50,80,90 95,98,99,100)=(9e-06,2e-05,2e-05,4e-05 7e-05,0.0002,0.04,0.08,0.10 0.12,0.14,0.15,0.20), mean=0.0418, stddev=0.0433], deriv-avg=[percentiles(0,1,2,5 10,20,50,80,90 95,98,99,100)=(0.007,0.01,0.02,0.03 0.05,0.07,0.35,0.60,0.71 0.78,0.87,0.90,0.98), mean=0.341, stddev=0.266], oderiv-rms=[percentiles(0,1,2,5 10,20,50,80,90 95,98,99,100)=(0.006,0.009,0.01,0.01 0.02,0.06,0.45,0.67,0.79 0.91,1.0,1.1,1.7), mean=0.44, stddev=0.296], oderiv-count=1.24557e+06
component name=tdnn1.batchnorm type=BatchNormComponent, dim=520, block-dim=520, epsilon=0.001, target-rms=1, count=32671.7, test-mode=false, data-mean=[percentiles(0,1,2,5 10,20,50,80,90 95,98,99,100)=(3e-06,1e-05,2e-05,3e-05 5e-05,0.0002,0.03,0.08,0.10 0.12,0.14,0.15,0.20), mean=0.0405, stddev=0.0427], data-stddev=[percentiles(0,1,2,5 10,20,50,80,90 95,98,99,100)=(7e-05,0.0001,0.0001,0.0002 0.0003,0.001,0.07,0.10,0.12 0.13,0.13,0.14,0.16), mean=0.0564, stddev=0.0472]
component name=tdnn2.affine type=NaturalGradientAffineComponent, input-dim=1560, output-dim=520, learning-rate=6.39292e-05, l2-regularize=0.05, max-change=0.75, linear-params-rms=0.01132, linear-params-row-norms=[percentiles(0,1,2,5 10,20,50,80,90 95,98,99,100)=(0.30,0.33,0.33,0.35 0.36,0.39,0.43,0.49,0.54 0.57,0.61,0.63,0.71), mean=0.442, stddev=0.0686], linear-params-col-norms=[percentiles(0,1,2,5 10,20,50,80,90 95,98,99,100)=(0.001,0.002,0.002,0.003 0.005,0.01,0.27,0.33,0.36 0.38,0.42,0.49,0.76), mean=0.216, stddev=0.142], bias-{mean,stddev}=-0.03544,0.03687, rank-in=20, rank-out=80, num-samples-history=2000, update-period=4, alpha=4
component name=tdnn2.relu type=RectifiedLinearComponent, dim=520, self-repair-scale=1e-05, count=9.31e+05, self-repaired-proportion=0, value-avg=[percentiles(0,1,2,5 10,20,50,80,90 95,98,99,100)=(0.13,0.15,0.16,0.18 0.19,0.21,0.24,0.27,0.30 0.31,0.32,0.36,0.41), mean=0.241, stddev=0.0418], deriv-avg=[percentiles(0,1,2,5 10,20,50,80,90 95,98,99,100)=(0.24,0.35,0.37,0.39 0.40,0.42,0.44,0.47,0.49 0.51,0.52,0.53,0.56), mean=0.443, stddev=0.0377], oderiv-rms=[percentiles(0,1,2,5 10,20,50,80,90 95,98,99,100)=(0.04,0.04,0.04,0.05 0.05,0.05,0.06,0.07,0.08 0.09,0.10,0.10,0.12), mean=0.0601, stddev=0.013], oderiv-count=1.16909e+06
component name=tdnn2.batchnorm type=BatchNormComponent, dim=520, block-dim=520, epsilon=0.001, target-rms=1, count=31950, test-mode=false, data-mean=[percentiles(0,1,2,5 10,20,50,80,90 95,98,99,100)=(0.13,0.15,0.16,0.17 0.19,0.20,0.24,0.28,0.30 0.32,0.34,0.36,0.43), mean=0.243, stddev=0.0453], data-stddev=[percentiles(0,1,2,5 10,20,50,80,90 95,98,99,100)=(0.26,0.29,0.31,0.34 0.36,0.39,0.43,0.49,0.53 0.55,0.57,0.59,0.67), mean=0.438, stddev=0.0635]
component name=lstm1.W_all type=NaturalGradientAffineComponent, input-dim=650, output-dim=2080, learning-rate=6.39292e-05, l2-regularize=0.01, max-change=1.5, linear-params-rms=0.01725, linear-params-row-norms=[percentiles(0,1,2,5 10,20,50,80,90 95,98,99,100)=(3e-08,5e-07,1e-06,8e-06 0.0002,0.18,0.39,0.58,0.65 0.72,0.79,0.88,1.1), mean=0.377, stddev=0.227], linear-params-col-norms=[percentiles(0,1,2,5 10,20,50,80,90 95,98,99,100)=(0.29,0.34,0.38,0.41 0.46,0.68,0.80,0.88,0.95 1.0,1.1,1.2,1.3), mean=0.767, stddev=0.172], bias-{mean,stddev}=0.0001232,0.02112, rank-in=20, rank-out=80, num-samples-history=2000, update-period=4, alpha=4
component name=lstm1.lstm_nonlin type=LstmNonlinearityComponent, input-dim=2603, output-dim=1040, learning-rate=6.39292e-05, l2-regularize=0.01, max-change=0.75, cell-dim=520, use-dropout=true, w_ic-rms=0.04171, w_fc-rms=0.02153, w_oc-rms=0.03788, count=1.51e+06, i_t_sigmoid={ self-repair-lower-threshold=0.05, self-repair-scale=1e-05, self-repaired-proportion=0.00643671, value-avg=[percentiles(0,1,2,5 10,20,50,80,90 95,98,99,100)=(0.38,0.40,0.41,0.43 0.44,0.45,0.48,0.50,0.55 0.64,0.71,0.72,0.76), mean=0.49, stddev=0.0604], deriv-avg=[percentiles(0,1,2,5 10,20,50,80,90 95,98,99,100)=(0.18,0.19,0.19,0.20 0.21,0.22,0.23,0.24,0.25 0.25,0.25,0.25,0.25), mean=0.228, stddev=0.0144] }, f_t_sigmoid={ self-repair-lower-threshold=0.05, self-repair-scale=1e-05, self-repaired-proportion=0.00643671, value-avg=[percentiles(0,1,2,5 10,20,50,80,90 95,98,99,100)=(0.40,0.42,0.43,0.44 0.45,0.47,0.50,0.51,0.55 0.61,0.66,0.70,0.76), mean=0.499, stddev=0.0508], deriv-avg=[percentiles(0,1,2,5 10,20,50,80,90 95,98,99,100)=(0.18,0.19,0.20,0.21 0.22,0.23,0.24,0.25,0.25 0.25,0.25,0.25,0.25), mean=0.236, stddev=0.0125] }, c_t_tanh={ self-repair-lower-threshold=0.2, self-repair-scale=1e-05, self-repaired-proportion=0.0064429, value-avg=[percentiles(0,1,2,5 10,20,50,80,90 95,98,99,100)=(-0.85,-0.81,-0.77,-0.45 -0.27,-0.12,0.0004,0.15,0.27 0.57,0.73,0.79,0.86), mean=0.0131, stddev=0.278], deriv-avg=[percentiles(0,1,2,5 10,20,50,80,90 95,98,99,100)=(0.23,0.30,0.31,0.36 0.42,0.46,0.58,0.72,1.0 1.0,1.0,1.0,1.0), mean=0.618, stddev=0.199] }, o_t_sigmoid={ self-repair-lower-threshold=0.05, self-repair-scale=1e-05, self-repaired-proportion=0.00643671, value-avg=[percentiles(0,1,2,5 10,20,50,80,90 95,98,99,100)=(0.35,0.37,0.38,0.40 0.41,0.43,0.46,0.50,0.50 0.52,0.55,0.59,0.65), mean=0.462, stddev=0.042], deriv-avg=[percentiles(0,1,2,5 10,20,50,80,90 95,98,99,100)=(0.16,0.19,0.19,0.19 0.20,0.21,0.22,0.24,0.25 0.25,0.25,0.25,0.25), mean=0.222, stddev=0.0182] }, m_t_tanh={ self-repair-lower-threshold=0.2, self-repair-scale=1e-05, self-repaired-proportion=0.0102581, value-avg=[percentiles(0,1,2,5 10,20,50,80,90 95,98,99,100)=(-0.89,-0.82,-0.76,-0.39 -0.21,-0.11,0.0004,0.13,0.23 0.47,0.67,0.81,0.91), mean=0.0109, stddev=0.256], deriv-avg=[percentiles(0,1,2,5 10,20,50,80,90 95,98,99,100)=(0.17,0.26,0.31,0.45 0.66,0.74,0.83,0.90,1.0 1.0,1.0,1.0,1.0), mean=0.811, stddev=0.155] }
component name=lstm1.cr_trunc type=BackpropTruncationComponent, dim=650, scale=0.85, count=1.98e+06, recurrence-interval=3, clipping-threshold=30, clipped-proportion=7.58642e-07, zeroing-threshold=15, zeroing-interval=20, zeroed-proportion=1.18096e-05, count-zeroing-boundaries=296368
component name=lstm1.dropout_mask type=DropoutMaskComponent, output-dim=3, dropout-proportion=0.0165289
component name=lstm1.W_rp type=NaturalGradientAffineComponent, input-dim=520, output-dim=260, learning-rate=6.39292e-05, l2-regularize=0.01, max-change=1.5, linear-params-rms=0.03784, linear-params-row-norms=[percentiles(0,1,2,5 10,20,50,80,90 95,98,99,100)=(0.36,0.40,0.44,0.45 0.50,0.55,0.82,1.1,1.1 1.2,1.2,1.3,1.3), mean=0.823, stddev=0.259], linear-params-col-norms=[percentiles(0,1,2,5 10,20,50,80,90 95,98,99,100)=(0.0002,0.0005,0.0008,0.002 0.006,0.40,0.55,0.71,0.86 1.0,1.2,1.3,1.5), mean=0.532, stddev=0.299], bias-{mean,stddev}=0.01052,0.2264, rank-in=20, rank-out=80, num-samples-history=2000, update-period=4, alpha=4
component name=tdnn3.affine type=NaturalGradientAffineComponent, input-dim=780, output-dim=520, learning-rate=6.39292e-05, l2-regularize=0.05, max-change=0.75, linear-params-rms=0.01218, linear-params-row-norms=[percentiles(0,1,2,5 10,20,50,80,90 95,98,99,100)=(0.20,0.23,0.24,0.26 0.27,0.29,0.33,0.38,0.41 0.44,0.46,0.48,0.55), mean=0.336, stddev=0.0547], linear-params-col-norms=[percentiles(0,1,2,5 10,20,50,80,90 95,98,99,100)=(0.11,0.13,0.13,0.15 0.16,0.18,0.26,0.34,0.38 0.40,0.43,0.44,0.47), mean=0.264, stddev=0.0857], bias-{mean,stddev}=0.00143,0.01065, rank-in=20, rank-out=80, num-samples-history=2000, update-period=4, alpha=4
component name=tdnn3.relu type=RectifiedLinearComponent, dim=520, self-repair-scale=1e-05, count=9.91e+05, self-repaired-proportion=0, value-avg=[percentiles(0,1,2,5 10,20,50,80,90 95,98,99,100)=(0.005,0.009,0.01,0.02 0.03,0.04,0.08,0.11,0.13 0.15,0.16,0.17,0.18), mean=0.082, stddev=0.0385], deriv-avg=[percentiles(0,1,2,5 10,20,50,80,90 95,98,99,100)=(0.08,0.09,0.11,0.15 0.20,0.27,0.42,0.53,0.59 0.63,0.68,0.70,0.84), mean=0.408, stddev=0.146], oderiv-rms=[percentiles(0,1,2,5 10,20,50,80,90 95,98,99,100)=(0.08,0.08,0.08,0.09 0.09,0.10,0.11,0.15,0.18 0.21,0.24,0.26,0.29), mean=0.126, stddev=0.0384], oderiv-count=1.09946e+06
component name=tdnn3.batchnorm type=BatchNormComponent, dim=520, block-dim=520, epsilon=0.001, target-rms=1, count=29784.9, test-mode=false, data-mean=[percentiles(0,1,2,5 10,20,50,80,90 95,98,99,100)=(0.006,0.01,0.01,0.02 0.03,0.04,0.08,0.11,0.13 0.15,0.17,0.17,0.18), mean=0.081, stddev=0.0376], data-stddev=[percentiles(0,1,2,5 10,20,50,80,90 95,98,99,100)=(0.03,0.04,0.06,0.07 0.09,0.11,0.14,0.17,0.18 0.19,0.20,0.21,0.22), mean=0.137, stddev=0.0348]
component name=tdnn4.affine type=NaturalGradientAffineComponent, input-dim=1560, output-dim=520, learning-rate=6.39292e-05, l2-regularize=0.05, max-change=0.75, linear-params-rms=0.008039, linear-params-row-norms=[percentiles(0,1,2,5 10,20,50,80,90 95,98,99,100)=(0.21,0.26,0.26,0.27 0.28,0.29,0.31,0.34,0.36 0.38,0.40,0.40,0.43), mean=0.316, stddev=0.0344], linear-params-col-norms=[percentiles(0,1,2,5 10,20,50,80,90 95,98,99,100)=(0.08,0.12,0.13,0.14 0.14,0.15,0.17,0.20,0.22 0.24,0.27,0.29,0.37), mean=0.18, stddev=0.0333], bias-{mean,stddev}=-0.02839,0.01636, rank-in=20, rank-out=80, num-samples-history=2000, update-period=4, alpha=4
component name=tdnn4.relu type=RectifiedLinearComponent, dim=520, self-repair-scale=1e-05, count=9.46e+05, self-repaired-proportion=0, value-avg=[percentiles(0,1,2,5 10,20,50,80,90 95,98,99,100)=(0.16,0.17,0.18,0.19 0.20,0.21,0.24,0.26,0.28 0.30,0.31,0.32,0.35), mean=0.238, stddev=0.0337], deriv-avg=[percentiles(0,1,2,5 10,20,50,80,90 95,98,99,100)=(0.25,0.35,0.36,0.37 0.38,0.39,0.42,0.44,0.46 0.47,0.48,0.49,0.51), mean=0.419, stddev=0.0306], oderiv-rms=[percentiles(0,1,2,5 10,20,50,80,90 95,98,99,100)=(0.03,0.03,0.03,0.03 0.04,0.04,0.04,0.04,0.04 0.04,0.04,0.05,0.05), mean=0.0385, stddev=0.00288], oderiv-count=1.12266e+06
component name=tdnn4.batchnorm type=BatchNormComponent, dim=520, block-dim=520, epsilon=0.001, target-rms=1, count=27619.7, test-mode=false, data-mean=[percentiles(0,1,2,5 10,20,50,80,90 95,98,99,100)=(0.15,0.17,0.18,0.19 0.20,0.21,0.24,0.27,0.29 0.30,0.32,0.33,0.38), mean=0.24, stddev=0.0347], data-stddev=[percentiles(0,1,2,5 10,20,50,80,90 95,98,99,100)=(0.30,0.36,0.37,0.39 0.40,0.43,0.47,0.52,0.55 0.57,0.60,0.62,0.78), mean=0.472, stddev=0.0582]
component name=lstm2.W_all type=NaturalGradientAffineComponent, input-dim=650, output-dim=2080, learning-rate=6.39292e-05, l2-regularize=0.01, max-change=1.5, linear-params-rms=0.01408, linear-params-row-norms=[percentiles(0,1,2,5 10,20,50,80,90 95,98,99,100)=(2e-07,2e-06,5e-06,1e-05 5e-05,0.0008,0.31,0.50,0.58 0.63,0.67,0.71,0.82), mean=0.277, stddev=0.228], linear-params-col-norms=[percentiles(0,1,2,5 10,20,50,80,90 95,98,99,100)=(0.26,0.27,0.29,0.33 0.39,0.58,0.65,0.72,0.76 0.79,0.85,0.88,1.3), mean=0.628, stddev=0.134], bias-{mean,stddev}=0.002158,0.0252, rank-in=20, rank-out=80, num-samples-history=2000, update-period=4, alpha=4
component name=lstm2.lstm_nonlin type=LstmNonlinearityComponent, input-dim=2603, output-dim=1040, learning-rate=6.39292e-05, l2-regularize=0.01, max-change=0.75, cell-dim=520, use-dropout=true, w_ic-rms=0.02674, w_fc-rms=0.01394, w_oc-rms=0.03483, count=1.38e+06, i_t_sigmoid={ self-repair-lower-threshold=0.05, self-repair-scale=1e-05, self-repaired-proportion=0.00649122, value-avg=[percentiles(0,1,2,5 10,20,50,80,90 95,98,99,100)=(0.42,0.43,0.45,0.46 0.46,0.48,0.50,0.51,0.54 0.57,0.61,0.63,0.70), mean=0.5, stddev=0.0353], deriv-avg=[percentiles(0,1,2,5 10,20,50,80,90 95,98,99,100)=(0.20,0.21,0.21,0.21 0.22,0.22,0.23,0.25,0.25 0.25,0.25,0.25,0.25), mean=0.235, stddev=0.0129] }, f_t_sigmoid={ self-repair-lower-threshold=0.05, self-repair-scale=1e-05, self-repaired-proportion=0.00649122, value-avg=[percentiles(0,1,2,5 10,20,50,80,90 95,98,99,100)=(0.40,0.44,0.45,0.46 0.46,0.47,0.50,0.51,0.53 0.55,0.59,0.61,0.67), mean=0.497, stddev=0.0309], deriv-avg=[percentiles(0,1,2,5 10,20,50,80,90 95,98,99,100)=(0.20,0.21,0.21,0.22 0.22,0.23,0.24,0.25,0.25 0.25,0.25,0.25,0.25), mean=0.239, stddev=0.0109] }, c_t_tanh={ self-repair-lower-threshold=0.2, self-repair-scale=1e-05, self-repaired-proportion=0.00649122, value-avg=[percentiles(0,1,2,5 10,20,50,80,90 95,98,99,100)=(-0.83,-0.72,-0.63,-0.34 -0.21,-0.08,2e-05,0.10,0.25 0.40,0.54,0.60,0.72), mean=0.00487, stddev=0.219], deriv-avg=[percentiles(0,1,2,5 10,20,50,80,90 95,98,99,100)=(0.26,0.40,0.42,0.46 0.49,0.54,0.64,1.0,1.0 1.0,1.0,1.0,1.0), mean=0.724, stddev=0.211] }, o_t_sigmoid={ self-repair-lower-threshold=0.05, self-repair-scale=1e-05, self-repaired-proportion=0.00649122, value-avg=[percentiles(0,1,2,5 10,20,50,80,90 95,98,99,100)=(0.39,0.41,0.42,0.43 0.45,0.46,0.50,0.50,0.51 0.52,0.55,0.56,0.73), mean=0.486, stddev=0.0304], deriv-avg=[percentiles(0,1,2,5 10,20,50,80,90 95,98,99,100)=(0.17,0.18,0.19,0.20 0.21,0.22,0.23,0.25,0.25 0.25,0.25,0.25,0.25), mean=0.231, stddev=0.0172] }, m_t_tanh={ self-repair-lower-threshold=0.2, self-repair-scale=1e-05, self-repaired-proportion=0.00649122, value-avg=[percentiles(0,1,2,5 10,20,50,80,90 95,98,99,100)=(-0.80,-0.61,-0.58,-0.31 -0.18,-0.08,1e-05,0.11,0.23 0.36,0.48,0.54,0.73), mean=0.00488, stddev=0.2], deriv-avg=[percentiles(0,1,2,5 10,20,50,80,90 95,98,99,100)=(0.34,0.50,0.56,0.64 0.71,0.77,0.86,1.0,1.0 1.0,1.0,1.0,1.0), mean=0.867, stddev=0.124] }
component name=lstm2.cr_trunc type=BackpropTruncationComponent, dim=650, scale=0.85, count=1.73e+06, recurrence-interval=3, clipping-threshold=30, clipped-proportion=0, zeroing-threshold=15, zeroing-interval=20, zeroed-proportion=1.91284e-06, count-zeroing-boundaries=261391
component name=lstm2.dropout_mask type=DropoutMaskComponent, output-dim=3, dropout-proportion=0.0165289
component name=lstm2.W_rp type=NaturalGradientAffineComponent, input-dim=520, output-dim=260, learning-rate=6.39292e-05, l2-regularize=0.01, max-change=1.5, linear-params-rms=0.0357, linear-params-row-norms=[percentiles(0,1,2,5 10,20,50,80,90 95,98,99,100)=(0.41,0.43,0.45,0.51 0.54,0.59,0.78,0.99,1.1 1.1,1.1,1.1,1.3), mean=0.788, stddev=0.205], linear-params-col-norms=[percentiles(0,1,2,5 10,20,50,80,90 95,98,99,100)=(0.0005,0.001,0.001,0.002 0.004,0.01,0.58,0.76,0.85 0.95,1.0,1.1,1.3), mean=0.459, stddev=0.347], bias-{mean,stddev}=-0.003627,0.1819, rank-in=20, rank-out=80, num-samples-history=2000, update-period=4, alpha=4
component name=tdnn5.affine type=NaturalGradientAffineComponent, input-dim=780, output-dim=520, learning-rate=6.39292e-05, l2-regularize=0.05, max-change=0.75, linear-params-rms=0.01135, linear-params-row-norms=[percentiles(0,1,2,5 10,20,50,80,90 95,98,99,100)=(0.13,0.20,0.21,0.23 0.25,0.26,0.30,0.36,0.39 0.42,0.46,0.47,0.51), mean=0.312, stddev=0.0589], linear-params-col-norms=[percentiles(0,1,2,5 10,20,50,80,90 95,98,99,100)=(0.10,0.13,0.14,0.15 0.16,0.18,0.23,0.32,0.36 0.38,0.40,0.42,0.45), mean=0.248, stddev=0.0753], bias-{mean,stddev}=0.002163,0.007542, rank-in=20, rank-out=80, num-samples-history=2000, update-period=4, alpha=4
component name=tdnn5.relu type=RectifiedLinearComponent, dim=520, self-repair-scale=1e-05, count=7.84e+05, self-repaired-proportion=0, value-avg=[percentiles(0,1,2,5 10,20,50,80,90 95,98,99,100)=(0.01,0.01,0.02,0.02 0.03,0.04,0.06,0.09,0.11 0.12,0.13,0.14,0.16), mean=0.0645, stddev=0.0297], deriv-avg=[percentiles(0,1,2,5 10,20,50,80,90 95,98,99,100)=(0.08,0.11,0.12,0.15 0.20,0.27,0.39,0.49,0.54 0.57,0.60,0.61,0.66), mean=0.379, stddev=0.126], oderiv-rms=[percentiles(0,1,2,5 10,20,50,80,90 95,98,99,100)=(0.06,0.08,0.09,0.09 0.09,0.10,0.12,0.14,0.17 0.20,0.22,0.22,0.27), mean=0.123, stddev=0.0321], oderiv-count=959552
component name=tdnn5.batchnorm type=BatchNormComponent, dim=520, block-dim=520, epsilon=0.001, target-rms=1, count=25454.6, test-mode=false, data-mean=[percentiles(0,1,2,5 10,20,50,80,90 95,98,99,100)=(0.009,0.01,0.02,0.02 0.03,0.04,0.06,0.09,0.11 0.12,0.13,0.14,0.16), mean=0.0675, stddev=0.0295], data-stddev=[percentiles(0,1,2,5 10,20,50,80,90 95,98,99,100)=(0.04,0.05,0.06,0.07 0.08,0.10,0.12,0.15,0.16 0.17,0.18,0.19,0.23), mean=0.122, stddev=0.0309]
component name=tdnn6.affine type=NaturalGradientAffineComponent, input-dim=1560, output-dim=520, learning-rate=6.39292e-05, l2-regularize=0.05, max-change=0.75, linear-params-rms=0.008064, linear-params-row-norms=[percentiles(0,1,2,5 10,20,50,80,90 95,98,99,100)=(0.12,0.14,0.17,0.23 0.26,0.28,0.31,0.36,0.38 0.39,0.40,0.41,0.44), mean=0.314, stddev=0.0526], linear-params-col-norms=[percentiles(0,1,2,5 10,20,50,80,90 95,98,99,100)=(0.08,0.11,0.12,0.13 0.14,0.15,0.17,0.20,0.23 0.26,0.31,0.33,0.39), mean=0.179, stddev=0.0417], bias-{mean,stddev}=-0.0243,0.02045, rank-in=20, rank-out=80, num-samples-history=2000, update-period=4, alpha=4
component name=tdnn6.relu type=RectifiedLinearComponent, dim=520, self-repair-scale=1e-05, count=8.38e+05, self-repaired-proportion=0, value-avg=[percentiles(0,1,2,5 10,20,50,80,90 95,98,99,100)=(0.12,0.13,0.15,0.18 0.20,0.22,0.25,0.28,0.29 0.30,0.32,0.32,0.36), mean=0.245, stddev=0.039], deriv-avg=[percentiles(0,1,2,5 10,20,50,80,90 95,98,99,100)=(0.33,0.34,0.35,0.36 0.38,0.39,0.41,0.44,0.45 0.46,0.48,0.49,0.50), mean=0.413, stddev=0.0297], oderiv-rms=[percentiles(0,1,2,5 10,20,50,80,90 95,98,99,100)=(0.02,0.02,0.02,0.03 0.03,0.03,0.03,0.03,0.04 0.04,0.04,0.04,0.05), mean=0.0316, stddev=0.00369], oderiv-count=958080
component name=tdnn6.batchnorm type=BatchNormComponent, dim=520, block-dim=520, epsilon=0.001, target-rms=1, count=23289.4, test-mode=false, data-mean=[percentiles(0,1,2,5 10,20,50,80,90 95,98,99,100)=(0.13,0.15,0.16,0.18 0.20,0.22,0.25,0.28,0.29 0.31,0.33,0.35,0.40), mean=0.249, stddev=0.0399], data-stddev=[percentiles(0,1,2,5 10,20,50,80,90 95,98,99,100)=(0.20,0.23,0.26,0.34 0.38,0.43,0.49,0.56,0.59 0.61,0.65,0.69,0.80), mean=0.489, stddev=0.0872]
component name=lstm3.W_all type=NaturalGradientAffineComponent, input-dim=650, output-dim=2080, learning-rate=6.39292e-05, l2-regularize=0.01, max-change=1.5, linear-params-rms=0.02009, linear-params-row-norms=[percentiles(0,1,2,5 10,20,50,80,90 95,98,99,100)=(0.18,0.21,0.22,0.24 0.27,0.32,0.45,0.66,0.73 0.78,0.82,0.85,0.92), mean=0.483, stddev=0.17], linear-params-col-norms=[percentiles(0,1,2,5 10,20,50,80,90 95,98,99,100)=(0.46,0.48,0.54,0.64 0.71,0.74,0.82,1.1,1.2 1.3,1.4,1.5,1.7), mean=0.891, stddev=0.216], bias-{mean,stddev}=0.01379,0.01662, rank-in=20, rank-out=80, num-samples-history=2000, update-period=4, alpha=4
component name=lstm3.lstm_nonlin type=LstmNonlinearityComponent, input-dim=2603, output-dim=1040, learning-rate=6.39292e-05, l2-regularize=0.01, max-change=0.75, cell-dim=520, use-dropout=true, w_ic-rms=0.07067, w_fc-rms=0.03867, w_oc-rms=0.05379, count=1.25e+06, i_t_sigmoid={ self-repair-lower-threshold=0.05, self-repair-scale=1e-05, self-repaired-proportion=0.00655701, value-avg=[percentiles(0,1,2,5 10,20,50,80,90 95,98,99,100)=(0.49,0.54,0.55,0.57 0.60,0.63,0.67,0.71,0.73 0.75,0.77,0.78,0.81), mean=0.669, stddev=0.0524], deriv-avg=[percentiles(0,1,2,5 10,20,50,80,90 95,98,99,100)=(0.13,0.14,0.15,0.16 0.17,0.18,0.19,0.20,0.20 0.20,0.21,0.21,0.21), mean=0.186, stddev=0.013] }, f_t_sigmoid={ self-repair-lower-threshold=0.05, self-repair-scale=1e-05, self-repaired-proportion=0.00655701, value-avg=[percentiles(0,1,2,5 10,20,50,80,90 95,98,99,100)=(0.45,0.50,0.52,0.53 0.55,0.57,0.60,0.64,0.71 0.75,0.78,0.78,0.83), mean=0.612, stddev=0.0606], deriv-avg=[percentiles(0,1,2,5 10,20,50,80,90 95,98,99,100)=(0.13,0.15,0.16,0.16 0.17,0.19,0.20,0.21,0.21 0.22,0.22,0.22,0.22), mean=0.199, stddev=0.0159] }, c_t_tanh={ self-repair-lower-threshold=0.2, self-repair-scale=1e-05, self-repaired-proportion=0.0104347, value-avg=[percentiles(0,1,2,5 10,20,50,80,90 95,98,99,100)=(-0.87,-0.77,-0.68,-0.53 -0.40,-0.28,-0.006,0.25,0.39 0.53,0.63,0.73,0.85), mean=-0.00912, stddev=0.315], deriv-avg=[percentiles(0,1,2,5 10,20,50,80,90 95,98,99,100)=(0.19,0.24,0.27,0.29 0.32,0.35,0.40,0.44,0.46 0.48,0.50,0.51,0.54), mean=0.393, stddev=0.0554] }, o_t_sigmoid={ self-repair-lower-threshold=0.05, self-repair-scale=1e-05, self-repaired-proportion=0.00655701, value-avg=[percentiles(0,1,2,5 10,20,50,80,90 95,98,99,100)=(0.45,0.51,0.52,0.55 0.56,0.59,0.63,0.67,0.69 0.72,0.75,0.77,0.91), mean=0.632, stddev=0.0531], deriv-avg=[percentiles(0,1,2,5 10,20,50,80,90 95,98,99,100)=(0.07,0.13,0.14,0.15 0.15,0.16,0.18,0.18,0.19 0.19,0.19,0.19,0.20), mean=0.174, stddev=0.0141] }, m_t_tanh={ self-repair-lower-threshold=0.2, self-repair-scale=1e-05, self-repaired-proportion=0.0250331, value-avg=[percentiles(0,1,2,5 10,20,50,80,90 95,98,99,100)=(-0.92,-0.83,-0.71,-0.59 -0.41,-0.27,-0.02,0.23,0.35 0.55,0.69,0.76,0.89), mean=-0.0119, stddev=0.322], deriv-avg=[percentiles(0,1,2,5 10,20,50,80,90 95,98,99,100)=(0.14,0.19,0.21,0.28 0.36,0.44,0.54,0.59,0.61 0.63,0.65,0.65,0.70), mean=0.509, stddev=0.103] }
component name=lstm3.cr_trunc type=BackpropTruncationComponent, dim=650, scale=0.85, count=1.49e+06, recurrence-interval=3, clipping-threshold=30, clipped-proportion=0, zeroing-threshold=15, zeroing-interval=20, zeroed-proportion=0, count-zeroing-boundaries=222283
component name=lstm3.dropout_mask type=DropoutMaskComponent, output-dim=3, dropout-proportion=0.0165289
component name=lstm3.W_rp type=NaturalGradientAffineComponent, input-dim=520, output-dim=260, learning-rate=6.39292e-05, l2-regularize=0.01, max-change=1.5, linear-params-rms=0.08483, linear-params-row-norms=[percentiles(0,1,2,5 10,20,50,80,90 95,98,99,100)=(0.93,1.0,1.0,1.1 1.1,1.2,1.7,2.5,2.5 2.6,2.7,2.8,2.9), mean=1.84, stddev=0.598], linear-params-col-norms=[percentiles(0,1,2,5 10,20,50,80,90 95,98,99,100)=(0.54,0.99,1.1,1.1 1.2,1.2,1.3,1.5,1.6 1.7,1.8,1.9,2.0), mean=1.35, stddev=0.197], bias-{mean,stddev}=-0.03665,0.3739, rank-in=20, rank-out=80, num-samples-history=2000, update-period=4, alpha=4
component name=output.affine type=NaturalGradientAffineComponent, input-dim=260, output-dim=2104, learning-rate=6.39292e-05, l2-regularize=0.01, max-change=1.5, linear-params-rms=0.04025, linear-params-row-norms=[percentiles(0,1,2,5 10,20,50,80,90 95,98,99,100)=(0.50,0.54,0.55,0.57 0.58,0.60,0.63,0.68,0.71 0.73,0.77,0.83,2.2), mean=0.644, stddev=0.0828], linear-params-col-norms=[percentiles(0,1,2,5 10,20,50,80,90 95,98,99,100)=(0.90,0.96,1.0,1.0 1.1,1.1,1.6,2.3,2.4 2.5,2.5,2.6,2.6), mean=1.76, stddev=0.572], bias-{mean,stddev}=3.201e-09,0.02575, rank-in=20, rank-out=80, num-samples-history=2000, update-period=4, alpha=4
component name=output.log-softmax type=LogSoftmaxComponent, dim=2104, oderiv-rms=[percentiles(0,1,2,5 10,20,50,80,90 95,98,99,100)=(0.003,0.007,0.008,0.009 0.01,0.01,0.02,0.02,0.02 0.03,0.03,0.04,0.41), mean=0.0169, stddev=0.0136], oderiv-count=576640
nnet3-show-progress --use-gpu=no exp/nnet3/tdnn_lstm1c_sp/474.mdl exp/nnet3/tdnn_lstm1c_sp/475.mdl 
LOG (nnet3-show-progress[5.5.0-]:SelectGpuId():cu-device.cc:153) Manually selected to compute on CPU.
WARNING (nnet3-show-progress[5.5.0-]:Check():nnet-nnet.cc:789) Node lda.delayed is never used to compute any output.
WARNING (nnet3-show-progress[5.5.0-]:Check():nnet-nnet.cc:789) Node lda.delayed is never used to compute any output.
WARNING (nnet3-show-progress[5.5.0-]:Check():nnet-nnet.cc:789) Node lda.delayed is never used to compute any output.
LOG (nnet3-show-progress[5.5.0-]:main():nnet3-show-progress.cc:143) Parameter differences per layer are [ tdnn1.affine:2.5902 tdnn2.affine:2.36734 lstm1.W_all:1.76214 lstm1.lstm_nonlin:0.0318955 lstm1.W_rp:0.817846 tdnn3.affine:1.6482 tdnn4.affine:1.67064 lstm2.W_all:1.18715 lstm2.lstm_nonlin:0.0185593 lstm2.W_rp:0.540923 tdnn5.affine:1.36704 tdnn6.affine:1.48348 lstm3.W_all:1.71284 lstm3.lstm_nonlin:0.0376072 lstm3.W_rp:0.587539 output.affine:1.24679 ]
LOG (nnet3-show-progress[5.5.0-]:main():nnet3-show-progress.cc:153) Norms of parameter matrices from <new-nnet-in> are [ tdnn1.affine:12.7726 tdnn2.affine:10.2664 lstm1.W_all:20.0773 lstm1.lstm_nonlin:1.37536 lstm1.W_rp:14.3853 tdnn3.affine:7.76167 tdnn4.affine:7.27877 lstm2.W_all:16.409 lstm2.lstm_nonlin:1.05062 lstm2.W_rp:13.4513 tdnn5.affine:7.23142 tdnn6.affine:7.2991 lstm3.W_all:23.3846 lstm3.lstm_nonlin:2.20898 lstm3.W_rp:31.7743 output.affine:29.7962 ]
LOG (nnet3-show-progress[5.5.0-]:main():nnet3-show-progress.cc:157) Relative parameter differences per layer are [ tdnn1.affine:0.20249 tdnn2.affine:0.230615 lstm1.W_all:0.087748 lstm1.lstm_nonlin:0.0230583 lstm1.W_rp:0.0567639 tdnn3.affine:0.212611 tdnn4.affine:0.229682 lstm2.W_all:0.072322 lstm2.lstm_nonlin:0.0175649 lstm2.W_rp:0.0401554 tdnn5.affine:0.189179 tdnn6.affine:0.203176 lstm3.W_all:0.0731784 lstm3.lstm_nonlin:0.0169074 lstm3.W_rp:0.0184694 output.affine:0.0418175 ]
# Accounting: time=0 threads=1
# Ended (code 0) at Thu Jul 30 13:09:31 KST 2020, elapsed time 0 seconds
