# nnet3-info exp/nnet3/tdnn_lstm1c_sp/404.mdl && nnet3-show-progress --use-gpu=no exp/nnet3/tdnn_lstm1c_sp/403.mdl exp/nnet3/tdnn_lstm1c_sp/404.mdl 
# Started at Thu Jul 30 12:41:16 KST 2020
#
nnet3-info exp/nnet3/tdnn_lstm1c_sp/404.mdl 
WARNING (nnet3-info[5.5.0-]:Check():nnet-nnet.cc:789) Node lda.delayed is never used to compute any output.
left-context: 10
right-context: 20
num-parameters: 8426364
modulus: 1
component-node name=lda.delayed component=lda.delayed input=Append(Offset(input, -2), Offset(input, -1), input, Offset(input, 1), Offset(input, 2), ReplaceIndex(ivector, t, 0)) input-dim=300 output-dim=300
input-node name=ivector dim=100
input-node name=input dim=40
component-node name=lda component=lda input=Append(Offset(input, -2), Offset(input, -1), input, Offset(input, 1), Offset(input, 2), ReplaceIndex(ivector, t, 0)) input-dim=300 output-dim=300
component-node name=tdnn1.affine component=tdnn1.affine input=lda input-dim=300 output-dim=520
component-node name=tdnn1.relu component=tdnn1.relu input=tdnn1.affine input-dim=520 output-dim=520
component-node name=tdnn1.batchnorm component=tdnn1.batchnorm input=tdnn1.relu input-dim=520 output-dim=520
component-node name=tdnn2.affine component=tdnn2.affine input=Append(Offset(tdnn1.batchnorm, -1), tdnn1.batchnorm, Offset(tdnn1.batchnorm, 1)) input-dim=1560 output-dim=520
component-node name=tdnn2.relu component=tdnn2.relu input=tdnn2.affine input-dim=520 output-dim=520
component-node name=tdnn2.batchnorm component=tdnn2.batchnorm input=tdnn2.relu input-dim=520 output-dim=520
component-node name=lstm1.W_all component=lstm1.W_all input=Append(tdnn2.batchnorm, IfDefined(Offset(lstm1.r_trunc, -3))) input-dim=650 output-dim=2080
component-node name=lstm1.dropout_mask component=lstm1.dropout_mask input=lstm1.dropout_mask input-dim=3 output-dim=3
component-node name=lstm1.lstm_nonlin component=lstm1.lstm_nonlin input=Append(lstm1.W_all, IfDefined(Offset(lstm1.c_trunc, -3)), lstm1.dropout_mask) input-dim=2603 output-dim=1040
dim-range-node name=lstm1.c input-node=lstm1.lstm_nonlin dim-offset=0 dim=520
dim-range-node name=lstm1.m input-node=lstm1.lstm_nonlin dim-offset=520 dim=520
component-node name=lstm1.rp component=lstm1.W_rp input=lstm1.m input-dim=520 output-dim=260
dim-range-node name=lstm1.r input-node=lstm1.rp dim-offset=0 dim=130
component-node name=lstm1.cr_trunc component=lstm1.cr_trunc input=Append(lstm1.c, lstm1.r) input-dim=650 output-dim=650
dim-range-node name=lstm1.c_trunc input-node=lstm1.cr_trunc dim-offset=0 dim=520
dim-range-node name=lstm1.r_trunc input-node=lstm1.cr_trunc dim-offset=520 dim=130
component-node name=tdnn3.affine component=tdnn3.affine input=Append(Offset(lstm1.rp, -3), lstm1.rp, Offset(lstm1.rp, 3)) input-dim=780 output-dim=520
component-node name=tdnn3.relu component=tdnn3.relu input=tdnn3.affine input-dim=520 output-dim=520
component-node name=tdnn3.batchnorm component=tdnn3.batchnorm input=tdnn3.relu input-dim=520 output-dim=520
component-node name=tdnn4.affine component=tdnn4.affine input=Append(Offset(tdnn3.batchnorm, -3), tdnn3.batchnorm, Offset(tdnn3.batchnorm, 3)) input-dim=1560 output-dim=520
component-node name=tdnn4.relu component=tdnn4.relu input=tdnn4.affine input-dim=520 output-dim=520
component-node name=tdnn4.batchnorm component=tdnn4.batchnorm input=tdnn4.relu input-dim=520 output-dim=520
component-node name=lstm2.W_all component=lstm2.W_all input=Append(tdnn4.batchnorm, IfDefined(Offset(lstm2.r_trunc, -3))) input-dim=650 output-dim=2080
component-node name=lstm2.dropout_mask component=lstm2.dropout_mask input=lstm2.dropout_mask input-dim=3 output-dim=3
component-node name=lstm2.lstm_nonlin component=lstm2.lstm_nonlin input=Append(lstm2.W_all, IfDefined(Offset(lstm2.c_trunc, -3)), lstm2.dropout_mask) input-dim=2603 output-dim=1040
dim-range-node name=lstm2.c input-node=lstm2.lstm_nonlin dim-offset=0 dim=520
dim-range-node name=lstm2.m input-node=lstm2.lstm_nonlin dim-offset=520 dim=520
component-node name=lstm2.rp component=lstm2.W_rp input=lstm2.m input-dim=520 output-dim=260
dim-range-node name=lstm2.r input-node=lstm2.rp dim-offset=0 dim=130
component-node name=lstm2.cr_trunc component=lstm2.cr_trunc input=Append(lstm2.c, lstm2.r) input-dim=650 output-dim=650
dim-range-node name=lstm2.c_trunc input-node=lstm2.cr_trunc dim-offset=0 dim=520
dim-range-node name=lstm2.r_trunc input-node=lstm2.cr_trunc dim-offset=520 dim=130
component-node name=tdnn5.affine component=tdnn5.affine input=Append(Offset(lstm2.rp, -3), lstm2.rp, Offset(lstm2.rp, 3)) input-dim=780 output-dim=520
component-node name=tdnn5.relu component=tdnn5.relu input=tdnn5.affine input-dim=520 output-dim=520
component-node name=tdnn5.batchnorm component=tdnn5.batchnorm input=tdnn5.relu input-dim=520 output-dim=520
component-node name=tdnn6.affine component=tdnn6.affine input=Append(Offset(tdnn5.batchnorm, -3), tdnn5.batchnorm, Offset(tdnn5.batchnorm, 3)) input-dim=1560 output-dim=520
component-node name=tdnn6.relu component=tdnn6.relu input=tdnn6.affine input-dim=520 output-dim=520
component-node name=tdnn6.batchnorm component=tdnn6.batchnorm input=tdnn6.relu input-dim=520 output-dim=520
component-node name=lstm3.W_all component=lstm3.W_all input=Append(tdnn6.batchnorm, IfDefined(Offset(lstm3.r_trunc, -3))) input-dim=650 output-dim=2080
component-node name=lstm3.dropout_mask component=lstm3.dropout_mask input=lstm3.dropout_mask input-dim=3 output-dim=3
component-node name=lstm3.lstm_nonlin component=lstm3.lstm_nonlin input=Append(lstm3.W_all, IfDefined(Offset(lstm3.c_trunc, -3)), lstm3.dropout_mask) input-dim=2603 output-dim=1040
dim-range-node name=lstm3.c input-node=lstm3.lstm_nonlin dim-offset=0 dim=520
dim-range-node name=lstm3.m input-node=lstm3.lstm_nonlin dim-offset=520 dim=520
component-node name=lstm3.rp component=lstm3.W_rp input=lstm3.m input-dim=520 output-dim=260
dim-range-node name=lstm3.r input-node=lstm3.rp dim-offset=0 dim=130
component-node name=lstm3.cr_trunc component=lstm3.cr_trunc input=Append(lstm3.c, lstm3.r) input-dim=650 output-dim=650
dim-range-node name=lstm3.c_trunc input-node=lstm3.cr_trunc dim-offset=0 dim=520
dim-range-node name=lstm3.r_trunc input-node=lstm3.cr_trunc dim-offset=520 dim=130
component-node name=output.affine component=output.affine input=lstm3.rp input-dim=260 output-dim=2104
component-node name=output.log-softmax component=output.log-softmax input=output.affine input-dim=2104 output-dim=2104
output-node name=output input=Offset(output.log-softmax, 5) dim=2104 objective=linear
component name=lda.delayed type=NoOpComponent, dim=300
component name=lda type=FixedAffineComponent, input-dim=300, output-dim=300, linear-params-rms=0.006709, bias-{mean,stddev}=-0.01975,0.4295
component name=tdnn1.affine type=NaturalGradientAffineComponent, input-dim=300, output-dim=520, learning-rate=0.000100298, l2-regularize=0.05, max-change=0.75, linear-params-rms=0.03245, linear-params-row-norms=[percentiles(0,1,2,5 10,20,50,80,90 95,98,99,100)=(0.002,0.004,0.005,0.006 0.009,0.02,0.57,0.72,0.81 0.86,0.94,0.99,1.3), mean=0.469, stddev=0.31], linear-params-col-norms=[percentiles(0,1,2,5 10,20,50,80,90 95,98,99,100)=(0.12,0.14,0.15,0.16 0.18,0.23,0.68,0.93,1.1 1.3,1.4,1.4,1.5), mean=0.644, stddev=0.364], bias-{mean,stddev}=-0.00634,0.06005, rank-in=20, rank-out=80, num-samples-history=2000, update-period=4, alpha=4
component name=tdnn1.relu type=RectifiedLinearComponent, dim=520, self-repair-scale=1e-05, count=1.12e+06, self-repaired-proportion=0.173305, value-avg=[percentiles(0,1,2,5 10,20,50,80,90 95,98,99,100)=(1e-05,2e-05,3e-05,4e-05 6e-05,0.0001,0.04,0.09,0.11 0.12,0.14,0.14,0.19), mean=0.0449, stddev=0.0439], deriv-avg=[percentiles(0,1,2,5 10,20,50,80,90 95,98,99,100)=(0.004,0.02,0.02,0.04 0.05,0.07,0.37,0.59,0.70 0.79,0.86,0.90,0.99), mean=0.348, stddev=0.26], oderiv-rms=[percentiles(0,1,2,5 10,20,50,80,90 95,98,99,100)=(0.004,0.006,0.009,0.01 0.02,0.03,0.38,0.52,0.64 0.71,0.85,0.94,1.8), mean=0.351, stddev=0.254], oderiv-count=1.12346e+06
component name=tdnn1.batchnorm type=BatchNormComponent, dim=520, block-dim=520, epsilon=0.001, target-rms=1, count=40603.5, test-mode=false, data-mean=[percentiles(0,1,2,5 10,20,50,80,90 95,98,99,100)=(4e-06,2e-05,2e-05,4e-05 7e-05,0.0002,0.04,0.09,0.11 0.12,0.14,0.15,0.20), mean=0.0449, stddev=0.0439], data-stddev=[percentiles(0,1,2,5 10,20,50,80,90 95,98,99,100)=(6e-05,0.0001,0.0002,0.0002 0.0004,0.0008,0.08,0.11,0.12 0.14,0.15,0.15,0.16), mean=0.0634, stddev=0.0509]
component name=tdnn2.affine type=NaturalGradientAffineComponent, input-dim=1560, output-dim=520, learning-rate=0.000100298, l2-regularize=0.05, max-change=0.75, linear-params-rms=0.01157, linear-params-row-norms=[percentiles(0,1,2,5 10,20,50,80,90 95,98,99,100)=(0.28,0.34,0.35,0.36 0.37,0.40,0.44,0.50,0.55 0.58,0.63,0.64,0.75), mean=0.452, stddev=0.0675], linear-params-col-norms=[percentiles(0,1,2,5 10,20,50,80,90 95,98,99,100)=(0.001,0.002,0.003,0.003 0.005,0.009,0.28,0.33,0.37 0.39,0.43,0.47,0.76), mean=0.22, stddev=0.146], bias-{mean,stddev}=-0.03575,0.03856, rank-in=20, rank-out=80, num-samples-history=2000, update-period=4, alpha=4
component name=tdnn2.relu type=RectifiedLinearComponent, dim=520, self-repair-scale=1e-05, count=9.23e+05, self-repaired-proportion=0, value-avg=[percentiles(0,1,2,5 10,20,50,80,90 95,98,99,100)=(0.15,0.17,0.18,0.19 0.21,0.22,0.25,0.29,0.31 0.33,0.35,0.36,0.47), mean=0.256, stddev=0.0425], deriv-avg=[percentiles(0,1,2,5 10,20,50,80,90 95,98,99,100)=(0.24,0.36,0.37,0.39 0.40,0.41,0.44,0.47,0.49 0.51,0.52,0.53,0.58), mean=0.441, stddev=0.0369], oderiv-rms=[percentiles(0,1,2,5 10,20,50,80,90 95,98,99,100)=(0.03,0.04,0.04,0.04 0.04,0.05,0.05,0.06,0.07 0.08,0.08,0.09,0.11), mean=0.0541, stddev=0.0109], oderiv-count=1.07565e+06
component name=tdnn2.batchnorm type=BatchNormComponent, dim=520, block-dim=520, epsilon=0.001, target-rms=1, count=39755.6, test-mode=false, data-mean=[percentiles(0,1,2,5 10,20,50,80,90 95,98,99,100)=(0.16,0.18,0.18,0.20 0.21,0.22,0.26,0.30,0.31 0.33,0.35,0.38,0.48), mean=0.259, stddev=0.0437], data-stddev=[percentiles(0,1,2,5 10,20,50,80,90 95,98,99,100)=(0.31,0.36,0.36,0.38 0.40,0.42,0.47,0.52,0.54 0.57,0.61,0.62,0.66), mean=0.471, stddev=0.0584]
component name=lstm1.W_all type=NaturalGradientAffineComponent, input-dim=650, output-dim=2080, learning-rate=0.000100298, l2-regularize=0.01, max-change=1.5, linear-params-rms=0.01754, linear-params-row-norms=[percentiles(0,1,2,5 10,20,50,80,90 95,98,99,100)=(3e-08,5e-07,1e-06,9e-06 0.0002,0.17,0.41,0.59,0.66 0.73,0.79,0.86,1.1), mean=0.384, stddev=0.23], linear-params-col-norms=[percentiles(0,1,2,5 10,20,50,80,90 95,98,99,100)=(0.29,0.35,0.37,0.42 0.49,0.70,0.80,0.90,0.96 1.0,1.1,1.2,1.3), mean=0.782, stddev=0.17], bias-{mean,stddev}=0.00178,0.02578, rank-in=20, rank-out=80, num-samples-history=2000, update-period=4, alpha=4
component name=lstm1.lstm_nonlin type=LstmNonlinearityComponent, input-dim=2603, output-dim=1040, learning-rate=0.000100298, l2-regularize=0.01, max-change=0.75, cell-dim=520, use-dropout=true, w_ic-rms=0.06915, w_fc-rms=0.02387, w_oc-rms=0.044, count=1.49e+06, i_t_sigmoid={ self-repair-lower-threshold=0.05, self-repair-scale=1e-05, self-repaired-proportion=0.00649896, value-avg=[percentiles(0,1,2,5 10,20,50,80,90 95,98,99,100)=(0.38,0.41,0.42,0.43 0.44,0.45,0.48,0.50,0.54 0.68,0.75,0.77,0.83), mean=0.493, stddev=0.071], deriv-avg=[percentiles(0,1,2,5 10,20,50,80,90 95,98,99,100)=(0.14,0.16,0.17,0.19 0.20,0.21,0.23,0.24,0.25 0.25,0.25,0.25,0.25), mean=0.226, stddev=0.0187] }, f_t_sigmoid={ self-repair-lower-threshold=0.05, self-repair-scale=1e-05, self-repaired-proportion=0.00649896, value-avg=[percentiles(0,1,2,5 10,20,50,80,90 95,98,99,100)=(0.39,0.44,0.45,0.46 0.47,0.48,0.50,0.52,0.56 0.63,0.70,0.75,0.80), mean=0.51, stddev=0.0556], deriv-avg=[percentiles(0,1,2,5 10,20,50,80,90 95,98,99,100)=(0.15,0.17,0.18,0.20 0.21,0.23,0.24,0.25,0.25 0.25,0.25,0.25,0.25), mean=0.234, stddev=0.0169] }, c_t_tanh={ self-repair-lower-threshold=0.2, self-repair-scale=1e-05, self-repaired-proportion=0.0100063, value-avg=[percentiles(0,1,2,5 10,20,50,80,90 95,98,99,100)=(-0.89,-0.86,-0.82,-0.46 -0.27,-0.13,0.0005,0.16,0.28 0.61,0.79,0.85,0.89), mean=0.0146, stddev=0.291], deriv-avg=[percentiles(0,1,2,5 10,20,50,80,90 95,98,99,100)=(0.20,0.22,0.25,0.30 0.40,0.46,0.58,0.73,1.0 1.0,1.0,1.0,1.0), mean=0.614, stddev=0.208] }, o_t_sigmoid={ self-repair-lower-threshold=0.05, self-repair-scale=1e-05, self-repaired-proportion=0.00649896, value-avg=[percentiles(0,1,2,5 10,20,50,80,90 95,98,99,100)=(0.34,0.37,0.39,0.40 0.41,0.42,0.46,0.50,0.50 0.52,0.56,0.58,0.64), mean=0.461, stddev=0.0414], deriv-avg=[percentiles(0,1,2,5 10,20,50,80,90 95,98,99,100)=(0.16,0.18,0.18,0.19 0.20,0.20,0.22,0.24,0.25 0.25,0.25,0.25,0.25), mean=0.221, stddev=0.0192] }, m_t_tanh={ self-repair-lower-threshold=0.2, self-repair-scale=1e-05, self-repaired-proportion=0.00649896, value-avg=[percentiles(0,1,2,5 10,20,50,80,90 95,98,99,100)=(-0.84,-0.76,-0.72,-0.35 -0.20,-0.10,0.0004,0.10,0.22 0.44,0.64,0.75,0.85), mean=0.0102, stddev=0.236], deriv-avg=[percentiles(0,1,2,5 10,20,50,80,90 95,98,99,100)=(0.26,0.32,0.37,0.51 0.71,0.79,0.87,0.93,1.0 1.0,1.0,1.0,1.0), mean=0.844, stddev=0.139] }
component name=lstm1.cr_trunc type=BackpropTruncationComponent, dim=650, scale=0.85, count=1.95e+06, recurrence-interval=3, clipping-threshold=30, clipped-proportion=1.53563e-06, zeroing-threshold=15, zeroing-interval=20, zeroed-proportion=4.26867e-05, count-zeroing-boundaries=292831
component name=lstm1.dropout_mask type=DropoutMaskComponent, output-dim=3, dropout-proportion=0.133884
component name=lstm1.W_rp type=NaturalGradientAffineComponent, input-dim=520, output-dim=260, learning-rate=0.000100298, l2-regularize=0.01, max-change=1.5, linear-params-rms=0.03923, linear-params-row-norms=[percentiles(0,1,2,5 10,20,50,80,90 95,98,99,100)=(0.36,0.41,0.43,0.46 0.51,0.56,0.85,1.1,1.2 1.2,1.3,1.3,1.3), mean=0.851, stddev=0.276], linear-params-col-norms=[percentiles(0,1,2,5 10,20,50,80,90 95,98,99,100)=(0.0002,0.0006,0.0008,0.002 0.007,0.37,0.55,0.71,0.92 1.2,1.4,1.5,1.7), mean=0.541, stddev=0.327], bias-{mean,stddev}=0.01229,0.2575, rank-in=20, rank-out=80, num-samples-history=2000, update-period=4, alpha=4
component name=tdnn3.affine type=NaturalGradientAffineComponent, input-dim=780, output-dim=520, learning-rate=0.000100298, l2-regularize=0.05, max-change=0.75, linear-params-rms=0.01249, linear-params-row-norms=[percentiles(0,1,2,5 10,20,50,80,90 95,98,99,100)=(0.01,0.23,0.24,0.26 0.27,0.29,0.34,0.39,0.42 0.45,0.48,0.50,0.53), mean=0.344, stddev=0.0592], linear-params-col-norms=[percentiles(0,1,2,5 10,20,50,80,90 95,98,99,100)=(0.11,0.13,0.13,0.15 0.16,0.18,0.27,0.36,0.39 0.41,0.43,0.44,0.48), mean=0.27, stddev=0.0908], bias-{mean,stddev}=0.001078,0.009814, rank-in=20, rank-out=80, num-samples-history=2000, update-period=4, alpha=4
component name=tdnn3.relu type=RectifiedLinearComponent, dim=520, self-repair-scale=1e-05, count=9.63e+05, self-repaired-proportion=0.000904977, value-avg=[percentiles(0,1,2,5 10,20,50,80,90 95,98,99,100)=(0.0002,0.01,0.01,0.02 0.03,0.05,0.08,0.11,0.12 0.14,0.15,0.16,0.18), mean=0.0777, stddev=0.0341], deriv-avg=[percentiles(0,1,2,5 10,20,50,80,90 95,98,99,100)=(0.06,0.10,0.13,0.17 0.22,0.31,0.46,0.56,0.62 0.67,0.70,0.71,0.83), mean=0.439, stddev=0.146], oderiv-rms=[percentiles(0,1,2,5 10,20,50,80,90 95,98,99,100)=(0.01,0.09,0.09,0.10 0.10,0.11,0.12,0.16,0.19 0.23,0.26,0.30,0.36), mean=0.136, stddev=0.0433], oderiv-count=1.07392e+06
component name=tdnn3.batchnorm type=BatchNormComponent, dim=520, block-dim=520, epsilon=0.001, target-rms=1, count=37212, test-mode=false, data-mean=[percentiles(0,1,2,5 10,20,50,80,90 95,98,99,100)=(0.0003,0.01,0.02,0.02 0.03,0.05,0.08,0.11,0.12 0.14,0.15,0.16,0.17), mean=0.0785, stddev=0.0339], data-stddev=[percentiles(0,1,2,5 10,20,50,80,90 95,98,99,100)=(0.001,0.04,0.06,0.07 0.09,0.11,0.13,0.15,0.16 0.17,0.19,0.19,0.21), mean=0.128, stddev=0.0298]
component name=tdnn4.affine type=NaturalGradientAffineComponent, input-dim=1560, output-dim=520, learning-rate=0.000100298, l2-regularize=0.05, max-change=0.75, linear-params-rms=0.008197, linear-params-row-norms=[percentiles(0,1,2,5 10,20,50,80,90 95,98,99,100)=(0.20,0.26,0.26,0.27 0.28,0.29,0.32,0.35,0.37 0.39,0.41,0.42,0.46), mean=0.322, stddev=0.0372], linear-params-col-norms=[percentiles(0,1,2,5 10,20,50,80,90 95,98,99,100)=(0.006,0.12,0.13,0.14 0.15,0.15,0.18,0.21,0.23 0.25,0.28,0.30,0.37), mean=0.183, stddev=0.0367], bias-{mean,stddev}=-0.02797,0.01804, rank-in=20, rank-out=80, num-samples-history=2000, update-period=4, alpha=4
component name=tdnn4.relu type=RectifiedLinearComponent, dim=520, self-repair-scale=1e-05, count=9.73e+05, self-repaired-proportion=0, value-avg=[percentiles(0,1,2,5 10,20,50,80,90 95,98,99,100)=(0.17,0.18,0.19,0.20 0.20,0.21,0.24,0.27,0.28 0.30,0.31,0.32,0.36), mean=0.243, stddev=0.0313], deriv-avg=[percentiles(0,1,2,5 10,20,50,80,90 95,98,99,100)=(0.27,0.35,0.36,0.38 0.39,0.40,0.42,0.45,0.46 0.46,0.47,0.49,0.50), mean=0.423, stddev=0.0284], oderiv-rms=[percentiles(0,1,2,5 10,20,50,80,90 95,98,99,100)=(0.03,0.03,0.03,0.03 0.03,0.04,0.04,0.04,0.04 0.04,0.04,0.04,0.05), mean=0.0379, stddev=0.00256], oderiv-count=970080
component name=tdnn4.batchnorm type=BatchNormComponent, dim=520, block-dim=520, epsilon=0.001, target-rms=1, count=34668.3, test-mode=false, data-mean=[percentiles(0,1,2,5 10,20,50,80,90 95,98,99,100)=(0.17,0.18,0.19,0.20 0.21,0.22,0.25,0.27,0.29 0.30,0.32,0.33,0.36), mean=0.247, stddev=0.0319], data-stddev=[percentiles(0,1,2,5 10,20,50,80,90 95,98,99,100)=(0.30,0.36,0.38,0.40 0.42,0.44,0.48,0.52,0.55 0.57,0.60,0.63,0.79), mean=0.48, stddev=0.0564]
component name=lstm2.W_all type=NaturalGradientAffineComponent, input-dim=650, output-dim=2080, learning-rate=0.000100298, l2-regularize=0.01, max-change=1.5, linear-params-rms=0.01431, linear-params-row-norms=[percentiles(0,1,2,5 10,20,50,80,90 95,98,99,100)=(2e-07,3e-06,6e-06,2e-05 6e-05,0.001,0.33,0.51,0.58 0.63,0.67,0.71,0.89), mean=0.283, stddev=0.231], linear-params-col-norms=[percentiles(0,1,2,5 10,20,50,80,90 95,98,99,100)=(0.26,0.28,0.31,0.34 0.42,0.60,0.65,0.72,0.76 0.80,0.86,0.92,1.3), mean=0.64, stddev=0.13], bias-{mean,stddev}=0.004519,0.03033, rank-in=20, rank-out=80, num-samples-history=2000, update-period=4, alpha=4
component name=lstm2.lstm_nonlin type=LstmNonlinearityComponent, input-dim=2603, output-dim=1040, learning-rate=0.000100298, l2-regularize=0.01, max-change=0.75, cell-dim=520, use-dropout=true, w_ic-rms=0.04223, w_fc-rms=0.01438, w_oc-rms=0.03997, count=1.36e+06, i_t_sigmoid={ self-repair-lower-threshold=0.05, self-repair-scale=1e-05, self-repaired-proportion=0.00655333, value-avg=[percentiles(0,1,2,5 10,20,50,80,90 95,98,99,100)=(0.42,0.43,0.44,0.46 0.46,0.48,0.50,0.51,0.55 0.59,0.64,0.67,0.76), mean=0.503, stddev=0.0428], deriv-avg=[percentiles(0,1,2,5 10,20,50,80,90 95,98,99,100)=(0.17,0.19,0.20,0.21 0.21,0.22,0.23,0.25,0.25 0.25,0.25,0.25,0.25), mean=0.233, stddev=0.0148] }, f_t_sigmoid={ self-repair-lower-threshold=0.05, self-repair-scale=1e-05, self-repaired-proportion=0.00655333, value-avg=[percentiles(0,1,2,5 10,20,50,80,90 95,98,99,100)=(0.40,0.45,0.46,0.47 0.48,0.49,0.50,0.52,0.55 0.58,0.62,0.63,0.69), mean=0.508, stddev=0.035], deriv-avg=[percentiles(0,1,2,5 10,20,50,80,90 95,98,99,100)=(0.19,0.19,0.20,0.21 0.21,0.23,0.24,0.25,0.25 0.25,0.25,0.25,0.25), mean=0.237, stddev=0.0145] }, c_t_tanh={ self-repair-lower-threshold=0.2, self-repair-scale=1e-05, self-repaired-proportion=0.00655333, value-avg=[percentiles(0,1,2,5 10,20,50,80,90 95,98,99,100)=(-0.85,-0.80,-0.72,-0.37 -0.23,-0.09,0.0004,0.11,0.29 0.49,0.62,0.68,0.75), mean=0.00692, stddev=0.242], deriv-avg=[percentiles(0,1,2,5 10,20,50,80,90 95,98,99,100)=(0.25,0.32,0.40,0.43 0.47,0.54,0.64,1.0,1.0 1.0,1.0,1.0,1.0), mean=0.722, stddev=0.215] }, o_t_sigmoid={ self-repair-lower-threshold=0.05, self-repair-scale=1e-05, self-repaired-proportion=0.00655333, value-avg=[percentiles(0,1,2,5 10,20,50,80,90 95,98,99,100)=(0.39,0.42,0.42,0.44 0.45,0.47,0.50,0.50,0.51 0.52,0.56,0.57,0.68), mean=0.488, stddev=0.0296], deriv-avg=[percentiles(0,1,2,5 10,20,50,80,90 95,98,99,100)=(0.17,0.18,0.19,0.20 0.21,0.22,0.23,0.25,0.25 0.25,0.25,0.25,0.25), mean=0.231, stddev=0.018] }, m_t_tanh={ self-repair-lower-threshold=0.2, self-repair-scale=1e-05, self-repaired-proportion=0.00655333, value-avg=[percentiles(0,1,2,5 10,20,50,80,90 95,98,99,100)=(-0.75,-0.61,-0.56,-0.28 -0.18,-0.07,0.0002,0.09,0.21 0.36,0.47,0.56,0.62), mean=0.00605, stddev=0.191], deriv-avg=[percentiles(0,1,2,5 10,20,50,80,90 95,98,99,100)=(0.39,0.55,0.59,0.67 0.76,0.81,0.89,1.0,1.0 1.0,1.0,1.0,1.0), mean=0.888, stddev=0.111] }
component name=lstm2.cr_trunc type=BackpropTruncationComponent, dim=650, scale=0.85, count=1.71e+06, recurrence-interval=3, clipping-threshold=30, clipped-proportion=8.76332e-07, zeroing-threshold=15, zeroing-interval=20, zeroed-proportion=1.16149e-05, count-zeroing-boundaries=258288
component name=lstm2.dropout_mask type=DropoutMaskComponent, output-dim=3, dropout-proportion=0.133884
component name=lstm2.W_rp type=NaturalGradientAffineComponent, input-dim=520, output-dim=260, learning-rate=0.000100298, l2-regularize=0.01, max-change=1.5, linear-params-rms=0.03728, linear-params-row-norms=[percentiles(0,1,2,5 10,20,50,80,90 95,98,99,100)=(0.43,0.44,0.48,0.53 0.55,0.60,0.82,1.0,1.1 1.1,1.2,1.2,1.3), mean=0.821, stddev=0.22], linear-params-col-norms=[percentiles(0,1,2,5 10,20,50,80,90 95,98,99,100)=(0.0006,0.001,0.002,0.003 0.005,0.01,0.56,0.79,0.90 1.0,1.2,1.3,1.4), mean=0.474, stddev=0.369], bias-{mean,stddev}=-0.001573,0.2033, rank-in=20, rank-out=80, num-samples-history=2000, update-period=4, alpha=4
component name=tdnn5.affine type=NaturalGradientAffineComponent, input-dim=780, output-dim=520, learning-rate=0.000100298, l2-regularize=0.05, max-change=0.75, linear-params-rms=0.01175, linear-params-row-norms=[percentiles(0,1,2,5 10,20,50,80,90 95,98,99,100)=(0.20,0.22,0.23,0.24 0.26,0.28,0.31,0.37,0.40 0.44,0.47,0.48,0.53), mean=0.323, stddev=0.0579], linear-params-col-norms=[percentiles(0,1,2,5 10,20,50,80,90 95,98,99,100)=(0.11,0.13,0.14,0.15 0.16,0.18,0.24,0.34,0.37 0.39,0.40,0.41,0.45), mean=0.256, stddev=0.0789], bias-{mean,stddev}=0.0008898,0.007005, rank-in=20, rank-out=80, num-samples-history=2000, update-period=4, alpha=4
component name=tdnn5.relu type=RectifiedLinearComponent, dim=520, self-repair-scale=1e-05, count=7.94e+05, self-repaired-proportion=0.000184911, value-avg=[percentiles(0,1,2,5 10,20,50,80,90 95,98,99,100)=(0.007,0.01,0.01,0.02 0.02,0.04,0.06,0.09,0.10 0.12,0.13,0.13,0.15), mean=0.0625, stddev=0.0287], deriv-avg=[percentiles(0,1,2,5 10,20,50,80,90 95,98,99,100)=(0.08,0.11,0.13,0.16 0.21,0.28,0.44,0.54,0.59 0.63,0.65,0.68,0.72), mean=0.415, stddev=0.14], oderiv-rms=[percentiles(0,1,2,5 10,20,50,80,90 95,98,99,100)=(0.09,0.09,0.09,0.10 0.11,0.11,0.13,0.16,0.19 0.21,0.24,0.25,0.28), mean=0.138, stddev=0.0342], oderiv-count=924160
component name=tdnn5.batchnorm type=BatchNormComponent, dim=520, block-dim=520, epsilon=0.001, target-rms=1, count=32124.7, test-mode=false, data-mean=[percentiles(0,1,2,5 10,20,50,80,90 95,98,99,100)=(0.009,0.01,0.02,0.02 0.03,0.04,0.06,0.09,0.10 0.11,0.13,0.14,0.15), mean=0.0643, stddev=0.029], data-stddev=[percentiles(0,1,2,5 10,20,50,80,90 95,98,99,100)=(0.04,0.05,0.05,0.07 0.07,0.09,0.11,0.13,0.14 0.15,0.16,0.16,0.18), mean=0.11, stddev=0.0254]
component name=tdnn6.affine type=NaturalGradientAffineComponent, input-dim=1560, output-dim=520, learning-rate=0.000100298, l2-regularize=0.05, max-change=0.75, linear-params-rms=0.00821, linear-params-row-norms=[percentiles(0,1,2,5 10,20,50,80,90 95,98,99,100)=(0.11,0.12,0.16,0.22 0.26,0.28,0.32,0.37,0.39 0.40,0.41,0.41,0.45), mean=0.319, stddev=0.0572], linear-params-col-norms=[percentiles(0,1,2,5 10,20,50,80,90 95,98,99,100)=(0.11,0.12,0.12,0.13 0.14,0.15,0.17,0.21,0.24 0.27,0.30,0.32,0.38), mean=0.182, stddev=0.0438], bias-{mean,stddev}=-0.02235,0.02267, rank-in=20, rank-out=80, num-samples-history=2000, update-period=4, alpha=4
component name=tdnn6.relu type=RectifiedLinearComponent, dim=520, self-repair-scale=1e-05, count=7.29e+05, self-repaired-proportion=0, value-avg=[percentiles(0,1,2,5 10,20,50,80,90 95,98,99,100)=(0.11,0.12,0.15,0.18 0.20,0.23,0.26,0.29,0.30 0.31,0.33,0.35,0.39), mean=0.255, stddev=0.0409], deriv-avg=[percentiles(0,1,2,5 10,20,50,80,90 95,98,99,100)=(0.32,0.34,0.34,0.36 0.37,0.39,0.41,0.44,0.45 0.47,0.48,0.48,0.51), mean=0.414, stddev=0.0323], oderiv-rms=[percentiles(0,1,2,5 10,20,50,80,90 95,98,99,100)=(0.02,0.03,0.03,0.03 0.03,0.03,0.03,0.03,0.04 0.04,0.04,0.04,0.04), mean=0.0316, stddev=0.00308], oderiv-count=927360
component name=tdnn6.batchnorm type=BatchNormComponent, dim=520, block-dim=520, epsilon=0.001, target-rms=1, count=29581.1, test-mode=false, data-mean=[percentiles(0,1,2,5 10,20,50,80,90 95,98,99,100)=(0.12,0.13,0.15,0.18 0.21,0.23,0.26,0.29,0.30 0.32,0.34,0.35,0.41), mean=0.258, stddev=0.0415], data-stddev=[percentiles(0,1,2,5 10,20,50,80,90 95,98,99,100)=(0.20,0.21,0.26,0.33 0.40,0.45,0.51,0.57,0.60 0.62,0.65,0.68,0.83), mean=0.505, stddev=0.0886]
component name=lstm3.W_all type=NaturalGradientAffineComponent, input-dim=650, output-dim=2080, learning-rate=0.000100298, l2-regularize=0.01, max-change=1.5, linear-params-rms=0.0207, linear-params-row-norms=[percentiles(0,1,2,5 10,20,50,80,90 95,98,99,100)=(0.23,0.26,0.26,0.28 0.30,0.34,0.49,0.66,0.73 0.77,0.84,0.90,0.97), mean=0.503, stddev=0.158], linear-params-col-norms=[percentiles(0,1,2,5 10,20,50,80,90 95,98,99,100)=(0.52,0.58,0.60,0.69 0.76,0.80,0.87,1.1,1.2 1.3,1.4,1.6,2.0), mean=0.925, stddev=0.191], bias-{mean,stddev}=0.01382,0.01705, rank-in=20, rank-out=80, num-samples-history=2000, update-period=4, alpha=4
component name=lstm3.lstm_nonlin type=LstmNonlinearityComponent, input-dim=2603, output-dim=1040, learning-rate=0.000100298, l2-regularize=0.01, max-change=0.75, cell-dim=520, use-dropout=true, w_ic-rms=0.1051, w_fc-rms=0.04341, w_oc-rms=0.07208, count=1.23e+06, i_t_sigmoid={ self-repair-lower-threshold=0.05, self-repair-scale=1e-05, self-repaired-proportion=0.00661893, value-avg=[percentiles(0,1,2,5 10,20,50,80,90 95,98,99,100)=(0.51,0.58,0.59,0.61 0.63,0.67,0.71,0.75,0.78 0.80,0.83,0.84,0.87), mean=0.71, stddev=0.055], deriv-avg=[percentiles(0,1,2,5 10,20,50,80,90 95,98,99,100)=(0.10,0.11,0.11,0.13 0.15,0.16,0.17,0.19,0.19 0.20,0.20,0.20,0.23), mean=0.171, stddev=0.0196] }, f_t_sigmoid={ self-repair-lower-threshold=0.05, self-repair-scale=1e-05, self-repaired-proportion=0.00661893, value-avg=[percentiles(0,1,2,5 10,20,50,80,90 95,98,99,100)=(0.43,0.53,0.55,0.57 0.58,0.61,0.65,0.70,0.75 0.79,0.83,0.84,0.88), mean=0.661, stddev=0.0644], deriv-avg=[percentiles(0,1,2,5 10,20,50,80,90 95,98,99,100)=(0.10,0.11,0.12,0.13 0.15,0.17,0.19,0.20,0.20 0.21,0.21,0.21,0.23), mean=0.183, stddev=0.0217] }, c_t_tanh={ self-repair-lower-threshold=0.2, self-repair-scale=1e-05, self-repaired-proportion=0.0189219, value-avg=[percentiles(0,1,2,5 10,20,50,80,90 95,98,99,100)=(-0.86,-0.83,-0.74,-0.56 -0.44,-0.31,-0.02,0.26,0.41 0.53,0.74,0.82,0.90), mean=-0.0112, stddev=0.342], deriv-avg=[percentiles(0,1,2,5 10,20,50,80,90 95,98,99,100)=(0.17,0.20,0.21,0.24 0.30,0.36,0.43,0.47,0.49 0.51,0.53,0.54,0.61), mean=0.413, stddev=0.0758] }, o_t_sigmoid={ self-repair-lower-threshold=0.05, self-repair-scale=1e-05, self-repaired-proportion=0.00661893, value-avg=[percentiles(0,1,2,5 10,20,50,80,90 95,98,99,100)=(0.44,0.49,0.50,0.53 0.56,0.59,0.64,0.67,0.70 0.71,0.77,0.80,0.89), mean=0.634, stddev=0.0579], deriv-avg=[percentiles(0,1,2,5 10,20,50,80,90 95,98,99,100)=(0.09,0.12,0.12,0.14 0.15,0.16,0.18,0.19,0.19 0.19,0.20,0.20,0.21), mean=0.175, stddev=0.0169] }, m_t_tanh={ self-repair-lower-threshold=0.2, self-repair-scale=1e-05, self-repaired-proportion=0.00889891, value-avg=[percentiles(0,1,2,5 10,20,50,80,90 95,98,99,100)=(-0.83,-0.76,-0.69,-0.56 -0.41,-0.29,-0.02,0.24,0.36 0.54,0.72,0.78,0.88), mean=-0.0118, stddev=0.32], deriv-avg=[percentiles(0,1,2,5 10,20,50,80,90 95,98,99,100)=(0.20,0.26,0.28,0.34 0.42,0.51,0.60,0.65,0.68 0.69,0.71,0.71,0.78), mean=0.573, stddev=0.103] }
component name=lstm3.cr_trunc type=BackpropTruncationComponent, dim=650, scale=0.85, count=1.47e+06, recurrence-interval=3, clipping-threshold=30, clipped-proportion=3.40192e-07, zeroing-threshold=15, zeroing-interval=20, zeroed-proportion=9.10428e-06, count-zeroing-boundaries=219677
component name=lstm3.dropout_mask type=DropoutMaskComponent, output-dim=3, dropout-proportion=0.133884
component name=lstm3.W_rp type=NaturalGradientAffineComponent, input-dim=520, output-dim=260, learning-rate=0.000100298, l2-regularize=0.01, max-change=1.5, linear-params-rms=0.08861, linear-params-row-norms=[percentiles(0,1,2,5 10,20,50,80,90 95,98,99,100)=(0.96,1.1,1.1,1.1 1.2,1.2,1.7,2.6,2.7 2.7,2.8,2.9,3.1), mean=1.92, stddev=0.632], linear-params-col-norms=[percentiles(0,1,2,5 10,20,50,80,90 95,98,99,100)=(0.53,0.93,1.0,1.1 1.2,1.2,1.4,1.6,1.8 1.9,2.0,2.1,2.2), mean=1.41, stddev=0.248], bias-{mean,stddev}=-0.03935,0.5505, rank-in=20, rank-out=80, num-samples-history=2000, update-period=4, alpha=4
component name=output.affine type=NaturalGradientAffineComponent, input-dim=260, output-dim=2104, learning-rate=0.000100298, l2-regularize=0.01, max-change=1.5, linear-params-rms=0.04199, linear-params-row-norms=[percentiles(0,1,2,5 10,20,50,80,90 95,98,99,100)=(0.53,0.57,0.58,0.60 0.61,0.63,0.66,0.71,0.74 0.77,0.82,0.88,2.1), mean=0.672, stddev=0.0814], linear-params-col-norms=[percentiles(0,1,2,5 10,20,50,80,90 95,98,99,100)=(0.94,1.0,1.1,1.1 1.1,1.2,1.6,2.4,2.5 2.6,2.7,2.7,2.7), mean=1.83, stddev=0.592], bias-{mean,stddev}=4.66e-09,0.02322, rank-in=20, rank-out=80, num-samples-history=2000, update-period=4, alpha=4
component name=output.log-softmax type=LogSoftmaxComponent, dim=2104, oderiv-rms=[percentiles(0,1,2,5 10,20,50,80,90 95,98,99,100)=(0.002,0.007,0.008,0.009 0.01,0.01,0.02,0.02,0.02 0.03,0.03,0.04,0.41), mean=0.0169, stddev=0.0136], oderiv-count=642240
nnet3-show-progress --use-gpu=no exp/nnet3/tdnn_lstm1c_sp/403.mdl exp/nnet3/tdnn_lstm1c_sp/404.mdl 
LOG (nnet3-show-progress[5.5.0-]:SelectGpuId():cu-device.cc:153) Manually selected to compute on CPU.
WARNING (nnet3-show-progress[5.5.0-]:Check():nnet-nnet.cc:789) Node lda.delayed is never used to compute any output.
WARNING (nnet3-show-progress[5.5.0-]:Check():nnet-nnet.cc:789) Node lda.delayed is never used to compute any output.
WARNING (nnet3-show-progress[5.5.0-]:Check():nnet-nnet.cc:789) Node lda.delayed is never used to compute any output.
LOG (nnet3-show-progress[5.5.0-]:main():nnet3-show-progress.cc:143) Parameter differences per layer are [ tdnn1.affine:3.17789 tdnn2.affine:2.95518 lstm1.W_all:2.23593 lstm1.lstm_nonlin:0.0467398 lstm1.W_rp:0.97248 tdnn3.affine:2.05992 tdnn4.affine:2.11958 lstm2.W_all:1.51972 lstm2.lstm_nonlin:0.0248703 lstm2.W_rp:0.671521 tdnn5.affine:1.71515 tdnn6.affine:1.81926 lstm3.W_all:1.92657 lstm3.lstm_nonlin:0.0450836 lstm3.W_rp:0.718914 output.affine:1.74472 ]
LOG (nnet3-show-progress[5.5.0-]:main():nnet3-show-progress.cc:153) Norms of parameter matrices from <new-nnet-in> are [ tdnn1.affine:12.8886 tdnn2.affine:10.4927 lstm1.W_all:20.4279 lstm1.lstm_nonlin:1.94679 lstm1.W_rp:15.012 tdnn3.affine:7.95519 tdnn4.affine:7.42166 lstm2.W_all:16.7007 lstm2.lstm_nonlin:1.3658 lstm2.W_rp:14.0923 tdnn5.affine:7.48381 tdnn6.affine:7.42994 lstm3.W_all:24.0907 lstm3.lstm_nonlin:3.07077 lstm3.W_rp:33.7762 output.affine:31.0736 ]
LOG (nnet3-show-progress[5.5.0-]:main():nnet3-show-progress.cc:157) Relative parameter differences per layer are [ tdnn1.affine:0.246947 tdnn2.affine:0.28183 lstm1.W_all:0.109468 lstm1.lstm_nonlin:0.0238872 lstm1.W_rp:0.0647812 tdnn3.affine:0.259682 tdnn4.affine:0.286334 lstm2.W_all:0.0910091 lstm2.lstm_nonlin:0.0181076 lstm2.W_rp:0.0476536 tdnn5.affine:0.229632 tdnn6.affine:0.245019 lstm3.W_all:0.0799484 lstm3.lstm_nonlin:0.0146438 lstm3.W_rp:0.0212644 output.affine:0.0561039 ]
# Accounting: time=0 threads=1
# Ended (code 0) at Thu Jul 30 12:41:16 KST 2020, elapsed time 0 seconds
