# nnet3-info exp/nnet3/tdnn_lstm1c_sp/451.mdl && nnet3-show-progress --use-gpu=no exp/nnet3/tdnn_lstm1c_sp/450.mdl exp/nnet3/tdnn_lstm1c_sp/451.mdl 
# Started at Thu Jul 30 12:59:57 KST 2020
#
nnet3-info exp/nnet3/tdnn_lstm1c_sp/451.mdl 
WARNING (nnet3-info[5.5.0-]:Check():nnet-nnet.cc:789) Node lda.delayed is never used to compute any output.
left-context: 10
right-context: 20
num-parameters: 8426364
modulus: 1
component-node name=lda.delayed component=lda.delayed input=Append(Offset(input, -2), Offset(input, -1), input, Offset(input, 1), Offset(input, 2), ReplaceIndex(ivector, t, 0)) input-dim=300 output-dim=300
input-node name=ivector dim=100
input-node name=input dim=40
component-node name=lda component=lda input=Append(Offset(input, -2), Offset(input, -1), input, Offset(input, 1), Offset(input, 2), ReplaceIndex(ivector, t, 0)) input-dim=300 output-dim=300
component-node name=tdnn1.affine component=tdnn1.affine input=lda input-dim=300 output-dim=520
component-node name=tdnn1.relu component=tdnn1.relu input=tdnn1.affine input-dim=520 output-dim=520
component-node name=tdnn1.batchnorm component=tdnn1.batchnorm input=tdnn1.relu input-dim=520 output-dim=520
component-node name=tdnn2.affine component=tdnn2.affine input=Append(Offset(tdnn1.batchnorm, -1), tdnn1.batchnorm, Offset(tdnn1.batchnorm, 1)) input-dim=1560 output-dim=520
component-node name=tdnn2.relu component=tdnn2.relu input=tdnn2.affine input-dim=520 output-dim=520
component-node name=tdnn2.batchnorm component=tdnn2.batchnorm input=tdnn2.relu input-dim=520 output-dim=520
component-node name=lstm1.W_all component=lstm1.W_all input=Append(tdnn2.batchnorm, IfDefined(Offset(lstm1.r_trunc, -3))) input-dim=650 output-dim=2080
component-node name=lstm1.dropout_mask component=lstm1.dropout_mask input=lstm1.dropout_mask input-dim=3 output-dim=3
component-node name=lstm1.lstm_nonlin component=lstm1.lstm_nonlin input=Append(lstm1.W_all, IfDefined(Offset(lstm1.c_trunc, -3)), lstm1.dropout_mask) input-dim=2603 output-dim=1040
dim-range-node name=lstm1.c input-node=lstm1.lstm_nonlin dim-offset=0 dim=520
dim-range-node name=lstm1.m input-node=lstm1.lstm_nonlin dim-offset=520 dim=520
component-node name=lstm1.rp component=lstm1.W_rp input=lstm1.m input-dim=520 output-dim=260
dim-range-node name=lstm1.r input-node=lstm1.rp dim-offset=0 dim=130
component-node name=lstm1.cr_trunc component=lstm1.cr_trunc input=Append(lstm1.c, lstm1.r) input-dim=650 output-dim=650
dim-range-node name=lstm1.c_trunc input-node=lstm1.cr_trunc dim-offset=0 dim=520
dim-range-node name=lstm1.r_trunc input-node=lstm1.cr_trunc dim-offset=520 dim=130
component-node name=tdnn3.affine component=tdnn3.affine input=Append(Offset(lstm1.rp, -3), lstm1.rp, Offset(lstm1.rp, 3)) input-dim=780 output-dim=520
component-node name=tdnn3.relu component=tdnn3.relu input=tdnn3.affine input-dim=520 output-dim=520
component-node name=tdnn3.batchnorm component=tdnn3.batchnorm input=tdnn3.relu input-dim=520 output-dim=520
component-node name=tdnn4.affine component=tdnn4.affine input=Append(Offset(tdnn3.batchnorm, -3), tdnn3.batchnorm, Offset(tdnn3.batchnorm, 3)) input-dim=1560 output-dim=520
component-node name=tdnn4.relu component=tdnn4.relu input=tdnn4.affine input-dim=520 output-dim=520
component-node name=tdnn4.batchnorm component=tdnn4.batchnorm input=tdnn4.relu input-dim=520 output-dim=520
component-node name=lstm2.W_all component=lstm2.W_all input=Append(tdnn4.batchnorm, IfDefined(Offset(lstm2.r_trunc, -3))) input-dim=650 output-dim=2080
component-node name=lstm2.dropout_mask component=lstm2.dropout_mask input=lstm2.dropout_mask input-dim=3 output-dim=3
component-node name=lstm2.lstm_nonlin component=lstm2.lstm_nonlin input=Append(lstm2.W_all, IfDefined(Offset(lstm2.c_trunc, -3)), lstm2.dropout_mask) input-dim=2603 output-dim=1040
dim-range-node name=lstm2.c input-node=lstm2.lstm_nonlin dim-offset=0 dim=520
dim-range-node name=lstm2.m input-node=lstm2.lstm_nonlin dim-offset=520 dim=520
component-node name=lstm2.rp component=lstm2.W_rp input=lstm2.m input-dim=520 output-dim=260
dim-range-node name=lstm2.r input-node=lstm2.rp dim-offset=0 dim=130
component-node name=lstm2.cr_trunc component=lstm2.cr_trunc input=Append(lstm2.c, lstm2.r) input-dim=650 output-dim=650
dim-range-node name=lstm2.c_trunc input-node=lstm2.cr_trunc dim-offset=0 dim=520
dim-range-node name=lstm2.r_trunc input-node=lstm2.cr_trunc dim-offset=520 dim=130
component-node name=tdnn5.affine component=tdnn5.affine input=Append(Offset(lstm2.rp, -3), lstm2.rp, Offset(lstm2.rp, 3)) input-dim=780 output-dim=520
component-node name=tdnn5.relu component=tdnn5.relu input=tdnn5.affine input-dim=520 output-dim=520
component-node name=tdnn5.batchnorm component=tdnn5.batchnorm input=tdnn5.relu input-dim=520 output-dim=520
component-node name=tdnn6.affine component=tdnn6.affine input=Append(Offset(tdnn5.batchnorm, -3), tdnn5.batchnorm, Offset(tdnn5.batchnorm, 3)) input-dim=1560 output-dim=520
component-node name=tdnn6.relu component=tdnn6.relu input=tdnn6.affine input-dim=520 output-dim=520
component-node name=tdnn6.batchnorm component=tdnn6.batchnorm input=tdnn6.relu input-dim=520 output-dim=520
component-node name=lstm3.W_all component=lstm3.W_all input=Append(tdnn6.batchnorm, IfDefined(Offset(lstm3.r_trunc, -3))) input-dim=650 output-dim=2080
component-node name=lstm3.dropout_mask component=lstm3.dropout_mask input=lstm3.dropout_mask input-dim=3 output-dim=3
component-node name=lstm3.lstm_nonlin component=lstm3.lstm_nonlin input=Append(lstm3.W_all, IfDefined(Offset(lstm3.c_trunc, -3)), lstm3.dropout_mask) input-dim=2603 output-dim=1040
dim-range-node name=lstm3.c input-node=lstm3.lstm_nonlin dim-offset=0 dim=520
dim-range-node name=lstm3.m input-node=lstm3.lstm_nonlin dim-offset=520 dim=520
component-node name=lstm3.rp component=lstm3.W_rp input=lstm3.m input-dim=520 output-dim=260
dim-range-node name=lstm3.r input-node=lstm3.rp dim-offset=0 dim=130
component-node name=lstm3.cr_trunc component=lstm3.cr_trunc input=Append(lstm3.c, lstm3.r) input-dim=650 output-dim=650
dim-range-node name=lstm3.c_trunc input-node=lstm3.cr_trunc dim-offset=0 dim=520
dim-range-node name=lstm3.r_trunc input-node=lstm3.cr_trunc dim-offset=520 dim=130
component-node name=output.affine component=output.affine input=lstm3.rp input-dim=260 output-dim=2104
component-node name=output.log-softmax component=output.log-softmax input=output.affine input-dim=2104 output-dim=2104
output-node name=output input=Offset(output.log-softmax, 5) dim=2104 objective=linear
component name=lda.delayed type=NoOpComponent, dim=300
component name=lda type=FixedAffineComponent, input-dim=300, output-dim=300, linear-params-rms=0.006709, bias-{mean,stddev}=-0.01975,0.4295
component name=tdnn1.affine type=NaturalGradientAffineComponent, input-dim=300, output-dim=520, learning-rate=7.44415e-05, l2-regularize=0.05, max-change=0.75, linear-params-rms=0.03251, linear-params-row-norms=[percentiles(0,1,2,5 10,20,50,80,90 95,98,99,100)=(0.003,0.004,0.004,0.007 0.009,0.02,0.57,0.73,0.80 0.86,0.93,0.97,1.3), mean=0.471, stddev=0.309], linear-params-col-norms=[percentiles(0,1,2,5 10,20,50,80,90 95,98,99,100)=(0.13,0.14,0.15,0.16 0.19,0.23,0.70,0.93,1.1 1.3,1.4,1.4,1.5), mean=0.649, stddev=0.359], bias-{mean,stddev}=-0.008075,0.06081, rank-in=20, rank-out=80, num-samples-history=2000, update-period=4, alpha=4
component name=tdnn1.relu type=RectifiedLinearComponent, dim=520, self-repair-scale=1e-05, count=9.34e+05, self-repaired-proportion=0.173126, value-avg=[percentiles(0,1,2,5 10,20,50,80,90 95,98,99,100)=(7e-06,2e-05,2e-05,4e-05 7e-05,0.0002,0.04,0.08,0.11 0.12,0.14,0.15,0.18), mean=0.0429, stddev=0.0436], deriv-avg=[percentiles(0,1,2,5 10,20,50,80,90 95,98,99,100)=(0.01,0.02,0.02,0.04 0.05,0.07,0.36,0.60,0.71 0.79,0.86,0.91,0.97), mean=0.343, stddev=0.263], oderiv-rms=[percentiles(0,1,2,5 10,20,50,80,90 95,98,99,100)=(0.005,0.008,0.009,0.01 0.02,0.05,0.44,0.62,0.77 0.87,0.98,1.1,1.8), mean=0.41, stddev=0.288], oderiv-count=1.26214e+06
component name=tdnn1.batchnorm type=BatchNormComponent, dim=520, block-dim=520, epsilon=0.001, target-rms=1, count=36272.6, test-mode=false, data-mean=[percentiles(0,1,2,5 10,20,50,80,90 95,98,99,100)=(5e-06,1e-05,2e-05,3e-05 7e-05,0.0002,0.04,0.08,0.10 0.12,0.14,0.16,0.17), mean=0.0417, stddev=0.0432], data-stddev=[percentiles(0,1,2,5 10,20,50,80,90 95,98,99,100)=(6e-05,8e-05,0.0001,0.0002 0.0004,0.0009,0.07,0.10,0.12 0.13,0.14,0.15,0.16), mean=0.0585, stddev=0.0486]
component name=tdnn2.affine type=NaturalGradientAffineComponent, input-dim=1560, output-dim=520, learning-rate=7.44415e-05, l2-regularize=0.05, max-change=0.75, linear-params-rms=0.01145, linear-params-row-norms=[percentiles(0,1,2,5 10,20,50,80,90 95,98,99,100)=(0.30,0.33,0.34,0.35 0.37,0.39,0.44,0.50,0.54 0.57,0.61,0.64,0.72), mean=0.447, stddev=0.0683], linear-params-col-norms=[percentiles(0,1,2,5 10,20,50,80,90 95,98,99,100)=(0.001,0.002,0.002,0.003 0.005,0.01,0.27,0.33,0.36 0.39,0.43,0.50,0.77), mean=0.217, stddev=0.145], bias-{mean,stddev}=-0.03527,0.03833, rank-in=20, rank-out=80, num-samples-history=2000, update-period=4, alpha=4
component name=tdnn2.relu type=RectifiedLinearComponent, dim=520, self-repair-scale=1e-05, count=9.61e+05, self-repaired-proportion=0, value-avg=[percentiles(0,1,2,5 10,20,50,80,90 95,98,99,100)=(0.14,0.16,0.17,0.18 0.19,0.21,0.25,0.28,0.30 0.32,0.33,0.36,0.44), mean=0.247, stddev=0.0418], deriv-avg=[percentiles(0,1,2,5 10,20,50,80,90 95,98,99,100)=(0.25,0.35,0.37,0.39 0.40,0.42,0.44,0.47,0.49 0.51,0.52,0.53,0.56), mean=0.443, stddev=0.0374], oderiv-rms=[percentiles(0,1,2,5 10,20,50,80,90 95,98,99,100)=(0.04,0.04,0.04,0.04 0.05,0.05,0.06,0.07,0.07 0.08,0.09,0.10,0.12), mean=0.0584, stddev=0.0122], oderiv-count=1.1488e+06
component name=tdnn2.batchnorm type=BatchNormComponent, dim=520, block-dim=520, epsilon=0.001, target-rms=1, count=35491.9, test-mode=false, data-mean=[percentiles(0,1,2,5 10,20,50,80,90 95,98,99,100)=(0.14,0.16,0.17,0.18 0.19,0.21,0.25,0.28,0.30 0.32,0.34,0.37,0.45), mean=0.248, stddev=0.0438], data-stddev=[percentiles(0,1,2,5 10,20,50,80,90 95,98,99,100)=(0.29,0.32,0.34,0.36 0.38,0.40,0.44,0.50,0.53 0.55,0.59,0.61,0.67), mean=0.449, stddev=0.0599]
component name=lstm1.W_all type=NaturalGradientAffineComponent, input-dim=650, output-dim=2080, learning-rate=7.44415e-05, l2-regularize=0.01, max-change=1.5, linear-params-rms=0.01738, linear-params-row-norms=[percentiles(0,1,2,5 10,20,50,80,90 95,98,99,100)=(3e-08,5e-07,1e-06,8e-06 0.0002,0.18,0.40,0.58,0.65 0.72,0.80,0.88,1.1), mean=0.38, stddev=0.228], linear-params-col-norms=[percentiles(0,1,2,5 10,20,50,80,90 95,98,99,100)=(0.29,0.34,0.38,0.41 0.48,0.69,0.80,0.89,0.96 1.0,1.1,1.2,1.3), mean=0.774, stddev=0.171], bias-{mean,stddev}=0.0006946,0.02287, rank-in=20, rank-out=80, num-samples-history=2000, update-period=4, alpha=4
component name=lstm1.lstm_nonlin type=LstmNonlinearityComponent, input-dim=2603, output-dim=1040, learning-rate=7.44415e-05, l2-regularize=0.01, max-change=0.75, cell-dim=520, use-dropout=true, w_ic-rms=0.04988, w_fc-rms=0.02156, w_oc-rms=0.03992, count=1.51e+06, i_t_sigmoid={ self-repair-lower-threshold=0.05, self-repair-scale=1e-05, self-repaired-proportion=0.00641976, value-avg=[percentiles(0,1,2,5 10,20,50,80,90 95,98,99,100)=(0.38,0.40,0.42,0.43 0.44,0.45,0.48,0.50,0.54 0.65,0.73,0.74,0.79), mean=0.491, stddev=0.0641], deriv-avg=[percentiles(0,1,2,5 10,20,50,80,90 95,98,99,100)=(0.16,0.18,0.19,0.20 0.21,0.22,0.23,0.24,0.25 0.25,0.25,0.25,0.25), mean=0.227, stddev=0.0158] }, f_t_sigmoid={ self-repair-lower-threshold=0.05, self-repair-scale=1e-05, self-repaired-proportion=0.00641976, value-avg=[percentiles(0,1,2,5 10,20,50,80,90 95,98,99,100)=(0.39,0.42,0.43,0.44 0.46,0.47,0.50,0.51,0.55 0.61,0.67,0.71,0.77), mean=0.501, stddev=0.0515], deriv-avg=[percentiles(0,1,2,5 10,20,50,80,90 95,98,99,100)=(0.17,0.18,0.20,0.21 0.22,0.23,0.24,0.25,0.25 0.25,0.25,0.25,0.25), mean=0.236, stddev=0.0136] }, c_t_tanh={ self-repair-lower-threshold=0.2, self-repair-scale=1e-05, self-repaired-proportion=0.00643828, value-avg=[percentiles(0,1,2,5 10,20,50,80,90 95,98,99,100)=(-0.87,-0.82,-0.77,-0.45 -0.28,-0.13,0.0005,0.16,0.28 0.60,0.76,0.81,0.87), mean=0.0141, stddev=0.283], deriv-avg=[percentiles(0,1,2,5 10,20,50,80,90 95,98,99,100)=(0.22,0.26,0.30,0.33 0.41,0.46,0.57,0.72,1.0 1.0,1.0,1.0,1.0), mean=0.615, stddev=0.203] }, o_t_sigmoid={ self-repair-lower-threshold=0.05, self-repair-scale=1e-05, self-repaired-proportion=0.00641976, value-avg=[percentiles(0,1,2,5 10,20,50,80,90 95,98,99,100)=(0.35,0.38,0.39,0.40 0.41,0.43,0.46,0.50,0.50 0.52,0.55,0.58,0.65), mean=0.461, stddev=0.0414], deriv-avg=[percentiles(0,1,2,5 10,20,50,80,90 95,98,99,100)=(0.16,0.18,0.19,0.19 0.20,0.20,0.22,0.24,0.25 0.25,0.25,0.25,0.25), mean=0.221, stddev=0.0186] }, m_t_tanh={ self-repair-lower-threshold=0.2, self-repair-scale=1e-05, self-repaired-proportion=0.00834901, value-avg=[percentiles(0,1,2,5 10,20,50,80,90 95,98,99,100)=(-0.87,-0.79,-0.75,-0.38 -0.21,-0.10,0.0002,0.13,0.23 0.45,0.66,0.79,0.89), mean=0.0108, stddev=0.249], deriv-avg=[percentiles(0,1,2,5 10,20,50,80,90 95,98,99,100)=(0.20,0.28,0.34,0.48 0.68,0.76,0.85,0.91,1.0 1.0,1.0,1.0,1.0), mean=0.822, stddev=0.15] }
component name=lstm1.cr_trunc type=BackpropTruncationComponent, dim=650, scale=0.85, count=1.98e+06, recurrence-interval=3, clipping-threshold=30, clipped-proportion=1.00986e-06, zeroing-threshold=15, zeroing-interval=20, zeroed-proportion=1.51588e-05, count-zeroing-boundaries=296857
component name=lstm1.dropout_mask type=DropoutMaskComponent, output-dim=3, dropout-proportion=0.0561983
component name=lstm1.W_rp type=NaturalGradientAffineComponent, input-dim=520, output-dim=260, learning-rate=7.44415e-05, l2-regularize=0.01, max-change=1.5, linear-params-rms=0.03845, linear-params-row-norms=[percentiles(0,1,2,5 10,20,50,80,90 95,98,99,100)=(0.36,0.41,0.44,0.46 0.51,0.56,0.84,1.1,1.2 1.2,1.3,1.3,1.3), mean=0.836, stddev=0.264], linear-params-col-norms=[percentiles(0,1,2,5 10,20,50,80,90 95,98,99,100)=(0.0002,0.0006,0.0008,0.002 0.006,0.40,0.55,0.72,0.88 1.1,1.3,1.4,1.6), mean=0.537, stddev=0.31], bias-{mean,stddev}=0.01156,0.2557, rank-in=20, rank-out=80, num-samples-history=2000, update-period=4, alpha=4
component name=tdnn3.affine type=NaturalGradientAffineComponent, input-dim=780, output-dim=520, learning-rate=7.44415e-05, l2-regularize=0.05, max-change=0.75, linear-params-rms=0.01225, linear-params-row-norms=[percentiles(0,1,2,5 10,20,50,80,90 95,98,99,100)=(0.12,0.23,0.24,0.26 0.27,0.29,0.33,0.38,0.41 0.44,0.47,0.48,0.54), mean=0.338, stddev=0.0546], linear-params-col-norms=[percentiles(0,1,2,5 10,20,50,80,90 95,98,99,100)=(0.11,0.13,0.14,0.15 0.16,0.18,0.26,0.35,0.38 0.40,0.42,0.44,0.46), mean=0.266, stddev=0.0863], bias-{mean,stddev}=0.000932,0.01007, rank-in=20, rank-out=80, num-samples-history=2000, update-period=4, alpha=4
component name=tdnn3.relu type=RectifiedLinearComponent, dim=520, self-repair-scale=1e-05, count=9.98e+05, self-repaired-proportion=0, value-avg=[percentiles(0,1,2,5 10,20,50,80,90 95,98,99,100)=(0.003,0.01,0.01,0.02 0.03,0.05,0.08,0.12,0.13 0.14,0.15,0.16,0.18), mean=0.0807, stddev=0.0368], deriv-avg=[percentiles(0,1,2,5 10,20,50,80,90 95,98,99,100)=(0.08,0.10,0.12,0.16 0.21,0.28,0.43,0.54,0.60 0.64,0.68,0.69,0.81), mean=0.419, stddev=0.146], oderiv-rms=[percentiles(0,1,2,5 10,20,50,80,90 95,98,99,100)=(0.08,0.09,0.09,0.09 0.10,0.10,0.12,0.16,0.19 0.22,0.24,0.25,0.32), mean=0.131, stddev=0.0397], oderiv-count=1.12019e+06
component name=tdnn3.batchnorm type=BatchNormComponent, dim=520, block-dim=520, epsilon=0.001, target-rms=1, count=33149.8, test-mode=false, data-mean=[percentiles(0,1,2,5 10,20,50,80,90 95,98,99,100)=(0.002,0.01,0.02,0.02 0.03,0.05,0.08,0.11,0.13 0.14,0.16,0.16,0.18), mean=0.0801, stddev=0.0363], data-stddev=[percentiles(0,1,2,5 10,20,50,80,90 95,98,99,100)=(0.01,0.05,0.06,0.07 0.09,0.11,0.13,0.16,0.18 0.18,0.20,0.20,0.22), mean=0.134, stddev=0.0333]
component name=tdnn4.affine type=NaturalGradientAffineComponent, input-dim=1560, output-dim=520, learning-rate=7.44415e-05, l2-regularize=0.05, max-change=0.75, linear-params-rms=0.008075, linear-params-row-norms=[percentiles(0,1,2,5 10,20,50,80,90 95,98,99,100)=(0.20,0.26,0.26,0.27 0.28,0.29,0.31,0.34,0.36 0.38,0.40,0.40,0.43), mean=0.317, stddev=0.0348], linear-params-col-norms=[percentiles(0,1,2,5 10,20,50,80,90 95,98,99,100)=(0.06,0.13,0.13,0.14 0.15,0.15,0.17,0.21,0.22 0.24,0.27,0.29,0.37), mean=0.181, stddev=0.0339], bias-{mean,stddev}=-0.02875,0.01698, rank-in=20, rank-out=80, num-samples-history=2000, update-period=4, alpha=4
component name=tdnn4.relu type=RectifiedLinearComponent, dim=520, self-repair-scale=1e-05, count=7.58e+05, self-repaired-proportion=0, value-avg=[percentiles(0,1,2,5 10,20,50,80,90 95,98,99,100)=(0.15,0.18,0.18,0.19 0.20,0.21,0.24,0.27,0.28 0.29,0.31,0.33,0.36), mean=0.239, stddev=0.0323], deriv-avg=[percentiles(0,1,2,5 10,20,50,80,90 95,98,99,100)=(0.24,0.35,0.36,0.37 0.38,0.40,0.42,0.44,0.46 0.47,0.48,0.48,0.50), mean=0.42, stddev=0.0292], oderiv-rms=[percentiles(0,1,2,5 10,20,50,80,90 95,98,99,100)=(0.03,0.03,0.03,0.03 0.04,0.04,0.04,0.04,0.04 0.04,0.04,0.05,0.05), mean=0.0385, stddev=0.00277], oderiv-count=1.03565e+06
component name=tdnn4.batchnorm type=BatchNormComponent, dim=520, block-dim=520, epsilon=0.001, target-rms=1, count=30807.7, test-mode=false, data-mean=[percentiles(0,1,2,5 10,20,50,80,90 95,98,99,100)=(0.16,0.17,0.18,0.19 0.20,0.21,0.24,0.27,0.28 0.30,0.32,0.34,0.38), mean=0.241, stddev=0.0335], data-stddev=[percentiles(0,1,2,5 10,20,50,80,90 95,98,99,100)=(0.28,0.37,0.38,0.39 0.40,0.43,0.47,0.51,0.54 0.57,0.61,0.63,0.79), mean=0.473, stddev=0.0574]
component name=lstm2.W_all type=NaturalGradientAffineComponent, input-dim=650, output-dim=2080, learning-rate=7.44415e-05, l2-regularize=0.01, max-change=1.5, linear-params-rms=0.01415, linear-params-row-norms=[percentiles(0,1,2,5 10,20,50,80,90 95,98,99,100)=(2e-07,3e-06,5e-06,1e-05 5e-05,0.001,0.32,0.50,0.58 0.63,0.67,0.70,0.86), mean=0.279, stddev=0.229], linear-params-col-norms=[percentiles(0,1,2,5 10,20,50,80,90 95,98,99,100)=(0.26,0.28,0.30,0.34 0.40,0.59,0.65,0.72,0.76 0.79,0.85,0.89,1.3), mean=0.632, stddev=0.131], bias-{mean,stddev}=0.002928,0.02699, rank-in=20, rank-out=80, num-samples-history=2000, update-period=4, alpha=4
component name=lstm2.lstm_nonlin type=LstmNonlinearityComponent, input-dim=2603, output-dim=1040, learning-rate=7.44415e-05, l2-regularize=0.01, max-change=0.75, cell-dim=520, use-dropout=true, w_ic-rms=0.03119, w_fc-rms=0.01401, w_oc-rms=0.03677, count=1.38e+06, i_t_sigmoid={ self-repair-lower-threshold=0.05, self-repair-scale=1e-05, self-repaired-proportion=0.00647672, value-avg=[percentiles(0,1,2,5 10,20,50,80,90 95,98,99,100)=(0.42,0.43,0.44,0.45 0.46,0.48,0.50,0.51,0.54 0.57,0.62,0.64,0.72), mean=0.5, stddev=0.0377], deriv-avg=[percentiles(0,1,2,5 10,20,50,80,90 95,98,99,100)=(0.19,0.21,0.21,0.21 0.22,0.22,0.23,0.25,0.25 0.25,0.25,0.25,0.25), mean=0.234, stddev=0.0134] }, f_t_sigmoid={ self-repair-lower-threshold=0.05, self-repair-scale=1e-05, self-repaired-proportion=0.00647672, value-avg=[percentiles(0,1,2,5 10,20,50,80,90 95,98,99,100)=(0.40,0.45,0.45,0.46 0.47,0.48,0.50,0.51,0.53 0.56,0.60,0.61,0.67), mean=0.5, stddev=0.0314], deriv-avg=[percentiles(0,1,2,5 10,20,50,80,90 95,98,99,100)=(0.20,0.21,0.21,0.22 0.22,0.23,0.24,0.25,0.25 0.25,0.25,0.25,0.25), mean=0.239, stddev=0.0118] }, c_t_tanh={ self-repair-lower-threshold=0.2, self-repair-scale=1e-05, self-repaired-proportion=0.00647672, value-avg=[percentiles(0,1,2,5 10,20,50,80,90 95,98,99,100)=(-0.83,-0.73,-0.66,-0.36 -0.21,-0.08,0.0001,0.10,0.26 0.43,0.57,0.63,0.73), mean=0.00572, stddev=0.226], deriv-avg=[percentiles(0,1,2,5 10,20,50,80,90 95,98,99,100)=(0.26,0.37,0.42,0.45 0.49,0.54,0.64,1.0,1.0 1.0,1.0,1.0,1.0), mean=0.724, stddev=0.212] }, o_t_sigmoid={ self-repair-lower-threshold=0.05, self-repair-scale=1e-05, self-repaired-proportion=0.00647672, value-avg=[percentiles(0,1,2,5 10,20,50,80,90 95,98,99,100)=(0.39,0.42,0.42,0.43 0.45,0.46,0.50,0.50,0.51 0.52,0.56,0.56,0.72), mean=0.486, stddev=0.0304], deriv-avg=[percentiles(0,1,2,5 10,20,50,80,90 95,98,99,100)=(0.17,0.18,0.19,0.20 0.21,0.22,0.23,0.25,0.25 0.25,0.25,0.25,0.25), mean=0.231, stddev=0.0175] }, m_t_tanh={ self-repair-lower-threshold=0.2, self-repair-scale=1e-05, self-repaired-proportion=0.00647672, value-avg=[percentiles(0,1,2,5 10,20,50,80,90 95,98,99,100)=(-0.78,-0.61,-0.57,-0.28 -0.18,-0.07,0.0001,0.10,0.21 0.37,0.48,0.55,0.69), mean=0.00534, stddev=0.195], deriv-avg=[percentiles(0,1,2,5 10,20,50,80,90 95,98,99,100)=(0.36,0.51,0.58,0.65 0.72,0.79,0.87,1.0,1.0 1.0,1.0,1.0,1.0), mean=0.875, stddev=0.119] }
component name=lstm2.cr_trunc type=BackpropTruncationComponent, dim=650, scale=0.85, count=1.73e+06, recurrence-interval=3, clipping-threshold=30, clipped-proportion=0, zeroing-threshold=15, zeroing-interval=20, zeroed-proportion=5.73023e-06, count-zeroing-boundaries=261769
component name=lstm2.dropout_mask type=DropoutMaskComponent, output-dim=3, dropout-proportion=0.0561983
component name=lstm2.W_rp type=NaturalGradientAffineComponent, input-dim=520, output-dim=260, learning-rate=7.44415e-05, l2-regularize=0.01, max-change=1.5, linear-params-rms=0.03633, linear-params-row-norms=[percentiles(0,1,2,5 10,20,50,80,90 95,98,99,100)=(0.41,0.43,0.46,0.52 0.54,0.59,0.79,1.0,1.1 1.1,1.1,1.2,1.3), mean=0.801, stddev=0.21], linear-params-col-norms=[percentiles(0,1,2,5 10,20,50,80,90 95,98,99,100)=(0.0005,0.001,0.001,0.002 0.004,0.01,0.57,0.77,0.87 0.97,1.1,1.1,1.3), mean=0.466, stddev=0.355], bias-{mean,stddev}=-0.003238,0.2017, rank-in=20, rank-out=80, num-samples-history=2000, update-period=4, alpha=4
component name=tdnn5.affine type=NaturalGradientAffineComponent, input-dim=780, output-dim=520, learning-rate=7.44415e-05, l2-regularize=0.05, max-change=0.75, linear-params-rms=0.01145, linear-params-row-norms=[percentiles(0,1,2,5 10,20,50,80,90 95,98,99,100)=(0.13,0.20,0.21,0.23 0.25,0.27,0.31,0.36,0.39 0.43,0.46,0.47,0.50), mean=0.314, stddev=0.0586], linear-params-col-norms=[percentiles(0,1,2,5 10,20,50,80,90 95,98,99,100)=(0.11,0.13,0.14,0.15 0.16,0.18,0.24,0.33,0.35 0.38,0.40,0.42,0.44), mean=0.25, stddev=0.0759], bias-{mean,stddev}=0.001221,0.007499, rank-in=20, rank-out=80, num-samples-history=2000, update-period=4, alpha=4
component name=tdnn5.relu type=RectifiedLinearComponent, dim=520, self-repair-scale=1e-05, count=8.06e+05, self-repaired-proportion=3.77074e-05, value-avg=[percentiles(0,1,2,5 10,20,50,80,90 95,98,99,100)=(0.009,0.01,0.01,0.02 0.03,0.04,0.06,0.09,0.10 0.11,0.13,0.14,0.16), mean=0.0646, stddev=0.0293], deriv-avg=[percentiles(0,1,2,5 10,20,50,80,90 95,98,99,100)=(0.08,0.09,0.12,0.15 0.20,0.28,0.41,0.51,0.55 0.59,0.62,0.64,0.66), mean=0.393, stddev=0.13], oderiv-rms=[percentiles(0,1,2,5 10,20,50,80,90 95,98,99,100)=(0.06,0.08,0.09,0.09 0.10,0.10,0.12,0.15,0.17 0.21,0.22,0.23,0.28), mean=0.128, stddev=0.0337], oderiv-count=1.0489e+06
component name=tdnn5.batchnorm type=BatchNormComponent, dim=520, block-dim=520, epsilon=0.001, target-rms=1, count=28465.7, test-mode=false, data-mean=[percentiles(0,1,2,5 10,20,50,80,90 95,98,99,100)=(0.008,0.01,0.01,0.02 0.03,0.04,0.06,0.09,0.11 0.12,0.13,0.14,0.15), mean=0.0662, stddev=0.0293], data-stddev=[percentiles(0,1,2,5 10,20,50,80,90 95,98,99,100)=(0.03,0.05,0.06,0.07 0.08,0.09,0.12,0.14,0.15 0.16,0.17,0.18,0.20), mean=0.117, stddev=0.0289]
component name=tdnn6.affine type=NaturalGradientAffineComponent, input-dim=1560, output-dim=520, learning-rate=7.44415e-05, l2-regularize=0.05, max-change=0.75, linear-params-rms=0.008147, linear-params-row-norms=[percentiles(0,1,2,5 10,20,50,80,90 95,98,99,100)=(0.11,0.13,0.16,0.23 0.26,0.28,0.32,0.36,0.39 0.40,0.41,0.41,0.44), mean=0.317, stddev=0.0544], linear-params-col-norms=[percentiles(0,1,2,5 10,20,50,80,90 95,98,99,100)=(0.08,0.11,0.12,0.13 0.14,0.15,0.17,0.21,0.24 0.26,0.30,0.33,0.39), mean=0.181, stddev=0.0429], bias-{mean,stddev}=-0.02415,0.02111, rank-in=20, rank-out=80, num-samples-history=2000, update-period=4, alpha=4
component name=tdnn6.relu type=RectifiedLinearComponent, dim=520, self-repair-scale=1e-05, count=7.91e+05, self-repaired-proportion=0, value-avg=[percentiles(0,1,2,5 10,20,50,80,90 95,98,99,100)=(0.12,0.13,0.16,0.18 0.20,0.22,0.25,0.28,0.29 0.30,0.33,0.35,0.37), mean=0.25, stddev=0.0394], deriv-avg=[percentiles(0,1,2,5 10,20,50,80,90 95,98,99,100)=(0.30,0.34,0.34,0.36 0.37,0.39,0.41,0.44,0.45 0.46,0.48,0.48,0.50), mean=0.411, stddev=0.0309], oderiv-rms=[percentiles(0,1,2,5 10,20,50,80,90 95,98,99,100)=(0.02,0.02,0.03,0.03 0.03,0.03,0.03,0.03,0.04 0.04,0.04,0.04,0.05), mean=0.0318, stddev=0.00336], oderiv-count=1.0192e+06
component name=tdnn6.batchnorm type=BatchNormComponent, dim=520, block-dim=520, epsilon=0.001, target-rms=1, count=26123.6, test-mode=false, data-mean=[percentiles(0,1,2,5 10,20,50,80,90 95,98,99,100)=(0.13,0.14,0.16,0.18 0.20,0.23,0.26,0.28,0.30 0.31,0.33,0.35,0.41), mean=0.254, stddev=0.04], data-stddev=[percentiles(0,1,2,5 10,20,50,80,90 95,98,99,100)=(0.20,0.22,0.26,0.35 0.39,0.44,0.51,0.56,0.60 0.63,0.66,0.69,0.82), mean=0.5, stddev=0.088]
component name=lstm3.W_all type=NaturalGradientAffineComponent, input-dim=650, output-dim=2080, learning-rate=7.44415e-05, l2-regularize=0.01, max-change=1.5, linear-params-rms=0.02041, linear-params-row-norms=[percentiles(0,1,2,5 10,20,50,80,90 95,98,99,100)=(0.20,0.23,0.24,0.26 0.28,0.33,0.47,0.67,0.73 0.78,0.82,0.86,0.94), mean=0.493, stddev=0.165], linear-params-col-norms=[percentiles(0,1,2,5 10,20,50,80,90 95,98,99,100)=(0.49,0.51,0.57,0.66 0.73,0.76,0.83,1.1,1.2 1.3,1.4,1.5,1.8), mean=0.907, stddev=0.209], bias-{mean,stddev}=0.01461,0.01727, rank-in=20, rank-out=80, num-samples-history=2000, update-period=4, alpha=4
component name=lstm3.lstm_nonlin type=LstmNonlinearityComponent, input-dim=2603, output-dim=1040, learning-rate=7.44415e-05, l2-regularize=0.01, max-change=0.75, cell-dim=520, use-dropout=true, w_ic-rms=0.08498, w_fc-rms=0.04087, w_oc-rms=0.06157, count=1.25e+06, i_t_sigmoid={ self-repair-lower-threshold=0.05, self-repair-scale=1e-05, self-repaired-proportion=0.00654552, value-avg=[percentiles(0,1,2,5 10,20,50,80,90 95,98,99,100)=(0.51,0.56,0.57,0.60 0.62,0.64,0.69,0.73,0.75 0.77,0.80,0.81,0.82), mean=0.686, stddev=0.0528], deriv-avg=[percentiles(0,1,2,5 10,20,50,80,90 95,98,99,100)=(0.11,0.13,0.13,0.15 0.16,0.17,0.18,0.19,0.20 0.20,0.20,0.20,0.22), mean=0.179, stddev=0.0157] }, f_t_sigmoid={ self-repair-lower-threshold=0.05, self-repair-scale=1e-05, self-repaired-proportion=0.00654552, value-avg=[percentiles(0,1,2,5 10,20,50,80,90 95,98,99,100)=(0.44,0.50,0.53,0.55 0.56,0.58,0.62,0.66,0.72 0.76,0.80,0.81,0.86), mean=0.627, stddev=0.0628], deriv-avg=[percentiles(0,1,2,5 10,20,50,80,90 95,98,99,100)=(0.11,0.13,0.14,0.15 0.17,0.18,0.20,0.21,0.21 0.21,0.22,0.22,0.22), mean=0.194, stddev=0.0184] }, c_t_tanh={ self-repair-lower-threshold=0.2, self-repair-scale=1e-05, self-repaired-proportion=0.0111448, value-avg=[percentiles(0,1,2,5 10,20,50,80,90 95,98,99,100)=(-0.86,-0.82,-0.72,-0.53 -0.42,-0.29,-0.003,0.26,0.39 0.53,0.67,0.75,0.86), mean=-0.00913, stddev=0.325], deriv-avg=[percentiles(0,1,2,5 10,20,50,80,90 95,98,99,100)=(0.19,0.21,0.24,0.29 0.31,0.36,0.41,0.45,0.47 0.48,0.51,0.52,0.54), mean=0.398, stddev=0.0616] }, o_t_sigmoid={ self-repair-lower-threshold=0.05, self-repair-scale=1e-05, self-repaired-proportion=0.00654552, value-avg=[percentiles(0,1,2,5 10,20,50,80,90 95,98,99,100)=(0.45,0.50,0.52,0.54 0.56,0.60,0.63,0.67,0.69 0.71,0.75,0.79,0.89), mean=0.632, stddev=0.0541], deriv-avg=[percentiles(0,1,2,5 10,20,50,80,90 95,98,99,100)=(0.08,0.13,0.13,0.14 0.15,0.16,0.18,0.19,0.19 0.19,0.19,0.19,0.20), mean=0.174, stddev=0.0154] }, m_t_tanh={ self-repair-lower-threshold=0.2, self-repair-scale=1e-05, self-repaired-proportion=0.0169019, value-avg=[percentiles(0,1,2,5 10,20,50,80,90 95,98,99,100)=(-0.87,-0.84,-0.72,-0.58 -0.40,-0.28,0.004,0.24,0.36 0.55,0.70,0.75,0.88), mean=-0.012, stddev=0.322], deriv-avg=[percentiles(0,1,2,5 10,20,50,80,90 95,98,99,100)=(0.18,0.21,0.22,0.31 0.38,0.45,0.56,0.61,0.63 0.65,0.66,0.67,0.71), mean=0.528, stddev=0.104] }
component name=lstm3.cr_trunc type=BackpropTruncationComponent, dim=650, scale=0.85, count=1.49e+06, recurrence-interval=3, clipping-threshold=30, clipped-proportion=0, zeroing-threshold=15, zeroing-interval=20, zeroed-proportion=2.24676e-06, count-zeroing-boundaries=222543
component name=lstm3.dropout_mask type=DropoutMaskComponent, output-dim=3, dropout-proportion=0.0561983
component name=lstm3.W_rp type=NaturalGradientAffineComponent, input-dim=520, output-dim=260, learning-rate=7.44415e-05, l2-regularize=0.01, max-change=1.5, linear-params-rms=0.08645, linear-params-row-norms=[percentiles(0,1,2,5 10,20,50,80,90 95,98,99,100)=(0.94,1.0,1.1,1.1 1.1,1.2,1.7,2.5,2.6 2.6,2.7,2.8,3.0), mean=1.87, stddev=0.614], linear-params-col-norms=[percentiles(0,1,2,5 10,20,50,80,90 95,98,99,100)=(0.54,0.99,1.1,1.1 1.2,1.2,1.3,1.5,1.7 1.8,1.9,2.0,2.1), mean=1.38, stddev=0.214], bias-{mean,stddev}=-0.04137,0.44, rank-in=20, rank-out=80, num-samples-history=2000, update-period=4, alpha=4
component name=output.affine type=NaturalGradientAffineComponent, input-dim=260, output-dim=2104, learning-rate=7.44415e-05, l2-regularize=0.01, max-change=1.5, linear-params-rms=0.04086, linear-params-row-norms=[percentiles(0,1,2,5 10,20,50,80,90 95,98,99,100)=(0.51,0.55,0.56,0.58 0.59,0.61,0.64,0.69,0.71 0.74,0.78,0.85,2.2), mean=0.654, stddev=0.0826], linear-params-col-norms=[percentiles(0,1,2,5 10,20,50,80,90 95,98,99,100)=(0.92,0.98,1.0,1.1 1.1,1.2,1.6,2.4,2.5 2.5,2.6,2.6,2.6), mean=1.78, stddev=0.581], bias-{mean,stddev}=2.96e-09,0.02535, rank-in=20, rank-out=80, num-samples-history=2000, update-period=4, alpha=4
component name=output.log-softmax type=LogSoftmaxComponent, dim=2104, oderiv-rms=[percentiles(0,1,2,5 10,20,50,80,90 95,98,99,100)=(0.003,0.007,0.008,0.009 0.01,0.01,0.02,0.02,0.02 0.03,0.03,0.04,0.41), mean=0.0169, stddev=0.0136], oderiv-count=616640
nnet3-show-progress --use-gpu=no exp/nnet3/tdnn_lstm1c_sp/450.mdl exp/nnet3/tdnn_lstm1c_sp/451.mdl 
LOG (nnet3-show-progress[5.5.0-]:SelectGpuId():cu-device.cc:153) Manually selected to compute on CPU.
WARNING (nnet3-show-progress[5.5.0-]:Check():nnet-nnet.cc:789) Node lda.delayed is never used to compute any output.
WARNING (nnet3-show-progress[5.5.0-]:Check():nnet-nnet.cc:789) Node lda.delayed is never used to compute any output.
WARNING (nnet3-show-progress[5.5.0-]:Check():nnet-nnet.cc:789) Node lda.delayed is never used to compute any output.
LOG (nnet3-show-progress[5.5.0-]:main():nnet3-show-progress.cc:143) Parameter differences per layer are [ tdnn1.affine:2.80565 tdnn2.affine:2.55046 lstm1.W_all:1.91428 lstm1.lstm_nonlin:0.0359065 lstm1.W_rp:0.864233 tdnn3.affine:1.76092 tdnn4.affine:1.79329 lstm2.W_all:1.28321 lstm2.lstm_nonlin:0.019155 lstm2.W_rp:0.575436 tdnn5.affine:1.43677 tdnn6.affine:1.56824 lstm3.W_all:1.78933 lstm3.lstm_nonlin:0.0420659 lstm3.W_rp:0.62571 output.affine:1.4175 ]
LOG (nnet3-show-progress[5.5.0-]:main():nnet3-show-progress.cc:153) Norms of parameter matrices from <new-nnet-in> are [ tdnn1.affine:12.917 tdnn2.affine:10.382 lstm1.W_all:20.2385 lstm1.lstm_nonlin:1.53763 lstm1.W_rp:14.7272 tdnn3.affine:7.80553 tdnn4.affine:7.31271 lstm2.W_all:16.5034 lstm2.lstm_nonlin:1.14508 lstm2.W_rp:13.7499 tdnn5.affine:7.29635 tdnn6.affine:7.37379 lstm3.W_all:23.7497 lstm3.lstm_nonlin:2.56805 lstm3.W_rp:32.5768 output.affine:30.2398 ]
LOG (nnet3-show-progress[5.5.0-]:main():nnet3-show-progress.cc:157) Relative parameter differences per layer are [ tdnn1.affine:0.217117 tdnn2.affine:0.245786 lstm1.W_all:0.0945792 lstm1.lstm_nonlin:0.0232612 lstm1.W_rp:0.0586654 tdnn3.affine:0.225835 tdnn4.affine:0.245157 lstm2.W_all:0.0777249 lstm2.lstm_nonlin:0.0166331 lstm2.W_rp:0.0418081 tdnn5.affine:0.196772 tdnn6.affine:0.212596 lstm3.W_all:0.0753013 lstm3.lstm_nonlin:0.0162764 lstm3.W_rp:0.0191844 output.affine:0.046833 ]
# Accounting: time=0 threads=1
# Ended (code 0) at Thu Jul 30 12:59:57 KST 2020, elapsed time 0 seconds
