# nnet3-info exp/nnet3/tdnn_lstm1c_sp/283.mdl && nnet3-show-progress --use-gpu=no exp/nnet3/tdnn_lstm1c_sp/282.mdl exp/nnet3/tdnn_lstm1c_sp/283.mdl 
# Started at Thu Jul 30 11:53:05 KST 2020
#
nnet3-info exp/nnet3/tdnn_lstm1c_sp/283.mdl 
WARNING (nnet3-info[5.5.0-]:Check():nnet-nnet.cc:789) Node lda.delayed is never used to compute any output.
left-context: 10
right-context: 20
num-parameters: 8426364
modulus: 1
component-node name=lda.delayed component=lda.delayed input=Append(Offset(input, -2), Offset(input, -1), input, Offset(input, 1), Offset(input, 2), ReplaceIndex(ivector, t, 0)) input-dim=300 output-dim=300
input-node name=ivector dim=100
input-node name=input dim=40
component-node name=lda component=lda input=Append(Offset(input, -2), Offset(input, -1), input, Offset(input, 1), Offset(input, 2), ReplaceIndex(ivector, t, 0)) input-dim=300 output-dim=300
component-node name=tdnn1.affine component=tdnn1.affine input=lda input-dim=300 output-dim=520
component-node name=tdnn1.relu component=tdnn1.relu input=tdnn1.affine input-dim=520 output-dim=520
component-node name=tdnn1.batchnorm component=tdnn1.batchnorm input=tdnn1.relu input-dim=520 output-dim=520
component-node name=tdnn2.affine component=tdnn2.affine input=Append(Offset(tdnn1.batchnorm, -1), tdnn1.batchnorm, Offset(tdnn1.batchnorm, 1)) input-dim=1560 output-dim=520
component-node name=tdnn2.relu component=tdnn2.relu input=tdnn2.affine input-dim=520 output-dim=520
component-node name=tdnn2.batchnorm component=tdnn2.batchnorm input=tdnn2.relu input-dim=520 output-dim=520
component-node name=lstm1.W_all component=lstm1.W_all input=Append(tdnn2.batchnorm, IfDefined(Offset(lstm1.r_trunc, -3))) input-dim=650 output-dim=2080
component-node name=lstm1.dropout_mask component=lstm1.dropout_mask input=lstm1.dropout_mask input-dim=3 output-dim=3
component-node name=lstm1.lstm_nonlin component=lstm1.lstm_nonlin input=Append(lstm1.W_all, IfDefined(Offset(lstm1.c_trunc, -3)), lstm1.dropout_mask) input-dim=2603 output-dim=1040
dim-range-node name=lstm1.c input-node=lstm1.lstm_nonlin dim-offset=0 dim=520
dim-range-node name=lstm1.m input-node=lstm1.lstm_nonlin dim-offset=520 dim=520
component-node name=lstm1.rp component=lstm1.W_rp input=lstm1.m input-dim=520 output-dim=260
dim-range-node name=lstm1.r input-node=lstm1.rp dim-offset=0 dim=130
component-node name=lstm1.cr_trunc component=lstm1.cr_trunc input=Append(lstm1.c, lstm1.r) input-dim=650 output-dim=650
dim-range-node name=lstm1.c_trunc input-node=lstm1.cr_trunc dim-offset=0 dim=520
dim-range-node name=lstm1.r_trunc input-node=lstm1.cr_trunc dim-offset=520 dim=130
component-node name=tdnn3.affine component=tdnn3.affine input=Append(Offset(lstm1.rp, -3), lstm1.rp, Offset(lstm1.rp, 3)) input-dim=780 output-dim=520
component-node name=tdnn3.relu component=tdnn3.relu input=tdnn3.affine input-dim=520 output-dim=520
component-node name=tdnn3.batchnorm component=tdnn3.batchnorm input=tdnn3.relu input-dim=520 output-dim=520
component-node name=tdnn4.affine component=tdnn4.affine input=Append(Offset(tdnn3.batchnorm, -3), tdnn3.batchnorm, Offset(tdnn3.batchnorm, 3)) input-dim=1560 output-dim=520
component-node name=tdnn4.relu component=tdnn4.relu input=tdnn4.affine input-dim=520 output-dim=520
component-node name=tdnn4.batchnorm component=tdnn4.batchnorm input=tdnn4.relu input-dim=520 output-dim=520
component-node name=lstm2.W_all component=lstm2.W_all input=Append(tdnn4.batchnorm, IfDefined(Offset(lstm2.r_trunc, -3))) input-dim=650 output-dim=2080
component-node name=lstm2.dropout_mask component=lstm2.dropout_mask input=lstm2.dropout_mask input-dim=3 output-dim=3
component-node name=lstm2.lstm_nonlin component=lstm2.lstm_nonlin input=Append(lstm2.W_all, IfDefined(Offset(lstm2.c_trunc, -3)), lstm2.dropout_mask) input-dim=2603 output-dim=1040
dim-range-node name=lstm2.c input-node=lstm2.lstm_nonlin dim-offset=0 dim=520
dim-range-node name=lstm2.m input-node=lstm2.lstm_nonlin dim-offset=520 dim=520
component-node name=lstm2.rp component=lstm2.W_rp input=lstm2.m input-dim=520 output-dim=260
dim-range-node name=lstm2.r input-node=lstm2.rp dim-offset=0 dim=130
component-node name=lstm2.cr_trunc component=lstm2.cr_trunc input=Append(lstm2.c, lstm2.r) input-dim=650 output-dim=650
dim-range-node name=lstm2.c_trunc input-node=lstm2.cr_trunc dim-offset=0 dim=520
dim-range-node name=lstm2.r_trunc input-node=lstm2.cr_trunc dim-offset=520 dim=130
component-node name=tdnn5.affine component=tdnn5.affine input=Append(Offset(lstm2.rp, -3), lstm2.rp, Offset(lstm2.rp, 3)) input-dim=780 output-dim=520
component-node name=tdnn5.relu component=tdnn5.relu input=tdnn5.affine input-dim=520 output-dim=520
component-node name=tdnn5.batchnorm component=tdnn5.batchnorm input=tdnn5.relu input-dim=520 output-dim=520
component-node name=tdnn6.affine component=tdnn6.affine input=Append(Offset(tdnn5.batchnorm, -3), tdnn5.batchnorm, Offset(tdnn5.batchnorm, 3)) input-dim=1560 output-dim=520
component-node name=tdnn6.relu component=tdnn6.relu input=tdnn6.affine input-dim=520 output-dim=520
component-node name=tdnn6.batchnorm component=tdnn6.batchnorm input=tdnn6.relu input-dim=520 output-dim=520
component-node name=lstm3.W_all component=lstm3.W_all input=Append(tdnn6.batchnorm, IfDefined(Offset(lstm3.r_trunc, -3))) input-dim=650 output-dim=2080
component-node name=lstm3.dropout_mask component=lstm3.dropout_mask input=lstm3.dropout_mask input-dim=3 output-dim=3
component-node name=lstm3.lstm_nonlin component=lstm3.lstm_nonlin input=Append(lstm3.W_all, IfDefined(Offset(lstm3.c_trunc, -3)), lstm3.dropout_mask) input-dim=2603 output-dim=1040
dim-range-node name=lstm3.c input-node=lstm3.lstm_nonlin dim-offset=0 dim=520
dim-range-node name=lstm3.m input-node=lstm3.lstm_nonlin dim-offset=520 dim=520
component-node name=lstm3.rp component=lstm3.W_rp input=lstm3.m input-dim=520 output-dim=260
dim-range-node name=lstm3.r input-node=lstm3.rp dim-offset=0 dim=130
component-node name=lstm3.cr_trunc component=lstm3.cr_trunc input=Append(lstm3.c, lstm3.r) input-dim=650 output-dim=650
dim-range-node name=lstm3.c_trunc input-node=lstm3.cr_trunc dim-offset=0 dim=520
dim-range-node name=lstm3.r_trunc input-node=lstm3.cr_trunc dim-offset=520 dim=130
component-node name=output.affine component=output.affine input=lstm3.rp input-dim=260 output-dim=2104
component-node name=output.log-softmax component=output.log-softmax input=output.affine input-dim=2104 output-dim=2104
output-node name=output input=Offset(output.log-softmax, 5) dim=2104 objective=linear
component name=lda.delayed type=NoOpComponent, dim=300
component name=lda type=FixedAffineComponent, input-dim=300, output-dim=300, linear-params-rms=0.006709, bias-{mean,stddev}=-0.01975,0.4295
component name=tdnn1.affine type=NaturalGradientAffineComponent, input-dim=300, output-dim=520, learning-rate=0.000216085, l2-regularize=0.05, max-change=0.75, linear-params-rms=0.03292, linear-params-row-norms=[percentiles(0,1,2,5 10,20,50,80,90 95,98,99,100)=(0.006,0.008,0.01,0.01 0.02,0.04,0.57,0.72,0.80 0.89,0.97,1.0,1.2), mean=0.485, stddev=0.3], linear-params-col-norms=[percentiles(0,1,2,5 10,20,50,80,90 95,98,99,100)=(0.13,0.14,0.15,0.16 0.18,0.22,0.64,0.92,1.2 1.4,1.6,1.6,1.6), mean=0.641, stddev=0.391], bias-{mean,stddev}=0.0008185,0.06115, rank-in=20, rank-out=80, num-samples-history=2000, update-period=4, alpha=4
component name=tdnn1.relu type=RectifiedLinearComponent, dim=520, self-repair-scale=1e-05, count=1.02e+06, self-repaired-proportion=0.220565, value-avg=[percentiles(0,1,2,5 10,20,50,80,90 95,98,99,100)=(1e-06,5e-06,1e-05,3e-05 7e-05,0.0002,0.06,0.10,0.11 0.13,0.15,0.16,0.20), mean=0.056, stddev=0.0463], deriv-avg=[percentiles(0,1,2,5 10,20,50,80,90 95,98,99,100)=(0.001,0.003,0.006,0.01 0.02,0.06,0.42,0.61,0.72 0.80,0.86,0.91,0.99), mean=0.38, stddev=0.265], oderiv-rms=[percentiles(0,1,2,5 10,20,50,80,90 95,98,99,100)=(0.009,0.01,0.02,0.02 0.03,0.06,0.27,0.36,0.42 0.49,0.62,0.65,1.4), mean=0.257, stddev=0.164], oderiv-count=1.2073e+06
component name=tdnn1.batchnorm type=BatchNormComponent, dim=520, block-dim=520, epsilon=0.001, target-rms=1, count=40712.3, test-mode=false, data-mean=[percentiles(0,1,2,5 10,20,50,80,90 95,98,99,100)=(2e-06,5e-06,1e-05,2e-05 6e-05,0.0002,0.06,0.10,0.12 0.13,0.15,0.16,0.22), mean=0.0559, stddev=0.0466], data-stddev=[percentiles(0,1,2,5 10,20,50,80,90 95,98,99,100)=(8e-05,0.0001,0.0001,0.0003 0.0005,0.001,0.10,0.13,0.14 0.15,0.15,0.16,0.18), mean=0.0779, stddev=0.0541]
component name=tdnn2.affine type=NaturalGradientAffineComponent, input-dim=1560, output-dim=520, learning-rate=0.000216085, l2-regularize=0.05, max-change=0.75, linear-params-rms=0.01231, linear-params-row-norms=[percentiles(0,1,2,5 10,20,50,80,90 95,98,99,100)=(0.33,0.35,0.37,0.39 0.40,0.42,0.47,0.53,0.58 0.60,0.64,0.66,0.75), mean=0.481, stddev=0.0673], linear-params-col-norms=[percentiles(0,1,2,5 10,20,50,80,90 95,98,99,100)=(0.003,0.005,0.006,0.008 0.01,0.02,0.29,0.35,0.38 0.41,0.45,0.52,0.76), mean=0.24, stddev=0.145], bias-{mean,stddev}=-0.02443,0.03998, rank-in=20, rank-out=80, num-samples-history=2000, update-period=4, alpha=4
component name=tdnn2.relu type=RectifiedLinearComponent, dim=520, self-repair-scale=1e-05, count=1.02e+06, self-repaired-proportion=0, value-avg=[percentiles(0,1,2,5 10,20,50,80,90 95,98,99,100)=(0.20,0.22,0.23,0.25 0.26,0.28,0.31,0.34,0.37 0.40,0.43,0.46,0.52), mean=0.313, stddev=0.0455], deriv-avg=[percentiles(0,1,2,5 10,20,50,80,90 95,98,99,100)=(0.31,0.37,0.38,0.39 0.41,0.42,0.45,0.47,0.49 0.51,0.52,0.52,0.55), mean=0.447, stddev=0.0342], oderiv-rms=[percentiles(0,1,2,5 10,20,50,80,90 95,98,99,100)=(0.03,0.03,0.03,0.03 0.03,0.04,0.04,0.05,0.05 0.05,0.06,0.06,0.07), mean=0.041, stddev=0.00728], oderiv-count=1.06038e+06
component name=tdnn2.batchnorm type=BatchNormComponent, dim=520, block-dim=520, epsilon=0.001, target-rms=1, count=39864.4, test-mode=false, data-mean=[percentiles(0,1,2,5 10,20,50,80,90 95,98,99,100)=(0.20,0.23,0.24,0.26 0.27,0.28,0.31,0.35,0.38 0.40,0.44,0.46,0.52), mean=0.319, stddev=0.0459], data-stddev=[percentiles(0,1,2,5 10,20,50,80,90 95,98,99,100)=(0.43,0.46,0.47,0.48 0.50,0.52,0.57,0.62,0.66 0.68,0.72,0.73,0.84), mean=0.574, stddev=0.0627]
component name=lstm1.W_all type=NaturalGradientAffineComponent, input-dim=650, output-dim=2080, learning-rate=0.000216085, l2-regularize=0.01, max-change=1.5, linear-params-rms=0.01831, linear-params-row-norms=[percentiles(0,1,2,5 10,20,50,80,90 95,98,99,100)=(2e-07,3e-06,7e-06,4e-05 0.001,0.16,0.43,0.62,0.70 0.75,0.83,0.87,1.1), mean=0.4, stddev=0.241], linear-params-col-norms=[percentiles(0,1,2,5 10,20,50,80,90 95,98,99,100)=(0.32,0.38,0.42,0.46 0.54,0.73,0.84,0.93,1.0 1.1,1.1,1.2,1.3), mean=0.818, stddev=0.167], bias-{mean,stddev}=0.002626,0.02794, rank-in=20, rank-out=80, num-samples-history=2000, update-period=4, alpha=4
component name=lstm1.lstm_nonlin type=LstmNonlinearityComponent, input-dim=2603, output-dim=1040, learning-rate=0.000216085, l2-regularize=0.01, max-change=0.75, cell-dim=520, use-dropout=true, w_ic-rms=0.06287, w_fc-rms=0.03117, w_oc-rms=0.04483, count=1.47e+06, i_t_sigmoid={ self-repair-lower-threshold=0.05, self-repair-scale=1e-05, self-repaired-proportion=0.00642419, value-avg=[percentiles(0,1,2,5 10,20,50,80,90 95,98,99,100)=(0.38,0.41,0.42,0.43 0.44,0.45,0.47,0.50,0.54 0.70,0.79,0.81,0.85), mean=0.494, stddev=0.0788], deriv-avg=[percentiles(0,1,2,5 10,20,50,80,90 95,98,99,100)=(0.12,0.13,0.15,0.18 0.20,0.21,0.23,0.24,0.25 0.25,0.25,0.25,0.25), mean=0.222, stddev=0.0234] }, f_t_sigmoid={ self-repair-lower-threshold=0.05, self-repair-scale=1e-05, self-repaired-proportion=0.00642419, value-avg=[percentiles(0,1,2,5 10,20,50,80,90 95,98,99,100)=(0.36,0.44,0.45,0.46 0.48,0.49,0.50,0.54,0.58 0.65,0.76,0.79,0.85), mean=0.52, stddev=0.0642], deriv-avg=[percentiles(0,1,2,5 10,20,50,80,90 95,98,99,100)=(0.12,0.15,0.15,0.18 0.20,0.22,0.24,0.25,0.25 0.25,0.25,0.25,0.25), mean=0.23, stddev=0.0225] }, c_t_tanh={ self-repair-lower-threshold=0.2, self-repair-scale=1e-05, self-repaired-proportion=0.033695, value-avg=[percentiles(0,1,2,5 10,20,50,80,90 95,98,99,100)=(-0.92,-0.89,-0.86,-0.55 -0.27,-0.13,0.001,0.16,0.32 0.54,0.86,0.88,0.91), mean=0.0151, stddev=0.303], deriv-avg=[percentiles(0,1,2,5 10,20,50,80,90 95,98,99,100)=(0.15,0.17,0.20,0.24 0.36,0.43,0.56,0.75,1.0 1.0,1.0,1.0,1.0), mean=0.597, stddev=0.222] }, o_t_sigmoid={ self-repair-lower-threshold=0.05, self-repair-scale=1e-05, self-repaired-proportion=0.00642419, value-avg=[percentiles(0,1,2,5 10,20,50,80,90 95,98,99,100)=(0.34,0.38,0.39,0.40 0.41,0.42,0.45,0.50,0.50 0.51,0.54,0.57,0.72), mean=0.457, stddev=0.0408], deriv-avg=[percentiles(0,1,2,5 10,20,50,80,90 95,98,99,100)=(0.15,0.17,0.18,0.18 0.19,0.20,0.22,0.24,0.25 0.25,0.25,0.25,0.25), mean=0.219, stddev=0.0213] }, m_t_tanh={ self-repair-lower-threshold=0.2, self-repair-scale=1e-05, self-repaired-proportion=0.00642419, value-avg=[percentiles(0,1,2,5 10,20,50,80,90 95,98,99,100)=(-0.78,-0.71,-0.64,-0.34 -0.17,-0.07,0.0005,0.10,0.22 0.34,0.64,0.72,0.75), mean=0.011, stddev=0.215], deriv-avg=[percentiles(0,1,2,5 10,20,50,80,90 95,98,99,100)=(0.36,0.41,0.44,0.55 0.76,0.83,0.89,0.95,1.0 1.0,1.0,1.0,1.0), mean=0.87, stddev=0.122] }
component name=lstm1.cr_trunc type=BackpropTruncationComponent, dim=650, scale=0.85, count=1.95e+06, recurrence-interval=3, clipping-threshold=30, clipped-proportion=4.86282e-06, zeroing-threshold=15, zeroing-interval=20, zeroed-proportion=0.000100741, count-zeroing-boundaries=292831
component name=lstm1.dropout_mask type=DropoutMaskComponent, output-dim=3, dropout-proportion=0.243526
component name=lstm1.W_rp type=NaturalGradientAffineComponent, input-dim=520, output-dim=260, learning-rate=0.000216085, l2-regularize=0.01, max-change=1.5, linear-params-rms=0.04064, linear-params-row-norms=[percentiles(0,1,2,5 10,20,50,80,90 95,98,99,100)=(0.31,0.31,0.36,0.38 0.42,0.49,0.89,1.2,1.3 1.4,1.4,1.4,1.5), mean=0.856, stddev=0.355], linear-params-col-norms=[percentiles(0,1,2,5 10,20,50,80,90 95,98,99,100)=(0.0003,0.001,0.001,0.003 0.01,0.32,0.55,0.75,0.91 1.2,1.6,1.7,2.0), mean=0.55, stddev=0.356], bias-{mean,stddev}=0.01283,0.2766, rank-in=20, rank-out=80, num-samples-history=2000, update-period=4, alpha=4
component name=tdnn3.affine type=NaturalGradientAffineComponent, input-dim=780, output-dim=520, learning-rate=0.000216085, l2-regularize=0.05, max-change=0.75, linear-params-rms=0.01346, linear-params-row-norms=[percentiles(0,1,2,5 10,20,50,80,90 95,98,99,100)=(0.01,0.21,0.22,0.25 0.27,0.30,0.36,0.43,0.47 0.51,0.54,0.57,0.62), mean=0.367, stddev=0.0826], linear-params-col-norms=[percentiles(0,1,2,5 10,20,50,80,90 95,98,99,100)=(0.09,0.10,0.11,0.12 0.14,0.16,0.29,0.40,0.43 0.45,0.47,0.49,0.51), mean=0.282, stddev=0.12], bias-{mean,stddev}=0.003051,0.01229, rank-in=20, rank-out=80, num-samples-history=2000, update-period=4, alpha=4
component name=tdnn3.relu type=RectifiedLinearComponent, dim=520, self-repair-scale=1e-05, count=9.4e+05, self-repaired-proportion=0.00350125, value-avg=[percentiles(0,1,2,5 10,20,50,80,90 95,98,99,100)=(0.0002,0.02,0.03,0.04 0.05,0.07,0.10,0.12,0.14 0.15,0.17,0.18,0.21), mean=0.0969, stddev=0.0335], deriv-avg=[percentiles(0,1,2,5 10,20,50,80,90 95,98,99,100)=(0.04,0.12,0.18,0.22 0.30,0.38,0.52,0.61,0.66 0.68,0.71,0.72,0.83), mean=0.495, stddev=0.138], oderiv-rms=[percentiles(0,1,2,5 10,20,50,80,90 95,98,99,100)=(0.02,0.08,0.08,0.08 0.09,0.09,0.11,0.13,0.15 0.17,0.21,0.22,0.28), mean=0.115, stddev=0.0306], oderiv-count=1.04659e+06
component name=tdnn3.batchnorm type=BatchNormComponent, dim=520, block-dim=520, epsilon=0.001, target-rms=1, count=37320.8, test-mode=false, data-mean=[percentiles(0,1,2,5 10,20,50,80,90 95,98,99,100)=(9e-05,0.02,0.03,0.04 0.05,0.07,0.10,0.12,0.14 0.16,0.17,0.18,0.21), mean=0.0975, stddev=0.0336], data-stddev=[percentiles(0,1,2,5 10,20,50,80,90 95,98,99,100)=(0.0008,0.09,0.10,0.11 0.12,0.13,0.15,0.17,0.18 0.19,0.21,0.21,0.26), mean=0.15, stddev=0.0277]
component name=tdnn4.affine type=NaturalGradientAffineComponent, input-dim=1560, output-dim=520, learning-rate=0.000216085, l2-regularize=0.05, max-change=0.75, linear-params-rms=0.009189, linear-params-row-norms=[percentiles(0,1,2,5 10,20,50,80,90 95,98,99,100)=(0.27,0.28,0.29,0.30 0.31,0.32,0.35,0.39,0.42 0.45,0.47,0.49,0.56), mean=0.36, stddev=0.0461], linear-params-col-norms=[percentiles(0,1,2,5 10,20,50,80,90 95,98,99,100)=(0.008,0.13,0.13,0.14 0.15,0.17,0.20,0.24,0.26 0.29,0.31,0.33,0.40), mean=0.204, stddev=0.0462], bias-{mean,stddev}=-0.02262,0.01964, rank-in=20, rank-out=80, num-samples-history=2000, update-period=4, alpha=4
component name=tdnn4.relu type=RectifiedLinearComponent, dim=520, self-repair-scale=1e-05, count=7.59e+05, self-repaired-proportion=0, value-avg=[percentiles(0,1,2,5 10,20,50,80,90 95,98,99,100)=(0.20,0.22,0.23,0.24 0.24,0.26,0.29,0.32,0.33 0.35,0.36,0.37,0.47), mean=0.288, stddev=0.0357], deriv-avg=[percentiles(0,1,2,5 10,20,50,80,90 95,98,99,100)=(0.34,0.37,0.38,0.39 0.40,0.41,0.43,0.46,0.47 0.48,0.49,0.50,0.52), mean=0.435, stddev=0.0273], oderiv-rms=[percentiles(0,1,2,5 10,20,50,80,90 95,98,99,100)=(0.03,0.03,0.03,0.03 0.03,0.03,0.03,0.04,0.04 0.04,0.04,0.04,0.05), mean=0.0339, stddev=0.00286], oderiv-count=1.03638e+06
component name=tdnn4.batchnorm type=BatchNormComponent, dim=520, block-dim=520, epsilon=0.001, target-rms=1, count=34777.2, test-mode=false, data-mean=[percentiles(0,1,2,5 10,20,50,80,90 95,98,99,100)=(0.21,0.23,0.23,0.24 0.25,0.26,0.29,0.32,0.34 0.36,0.37,0.38,0.48), mean=0.293, stddev=0.0362], data-stddev=[percentiles(0,1,2,5 10,20,50,80,90 95,98,99,100)=(0.41,0.45,0.46,0.48 0.49,0.50,0.55,0.61,0.64 0.67,0.72,0.75,0.98), mean=0.559, stddev=0.0664]
component name=lstm2.W_all type=NaturalGradientAffineComponent, input-dim=650, output-dim=2080, learning-rate=0.000216085, l2-regularize=0.01, max-change=1.5, linear-params-rms=0.01517, linear-params-row-norms=[percentiles(0,1,2,5 10,20,50,80,90 95,98,99,100)=(2e-07,1e-06,2e-06,6e-06 2e-05,0.0005,0.35,0.55,0.61 0.66,0.71,0.74,0.92), mean=0.297, stddev=0.247], linear-params-col-norms=[percentiles(0,1,2,5 10,20,50,80,90 95,98,99,100)=(0.27,0.32,0.35,0.39 0.49,0.62,0.69,0.76,0.80 0.87,0.96,1.0,1.4), mean=0.679, stddev=0.133], bias-{mean,stddev}=0.00478,0.0368, rank-in=20, rank-out=80, num-samples-history=2000, update-period=4, alpha=4
component name=lstm2.lstm_nonlin type=LstmNonlinearityComponent, input-dim=2603, output-dim=1040, learning-rate=0.000216085, l2-regularize=0.01, max-change=0.75, cell-dim=520, use-dropout=true, w_ic-rms=0.03685, w_fc-rms=0.01551, w_oc-rms=0.03612, count=1.34e+06, i_t_sigmoid={ self-repair-lower-threshold=0.05, self-repair-scale=1e-05, self-repaired-proportion=0.00647802, value-avg=[percentiles(0,1,2,5 10,20,50,80,90 95,98,99,100)=(0.41,0.43,0.44,0.45 0.46,0.47,0.50,0.52,0.57 0.61,0.68,0.72,0.80), mean=0.505, stddev=0.0531], deriv-avg=[percentiles(0,1,2,5 10,20,50,80,90 95,98,99,100)=(0.15,0.18,0.19,0.20 0.21,0.22,0.23,0.25,0.25 0.25,0.25,0.25,0.25), mean=0.231, stddev=0.0183] }, f_t_sigmoid={ self-repair-lower-threshold=0.05, self-repair-scale=1e-05, self-repaired-proportion=0.00647802, value-avg=[percentiles(0,1,2,5 10,20,50,80,90 95,98,99,100)=(0.40,0.43,0.45,0.46 0.48,0.49,0.50,0.53,0.57 0.60,0.65,0.67,0.75), mean=0.513, stddev=0.0432], deriv-avg=[percentiles(0,1,2,5 10,20,50,80,90 95,98,99,100)=(0.17,0.17,0.18,0.20 0.21,0.22,0.24,0.25,0.25 0.25,0.25,0.25,0.25), mean=0.233, stddev=0.0189] }, c_t_tanh={ self-repair-lower-threshold=0.2, self-repair-scale=1e-05, self-repaired-proportion=0.00648425, value-avg=[percentiles(0,1,2,5 10,20,50,80,90 95,98,99,100)=(-0.89,-0.81,-0.70,-0.50 -0.28,-0.13,0.0009,0.16,0.33 0.55,0.72,0.77,0.86), mean=0.0119, stddev=0.277], deriv-avg=[percentiles(0,1,2,5 10,20,50,80,90 95,98,99,100)=(0.20,0.26,0.28,0.39 0.45,0.51,0.62,1.0,1.0 1.0,1.0,1.0,1.0), mean=0.708, stddev=0.232] }, o_t_sigmoid={ self-repair-lower-threshold=0.05, self-repair-scale=1e-05, self-repaired-proportion=0.00647802, value-avg=[percentiles(0,1,2,5 10,20,50,80,90 95,98,99,100)=(0.40,0.43,0.43,0.44 0.45,0.46,0.50,0.50,0.52 0.54,0.57,0.58,0.65), mean=0.49, stddev=0.031], deriv-avg=[percentiles(0,1,2,5 10,20,50,80,90 95,98,99,100)=(0.17,0.18,0.19,0.19 0.20,0.21,0.23,0.25,0.25 0.25,0.25,0.25,0.25), mean=0.229, stddev=0.0195] }, m_t_tanh={ self-repair-lower-threshold=0.2, self-repair-scale=1e-05, self-repaired-proportion=0.00647802, value-avg=[percentiles(0,1,2,5 10,20,50,80,90 95,98,99,100)=(-0.70,-0.58,-0.44,-0.31 -0.17,-0.08,0.0003,0.09,0.21 0.37,0.48,0.54,0.63), mean=0.00891, stddev=0.183], deriv-avg=[percentiles(0,1,2,5 10,20,50,80,90 95,98,99,100)=(0.46,0.56,0.60,0.72 0.77,0.84,0.91,1.0,1.0 1.0,1.0,1.0,1.0), mean=0.905, stddev=0.0982] }
component name=lstm2.cr_trunc type=BackpropTruncationComponent, dim=650, scale=0.85, count=1.71e+06, recurrence-interval=3, clipping-threshold=30, clipped-proportion=2.92111e-06, zeroing-threshold=15, zeroing-interval=20, zeroed-proportion=4.45239e-05, count-zeroing-boundaries=258288
component name=lstm2.dropout_mask type=DropoutMaskComponent, output-dim=3, dropout-proportion=0.243526
component name=lstm2.W_rp type=NaturalGradientAffineComponent, input-dim=520, output-dim=260, learning-rate=0.000216085, l2-regularize=0.01, max-change=1.5, linear-params-rms=0.03953, linear-params-row-norms=[percentiles(0,1,2,5 10,20,50,80,90 95,98,99,100)=(0.38,0.45,0.49,0.54 0.56,0.60,0.87,1.1,1.2 1.2,1.3,1.3,1.4), mean=0.864, stddev=0.256], linear-params-col-norms=[percentiles(0,1,2,5 10,20,50,80,90 95,98,99,100)=(0.0004,0.0008,0.001,0.002 0.003,0.009,0.58,0.83,0.97 1.1,1.3,1.5,1.6), mean=0.494, stddev=0.403], bias-{mean,stddev}=0.002064,0.2208, rank-in=20, rank-out=80, num-samples-history=2000, update-period=4, alpha=4
component name=tdnn5.affine type=NaturalGradientAffineComponent, input-dim=780, output-dim=520, learning-rate=0.000216085, l2-regularize=0.05, max-change=0.75, linear-params-rms=0.01298, linear-params-row-norms=[percentiles(0,1,2,5 10,20,50,80,90 95,98,99,100)=(0.22,0.24,0.24,0.26 0.28,0.30,0.34,0.41,0.45 0.49,0.53,0.55,0.61), mean=0.356, stddev=0.0698], linear-params-col-norms=[percentiles(0,1,2,5 10,20,50,80,90 95,98,99,100)=(0.11,0.13,0.15,0.16 0.17,0.19,0.27,0.38,0.41 0.43,0.45,0.46,0.51), mean=0.281, stddev=0.0931], bias-{mean,stddev}=0.0009255,0.006588, rank-in=20, rank-out=80, num-samples-history=2000, update-period=4, alpha=4
component name=tdnn5.relu type=RectifiedLinearComponent, dim=520, self-repair-scale=1e-05, count=7.98e+05, self-repaired-proportion=0, value-avg=[percentiles(0,1,2,5 10,20,50,80,90 95,98,99,100)=(0.02,0.02,0.02,0.03 0.04,0.05,0.08,0.11,0.12 0.13,0.14,0.15,0.18), mean=0.0795, stddev=0.0307], deriv-avg=[percentiles(0,1,2,5 10,20,50,80,90 95,98,99,100)=(0.12,0.15,0.17,0.21 0.26,0.34,0.51,0.60,0.64 0.67,0.69,0.72,0.74), mean=0.477, stddev=0.14], oderiv-rms=[percentiles(0,1,2,5 10,20,50,80,90 95,98,99,100)=(0.08,0.09,0.09,0.09 0.10,0.10,0.11,0.14,0.15 0.17,0.19,0.20,0.21), mean=0.121, stddev=0.0244], oderiv-count=964672
component name=tdnn5.batchnorm type=BatchNormComponent, dim=520, block-dim=520, epsilon=0.001, target-rms=1, count=32233.6, test-mode=false, data-mean=[percentiles(0,1,2,5 10,20,50,80,90 95,98,99,100)=(0.02,0.02,0.02,0.03 0.04,0.05,0.08,0.11,0.12 0.13,0.14,0.15,0.18), mean=0.0807, stddev=0.0305], data-stddev=[percentiles(0,1,2,5 10,20,50,80,90 95,98,99,100)=(0.06,0.07,0.08,0.09 0.10,0.11,0.13,0.15,0.16 0.17,0.18,0.18,0.21), mean=0.128, stddev=0.0228]
component name=tdnn6.affine type=NaturalGradientAffineComponent, input-dim=1560, output-dim=520, learning-rate=0.000216085, l2-regularize=0.05, max-change=0.75, linear-params-rms=0.009034, linear-params-row-norms=[percentiles(0,1,2,5 10,20,50,80,90 95,98,99,100)=(0.14,0.17,0.20,0.25 0.28,0.31,0.35,0.41,0.43 0.45,0.47,0.48,0.52), mean=0.352, stddev=0.0612], linear-params-col-norms=[percentiles(0,1,2,5 10,20,50,80,90 95,98,99,100)=(0.12,0.13,0.13,0.14 0.15,0.16,0.19,0.23,0.27 0.30,0.33,0.35,0.42), mean=0.2, stddev=0.0485], bias-{mean,stddev}=-0.01939,0.02509, rank-in=20, rank-out=80, num-samples-history=2000, update-period=4, alpha=4
component name=tdnn6.relu type=RectifiedLinearComponent, dim=520, self-repair-scale=1e-05, count=8.04e+05, self-repaired-proportion=0, value-avg=[percentiles(0,1,2,5 10,20,50,80,90 95,98,99,100)=(0.14,0.17,0.20,0.22 0.24,0.27,0.30,0.33,0.35 0.36,0.38,0.39,0.46), mean=0.299, stddev=0.0434], deriv-avg=[percentiles(0,1,2,5 10,20,50,80,90 95,98,99,100)=(0.33,0.35,0.36,0.37 0.39,0.40,0.43,0.45,0.46 0.47,0.48,0.49,0.53), mean=0.424, stddev=0.0299], oderiv-rms=[percentiles(0,1,2,5 10,20,50,80,90 95,98,99,100)=(0.02,0.02,0.02,0.02 0.03,0.03,0.03,0.03,0.03 0.03,0.03,0.03,0.04), mean=0.0276, stddev=0.00233], oderiv-count=855840
component name=tdnn6.batchnorm type=BatchNormComponent, dim=520, block-dim=520, epsilon=0.001, target-rms=1, count=29690, test-mode=false, data-mean=[percentiles(0,1,2,5 10,20,50,80,90 95,98,99,100)=(0.14,0.16,0.19,0.22 0.25,0.27,0.31,0.34,0.35 0.37,0.38,0.40,0.48), mean=0.303, stddev=0.0444], data-stddev=[percentiles(0,1,2,5 10,20,50,80,90 95,98,99,100)=(0.26,0.30,0.33,0.42 0.48,0.52,0.60,0.66,0.70 0.74,0.78,0.80,0.91), mean=0.592, stddev=0.0937]
component name=lstm3.W_all type=NaturalGradientAffineComponent, input-dim=650, output-dim=2080, learning-rate=0.000216085, l2-regularize=0.01, max-change=1.5, linear-params-rms=0.0217, linear-params-row-norms=[percentiles(0,1,2,5 10,20,50,80,90 95,98,99,100)=(0.26,0.29,0.30,0.32 0.34,0.38,0.52,0.67,0.75 0.80,0.86,0.88,1.2), mean=0.532, stddev=0.151], linear-params-col-norms=[percentiles(0,1,2,5 10,20,50,80,90 95,98,99,100)=(0.62,0.67,0.69,0.75 0.78,0.82,0.89,1.1,1.3 1.4,1.6,1.8,2.0), mean=0.966, stddev=0.216], bias-{mean,stddev}=0.01732,0.02253, rank-in=20, rank-out=80, num-samples-history=2000, update-period=4, alpha=4
component name=lstm3.lstm_nonlin type=LstmNonlinearityComponent, input-dim=2603, output-dim=1040, learning-rate=0.000216085, l2-regularize=0.01, max-change=0.75, cell-dim=520, use-dropout=true, w_ic-rms=0.1027, w_fc-rms=0.04897, w_oc-rms=0.06959, count=1.22e+06, i_t_sigmoid={ self-repair-lower-threshold=0.05, self-repair-scale=1e-05, self-repaired-proportion=0.00654296, value-avg=[percentiles(0,1,2,5 10,20,50,80,90 95,98,99,100)=(0.52,0.56,0.57,0.61 0.63,0.66,0.72,0.77,0.79 0.82,0.84,0.85,0.88), mean=0.715, stddev=0.0624], deriv-avg=[percentiles(0,1,2,5 10,20,50,80,90 95,98,99,100)=(0.08,0.11,0.11,0.12 0.14,0.15,0.17,0.19,0.20 0.20,0.21,0.21,0.22), mean=0.17, stddev=0.0231] }, f_t_sigmoid={ self-repair-lower-threshold=0.05, self-repair-scale=1e-05, self-repaired-proportion=0.00654296, value-avg=[percentiles(0,1,2,5 10,20,50,80,90 95,98,99,100)=(0.41,0.50,0.55,0.58 0.60,0.64,0.69,0.74,0.78 0.82,0.86,0.86,0.88), mean=0.69, stddev=0.0709], deriv-avg=[percentiles(0,1,2,5 10,20,50,80,90 95,98,99,100)=(0.08,0.10,0.11,0.12 0.14,0.16,0.18,0.19,0.20 0.20,0.21,0.21,0.22), mean=0.172, stddev=0.0234] }, c_t_tanh={ self-repair-lower-threshold=0.2, self-repair-scale=1e-05, self-repaired-proportion=0.0378107, value-avg=[percentiles(0,1,2,5 10,20,50,80,90 95,98,99,100)=(-0.91,-0.87,-0.82,-0.60 -0.46,-0.33,-0.009,0.31,0.44 0.57,0.73,0.84,0.92), mean=-0.00988, stddev=0.362], deriv-avg=[percentiles(0,1,2,5 10,20,50,80,90 95,98,99,100)=(0.13,0.17,0.20,0.23 0.29,0.36,0.44,0.50,0.52 0.54,0.55,0.57,0.60), mean=0.423, stddev=0.0895] }, o_t_sigmoid={ self-repair-lower-threshold=0.05, self-repair-scale=1e-05, self-repaired-proportion=0.00654296, value-avg=[percentiles(0,1,2,5 10,20,50,80,90 95,98,99,100)=(0.44,0.48,0.50,0.54 0.56,0.60,0.64,0.68,0.70 0.73,0.76,0.78,0.87), mean=0.636, stddev=0.0583], deriv-avg=[percentiles(0,1,2,5 10,20,50,80,90 95,98,99,100)=(0.10,0.12,0.13,0.14 0.15,0.17,0.18,0.19,0.20 0.20,0.20,0.20,0.21), mean=0.178, stddev=0.0176] }, m_t_tanh={ self-repair-lower-threshold=0.2, self-repair-scale=1e-05, self-repaired-proportion=0.00654296, value-avg=[percentiles(0,1,2,5 10,20,50,80,90 95,98,99,100)=(-0.78,-0.73,-0.69,-0.51 -0.38,-0.26,-0.007,0.24,0.34 0.46,0.62,0.70,0.79), mean=-0.00908, stddev=0.297], deriv-avg=[percentiles(0,1,2,5 10,20,50,80,90 95,98,99,100)=(0.34,0.36,0.39,0.44 0.51,0.60,0.68,0.73,0.75 0.77,0.79,0.79,0.82), mean=0.656, stddev=0.0941] }
component name=lstm3.cr_trunc type=BackpropTruncationComponent, dim=650, scale=0.85, count=1.47e+06, recurrence-interval=3, clipping-threshold=30, clipped-proportion=0, zeroing-threshold=15, zeroing-interval=20, zeroed-proportion=2.27607e-06, count-zeroing-boundaries=219677
component name=lstm3.dropout_mask type=DropoutMaskComponent, output-dim=3, dropout-proportion=0.243526
component name=lstm3.W_rp type=NaturalGradientAffineComponent, input-dim=520, output-dim=260, learning-rate=0.000216085, l2-regularize=0.01, max-change=1.5, linear-params-rms=0.08847, linear-params-row-norms=[percentiles(0,1,2,5 10,20,50,80,90 95,98,99,100)=(1.0,1.1,1.1,1.2 1.2,1.3,1.7,2.6,2.6 2.7,2.8,2.9,3.0), mean=1.93, stddev=0.599], linear-params-col-norms=[percentiles(0,1,2,5 10,20,50,80,90 95,98,99,100)=(0.49,0.98,1.0,1.1 1.1,1.2,1.3,1.6,1.8 2.0,2.1,2.2,2.3), mean=1.4, stddev=0.272], bias-{mean,stddev}=-0.01627,0.5982, rank-in=20, rank-out=80, num-samples-history=2000, update-period=4, alpha=4
component name=output.affine type=NaturalGradientAffineComponent, input-dim=260, output-dim=2104, learning-rate=0.000216085, l2-regularize=0.01, max-change=1.5, linear-params-rms=0.0442, linear-params-row-norms=[percentiles(0,1,2,5 10,20,50,80,90 95,98,99,100)=(0.53,0.60,0.61,0.63 0.64,0.66,0.70,0.74,0.78 0.81,0.86,0.91,2.2), mean=0.708, stddev=0.0847], linear-params-col-norms=[percentiles(0,1,2,5 10,20,50,80,90 95,98,99,100)=(1.1,1.2,1.2,1.2 1.3,1.3,1.8,2.5,2.6 2.7,2.8,2.8,2.9), mean=1.95, stddev=0.566], bias-{mean,stddev}=6.898e-09,0.02754, rank-in=20, rank-out=80, num-samples-history=2000, update-period=4, alpha=4
component name=output.log-softmax type=LogSoftmaxComponent, dim=2104, oderiv-rms=[percentiles(0,1,2,5 10,20,50,80,90 95,98,99,100)=(0.002,0.007,0.008,0.009 0.01,0.01,0.02,0.02,0.02 0.03,0.03,0.03,0.41), mean=0.0169, stddev=0.0136], oderiv-count=634880
nnet3-show-progress --use-gpu=no exp/nnet3/tdnn_lstm1c_sp/282.mdl exp/nnet3/tdnn_lstm1c_sp/283.mdl 
LOG (nnet3-show-progress[5.5.0-]:SelectGpuId():cu-device.cc:153) Manually selected to compute on CPU.
WARNING (nnet3-show-progress[5.5.0-]:Check():nnet-nnet.cc:789) Node lda.delayed is never used to compute any output.
WARNING (nnet3-show-progress[5.5.0-]:Check():nnet-nnet.cc:789) Node lda.delayed is never used to compute any output.
WARNING (nnet3-show-progress[5.5.0-]:Check():nnet-nnet.cc:789) Node lda.delayed is never used to compute any output.
LOG (nnet3-show-progress[5.5.0-]:main():nnet3-show-progress.cc:143) Parameter differences per layer are [ tdnn1.affine:4.63916 tdnn2.affine:4.5381 lstm1.W_all:3.59506 lstm1.lstm_nonlin:0.0751628 lstm1.W_rp:1.45141 tdnn3.affine:3.18427 tdnn4.affine:3.49678 lstm2.W_all:2.61064 lstm2.lstm_nonlin:0.0432663 lstm2.W_rp:1.03368 tdnn5.affine:2.67368 tdnn6.affine:2.89439 lstm3.W_all:2.85619 lstm3.lstm_nonlin:0.0782961 lstm3.W_rp:1.19704 output.affine:3.04278 ]
LOG (nnet3-show-progress[5.5.0-]:main():nnet3-show-progress.cc:153) Norms of parameter matrices from <new-nnet-in> are [ tdnn1.affine:13.0773 tdnn2.affine:11.1373 lstm1.W_all:21.3231 lstm1.lstm_nonlin:1.89883 lstm1.W_rp:15.5965 tdnn3.affine:8.57551 tdnn4.affine:8.30404 lstm2.W_all:17.7222 lstm2.lstm_nonlin:1.22855 lstm2.W_rp:14.9652 tdnn5.affine:8.27076 tdnn6.affine:8.16858 lstm3.W_all:25.2618 lstm3.lstm_nonlin:3.04218 lstm3.W_rp:33.9297 output.affine:32.7127 ]
LOG (nnet3-show-progress[5.5.0-]:main():nnet3-show-progress.cc:157) Relative parameter differences per layer are [ tdnn1.affine:0.353559 tdnn2.affine:0.406615 lstm1.W_all:0.168203 lstm1.lstm_nonlin:0.0398754 lstm1.W_rp:0.0928513 tdnn3.affine:0.369692 tdnn4.affine:0.420615 lstm2.W_all:0.14708 lstm2.lstm_nonlin:0.0355394 lstm2.W_rp:0.0689693 tdnn5.affine:0.3231 tdnn6.affine:0.353108 lstm3.W_all:0.112804 lstm3.lstm_nonlin:0.0257923 lstm3.W_rp:0.0353325 output.affine:0.092956 ]
# Accounting: time=0 threads=1
# Ended (code 0) at Thu Jul 30 11:53:05 KST 2020, elapsed time 0 seconds
