# nnet3-train --use-gpu=yes --read-cache=exp/nnet3/tdnn_lstm1c_sp/cache.226 --write-cache=exp/nnet3/tdnn_lstm1c_sp/cache.227 --print-interval=10 --momentum=0.5 --max-param-change=2.0 --backstitch-training-scale=0.0 --l2-regularize-factor=1.0 --backstitch-training-interval=1 --srand=226 --optimization.min-deriv-time=-20 --optimization.max-deriv-time-relative=30 "nnet3-copy --learning-rate=0.000146496243619 --scale=1.0 exp/nnet3/tdnn_lstm1c_sp/226.mdl - |nnet3-copy --edits='set-dropout-proportion name=* proportion=0.11129476584' - - |" "ark,bg:nnet3-copy-egs               ark:exp/nnet3/tdnn_lstm1c_sp/egs/egs.106.ark ark:- |             nnet3-shuffle-egs --buffer-size=5000             --srand=226 ark:- ark:- |              nnet3-merge-egs --minibatch-size=128,64 ark:- ark:- |" exp/nnet3/tdnn_lstm1c_sp/227.1.raw 
# Started at Thu Jul 30 11:30:25 KST 2020
#
nnet3-train --use-gpu=yes --read-cache=exp/nnet3/tdnn_lstm1c_sp/cache.226 --write-cache=exp/nnet3/tdnn_lstm1c_sp/cache.227 --print-interval=10 --momentum=0.5 --max-param-change=2.0 --backstitch-training-scale=0.0 --l2-regularize-factor=1.0 --backstitch-training-interval=1 --srand=226 --optimization.min-deriv-time=-20 --optimization.max-deriv-time-relative=30 "nnet3-copy --learning-rate=0.000146496243619 --scale=1.0 exp/nnet3/tdnn_lstm1c_sp/226.mdl - |nnet3-copy --edits='set-dropout-proportion name=* proportion=0.11129476584' - - |" 'ark,bg:nnet3-copy-egs               ark:exp/nnet3/tdnn_lstm1c_sp/egs/egs.106.ark ark:- |             nnet3-shuffle-egs --buffer-size=5000             --srand=226 ark:- ark:- |              nnet3-merge-egs --minibatch-size=128,64 ark:- ark:- |' exp/nnet3/tdnn_lstm1c_sp/227.1.raw 
LOG (nnet3-train[5.5.0-]:SelectGpuId():cu-device.cc:223) CUDA setup operating under Compute Exclusive Mode.
LOG (nnet3-train[5.5.0-]:FinalizeActiveGpu():cu-device.cc:308) The active GPU is [0]: TITAN Xp	free:11808M, used:386M, total:12194M, free/total:0.968337 version 6.1
nnet3-copy '--edits=set-dropout-proportion name=* proportion=0.11129476584' - - 
nnet3-copy --learning-rate=0.000146496243619 --scale=1.0 exp/nnet3/tdnn_lstm1c_sp/226.mdl - 
WARNING (nnet3-copy[5.5.0-]:Check():nnet-nnet.cc:789) Node lda.delayed is never used to compute any output.
LOG (nnet3-copy[5.5.0-]:main():nnet3-copy.cc:114) Copied raw neural net from exp/nnet3/tdnn_lstm1c_sp/226.mdl to -
WARNING (nnet3-copy[5.5.0-]:Check():nnet-nnet.cc:789) Node lda.delayed is never used to compute any output.
LOG (nnet3-copy[5.5.0-]:ReadEditConfig():nnet-utils.cc:1397) Set dropout proportions for 3 components.
LOG (nnet3-copy[5.5.0-]:main():nnet3-copy.cc:114) Copied raw neural net from - to -
WARNING (nnet3-train[5.5.0-]:Check():nnet-nnet.cc:789) Node lda.delayed is never used to compute any output.
WARNING (nnet3-train[5.5.0-]:Check():nnet-nnet.cc:789) Node lda.delayed is never used to compute any output.
LOG (nnet3-train[5.5.0-]:NnetTrainer():nnet-training.cc:48) Read computation cache from exp/nnet3/tdnn_lstm1c_sp/cache.226
nnet3-shuffle-egs --buffer-size=5000 --srand=226 ark:- ark:- 
nnet3-merge-egs --minibatch-size=128,64 ark:- ark:- 
nnet3-copy-egs ark:exp/nnet3/tdnn_lstm1c_sp/egs/egs.106.ark ark:- 
WARNING (nnet3-train[5.5.0-]:ReorthogonalizeRt1():natural-gradient-online.cc:241) Cholesky out of expected range, reorthogonalizing with Gram-Schmidt
WARNING (nnet3-train[5.5.0-]:ReorthogonalizeRt1():natural-gradient-online.cc:241) Cholesky out of expected range, reorthogonalizing with Gram-Schmidt
WARNING (nnet3-train[5.5.0-]:ReorthogonalizeRt1():natural-gradient-online.cc:241) Cholesky out of expected range, reorthogonalizing with Gram-Schmidt
WARNING (nnet3-train[5.5.0-]:ReorthogonalizeRt1():natural-gradient-online.cc:241) Cholesky out of expected range, reorthogonalizing with Gram-Schmidt
LOG (nnet3-train[5.5.0-]:PrintStatsForThisPhase():nnet-training.cc:278) Average objective function for 'output' for minibatches 0-9 is -2.202 over 50972.5 frames.
LOG (nnet3-train[5.5.0-]:PrintStatsForThisPhase():nnet-training.cc:278) Average objective function for 'output' for minibatches 10-19 is -2.08062 over 50970.5 frames.
LOG (nnet3-train[5.5.0-]:PrintStatsForThisPhase():nnet-training.cc:278) Average objective function for 'output' for minibatches 20-29 is -2.12577 over 47138.5 frames.
LOG (nnet3-train[5.5.0-]:PrintStatsForThisPhase():nnet-training.cc:278) Average objective function for 'output' for minibatches 30-39 is -2.11939 over 50977 frames.
LOG (nnet3-train[5.5.0-]:PrintStatsForThisPhase():nnet-training.cc:278) Average objective function for 'output' for minibatches 40-49 is -1.90437 over 47098.5 frames.
LOG (nnet3-train[5.5.0-]:PrintStatsForThisPhase():nnet-training.cc:278) Average objective function for 'output' for minibatches 50-59 is -2.16601 over 50995.5 frames.
LOG (nnet3-train[5.5.0-]:PrintStatsForThisPhase():nnet-training.cc:278) Average objective function for 'output' for minibatches 60-69 is -1.85505 over 45809 frames.
LOG (nnet3-train[5.5.0-]:PrintStatsForThisPhase():nnet-training.cc:278) Average objective function for 'output' for minibatches 70-79 is -2.24903 over 50987.5 frames.
LOG (nnet3-train[5.5.0-]:PrintStatsForThisPhase():nnet-training.cc:278) Average objective function for 'output' for minibatches 80-89 is -2.16826 over 49719 frames.
LOG (nnet3-train[5.5.0-]:PrintStatsForThisPhase():nnet-training.cc:278) Average objective function for 'output' for minibatches 90-99 is -2.01346 over 45838.5 frames.
LOG (nnet3-train[5.5.0-]:PrintStatsForThisPhase():nnet-training.cc:278) Average objective function for 'output' for minibatches 100-109 is -2.17107 over 50966 frames.
LOG (nnet3-copy-egs[5.5.0-]:main():nnet3-copy-egs.cc:431) Read 20960 neural-network training examples, wrote 20960, 0 examples had errors.
LOG (nnet3-train[5.5.0-]:PrintStatsForThisPhase():nnet-training.cc:278) Average objective function for 'output' for minibatches 110-119 is -2.01825 over 49684.5 frames.
LOG (nnet3-train[5.5.0-]:PrintStatsForThisPhase():nnet-training.cc:278) Average objective function for 'output' for minibatches 120-129 is -2.18476 over 50984 frames.
LOG (nnet3-train[5.5.0-]:PrintStatsForThisPhase():nnet-training.cc:278) Average objective function for 'output' for minibatches 130-139 is -1.93877 over 47115.5 frames.
LOG (nnet3-train[5.5.0-]:PrintStatsForThisPhase():nnet-training.cc:278) Average objective function for 'output' for minibatches 140-149 is -2.13586 over 47138 frames.
LOG (nnet3-shuffle-egs[5.5.0-]:main():nnet3-shuffle-egs.cc:103) Shuffled order of 20960 neural-network training examples using a buffer (partial randomization)
LOG (nnet3-train[5.5.0-]:PrintStatsForThisPhase():nnet-training.cc:278) Average objective function for 'output' for minibatches 150-159 is -2.21362 over 50974.5 frames.
LOG (nnet3-merge-egs[5.5.0-]:PrintSpecificStats():nnet-example-utils.cc:1159) Merged specific eg types as follows [format: <eg-size1>={<mb-size1>-><num-minibatches1>,<mbsize2>-><num-minibatches2>.../d=<num-discarded>},<egs-size2>={...},... (note,egs-size == number of input frames including context).
LOG (nnet3-merge-egs[5.5.0-]:PrintSpecificStats():nnet-example-utils.cc:1189) 50={128->3,d=33},60={128->2,d=46},70={64->1,128->6,d=37},90={64->1,128->4,d=29},100={64->1,128->6,d=29},110={64->1,128->139,d=50}
LOG (nnet3-merge-egs[5.5.0-]:PrintAggregateStats():nnet-example-utils.cc:1155) Processed 20960 egs of avg. size 105.4 into 164 minibatches, discarding 1.069% of egs.  Avg minibatch size was 126.4, #distinct types of egs/minibatches was 6/10
LOG (nnet3-train[5.5.0-]:PrintTotalStats():nnet-training.cc:317) Overall average objective function for 'output' is -2.09343 over 795642 frames.
LOG (nnet3-train[5.5.0-]:PrintTotalStats():nnet-training.cc:324) [this line is to be parsed by a script:] log-prob-per-frame=-2.09343
LOG (nnet3-train[5.5.0-]:main():nnet3-train.cc:91) Wrote model to exp/nnet3/tdnn_lstm1c_sp/227.1.raw
LOG (nnet3-train[5.5.0-]:~NnetTrainer():nnet-training.cc:334) Wrote computation cache to exp/nnet3/tdnn_lstm1c_sp/cache.227
LOG (nnet3-train[5.5.0-]:~CachingOptimizingCompiler():nnet-optimize.cc:710) 0.0119 seconds taken in nnet3 compilation total (breakdown: 0 compilation, 0 optimization, 0 shortcut expansion, 0 checking, 0 computing indexes, 0.0119 misc.) + 0.614 I/O.
# Accounting: time=24 threads=1
# Ended (code 0) at Thu Jul 30 11:30:49 KST 2020, elapsed time 24 seconds
