# nnet3-train --use-gpu=yes --read-cache=exp/nnet3/tdnn_lstm1c_sp/cache.20 --write-cache=exp/nnet3/tdnn_lstm1c_sp/cache.21 --verbose=1 --print-interval=10 --momentum=0.5 --max-param-change=2.0 --backstitch-training-scale=0.0 --l2-regularize-factor=1.0 --backstitch-training-interval=1 --srand=20 --optimization.min-deriv-time=-20 --optimization.max-deriv-time-relative=30 "nnet3-copy --learning-rate=0.00028156135422 --scale=1.0 exp/nnet3/tdnn_lstm1c_sp/20.mdl - |nnet3-copy --edits='set-dropout-proportion name=* proportion=0.0' - - |" "ark,bg:nnet3-copy-egs               ark:exp/nnet3/tdnn_lstm1c_sp/egs/egs.21.ark ark:- |             nnet3-shuffle-egs --buffer-size=5000             --srand=20 ark:- ark:- |              nnet3-merge-egs --minibatch-size=128,64 ark:- ark:- |" exp/nnet3/tdnn_lstm1c_sp/21.1.raw 
# Started at Thu Jul 30 10:09:01 KST 2020
#
nnet3-train --use-gpu=yes --read-cache=exp/nnet3/tdnn_lstm1c_sp/cache.20 --write-cache=exp/nnet3/tdnn_lstm1c_sp/cache.21 --verbose=1 --print-interval=10 --momentum=0.5 --max-param-change=2.0 --backstitch-training-scale=0.0 --l2-regularize-factor=1.0 --backstitch-training-interval=1 --srand=20 --optimization.min-deriv-time=-20 --optimization.max-deriv-time-relative=30 "nnet3-copy --learning-rate=0.00028156135422 --scale=1.0 exp/nnet3/tdnn_lstm1c_sp/20.mdl - |nnet3-copy --edits='set-dropout-proportion name=* proportion=0.0' - - |" 'ark,bg:nnet3-copy-egs               ark:exp/nnet3/tdnn_lstm1c_sp/egs/egs.21.ark ark:- |             nnet3-shuffle-egs --buffer-size=5000             --srand=20 ark:- ark:- |              nnet3-merge-egs --minibatch-size=128,64 ark:- ark:- |' exp/nnet3/tdnn_lstm1c_sp/21.1.raw 
LOG (nnet3-train[5.5.0-]:SelectGpuId():cu-device.cc:223) CUDA setup operating under Compute Exclusive Mode.
LOG (nnet3-train[5.5.0-]:FinalizeActiveGpu():cu-device.cc:308) The active GPU is [0]: TITAN Xp	free:11808M, used:386M, total:12194M, free/total:0.968337 version 6.1
nnet3-copy --learning-rate=0.00028156135422 --scale=1.0 exp/nnet3/tdnn_lstm1c_sp/20.mdl - 
nnet3-copy '--edits=set-dropout-proportion name=* proportion=0.0' - - 
WARNING (nnet3-copy[5.5.0-]:Check():nnet-nnet.cc:789) Node lda.delayed is never used to compute any output.
LOG (nnet3-copy[5.5.0-]:main():nnet3-copy.cc:114) Copied raw neural net from exp/nnet3/tdnn_lstm1c_sp/20.mdl to -
WARNING (nnet3-copy[5.5.0-]:Check():nnet-nnet.cc:789) Node lda.delayed is never used to compute any output.
LOG (nnet3-copy[5.5.0-]:ReadEditConfig():nnet-utils.cc:1397) Set dropout proportions for 3 components.
LOG (nnet3-copy[5.5.0-]:main():nnet3-copy.cc:114) Copied raw neural net from - to -
WARNING (nnet3-train[5.5.0-]:Check():nnet-nnet.cc:789) Node lda.delayed is never used to compute any output.
WARNING (nnet3-train[5.5.0-]:Check():nnet-nnet.cc:789) Node lda.delayed is never used to compute any output.
LOG (nnet3-train[5.5.0-]:NnetTrainer():nnet-training.cc:48) Read computation cache from exp/nnet3/tdnn_lstm1c_sp/cache.20
nnet3-shuffle-egs --buffer-size=5000 --srand=20 ark:- ark:- 
nnet3-merge-egs --minibatch-size=128,64 ark:- ark:- 
nnet3-copy-egs ark:exp/nnet3/tdnn_lstm1c_sp/egs/egs.21.ark ark:- 
WARNING (nnet3-train[5.5.0-]:ReorthogonalizeRt1():natural-gradient-online.cc:241) Cholesky out of expected range, reorthogonalizing with Gram-Schmidt
WARNING (nnet3-train[5.5.0-]:ReorthogonalizeRt1():natural-gradient-online.cc:241) Cholesky out of expected range, reorthogonalizing with Gram-Schmidt
WARNING (nnet3-train[5.5.0-]:ReorthogonalizeRt1():natural-gradient-online.cc:241) Cholesky out of expected range, reorthogonalizing with Gram-Schmidt
VLOG[1] (nnet3-train[5.5.0-]:ConsolidateMemory():nnet-utils.cc:1152) Consolidating memory; will print memory usage before and after consolidating:
LOG (nnet3-train[5.5.0-]:PrintMemoryUsage():cu-allocator.cc:368) Memory usage: 82464512/6191841280 bytes currently allocated/total-held; 1537/10 blocks currently allocated/free; largest free/allocated block sizes are 5857280/6058848512; time taken total/cudaMalloc is 0.00857329/0.00571799, synchronized the GPU 0 times out of 795 frees; device memory info: free:5902M, used:6292M, total:12194M, free/total:0.48403maximum allocated: 1337557248current allocated: 82464512
LOG (nnet3-train[5.5.0-]:PrintMemoryUsage():cu-allocator.cc:368) Memory usage: 82464512/6191841280 bytes currently allocated/total-held; 1537/12 blocks currently allocated/free; largest free/allocated block sizes are 5857280/6058848512; time taken total/cudaMalloc is 0.00860381/0.00571799, synchronized the GPU 0 times out of 804 frees; device memory info: free:5902M, used:6292M, total:12194M, free/total:0.48403maximum allocated: 1337557248current allocated: 82464512
VLOG[1] (nnet3-train[5.5.0-]:ConsolidateMemory():nnet-utils.cc:1152) Consolidating memory; will print memory usage before and after consolidating:
LOG (nnet3-train[5.5.0-]:PrintMemoryUsage():cu-allocator.cc:368) Memory usage: 82464512/6191841280 bytes currently allocated/total-held; 1537/12 blocks currently allocated/free; largest free/allocated block sizes are 5857280/6058848512; time taken total/cudaMalloc is 0.00860381/0.00571799, synchronized the GPU 0 times out of 804 frees; device memory info: free:5902M, used:6292M, total:12194M, free/total:0.48403maximum allocated: 1337557248current allocated: 82464512
LOG (nnet3-train[5.5.0-]:PrintMemoryUsage():cu-allocator.cc:368) Memory usage: 82458368/6191841280 bytes currently allocated/total-held; 1537/11 blocks currently allocated/free; largest free/allocated block sizes are 5857280/6060650752; time taken total/cudaMalloc is 0.00865793/0.00571799, synchronized the GPU 0 times out of 828 frees; device memory info: free:5902M, used:6292M, total:12194M, free/total:0.48403maximum allocated: 1337557248current allocated: 82458368
LOG (nnet3-train[5.5.0-]:PrintStatsForThisPhase():nnet-training.cc:278) Average objective function for 'output' for minibatches 0-9 is -1.90612 over 50984 frames.
LOG (nnet3-train[5.5.0-]:UpdateNnetWithMaxChange():nnet-utils.cc:2189) Per-component max-change active on 1 / 16 Updatable Components. (Smallest factor=0.967562 on tdnn1.affine with max-change=0.75). 
LOG (nnet3-train[5.5.0-]:PrintStatsForThisPhase():nnet-training.cc:278) Average objective function for 'output' for minibatches 10-19 is -1.81712 over 50976 frames.
LOG (nnet3-train[5.5.0-]:UpdateNnetWithMaxChange():nnet-utils.cc:2189) Per-component max-change active on 2 / 16 Updatable Components. (Smallest factor=0.767519 on tdnn6.affine with max-change=0.75). Global max-change factor was 0.842199 with max-change=2.
LOG (nnet3-train[5.5.0-]:PrintStatsForThisPhase():nnet-training.cc:278) Average objective function for 'output' for minibatches 20-29 is -1.80617 over 49680.5 frames.
LOG (nnet3-train[5.5.0-]:UpdateNnetWithMaxChange():nnet-utils.cc:2189) Per-component max-change active on 2 / 16 Updatable Components. (Smallest factor=0.838016 on tdnn1.affine with max-change=0.75). Global max-change factor was 0.907671 with max-change=2.
LOG (nnet3-train[5.5.0-]:UpdateNnetWithMaxChange():nnet-utils.cc:2189) Per-component max-change active on 1 / 16 Updatable Components. (Smallest factor=0.998281 on tdnn1.affine with max-change=0.75). 
LOG (nnet3-train[5.5.0-]:PrintStatsForThisPhase():nnet-training.cc:278) Average objective function for 'output' for minibatches 30-39 is -1.93071 over 48444.5 frames.
LOG (nnet3-train[5.5.0-]:PrintStatsForThisPhase():nnet-training.cc:278) Average objective function for 'output' for minibatches 40-49 is -1.71913 over 47093.5 frames.
LOG (nnet3-train[5.5.0-]:PrintStatsForThisPhase():nnet-training.cc:278) Average objective function for 'output' for minibatches 50-59 is -1.79496 over 50978 frames.
LOG (nnet3-train[5.5.0-]:PrintStatsForThisPhase():nnet-training.cc:278) Average objective function for 'output' for minibatches 60-69 is -1.78248 over 49674.5 frames.
LOG (nnet3-train[5.5.0-]:UpdateNnetWithMaxChange():nnet-utils.cc:2189) Per-component max-change active on 1 / 16 Updatable Components. (Smallest factor=0.986412 on tdnn1.affine with max-change=0.75). 
LOG (nnet3-train[5.5.0-]:PrintStatsForThisPhase():nnet-training.cc:278) Average objective function for 'output' for minibatches 70-79 is -1.74431 over 47117.5 frames.
LOG (nnet3-train[5.5.0-]:PrintStatsForThisPhase():nnet-training.cc:278) Average objective function for 'output' for minibatches 80-89 is -1.87403 over 50975 frames.
LOG (nnet3-train[5.5.0-]:PrintStatsForThisPhase():nnet-training.cc:278) Average objective function for 'output' for minibatches 90-99 is -1.71683 over 49697.5 frames.
LOG (nnet3-train[5.5.0-]:PrintStatsForThisPhase():nnet-training.cc:278) Average objective function for 'output' for minibatches 100-109 is -1.76197 over 45846 frames.
LOG (nnet3-copy-egs[5.5.0-]:main():nnet3-copy-egs.cc:431) Read 20662 neural-network training examples, wrote 20662, 0 examples had errors.
LOG (nnet3-train[5.5.0-]:PrintStatsForThisPhase():nnet-training.cc:278) Average objective function for 'output' for minibatches 110-119 is -1.74169 over 49685 frames.
LOG (nnet3-train[5.5.0-]:PrintStatsForThisPhase():nnet-training.cc:278) Average objective function for 'output' for minibatches 120-129 is -1.78253 over 50954.5 frames.
LOG (nnet3-train[5.5.0-]:PrintStatsForThisPhase():nnet-training.cc:278) Average objective function for 'output' for minibatches 130-139 is -1.78589 over 48422 frames.
LOG (nnet3-train[5.5.0-]:PrintStatsForThisPhase():nnet-training.cc:278) Average objective function for 'output' for minibatches 140-149 is -1.60125 over 48391.5 frames.
LOG (nnet3-shuffle-egs[5.5.0-]:main():nnet3-shuffle-egs.cc:103) Shuffled order of 20662 neural-network training examples using a buffer (partial randomization)
LOG (nnet3-merge-egs[5.5.0-]:PrintSpecificStats():nnet-example-utils.cc:1159) Merged specific eg types as follows [format: <eg-size1>={<mb-size1>-><num-minibatches1>,<mbsize2>-><num-minibatches2>.../d=<num-discarded>},<egs-size2>={...},... (note,egs-size == number of input frames including context).
LOG (nnet3-merge-egs[5.5.0-]:PrintSpecificStats():nnet-example-utils.cc:1189) 50={128->3,d=3},60={128->2,d=37},70={64->1,128->6,d=6},90={64->1,128->4,d=4},100={64->1,128->6,d=25},110={128->138,d=43}
LOG (nnet3-merge-egs[5.5.0-]:PrintAggregateStats():nnet-example-utils.cc:1155) Processed 20662 egs of avg. size 105.6 into 162 minibatches, discarding 0.5711% of egs.  Avg minibatch size was 126.8, #distinct types of egs/minibatches was 6/9
LOG (nnet3-train[5.5.0-]:PrintStatsForThisPhase():nnet-training.cc:278) Average objective function for 'output' for minibatches 150-159 is -1.84728 over 45197 frames.
LOG (nnet3-train[5.5.0-]:PrintTotalStats():nnet-training.cc:317) Overall average objective function for 'output' is -1.78536 over 787934 frames.
LOG (nnet3-train[5.5.0-]:PrintTotalStats():nnet-training.cc:324) [this line is to be parsed by a script:] log-prob-per-frame=-1.78536
LOG (nnet3-train[5.5.0-]:Print():nnet-utils.cc:2295) For tdnn1.affine, per-component max-change was enforced 2.46914 % of the time.
LOG (nnet3-train[5.5.0-]:Print():nnet-utils.cc:2295) For tdnn2.affine, per-component max-change was enforced 0.617284 % of the time.
LOG (nnet3-train[5.5.0-]:Print():nnet-utils.cc:2295) For tdnn5.affine, per-component max-change was enforced 0.617284 % of the time.
LOG (nnet3-train[5.5.0-]:Print():nnet-utils.cc:2295) For tdnn6.affine, per-component max-change was enforced 0.617284 % of the time.
LOG (nnet3-train[5.5.0-]:Print():nnet-utils.cc:2304) The global max-change was enforced 1.23457 % of the time.
LOG (nnet3-train[5.5.0-]:PrintProfile():cu-device.cc:533) -----
[cudevice profile]
Heaviside	0.330834s
Sum	0.342599s
CuMatrix::Resize	0.34651s
ComputeLstmNonlinearity	0.390651s
Scale	0.430605s
AddMat	0.470371s
CopyRowsFromVec	0.516023s
AddRowSumMat	0.542905s
CuMatrix::SetZero	0.615841s
AddDiagMatMat	0.685584s
TraceMatMat	0.899379s
CopyToVec	1.02374s
BackpropLstmNonlinearity	1.39056s
CuMatrixBase::CopyFromMat(from other CuMatrixBase)	2.52627s
AddMatMat	11.8173s
Total GPU time:	26.7781s (may involve some double-counting)
-----
LOG (nnet3-train[5.5.0-]:PrintMemoryUsage():cu-allocator.cc:368) Memory usage: 82479104/6191841280 bytes currently allocated/total-held; 1537/18 blocks currently allocated/free; largest free/allocated block sizes are 5857280/6038857216; time taken total/cudaMalloc is 0.0872128/0.00571799, synchronized the GPU 0 times out of 69316 frees; device memory info: free:5902M, used:6292M, total:12194M, free/total:0.48403maximum allocated: 1337557248current allocated: 82479104
LOG (nnet3-train[5.5.0-]:main():nnet3-train.cc:91) Wrote model to exp/nnet3/tdnn_lstm1c_sp/21.1.raw
LOG (nnet3-train[5.5.0-]:~NnetTrainer():nnet-training.cc:334) Wrote computation cache to exp/nnet3/tdnn_lstm1c_sp/cache.21
LOG (nnet3-train[5.5.0-]:~CachingOptimizingCompiler():nnet-optimize.cc:710) 0.0102 seconds taken in nnet3 compilation total (breakdown: 0 compilation, 0 optimization, 0 shortcut expansion, 0 checking, 0 computing indexes, 0.0102 misc.) + 0.623 I/O.
# Accounting: time=27 threads=1
# Ended (code 0) at Thu Jul 30 10:09:28 KST 2020, elapsed time 27 seconds
