# nnet3-train --use-gpu=yes --read-cache=exp/nnet3/tdnn_lstm1c_sp/cache.480 --verbose=1 --print-interval=10 --momentum=0.5 --max-param-change=2.0 --backstitch-training-scale=0.0 --l2-regularize-factor=0.5 --backstitch-training-interval=1 --srand=480 --optimization.min-deriv-time=-20 --optimization.max-deriv-time-relative=30 "nnet3-copy --learning-rate=6.15418481243e-05 --scale=1.0 exp/nnet3/tdnn_lstm1c_sp/480.mdl - |nnet3-copy --edits='set-dropout-proportion name=* proportion=0.00661157024793' - - |" "ark,bg:nnet3-copy-egs               ark:exp/nnet3/tdnn_lstm1c_sp/egs/egs.115.ark ark:- |             nnet3-shuffle-egs --buffer-size=5000             --srand=480 ark:- ark:- |              nnet3-merge-egs --minibatch-size=128,64 ark:- ark:- |" exp/nnet3/tdnn_lstm1c_sp/481.2.raw 
# Started at Thu Jul 30 13:11:30 KST 2020
#
nnet3-train --use-gpu=yes --read-cache=exp/nnet3/tdnn_lstm1c_sp/cache.480 --verbose=1 --print-interval=10 --momentum=0.5 --max-param-change=2.0 --backstitch-training-scale=0.0 --l2-regularize-factor=0.5 --backstitch-training-interval=1 --srand=480 --optimization.min-deriv-time=-20 --optimization.max-deriv-time-relative=30 "nnet3-copy --learning-rate=6.15418481243e-05 --scale=1.0 exp/nnet3/tdnn_lstm1c_sp/480.mdl - |nnet3-copy --edits='set-dropout-proportion name=* proportion=0.00661157024793' - - |" 'ark,bg:nnet3-copy-egs               ark:exp/nnet3/tdnn_lstm1c_sp/egs/egs.115.ark ark:- |             nnet3-shuffle-egs --buffer-size=5000             --srand=480 ark:- ark:- |              nnet3-merge-egs --minibatch-size=128,64 ark:- ark:- |' exp/nnet3/tdnn_lstm1c_sp/481.2.raw 
LOG (nnet3-train[5.5.0-]:SelectGpuId():cu-device.cc:223) CUDA setup operating under Compute Exclusive Mode.
LOG (nnet3-train[5.5.0-]:FinalizeActiveGpu():cu-device.cc:308) The active GPU is [1]: TITAN Xp	free:11850M, used:345M, total:12196M, free/total:0.971671 version 6.1
nnet3-copy --learning-rate=6.15418481243e-05 --scale=1.0 exp/nnet3/tdnn_lstm1c_sp/480.mdl - 
nnet3-copy '--edits=set-dropout-proportion name=* proportion=0.00661157024793' - - 
WARNING (nnet3-copy[5.5.0-]:Check():nnet-nnet.cc:789) Node lda.delayed is never used to compute any output.
LOG (nnet3-copy[5.5.0-]:main():nnet3-copy.cc:114) Copied raw neural net from exp/nnet3/tdnn_lstm1c_sp/480.mdl to -
WARNING (nnet3-copy[5.5.0-]:Check():nnet-nnet.cc:789) Node lda.delayed is never used to compute any output.
LOG (nnet3-copy[5.5.0-]:ReadEditConfig():nnet-utils.cc:1397) Set dropout proportions for 3 components.
LOG (nnet3-copy[5.5.0-]:main():nnet3-copy.cc:114) Copied raw neural net from - to -
WARNING (nnet3-train[5.5.0-]:Check():nnet-nnet.cc:789) Node lda.delayed is never used to compute any output.
WARNING (nnet3-train[5.5.0-]:Check():nnet-nnet.cc:789) Node lda.delayed is never used to compute any output.
LOG (nnet3-train[5.5.0-]:NnetTrainer():nnet-training.cc:48) Read computation cache from exp/nnet3/tdnn_lstm1c_sp/cache.480
nnet3-merge-egs --minibatch-size=128,64 ark:- ark:- 
nnet3-shuffle-egs --buffer-size=5000 --srand=480 ark:- ark:- 
nnet3-copy-egs ark:exp/nnet3/tdnn_lstm1c_sp/egs/egs.115.ark ark:- 
WARNING (nnet3-train[5.5.0-]:ReorthogonalizeRt1():natural-gradient-online.cc:241) Cholesky out of expected range, reorthogonalizing with Gram-Schmidt
WARNING (nnet3-train[5.5.0-]:ReorthogonalizeRt1():natural-gradient-online.cc:241) Cholesky out of expected range, reorthogonalizing with Gram-Schmidt
WARNING (nnet3-train[5.5.0-]:ReorthogonalizeRt1():natural-gradient-online.cc:241) Cholesky out of expected range, reorthogonalizing with Gram-Schmidt
WARNING (nnet3-train[5.5.0-]:ReorthogonalizeRt1():natural-gradient-online.cc:241) Cholesky out of expected range, reorthogonalizing with Gram-Schmidt
VLOG[1] (nnet3-train[5.5.0-]:ConsolidateMemory():nnet-utils.cc:1152) Consolidating memory; will print memory usage before and after consolidating:
LOG (nnet3-train[5.5.0-]:PrintMemoryUsage():cu-allocator.cc:368) Memory usage: 82464512/6213861376 bytes currently allocated/total-held; 1537/10 blocks currently allocated/free; largest free/allocated block sizes are 5857280/6080868608; time taken total/cudaMalloc is 0.00798845/0.00548387, synchronized the GPU 0 times out of 795 frees; device memory info: free:5924M, used:6271M, total:12196M, free/total:0.485777maximum allocated: 1337557248current allocated: 82464512
LOG (nnet3-train[5.5.0-]:PrintMemoryUsage():cu-allocator.cc:368) Memory usage: 82464512/6213861376 bytes currently allocated/total-held; 1537/12 blocks currently allocated/free; largest free/allocated block sizes are 5857280/6080868608; time taken total/cudaMalloc is 0.00800467/0.00548387, synchronized the GPU 0 times out of 805 frees; device memory info: free:5924M, used:6271M, total:12196M, free/total:0.485777maximum allocated: 1337557248current allocated: 82464512
VLOG[1] (nnet3-train[5.5.0-]:ConsolidateMemory():nnet-utils.cc:1152) Consolidating memory; will print memory usage before and after consolidating:
LOG (nnet3-train[5.5.0-]:PrintMemoryUsage():cu-allocator.cc:368) Memory usage: 82464512/6213861376 bytes currently allocated/total-held; 1537/12 blocks currently allocated/free; largest free/allocated block sizes are 5857280/6080868608; time taken total/cudaMalloc is 0.00800467/0.00548387, synchronized the GPU 0 times out of 805 frees; device memory info: free:5924M, used:6271M, total:12196M, free/total:0.485777maximum allocated: 1337557248current allocated: 82464512
LOG (nnet3-train[5.5.0-]:PrintMemoryUsage():cu-allocator.cc:368) Memory usage: 82458368/6213861376 bytes currently allocated/total-held; 1537/12 blocks currently allocated/free; largest free/allocated block sizes are 5857280/6082670848; time taken total/cudaMalloc is 0.00804257/0.00548387, synchronized the GPU 0 times out of 829 frees; device memory info: free:5924M, used:6271M, total:12196M, free/total:0.485777maximum allocated: 1337557248current allocated: 82458368
LOG (nnet3-train[5.5.0-]:PrintStatsForThisPhase():nnet-training.cc:278) Average objective function for 'output' for minibatches 0-9 is -0.988475 over 50975 frames.
LOG (nnet3-train[5.5.0-]:PrintStatsForThisPhase():nnet-training.cc:278) Average objective function for 'output' for minibatches 10-19 is -1.06878 over 50979 frames.
LOG (nnet3-train[5.5.0-]:PrintStatsForThisPhase():nnet-training.cc:278) Average objective function for 'output' for minibatches 20-29 is -1.00082 over 49668 frames.
LOG (nnet3-train[5.5.0-]:PrintStatsForThisPhase():nnet-training.cc:278) Average objective function for 'output' for minibatches 30-39 is -1.06318 over 48443.5 frames.
LOG (nnet3-train[5.5.0-]:PrintStatsForThisPhase():nnet-training.cc:278) Average objective function for 'output' for minibatches 40-49 is -1.04582 over 49644.5 frames.
LOG (nnet3-train[5.5.0-]:PrintStatsForThisPhase():nnet-training.cc:278) Average objective function for 'output' for minibatches 50-59 is -1.07142 over 48421.5 frames.
LOG (nnet3-train[5.5.0-]:PrintStatsForThisPhase():nnet-training.cc:278) Average objective function for 'output' for minibatches 60-69 is -0.973199 over 48386.5 frames.
LOG (nnet3-train[5.5.0-]:PrintStatsForThisPhase():nnet-training.cc:278) Average objective function for 'output' for minibatches 70-79 is -1.06798 over 48438 frames.
LOG (nnet3-train[5.5.0-]:PrintStatsForThisPhase():nnet-training.cc:278) Average objective function for 'output' for minibatches 80-89 is -1.09194 over 50983.5 frames.
LOG (nnet3-train[5.5.0-]:PrintStatsForThisPhase():nnet-training.cc:278) Average objective function for 'output' for minibatches 90-99 is -1.05612 over 49680.5 frames.
LOG (nnet3-train[5.5.0-]:PrintStatsForThisPhase():nnet-training.cc:278) Average objective function for 'output' for minibatches 100-109 is -1.11765 over 45852 frames.
LOG (nnet3-copy-egs[5.5.0-]:main():nnet3-copy-egs.cc:431) Read 20446 neural-network training examples, wrote 20446, 0 examples had errors.
LOG (nnet3-train[5.5.0-]:PrintStatsForThisPhase():nnet-training.cc:278) Average objective function for 'output' for minibatches 110-119 is -1.11336 over 49729 frames.
LOG (nnet3-train[5.5.0-]:PrintStatsForThisPhase():nnet-training.cc:278) Average objective function for 'output' for minibatches 120-129 is -1.12081 over 50965.5 frames.
LOG (nnet3-train[5.5.0-]:PrintStatsForThisPhase():nnet-training.cc:278) Average objective function for 'output' for minibatches 130-139 is -1.05186 over 47162 frames.
LOG (nnet3-train[5.5.0-]:PrintStatsForThisPhase():nnet-training.cc:278) Average objective function for 'output' for minibatches 140-149 is -1.07291 over 50976.5 frames.
LOG (nnet3-shuffle-egs[5.5.0-]:main():nnet3-shuffle-egs.cc:103) Shuffled order of 20446 neural-network training examples using a buffer (partial randomization)
LOG (nnet3-merge-egs[5.5.0-]:PrintSpecificStats():nnet-example-utils.cc:1159) Merged specific eg types as follows [format: <eg-size1>={<mb-size1>-><num-minibatches1>,<mbsize2>-><num-minibatches2>.../d=<num-discarded>},<egs-size2>={...},... (note,egs-size == number of input frames including context).
LOG (nnet3-merge-egs[5.5.0-]:PrintSpecificStats():nnet-example-utils.cc:1189) 50={64->1,128->2,d=57},60={64->1,128->1,d=63},70={64->1,128->6,d=8},90={128->4,d=55},100={64->1,128->6,d=27},110={128->137,d=12}
LOG (nnet3-merge-egs[5.5.0-]:PrintAggregateStats():nnet-example-utils.cc:1155) Processed 20446 egs of avg. size 105.7 into 160 minibatches, discarding 1.086% of egs.  Avg minibatch size was 126.4, #distinct types of egs/minibatches was 6/10
LOG (nnet3-train[5.5.0-]:PrintTotalStats():nnet-training.cc:317) Overall average objective function for 'output' is -1.06027 over 778498 frames.
LOG (nnet3-train[5.5.0-]:PrintTotalStats():nnet-training.cc:324) [this line is to be parsed by a script:] log-prob-per-frame=-1.06027
LOG (nnet3-train[5.5.0-]:PrintProfile():cu-device.cc:533) -----
[cudevice profile]
Sum	0.334958s
Heaviside	0.336464s
CuMatrix::Resize	0.345744s
ComputeLstmNonlinearity	0.379668s
Scale	0.42319s
AddMat	0.462087s
CopyRowsFromVec	0.509905s
AddRowSumMat	0.540909s
CuMatrix::SetZero	0.602593s
AddDiagMatMat	0.667067s
TraceMatMat	0.882213s
CopyToVec	0.999378s
BackpropLstmNonlinearity	1.37201s
CuMatrixBase::CopyFromMat(from other CuMatrixBase)	2.49671s
AddMatMat	11.6342s
Total GPU time:	26.4833s (may involve some double-counting)
-----
LOG (nnet3-train[5.5.0-]:PrintMemoryUsage():cu-allocator.cc:368) Memory usage: 82458368/6213861376 bytes currently allocated/total-held; 1537/19 blocks currently allocated/free; largest free/allocated block sizes are 5857280/5835743488; time taken total/cudaMalloc is 0.0965707/0.00548387, synchronized the GPU 0 times out of 69060 frees; device memory info: free:5924M, used:6271M, total:12196M, free/total:0.485777maximum allocated: 1337557248current allocated: 82458368
LOG (nnet3-train[5.5.0-]:main():nnet3-train.cc:91) Wrote model to exp/nnet3/tdnn_lstm1c_sp/481.2.raw
LOG (nnet3-train[5.5.0-]:~CachingOptimizingCompiler():nnet-optimize.cc:710) 0.0109 seconds taken in nnet3 compilation total (breakdown: 0 compilation, 0 optimization, 0 shortcut expansion, 0 checking, 0 computing indexes, 0.0109 misc.) + 0.394 I/O.
# Accounting: time=27 threads=1
# Ended (code 0) at Thu Jul 30 13:11:57 KST 2020, elapsed time 27 seconds
