# nnet3-train --use-gpu=yes --read-cache=exp/nnet3/tdnn_lstm1c_sp/cache.242 --print-interval=10 --momentum=0.5 --max-param-change=2.0 --backstitch-training-scale=0.0 --l2-regularize-factor=0.5 --backstitch-training-interval=1 --srand=242 --optimization.min-deriv-time=-20 --optimization.max-deriv-time-relative=30 "nnet3-copy --learning-rate=0.000278495330017 --scale=1.0 exp/nnet3/tdnn_lstm1c_sp/242.mdl - |nnet3-copy --edits='set-dropout-proportion name=* proportion=0.133333333333' - - |" "ark,bg:nnet3-copy-egs               ark:exp/nnet3/tdnn_lstm1c_sp/egs/egs.2.ark ark:- |             nnet3-shuffle-egs --buffer-size=5000             --srand=242 ark:- ark:- |              nnet3-merge-egs --minibatch-size=128,64 ark:- ark:- |" exp/nnet3/tdnn_lstm1c_sp/243.2.raw 
# Started at Thu Jul 30 11:36:45 KST 2020
#
nnet3-train --use-gpu=yes --read-cache=exp/nnet3/tdnn_lstm1c_sp/cache.242 --print-interval=10 --momentum=0.5 --max-param-change=2.0 --backstitch-training-scale=0.0 --l2-regularize-factor=0.5 --backstitch-training-interval=1 --srand=242 --optimization.min-deriv-time=-20 --optimization.max-deriv-time-relative=30 "nnet3-copy --learning-rate=0.000278495330017 --scale=1.0 exp/nnet3/tdnn_lstm1c_sp/242.mdl - |nnet3-copy --edits='set-dropout-proportion name=* proportion=0.133333333333' - - |" 'ark,bg:nnet3-copy-egs               ark:exp/nnet3/tdnn_lstm1c_sp/egs/egs.2.ark ark:- |             nnet3-shuffle-egs --buffer-size=5000             --srand=242 ark:- ark:- |              nnet3-merge-egs --minibatch-size=128,64 ark:- ark:- |' exp/nnet3/tdnn_lstm1c_sp/243.2.raw 
LOG (nnet3-train[5.5.0-]:SelectGpuId():cu-device.cc:223) CUDA setup operating under Compute Exclusive Mode.
LOG (nnet3-train[5.5.0-]:FinalizeActiveGpu():cu-device.cc:308) The active GPU is [0]: TITAN Xp	free:11808M, used:386M, total:12194M, free/total:0.968337 version 6.1
nnet3-copy --learning-rate=0.000278495330017 --scale=1.0 exp/nnet3/tdnn_lstm1c_sp/242.mdl - 
nnet3-copy '--edits=set-dropout-proportion name=* proportion=0.133333333333' - - 
WARNING (nnet3-copy[5.5.0-]:Check():nnet-nnet.cc:789) Node lda.delayed is never used to compute any output.
LOG (nnet3-copy[5.5.0-]:main():nnet3-copy.cc:114) Copied raw neural net from exp/nnet3/tdnn_lstm1c_sp/242.mdl to -
WARNING (nnet3-copy[5.5.0-]:Check():nnet-nnet.cc:789) Node lda.delayed is never used to compute any output.
LOG (nnet3-copy[5.5.0-]:ReadEditConfig():nnet-utils.cc:1397) Set dropout proportions for 3 components.
LOG (nnet3-copy[5.5.0-]:main():nnet3-copy.cc:114) Copied raw neural net from - to -
WARNING (nnet3-train[5.5.0-]:Check():nnet-nnet.cc:789) Node lda.delayed is never used to compute any output.
WARNING (nnet3-train[5.5.0-]:Check():nnet-nnet.cc:789) Node lda.delayed is never used to compute any output.
LOG (nnet3-train[5.5.0-]:NnetTrainer():nnet-training.cc:48) Read computation cache from exp/nnet3/tdnn_lstm1c_sp/cache.242
nnet3-shuffle-egs --buffer-size=5000 --srand=242 ark:- ark:- 
nnet3-copy-egs ark:exp/nnet3/tdnn_lstm1c_sp/egs/egs.2.ark ark:- 
nnet3-merge-egs --minibatch-size=128,64 ark:- ark:- 
WARNING (nnet3-train[5.5.0-]:ReorthogonalizeRt1():natural-gradient-online.cc:241) Cholesky out of expected range, reorthogonalizing with Gram-Schmidt
WARNING (nnet3-train[5.5.0-]:ReorthogonalizeRt1():natural-gradient-online.cc:241) Cholesky out of expected range, reorthogonalizing with Gram-Schmidt
WARNING (nnet3-train[5.5.0-]:ReorthogonalizeRt1():natural-gradient-online.cc:241) Cholesky out of expected range, reorthogonalizing with Gram-Schmidt
WARNING (nnet3-train[5.5.0-]:ReorthogonalizeRt1():natural-gradient-online.cc:241) Cholesky out of expected range, reorthogonalizing with Gram-Schmidt
LOG (nnet3-train[5.5.0-]:UpdateNnetWithMaxChange():nnet-utils.cc:2189) Per-component max-change active on 2 / 16 Updatable Components. (Smallest factor=0.882486 on tdnn1.affine with max-change=0.75). 
LOG (nnet3-train[5.5.0-]:UpdateNnetWithMaxChange():nnet-utils.cc:2189) Per-component max-change active on 1 / 16 Updatable Components. (Smallest factor=0.992974 on tdnn1.affine with max-change=0.75). 
LOG (nnet3-train[5.5.0-]:UpdateNnetWithMaxChange():nnet-utils.cc:2189) Per-component max-change active on 2 / 16 Updatable Components. (Smallest factor=0.899298 on tdnn1.affine with max-change=0.75). 
LOG (nnet3-train[5.5.0-]:UpdateNnetWithMaxChange():nnet-utils.cc:2189) Per-component max-change active on 2 / 16 Updatable Components. (Smallest factor=0.884685 on tdnn1.affine with max-change=0.75). 
LOG (nnet3-train[5.5.0-]:UpdateNnetWithMaxChange():nnet-utils.cc:2189) Per-component max-change active on 2 / 16 Updatable Components. (Smallest factor=0.861715 on tdnn1.affine with max-change=0.75). 
LOG (nnet3-train[5.5.0-]:UpdateNnetWithMaxChange():nnet-utils.cc:2189) Per-component max-change active on 2 / 16 Updatable Components. (Smallest factor=0.903267 on tdnn1.affine with max-change=0.75). 
LOG (nnet3-train[5.5.0-]:UpdateNnetWithMaxChange():nnet-utils.cc:2189) Per-component max-change active on 2 / 16 Updatable Components. (Smallest factor=0.80074 on tdnn1.affine with max-change=0.75). 
LOG (nnet3-train[5.5.0-]:PrintStatsForThisPhase():nnet-training.cc:278) Average objective function for 'output' for minibatches 0-9 is -2.46974 over 51006 frames.
LOG (nnet3-train[5.5.0-]:UpdateNnetWithMaxChange():nnet-utils.cc:2189) Per-component max-change active on 1 / 16 Updatable Components. (Smallest factor=0.951054 on tdnn1.affine with max-change=0.75). 
LOG (nnet3-train[5.5.0-]:UpdateNnetWithMaxChange():nnet-utils.cc:2189) Per-component max-change active on 1 / 16 Updatable Components. (Smallest factor=0.987008 on tdnn1.affine with max-change=0.75). 
LOG (nnet3-train[5.5.0-]:UpdateNnetWithMaxChange():nnet-utils.cc:2189) Per-component max-change active on 1 / 16 Updatable Components. (Smallest factor=0.963882 on tdnn1.affine with max-change=0.75). 
LOG (nnet3-train[5.5.0-]:UpdateNnetWithMaxChange():nnet-utils.cc:2189) Per-component max-change active on 6 / 16 Updatable Components. (Smallest factor=0.709601 on tdnn1.affine with max-change=0.75). Global max-change factor was 0.85356 with max-change=2.
LOG (nnet3-train[5.5.0-]:UpdateNnetWithMaxChange():nnet-utils.cc:2189) Per-component max-change active on 6 / 16 Updatable Components. (Smallest factor=0.475515 on tdnn1.affine with max-change=0.75). Global max-change factor was 0.695111 with max-change=2.
LOG (nnet3-train[5.5.0-]:PrintStatsForThisPhase():nnet-training.cc:278) Average objective function for 'output' for minibatches 10-19 is -2.59046 over 50957.5 frames.
LOG (nnet3-train[5.5.0-]:UpdateNnetWithMaxChange():nnet-utils.cc:2189) Per-component max-change active on 3 / 16 Updatable Components. (Smallest factor=0.739232 on tdnn1.affine with max-change=0.75). Global max-change factor was 0.864909 with max-change=2.
LOG (nnet3-train[5.5.0-]:UpdateNnetWithMaxChange():nnet-utils.cc:2189) Per-component max-change active on 5 / 16 Updatable Components. (Smallest factor=0.766903 on tdnn1.affine with max-change=0.75). Global max-change factor was 0.825415 with max-change=2.
LOG (nnet3-train[5.5.0-]:UpdateNnetWithMaxChange():nnet-utils.cc:2189) Per-component max-change active on 2 / 16 Updatable Components. (Smallest factor=0.866026 on tdnn1.affine with max-change=0.75). Global max-change factor was 0.948402 with max-change=2.
LOG (nnet3-train[5.5.0-]:UpdateNnetWithMaxChange():nnet-utils.cc:2189) Per-component max-change active on 1 / 16 Updatable Components. (Smallest factor=0.987334 on tdnn1.affine with max-change=0.75). 
LOG (nnet3-train[5.5.0-]:PrintStatsForThisPhase():nnet-training.cc:278) Average objective function for 'output' for minibatches 20-29 is -2.73414 over 49716 frames.
LOG (nnet3-train[5.5.0-]:UpdateNnetWithMaxChange():nnet-utils.cc:2189) Per-component max-change active on 1 / 16 Updatable Components. (Smallest factor=0.997377 on tdnn1.affine with max-change=0.75). 
LOG (nnet3-train[5.5.0-]:PrintStatsForThisPhase():nnet-training.cc:278) Average objective function for 'output' for minibatches 30-39 is -2.57873 over 48426.5 frames.
LOG (nnet3-train[5.5.0-]:PrintStatsForThisPhase():nnet-training.cc:278) Average objective function for 'output' for minibatches 40-49 is -2.43932 over 49672 frames.
LOG (nnet3-train[5.5.0-]:PrintStatsForThisPhase():nnet-training.cc:278) Average objective function for 'output' for minibatches 50-59 is -2.4528 over 48391.5 frames.
LOG (nnet3-train[5.5.0-]:PrintStatsForThisPhase():nnet-training.cc:278) Average objective function for 'output' for minibatches 60-69 is -2.31535 over 47114.5 frames.
LOG (nnet3-train[5.5.0-]:PrintStatsForThisPhase():nnet-training.cc:278) Average objective function for 'output' for minibatches 70-79 is -2.41711 over 49669 frames.
LOG (nnet3-train[5.5.0-]:PrintStatsForThisPhase():nnet-training.cc:278) Average objective function for 'output' for minibatches 80-89 is -2.52194 over 51005 frames.
LOG (nnet3-train[5.5.0-]:PrintStatsForThisPhase():nnet-training.cc:278) Average objective function for 'output' for minibatches 90-99 is -2.3399 over 49685 frames.
LOG (nnet3-train[5.5.0-]:PrintStatsForThisPhase():nnet-training.cc:278) Average objective function for 'output' for minibatches 100-109 is -2.40006 over 45870.5 frames.
LOG (nnet3-copy-egs[5.5.0-]:main():nnet3-copy-egs.cc:431) Read 20603 neural-network training examples, wrote 20603, 0 examples had errors.
LOG (nnet3-train[5.5.0-]:PrintStatsForThisPhase():nnet-training.cc:278) Average objective function for 'output' for minibatches 110-119 is -2.3949 over 49688.5 frames.
LOG (nnet3-train[5.5.0-]:PrintStatsForThisPhase():nnet-training.cc:278) Average objective function for 'output' for minibatches 120-129 is -2.30636 over 50951.5 frames.
LOG (nnet3-train[5.5.0-]:PrintStatsForThisPhase():nnet-training.cc:278) Average objective function for 'output' for minibatches 130-139 is -2.42257 over 48440 frames.
LOG (nnet3-train[5.5.0-]:PrintStatsForThisPhase():nnet-training.cc:278) Average objective function for 'output' for minibatches 140-149 is -2.21089 over 49652.5 frames.
LOG (nnet3-shuffle-egs[5.5.0-]:main():nnet3-shuffle-egs.cc:103) Shuffled order of 20603 neural-network training examples using a buffer (partial randomization)
LOG (nnet3-merge-egs[5.5.0-]:PrintSpecificStats():nnet-example-utils.cc:1159) Merged specific eg types as follows [format: <eg-size1>={<mb-size1>-><num-minibatches1>,<mbsize2>-><num-minibatches2>.../d=<num-discarded>},<egs-size2>={...},... (note,egs-size == number of input frames including context).
LOG (nnet3-merge-egs[5.5.0-]:PrintSpecificStats():nnet-example-utils.cc:1189) 50={128->3,d=9},60={128->2,d=7},70={128->6,d=57},90={64->1,128->4,d=22},100={64->1,128->6,d=4},110={128->138,d=24}
LOG (nnet3-merge-egs[5.5.0-]:PrintAggregateStats():nnet-example-utils.cc:1155) Processed 20603 egs of avg. size 105.6 into 161 minibatches, discarding 0.597% of egs.  Avg minibatch size was 127.2, #distinct types of egs/minibatches was 6/8
LOG (nnet3-train[5.5.0-]:PrintStatsForThisPhase():nnet-training.cc:278) Average objective function for 'output' for minibatches 150-159 is -2.28918 over 43906.5 frames.
LOG (nnet3-train[5.5.0-]:PrintTotalStats():nnet-training.cc:317) Overall average objective function for 'output' is -2.42969 over 785428 frames.
LOG (nnet3-train[5.5.0-]:PrintTotalStats():nnet-training.cc:324) [this line is to be parsed by a script:] log-prob-per-frame=-2.42969
LOG (nnet3-train[5.5.0-]:Print():nnet-utils.cc:2295) For tdnn1.affine, per-component max-change was enforced 10.559 % of the time.
LOG (nnet3-train[5.5.0-]:Print():nnet-utils.cc:2295) For tdnn2.affine, per-component max-change was enforced 6.8323 % of the time.
LOG (nnet3-train[5.5.0-]:Print():nnet-utils.cc:2295) For tdnn3.affine, per-component max-change was enforced 1.86335 % of the time.
LOG (nnet3-train[5.5.0-]:Print():nnet-utils.cc:2295) For tdnn4.affine, per-component max-change was enforced 1.86335 % of the time.
LOG (nnet3-train[5.5.0-]:Print():nnet-utils.cc:2295) For tdnn5.affine, per-component max-change was enforced 1.24224 % of the time.
LOG (nnet3-train[5.5.0-]:Print():nnet-utils.cc:2295) For tdnn6.affine, per-component max-change was enforced 2.48447 % of the time.
LOG (nnet3-train[5.5.0-]:Print():nnet-utils.cc:2304) The global max-change was enforced 3.10559 % of the time.
LOG (nnet3-train[5.5.0-]:main():nnet3-train.cc:91) Wrote model to exp/nnet3/tdnn_lstm1c_sp/243.2.raw
LOG (nnet3-train[5.5.0-]:~CachingOptimizingCompiler():nnet-optimize.cc:710) 0.0109 seconds taken in nnet3 compilation total (breakdown: 0 compilation, 0 optimization, 0 shortcut expansion, 0 checking, 0 computing indexes, 0.0109 misc.) + 0.387 I/O.
# Accounting: time=23 threads=1
# Ended (code 0) at Thu Jul 30 11:37:08 KST 2020, elapsed time 23 seconds
