# nnet3-train --use-gpu=yes --read-cache=exp/nnet3/tdnn_lstm1c_sp/cache.172 --write-cache=exp/nnet3/tdnn_lstm1c_sp/cache.173 --print-interval=10 --momentum=0.5 --max-param-change=2.0 --backstitch-training-scale=0.0 --l2-regularize-factor=1.0 --backstitch-training-interval=1 --srand=172 --optimization.min-deriv-time=-20 --optimization.max-deriv-time-relative=30 "nnet3-copy --learning-rate=0.000173862793859 --scale=1.0 exp/nnet3/tdnn_lstm1c_sp/172.mdl - |nnet3-copy --edits='set-dropout-proportion name=* proportion=0.036914600551' - - |" "ark,bg:nnet3-copy-egs               ark:exp/nnet3/tdnn_lstm1c_sp/egs/egs.52.ark ark:- |             nnet3-shuffle-egs --buffer-size=5000             --srand=172 ark:- ark:- |              nnet3-merge-egs --minibatch-size=128,64 ark:- ark:- |" exp/nnet3/tdnn_lstm1c_sp/173.1.raw 
# Started at Thu Jul 30 11:09:04 KST 2020
#
nnet3-train --use-gpu=yes --read-cache=exp/nnet3/tdnn_lstm1c_sp/cache.172 --write-cache=exp/nnet3/tdnn_lstm1c_sp/cache.173 --print-interval=10 --momentum=0.5 --max-param-change=2.0 --backstitch-training-scale=0.0 --l2-regularize-factor=1.0 --backstitch-training-interval=1 --srand=172 --optimization.min-deriv-time=-20 --optimization.max-deriv-time-relative=30 "nnet3-copy --learning-rate=0.000173862793859 --scale=1.0 exp/nnet3/tdnn_lstm1c_sp/172.mdl - |nnet3-copy --edits='set-dropout-proportion name=* proportion=0.036914600551' - - |" 'ark,bg:nnet3-copy-egs               ark:exp/nnet3/tdnn_lstm1c_sp/egs/egs.52.ark ark:- |             nnet3-shuffle-egs --buffer-size=5000             --srand=172 ark:- ark:- |              nnet3-merge-egs --minibatch-size=128,64 ark:- ark:- |' exp/nnet3/tdnn_lstm1c_sp/173.1.raw 
LOG (nnet3-train[5.5.0-]:SelectGpuId():cu-device.cc:223) CUDA setup operating under Compute Exclusive Mode.
LOG (nnet3-train[5.5.0-]:FinalizeActiveGpu():cu-device.cc:308) The active GPU is [0]: TITAN Xp	free:11808M, used:386M, total:12194M, free/total:0.968337 version 6.1
nnet3-copy '--edits=set-dropout-proportion name=* proportion=0.036914600551' - - 
nnet3-copy --learning-rate=0.000173862793859 --scale=1.0 exp/nnet3/tdnn_lstm1c_sp/172.mdl - 
WARNING (nnet3-copy[5.5.0-]:Check():nnet-nnet.cc:789) Node lda.delayed is never used to compute any output.
LOG (nnet3-copy[5.5.0-]:main():nnet3-copy.cc:114) Copied raw neural net from exp/nnet3/tdnn_lstm1c_sp/172.mdl to -
WARNING (nnet3-copy[5.5.0-]:Check():nnet-nnet.cc:789) Node lda.delayed is never used to compute any output.
LOG (nnet3-copy[5.5.0-]:ReadEditConfig():nnet-utils.cc:1397) Set dropout proportions for 3 components.
LOG (nnet3-copy[5.5.0-]:main():nnet3-copy.cc:114) Copied raw neural net from - to -
WARNING (nnet3-train[5.5.0-]:Check():nnet-nnet.cc:789) Node lda.delayed is never used to compute any output.
WARNING (nnet3-train[5.5.0-]:Check():nnet-nnet.cc:789) Node lda.delayed is never used to compute any output.
LOG (nnet3-train[5.5.0-]:NnetTrainer():nnet-training.cc:48) Read computation cache from exp/nnet3/tdnn_lstm1c_sp/cache.172
nnet3-merge-egs --minibatch-size=128,64 ark:- ark:- 
nnet3-copy-egs ark:exp/nnet3/tdnn_lstm1c_sp/egs/egs.52.ark ark:- 
nnet3-shuffle-egs --buffer-size=5000 --srand=172 ark:- ark:- 
WARNING (nnet3-train[5.5.0-]:ReorthogonalizeRt1():natural-gradient-online.cc:241) Cholesky out of expected range, reorthogonalizing with Gram-Schmidt
WARNING (nnet3-train[5.5.0-]:ReorthogonalizeRt1():natural-gradient-online.cc:241) Cholesky out of expected range, reorthogonalizing with Gram-Schmidt
WARNING (nnet3-train[5.5.0-]:ReorthogonalizeRt1():natural-gradient-online.cc:241) Cholesky out of expected range, reorthogonalizing with Gram-Schmidt
WARNING (nnet3-train[5.5.0-]:ReorthogonalizeRt1():natural-gradient-online.cc:241) Cholesky out of expected range, reorthogonalizing with Gram-Schmidt
LOG (nnet3-train[5.5.0-]:PrintStatsForThisPhase():nnet-training.cc:278) Average objective function for 'output' for minibatches 0-9 is -1.85605 over 50990 frames.
LOG (nnet3-train[5.5.0-]:PrintStatsForThisPhase():nnet-training.cc:278) Average objective function for 'output' for minibatches 10-19 is -1.80937 over 50970 frames.
LOG (nnet3-train[5.5.0-]:PrintStatsForThisPhase():nnet-training.cc:278) Average objective function for 'output' for minibatches 20-29 is -1.72082 over 49691.5 frames.
LOG (nnet3-train[5.5.0-]:PrintStatsForThisPhase():nnet-training.cc:278) Average objective function for 'output' for minibatches 30-39 is -1.78358 over 48434.5 frames.
LOG (nnet3-train[5.5.0-]:PrintStatsForThisPhase():nnet-training.cc:278) Average objective function for 'output' for minibatches 40-49 is -1.68503 over 47083 frames.
LOG (nnet3-train[5.5.0-]:PrintStatsForThisPhase():nnet-training.cc:278) Average objective function for 'output' for minibatches 50-59 is -1.82561 over 50977 frames.
LOG (nnet3-train[5.5.0-]:PrintStatsForThisPhase():nnet-training.cc:278) Average objective function for 'output' for minibatches 60-69 is -1.62351 over 49677.5 frames.
LOG (nnet3-train[5.5.0-]:PrintStatsForThisPhase():nnet-training.cc:278) Average objective function for 'output' for minibatches 70-79 is -1.72956 over 47129 frames.
LOG (nnet3-train[5.5.0-]:PrintStatsForThisPhase():nnet-training.cc:278) Average objective function for 'output' for minibatches 80-89 is -1.73584 over 50956.5 frames.
LOG (nnet3-train[5.5.0-]:PrintStatsForThisPhase():nnet-training.cc:278) Average objective function for 'output' for minibatches 90-99 is -1.80184 over 47090 frames.
LOG (nnet3-train[5.5.0-]:PrintStatsForThisPhase():nnet-training.cc:278) Average objective function for 'output' for minibatches 100-109 is -1.73882 over 50968 frames.
LOG (nnet3-copy-egs[5.5.0-]:main():nnet3-copy-egs.cc:431) Read 20445 neural-network training examples, wrote 20445, 0 examples had errors.
LOG (nnet3-train[5.5.0-]:PrintStatsForThisPhase():nnet-training.cc:278) Average objective function for 'output' for minibatches 110-119 is -1.5972 over 47119 frames.
LOG (nnet3-train[5.5.0-]:PrintStatsForThisPhase():nnet-training.cc:278) Average objective function for 'output' for minibatches 120-129 is -1.88809 over 50998 frames.
LOG (nnet3-train[5.5.0-]:PrintStatsForThisPhase():nnet-training.cc:278) Average objective function for 'output' for minibatches 130-139 is -1.75156 over 50966.5 frames.
LOG (nnet3-train[5.5.0-]:PrintStatsForThisPhase():nnet-training.cc:278) Average objective function for 'output' for minibatches 140-149 is -1.76581 over 47142 frames.
LOG (nnet3-shuffle-egs[5.5.0-]:main():nnet3-shuffle-egs.cc:103) Shuffled order of 20445 neural-network training examples using a buffer (partial randomization)
LOG (nnet3-merge-egs[5.5.0-]:PrintSpecificStats():nnet-example-utils.cc:1159) Merged specific eg types as follows [format: <eg-size1>={<mb-size1>-><num-minibatches1>,<mbsize2>-><num-minibatches2>.../d=<num-discarded>},<egs-size2>={...},... (note,egs-size == number of input frames including context).
LOG (nnet3-merge-egs[5.5.0-]:PrintSpecificStats():nnet-example-utils.cc:1189) 50={128->3,d=10},60={128->2,d=0},70={64->1,128->6,d=56},90={128->4,d=35},100={64->1,128->6,d=15},110={64->1,128->136,d=41}
LOG (nnet3-merge-egs[5.5.0-]:PrintAggregateStats():nnet-example-utils.cc:1155) Processed 20445 egs of avg. size 105.5 into 160 minibatches, discarding 0.7679% of egs.  Avg minibatch size was 126.8, #distinct types of egs/minibatches was 6/9
LOG (nnet3-train[5.5.0-]:PrintTotalStats():nnet-training.cc:317) Overall average objective function for 'output' is -1.74845 over 779000 frames.
LOG (nnet3-train[5.5.0-]:PrintTotalStats():nnet-training.cc:324) [this line is to be parsed by a script:] log-prob-per-frame=-1.74845
LOG (nnet3-train[5.5.0-]:main():nnet3-train.cc:91) Wrote model to exp/nnet3/tdnn_lstm1c_sp/173.1.raw
LOG (nnet3-train[5.5.0-]:~NnetTrainer():nnet-training.cc:334) Wrote computation cache to exp/nnet3/tdnn_lstm1c_sp/cache.173
LOG (nnet3-train[5.5.0-]:~CachingOptimizingCompiler():nnet-optimize.cc:710) 0.0123 seconds taken in nnet3 compilation total (breakdown: 0 compilation, 0 optimization, 0 shortcut expansion, 0 checking, 0 computing indexes, 0.0123 misc.) + 0.629 I/O.
# Accounting: time=23 threads=1
# Ended (code 0) at Thu Jul 30 11:09:27 KST 2020, elapsed time 23 seconds
