# nnet3-train --use-gpu=yes --read-cache=exp/nnet3/tdnn_lstm1c_sp/cache.360 --write-cache=exp/nnet3/tdnn_lstm1c_sp/cache.361 --verbose=1 --print-interval=10 --momentum=0.5 --max-param-change=2.0 --backstitch-training-scale=0.0 --l2-regularize-factor=0.5 --backstitch-training-interval=1 --srand=360 --optimization.min-deriv-time=-20 --optimization.max-deriv-time-relative=30 "nnet3-copy --learning-rate=0.000131749521485 --scale=1.0 exp/nnet3/tdnn_lstm1c_sp/360.mdl - |nnet3-copy --edits='set-dropout-proportion name=* proportion=0.204958677686' - - |" "ark,bg:nnet3-copy-egs               ark:exp/nnet3/tdnn_lstm1c_sp/egs/egs.116.ark ark:- |             nnet3-shuffle-egs --buffer-size=5000             --srand=360 ark:- ark:- |              nnet3-merge-egs --minibatch-size=128,64 ark:- ark:- |" exp/nnet3/tdnn_lstm1c_sp/361.1.raw 
# Started at Thu Jul 30 12:23:41 KST 2020
#
nnet3-train --use-gpu=yes --read-cache=exp/nnet3/tdnn_lstm1c_sp/cache.360 --write-cache=exp/nnet3/tdnn_lstm1c_sp/cache.361 --verbose=1 --print-interval=10 --momentum=0.5 --max-param-change=2.0 --backstitch-training-scale=0.0 --l2-regularize-factor=0.5 --backstitch-training-interval=1 --srand=360 --optimization.min-deriv-time=-20 --optimization.max-deriv-time-relative=30 "nnet3-copy --learning-rate=0.000131749521485 --scale=1.0 exp/nnet3/tdnn_lstm1c_sp/360.mdl - |nnet3-copy --edits='set-dropout-proportion name=* proportion=0.204958677686' - - |" 'ark,bg:nnet3-copy-egs               ark:exp/nnet3/tdnn_lstm1c_sp/egs/egs.116.ark ark:- |             nnet3-shuffle-egs --buffer-size=5000             --srand=360 ark:- ark:- |              nnet3-merge-egs --minibatch-size=128,64 ark:- ark:- |' exp/nnet3/tdnn_lstm1c_sp/361.1.raw 
LOG (nnet3-train[5.5.0-]:SelectGpuId():cu-device.cc:223) CUDA setup operating under Compute Exclusive Mode.
LOG (nnet3-train[5.5.0-]:FinalizeActiveGpu():cu-device.cc:308) The active GPU is [1]: TITAN Xp	free:11850M, used:345M, total:12196M, free/total:0.971671 version 6.1
nnet3-copy '--edits=set-dropout-proportion name=* proportion=0.204958677686' - - 
nnet3-copy --learning-rate=0.000131749521485 --scale=1.0 exp/nnet3/tdnn_lstm1c_sp/360.mdl - 
WARNING (nnet3-copy[5.5.0-]:Check():nnet-nnet.cc:789) Node lda.delayed is never used to compute any output.
LOG (nnet3-copy[5.5.0-]:main():nnet3-copy.cc:114) Copied raw neural net from exp/nnet3/tdnn_lstm1c_sp/360.mdl to -
WARNING (nnet3-copy[5.5.0-]:Check():nnet-nnet.cc:789) Node lda.delayed is never used to compute any output.
LOG (nnet3-copy[5.5.0-]:ReadEditConfig():nnet-utils.cc:1397) Set dropout proportions for 3 components.
LOG (nnet3-copy[5.5.0-]:main():nnet3-copy.cc:114) Copied raw neural net from - to -
WARNING (nnet3-train[5.5.0-]:Check():nnet-nnet.cc:789) Node lda.delayed is never used to compute any output.
WARNING (nnet3-train[5.5.0-]:Check():nnet-nnet.cc:789) Node lda.delayed is never used to compute any output.
LOG (nnet3-train[5.5.0-]:NnetTrainer():nnet-training.cc:48) Read computation cache from exp/nnet3/tdnn_lstm1c_sp/cache.360
nnet3-merge-egs --minibatch-size=128,64 ark:- ark:- 
nnet3-copy-egs ark:exp/nnet3/tdnn_lstm1c_sp/egs/egs.116.ark ark:- 
nnet3-shuffle-egs --buffer-size=5000 --srand=360 ark:- ark:- 
WARNING (nnet3-train[5.5.0-]:ReorthogonalizeRt1():natural-gradient-online.cc:241) Cholesky out of expected range, reorthogonalizing with Gram-Schmidt
WARNING (nnet3-train[5.5.0-]:ReorthogonalizeRt1():natural-gradient-online.cc:241) Cholesky out of expected range, reorthogonalizing with Gram-Schmidt
WARNING (nnet3-train[5.5.0-]:ReorthogonalizeRt1():natural-gradient-online.cc:241) Cholesky out of expected range, reorthogonalizing with Gram-Schmidt
WARNING (nnet3-train[5.5.0-]:ReorthogonalizeRt1():natural-gradient-online.cc:241) Cholesky out of expected range, reorthogonalizing with Gram-Schmidt
VLOG[1] (nnet3-train[5.5.0-]:ConsolidateMemory():nnet-utils.cc:1152) Consolidating memory; will print memory usage before and after consolidating:
LOG (nnet3-train[5.5.0-]:PrintMemoryUsage():cu-allocator.cc:368) Memory usage: 82464512/6213861376 bytes currently allocated/total-held; 1537/10 blocks currently allocated/free; largest free/allocated block sizes are 5857280/6080868608; time taken total/cudaMalloc is 0.00888753/0.00586486, synchronized the GPU 0 times out of 799 frees; device memory info: free:5924M, used:6271M, total:12196M, free/total:0.485777maximum allocated: 1337557248current allocated: 82464512
LOG (nnet3-train[5.5.0-]:PrintMemoryUsage():cu-allocator.cc:368) Memory usage: 82464512/6213861376 bytes currently allocated/total-held; 1537/12 blocks currently allocated/free; largest free/allocated block sizes are 5857280/6080868608; time taken total/cudaMalloc is 0.00891232/0.00586486, synchronized the GPU 0 times out of 809 frees; device memory info: free:5924M, used:6271M, total:12196M, free/total:0.485777maximum allocated: 1337557248current allocated: 82464512
VLOG[1] (nnet3-train[5.5.0-]:ConsolidateMemory():nnet-utils.cc:1152) Consolidating memory; will print memory usage before and after consolidating:
LOG (nnet3-train[5.5.0-]:PrintMemoryUsage():cu-allocator.cc:368) Memory usage: 82464512/6213861376 bytes currently allocated/total-held; 1537/12 blocks currently allocated/free; largest free/allocated block sizes are 5857280/6080868608; time taken total/cudaMalloc is 0.00891232/0.00586486, synchronized the GPU 0 times out of 809 frees; device memory info: free:5924M, used:6271M, total:12196M, free/total:0.485777maximum allocated: 1337557248current allocated: 82464512
LOG (nnet3-train[5.5.0-]:PrintMemoryUsage():cu-allocator.cc:368) Memory usage: 82458368/6213861376 bytes currently allocated/total-held; 1537/12 blocks currently allocated/free; largest free/allocated block sizes are 5857280/6082670848; time taken total/cudaMalloc is 0.00894523/0.00586486, synchronized the GPU 0 times out of 833 frees; device memory info: free:5924M, used:6271M, total:12196M, free/total:0.485777maximum allocated: 1337557248current allocated: 82458368
LOG (nnet3-train[5.5.0-]:PrintStatsForThisPhase():nnet-training.cc:278) Average objective function for 'output' for minibatches 0-9 is -2.32989 over 50983.5 frames.
LOG (nnet3-train[5.5.0-]:PrintStatsForThisPhase():nnet-training.cc:278) Average objective function for 'output' for minibatches 10-19 is -2.30369 over 50965.5 frames.
LOG (nnet3-train[5.5.0-]:PrintStatsForThisPhase():nnet-training.cc:278) Average objective function for 'output' for minibatches 20-29 is -2.40001 over 49695 frames.
LOG (nnet3-train[5.5.0-]:PrintStatsForThisPhase():nnet-training.cc:278) Average objective function for 'output' for minibatches 30-39 is -2.34711 over 48425.5 frames.
LOG (nnet3-train[5.5.0-]:PrintStatsForThisPhase():nnet-training.cc:278) Average objective function for 'output' for minibatches 40-49 is -2.18784 over 49677.5 frames.
LOG (nnet3-train[5.5.0-]:PrintStatsForThisPhase():nnet-training.cc:278) Average objective function for 'output' for minibatches 50-59 is -2.40628 over 48395.5 frames.
LOG (nnet3-train[5.5.0-]:PrintStatsForThisPhase():nnet-training.cc:278) Average objective function for 'output' for minibatches 60-69 is -2.30085 over 49686.5 frames.
LOG (nnet3-train[5.5.0-]:PrintStatsForThisPhase():nnet-training.cc:278) Average objective function for 'output' for minibatches 70-79 is -2.19943 over 47139 frames.
LOG (nnet3-train[5.5.0-]:PrintStatsForThisPhase():nnet-training.cc:278) Average objective function for 'output' for minibatches 80-89 is -2.46096 over 50967 frames.
LOG (nnet3-train[5.5.0-]:PrintStatsForThisPhase():nnet-training.cc:278) Average objective function for 'output' for minibatches 90-99 is -2.23517 over 49666 frames.
LOG (nnet3-train[5.5.0-]:PrintStatsForThisPhase():nnet-training.cc:278) Average objective function for 'output' for minibatches 100-109 is -2.32628 over 45832.5 frames.
LOG (nnet3-copy-egs[5.5.0-]:main():nnet3-copy-egs.cc:431) Read 20807 neural-network training examples, wrote 20807, 0 examples had errors.
LOG (nnet3-train[5.5.0-]:PrintStatsForThisPhase():nnet-training.cc:278) Average objective function for 'output' for minibatches 110-119 is -2.44127 over 51010 frames.
LOG (nnet3-train[5.5.0-]:PrintStatsForThisPhase():nnet-training.cc:278) Average objective function for 'output' for minibatches 120-129 is -2.22641 over 49673.5 frames.
LOG (nnet3-train[5.5.0-]:PrintStatsForThisPhase():nnet-training.cc:278) Average objective function for 'output' for minibatches 130-139 is -2.48506 over 50977 frames.
LOG (nnet3-train[5.5.0-]:PrintStatsForThisPhase():nnet-training.cc:278) Average objective function for 'output' for minibatches 140-149 is -2.2436 over 47137 frames.
LOG (nnet3-shuffle-egs[5.5.0-]:main():nnet3-shuffle-egs.cc:103) Shuffled order of 20807 neural-network training examples using a buffer (partial randomization)
LOG (nnet3-train[5.5.0-]:PrintStatsForThisPhase():nnet-training.cc:278) Average objective function for 'output' for minibatches 150-159 is -2.26183 over 47098.5 frames.
LOG (nnet3-merge-egs[5.5.0-]:PrintSpecificStats():nnet-example-utils.cc:1159) Merged specific eg types as follows [format: <eg-size1>={<mb-size1>-><num-minibatches1>,<mbsize2>-><num-minibatches2>.../d=<num-discarded>},<egs-size2>={...},... (note,egs-size == number of input frames including context).
LOG (nnet3-merge-egs[5.5.0-]:PrintSpecificStats():nnet-example-utils.cc:1189) 50={128->3,d=1},60={128->2,d=16},70={64->1,128->6,d=31},90={64->1,128->4,d=6},100={128->6,d=57},110={64->1,128->139,d=24}
LOG (nnet3-merge-egs[5.5.0-]:PrintAggregateStats():nnet-example-utils.cc:1155) Processed 20807 egs of avg. size 105.6 into 163 minibatches, discarding 0.6488% of egs.  Avg minibatch size was 126.8, #distinct types of egs/minibatches was 6/9
LOG (nnet3-train[5.5.0-]:PrintTotalStats():nnet-training.cc:317) Overall average objective function for 'output' is -2.3202 over 793688 frames.
LOG (nnet3-train[5.5.0-]:PrintTotalStats():nnet-training.cc:324) [this line is to be parsed by a script:] log-prob-per-frame=-2.3202
LOG (nnet3-train[5.5.0-]:PrintProfile():cu-device.cc:533) -----
[cudevice profile]
Sum	0.321663s
Heaviside	0.329863s
CuMatrix::Resize	0.333642s
ComputeLstmNonlinearity	0.369897s
Scale	0.390964s
AddMat	0.44922s
CopyRowsFromVec	0.49192s
AddRowSumMat	0.546804s
CuMatrix::SetZero	0.578298s
AddDiagMatMat	0.648289s
TraceMatMat	0.881713s
CopyToVec	0.994379s
BackpropLstmNonlinearity	1.38372s
CuMatrixBase::CopyFromMat(from other CuMatrixBase)	2.43365s
AddMatMat	11.7959s
Total GPU time:	26.3292s (may involve some double-counting)
-----
LOG (nnet3-train[5.5.0-]:PrintMemoryUsage():cu-allocator.cc:368) Memory usage: 82485248/6213861376 bytes currently allocated/total-held; 1537/19 blocks currently allocated/free; largest free/allocated block sizes are 5857280/5715650816; time taken total/cudaMalloc is 0.0960419/0.00586486, synchronized the GPU 0 times out of 70473 frees; device memory info: free:5924M, used:6271M, total:12196M, free/total:0.485777maximum allocated: 1337557248current allocated: 82485248
LOG (nnet3-train[5.5.0-]:main():nnet3-train.cc:91) Wrote model to exp/nnet3/tdnn_lstm1c_sp/361.1.raw
LOG (nnet3-train[5.5.0-]:~NnetTrainer():nnet-training.cc:334) Wrote computation cache to exp/nnet3/tdnn_lstm1c_sp/cache.361
LOG (nnet3-train[5.5.0-]:~CachingOptimizingCompiler():nnet-optimize.cc:710) 0.0126 seconds taken in nnet3 compilation total (breakdown: 0 compilation, 0 optimization, 0 shortcut expansion, 0 checking, 0 computing indexes, 0.0126 misc.) + 0.625 I/O.
# Accounting: time=27 threads=1
# Ended (code 0) at Thu Jul 30 12:24:08 KST 2020, elapsed time 27 seconds
