# nnet3-train --use-gpu=yes --read-cache=exp/nnet3/tdnn_lstm1c_sp/cache.462 --write-cache=exp/nnet3/tdnn_lstm1c_sp/cache.463 --print-interval=10 --momentum=0.5 --max-param-change=2.0 --backstitch-training-scale=0.0 --l2-regularize-factor=0.5 --backstitch-training-interval=1 --srand=462 --optimization.min-deriv-time=-20 --optimization.max-deriv-time-relative=30 "nnet3-copy --learning-rate=6.89854197239e-05 --scale=1.0 exp/nnet3/tdnn_lstm1c_sp/462.mdl - |nnet3-copy --edits='set-dropout-proportion name=* proportion=0.0363636363636' - - |" "ark,bg:nnet3-copy-egs               ark:exp/nnet3/tdnn_lstm1c_sp/egs/egs.78.ark ark:- |             nnet3-shuffle-egs --buffer-size=5000             --srand=462 ark:- ark:- |              nnet3-merge-egs --minibatch-size=128,64 ark:- ark:- |" exp/nnet3/tdnn_lstm1c_sp/463.1.raw 
# Started at Thu Jul 30 13:04:23 KST 2020
#
nnet3-train --use-gpu=yes --read-cache=exp/nnet3/tdnn_lstm1c_sp/cache.462 --write-cache=exp/nnet3/tdnn_lstm1c_sp/cache.463 --print-interval=10 --momentum=0.5 --max-param-change=2.0 --backstitch-training-scale=0.0 --l2-regularize-factor=0.5 --backstitch-training-interval=1 --srand=462 --optimization.min-deriv-time=-20 --optimization.max-deriv-time-relative=30 "nnet3-copy --learning-rate=6.89854197239e-05 --scale=1.0 exp/nnet3/tdnn_lstm1c_sp/462.mdl - |nnet3-copy --edits='set-dropout-proportion name=* proportion=0.0363636363636' - - |" 'ark,bg:nnet3-copy-egs               ark:exp/nnet3/tdnn_lstm1c_sp/egs/egs.78.ark ark:- |             nnet3-shuffle-egs --buffer-size=5000             --srand=462 ark:- ark:- |              nnet3-merge-egs --minibatch-size=128,64 ark:- ark:- |' exp/nnet3/tdnn_lstm1c_sp/463.1.raw 
LOG (nnet3-train[5.5.0-]:SelectGpuId():cu-device.cc:223) CUDA setup operating under Compute Exclusive Mode.
LOG (nnet3-train[5.5.0-]:FinalizeActiveGpu():cu-device.cc:308) The active GPU is [0]: TITAN Xp	free:11808M, used:386M, total:12194M, free/total:0.968337 version 6.1
nnet3-copy --learning-rate=6.89854197239e-05 --scale=1.0 exp/nnet3/tdnn_lstm1c_sp/462.mdl - 
nnet3-copy '--edits=set-dropout-proportion name=* proportion=0.0363636363636' - - 
WARNING (nnet3-copy[5.5.0-]:Check():nnet-nnet.cc:789) Node lda.delayed is never used to compute any output.
LOG (nnet3-copy[5.5.0-]:main():nnet3-copy.cc:114) Copied raw neural net from exp/nnet3/tdnn_lstm1c_sp/462.mdl to -
WARNING (nnet3-copy[5.5.0-]:Check():nnet-nnet.cc:789) Node lda.delayed is never used to compute any output.
LOG (nnet3-copy[5.5.0-]:ReadEditConfig():nnet-utils.cc:1397) Set dropout proportions for 3 components.
LOG (nnet3-copy[5.5.0-]:main():nnet3-copy.cc:114) Copied raw neural net from - to -
WARNING (nnet3-train[5.5.0-]:Check():nnet-nnet.cc:789) Node lda.delayed is never used to compute any output.
WARNING (nnet3-train[5.5.0-]:Check():nnet-nnet.cc:789) Node lda.delayed is never used to compute any output.
LOG (nnet3-train[5.5.0-]:NnetTrainer():nnet-training.cc:48) Read computation cache from exp/nnet3/tdnn_lstm1c_sp/cache.462
nnet3-shuffle-egs --buffer-size=5000 --srand=462 ark:- ark:- 
nnet3-merge-egs --minibatch-size=128,64 ark:- ark:- 
nnet3-copy-egs ark:exp/nnet3/tdnn_lstm1c_sp/egs/egs.78.ark ark:- 
WARNING (nnet3-train[5.5.0-]:ReorthogonalizeRt1():natural-gradient-online.cc:241) Cholesky out of expected range, reorthogonalizing with Gram-Schmidt
WARNING (nnet3-train[5.5.0-]:ReorthogonalizeRt1():natural-gradient-online.cc:241) Cholesky out of expected range, reorthogonalizing with Gram-Schmidt
WARNING (nnet3-train[5.5.0-]:ReorthogonalizeRt1():natural-gradient-online.cc:241) Cholesky out of expected range, reorthogonalizing with Gram-Schmidt
WARNING (nnet3-train[5.5.0-]:ReorthogonalizeRt1():natural-gradient-online.cc:241) Cholesky out of expected range, reorthogonalizing with Gram-Schmidt
LOG (nnet3-train[5.5.0-]:PrintStatsForThisPhase():nnet-training.cc:278) Average objective function for 'output' for minibatches 0-9 is -1.23243 over 50989.5 frames.
LOG (nnet3-train[5.5.0-]:PrintStatsForThisPhase():nnet-training.cc:278) Average objective function for 'output' for minibatches 10-19 is -1.19362 over 49676 frames.
LOG (nnet3-train[5.5.0-]:PrintStatsForThisPhase():nnet-training.cc:278) Average objective function for 'output' for minibatches 20-29 is -1.24408 over 50972.5 frames.
LOG (nnet3-train[5.5.0-]:PrintStatsForThisPhase():nnet-training.cc:278) Average objective function for 'output' for minibatches 30-39 is -1.24947 over 48431.5 frames.
LOG (nnet3-train[5.5.0-]:PrintStatsForThisPhase():nnet-training.cc:278) Average objective function for 'output' for minibatches 40-49 is -1.1526 over 49687.5 frames.
LOG (nnet3-train[5.5.0-]:PrintStatsForThisPhase():nnet-training.cc:278) Average objective function for 'output' for minibatches 50-59 is -1.24314 over 48412 frames.
LOG (nnet3-train[5.5.0-]:PrintStatsForThisPhase():nnet-training.cc:278) Average objective function for 'output' for minibatches 60-69 is -1.18682 over 49658.5 frames.
LOG (nnet3-train[5.5.0-]:PrintStatsForThisPhase():nnet-training.cc:278) Average objective function for 'output' for minibatches 70-79 is -1.21162 over 47122.5 frames.
LOG (nnet3-train[5.5.0-]:PrintStatsForThisPhase():nnet-training.cc:278) Average objective function for 'output' for minibatches 80-89 is -1.34061 over 51004.5 frames.
LOG (nnet3-train[5.5.0-]:PrintStatsForThisPhase():nnet-training.cc:278) Average objective function for 'output' for minibatches 90-99 is -1.23557 over 49685 frames.
LOG (nnet3-train[5.5.0-]:PrintStatsForThisPhase():nnet-training.cc:278) Average objective function for 'output' for minibatches 100-109 is -1.34379 over 48440 frames.
LOG (nnet3-copy-egs[5.5.0-]:main():nnet3-copy-egs.cc:431) Read 20414 neural-network training examples, wrote 20414, 0 examples had errors.
LOG (nnet3-train[5.5.0-]:PrintStatsForThisPhase():nnet-training.cc:278) Average objective function for 'output' for minibatches 110-119 is -1.17744 over 47104 frames.
LOG (nnet3-train[5.5.0-]:PrintStatsForThisPhase():nnet-training.cc:278) Average objective function for 'output' for minibatches 120-129 is -1.31814 over 50978.5 frames.
LOG (nnet3-train[5.5.0-]:PrintStatsForThisPhase():nnet-training.cc:278) Average objective function for 'output' for minibatches 130-139 is -1.30862 over 48434 frames.
LOG (nnet3-train[5.5.0-]:PrintStatsForThisPhase():nnet-training.cc:278) Average objective function for 'output' for minibatches 140-149 is -1.17132 over 48365 frames.
LOG (nnet3-shuffle-egs[5.5.0-]:main():nnet3-shuffle-egs.cc:103) Shuffled order of 20414 neural-network training examples using a buffer (partial randomization)
LOG (nnet3-merge-egs[5.5.0-]:PrintSpecificStats():nnet-example-utils.cc:1159) Merged specific eg types as follows [format: <eg-size1>={<mb-size1>-><num-minibatches1>,<mbsize2>-><num-minibatches2>.../d=<num-discarded>},<egs-size2>={...},... (note,egs-size == number of input frames including context).
LOG (nnet3-merge-egs[5.5.0-]:PrintSpecificStats():nnet-example-utils.cc:1189) 50={64->1,128->2,d=33},60={128->2,d=25},70={64->1,128->6,d=14},90={64->1,128->4,d=6},100={64->1,128->6,d=3},110={64->1,128->136,d=45}
LOG (nnet3-merge-egs[5.5.0-]:PrintAggregateStats():nnet-example-utils.cc:1155) Processed 20414 egs of avg. size 105.6 into 161 minibatches, discarding 0.6172% of egs.  Avg minibatch size was 126, #distinct types of egs/minibatches was 6/11
LOG (nnet3-train[5.5.0-]:PrintStatsForThisPhase():nnet-training.cc:278) Average objective function for 'output' for minibatches 150-159 is -1.23325 over 38842 frames.
LOG (nnet3-train[5.5.0-]:PrintTotalStats():nnet-training.cc:317) Overall average objective function for 'output' is -1.23983 over 779078 frames.
LOG (nnet3-train[5.5.0-]:PrintTotalStats():nnet-training.cc:324) [this line is to be parsed by a script:] log-prob-per-frame=-1.23983
LOG (nnet3-train[5.5.0-]:main():nnet3-train.cc:91) Wrote model to exp/nnet3/tdnn_lstm1c_sp/463.1.raw
LOG (nnet3-train[5.5.0-]:~NnetTrainer():nnet-training.cc:334) Wrote computation cache to exp/nnet3/tdnn_lstm1c_sp/cache.463
LOG (nnet3-train[5.5.0-]:~CachingOptimizingCompiler():nnet-optimize.cc:710) 0.0105 seconds taken in nnet3 compilation total (breakdown: 0 compilation, 0 optimization, 0 shortcut expansion, 0 checking, 0 computing indexes, 0.0105 misc.) + 0.567 I/O.
# Accounting: time=23 threads=1
# Ended (code 0) at Thu Jul 30 13:04:46 KST 2020, elapsed time 23 seconds
