# nnet3-train --use-gpu=yes --read-cache=exp/nnet3/tdnn_lstm1c_sp/cache.220 --write-cache=exp/nnet3/tdnn_lstm1c_sp/cache.221 --verbose=1 --print-interval=10 --momentum=0.5 --max-param-change=2.0 --backstitch-training-scale=0.0 --l2-regularize-factor=1.0 --backstitch-training-interval=1 --srand=220 --optimization.min-deriv-time=-20 --optimization.max-deriv-time-relative=30 "nnet3-copy --learning-rate=0.00014931070693 --scale=1.0 exp/nnet3/tdnn_lstm1c_sp/220.mdl - |nnet3-copy --edits='set-dropout-proportion name=* proportion=0.10303030303' - - |" "ark,bg:nnet3-copy-egs               ark:exp/nnet3/tdnn_lstm1c_sp/egs/egs.100.ark ark:- |             nnet3-shuffle-egs --buffer-size=5000             --srand=220 ark:- ark:- |              nnet3-merge-egs --minibatch-size=128,64 ark:- ark:- |" exp/nnet3/tdnn_lstm1c_sp/221.1.raw 
# Started at Thu Jul 30 11:28:00 KST 2020
#
nnet3-train --use-gpu=yes --read-cache=exp/nnet3/tdnn_lstm1c_sp/cache.220 --write-cache=exp/nnet3/tdnn_lstm1c_sp/cache.221 --verbose=1 --print-interval=10 --momentum=0.5 --max-param-change=2.0 --backstitch-training-scale=0.0 --l2-regularize-factor=1.0 --backstitch-training-interval=1 --srand=220 --optimization.min-deriv-time=-20 --optimization.max-deriv-time-relative=30 "nnet3-copy --learning-rate=0.00014931070693 --scale=1.0 exp/nnet3/tdnn_lstm1c_sp/220.mdl - |nnet3-copy --edits='set-dropout-proportion name=* proportion=0.10303030303' - - |" 'ark,bg:nnet3-copy-egs               ark:exp/nnet3/tdnn_lstm1c_sp/egs/egs.100.ark ark:- |             nnet3-shuffle-egs --buffer-size=5000             --srand=220 ark:- ark:- |              nnet3-merge-egs --minibatch-size=128,64 ark:- ark:- |' exp/nnet3/tdnn_lstm1c_sp/221.1.raw 
LOG (nnet3-train[5.5.0-]:SelectGpuId():cu-device.cc:223) CUDA setup operating under Compute Exclusive Mode.
LOG (nnet3-train[5.5.0-]:FinalizeActiveGpu():cu-device.cc:308) The active GPU is [0]: TITAN Xp	free:11808M, used:386M, total:12194M, free/total:0.968337 version 6.1
nnet3-copy '--edits=set-dropout-proportion name=* proportion=0.10303030303' - - 
nnet3-copy --learning-rate=0.00014931070693 --scale=1.0 exp/nnet3/tdnn_lstm1c_sp/220.mdl - 
WARNING (nnet3-copy[5.5.0-]:Check():nnet-nnet.cc:789) Node lda.delayed is never used to compute any output.
LOG (nnet3-copy[5.5.0-]:main():nnet3-copy.cc:114) Copied raw neural net from exp/nnet3/tdnn_lstm1c_sp/220.mdl to -
WARNING (nnet3-copy[5.5.0-]:Check():nnet-nnet.cc:789) Node lda.delayed is never used to compute any output.
LOG (nnet3-copy[5.5.0-]:ReadEditConfig():nnet-utils.cc:1397) Set dropout proportions for 3 components.
LOG (nnet3-copy[5.5.0-]:main():nnet3-copy.cc:114) Copied raw neural net from - to -
WARNING (nnet3-train[5.5.0-]:Check():nnet-nnet.cc:789) Node lda.delayed is never used to compute any output.
WARNING (nnet3-train[5.5.0-]:Check():nnet-nnet.cc:789) Node lda.delayed is never used to compute any output.
LOG (nnet3-train[5.5.0-]:NnetTrainer():nnet-training.cc:48) Read computation cache from exp/nnet3/tdnn_lstm1c_sp/cache.220
nnet3-shuffle-egs --buffer-size=5000 --srand=220 ark:- ark:- 
nnet3-merge-egs --minibatch-size=128,64 ark:- ark:- 
nnet3-copy-egs ark:exp/nnet3/tdnn_lstm1c_sp/egs/egs.100.ark ark:- 
WARNING (nnet3-train[5.5.0-]:ReorthogonalizeRt1():natural-gradient-online.cc:241) Cholesky out of expected range, reorthogonalizing with Gram-Schmidt
WARNING (nnet3-train[5.5.0-]:ReorthogonalizeRt1():natural-gradient-online.cc:241) Cholesky out of expected range, reorthogonalizing with Gram-Schmidt
WARNING (nnet3-train[5.5.0-]:ReorthogonalizeRt1():natural-gradient-online.cc:241) Cholesky out of expected range, reorthogonalizing with Gram-Schmidt
WARNING (nnet3-train[5.5.0-]:ReorthogonalizeRt1():natural-gradient-online.cc:241) Cholesky out of expected range, reorthogonalizing with Gram-Schmidt
VLOG[1] (nnet3-train[5.5.0-]:ConsolidateMemory():nnet-utils.cc:1152) Consolidating memory; will print memory usage before and after consolidating:
LOG (nnet3-train[5.5.0-]:PrintMemoryUsage():cu-allocator.cc:368) Memory usage: 82464512/6191841280 bytes currently allocated/total-held; 1537/10 blocks currently allocated/free; largest free/allocated block sizes are 5857280/6058848512; time taken total/cudaMalloc is 0.00917792/0.00577784, synchronized the GPU 0 times out of 797 frees; device memory info: free:5902M, used:6292M, total:12194M, free/total:0.48403maximum allocated: 1337557248current allocated: 82464512
LOG (nnet3-train[5.5.0-]:PrintMemoryUsage():cu-allocator.cc:368) Memory usage: 82464512/6191841280 bytes currently allocated/total-held; 1537/12 blocks currently allocated/free; largest free/allocated block sizes are 5857280/6058848512; time taken total/cudaMalloc is 0.00920343/0.00577784, synchronized the GPU 0 times out of 807 frees; device memory info: free:5902M, used:6292M, total:12194M, free/total:0.48403maximum allocated: 1337557248current allocated: 82464512
VLOG[1] (nnet3-train[5.5.0-]:ConsolidateMemory():nnet-utils.cc:1152) Consolidating memory; will print memory usage before and after consolidating:
LOG (nnet3-train[5.5.0-]:PrintMemoryUsage():cu-allocator.cc:368) Memory usage: 82464512/6191841280 bytes currently allocated/total-held; 1537/12 blocks currently allocated/free; largest free/allocated block sizes are 5857280/6058848512; time taken total/cudaMalloc is 0.00920343/0.00577784, synchronized the GPU 0 times out of 807 frees; device memory info: free:5902M, used:6292M, total:12194M, free/total:0.48403maximum allocated: 1337557248current allocated: 82464512
LOG (nnet3-train[5.5.0-]:PrintMemoryUsage():cu-allocator.cc:368) Memory usage: 82458368/6191841280 bytes currently allocated/total-held; 1537/12 blocks currently allocated/free; largest free/allocated block sizes are 5857280/6060650752; time taken total/cudaMalloc is 0.00925684/0.00577784, synchronized the GPU 0 times out of 831 frees; device memory info: free:5902M, used:6292M, total:12194M, free/total:0.48403maximum allocated: 1337557248current allocated: 82458368
LOG (nnet3-train[5.5.0-]:PrintStatsForThisPhase():nnet-training.cc:278) Average objective function for 'output' for minibatches 0-9 is -2.22528 over 50987.5 frames.
LOG (nnet3-train[5.5.0-]:PrintStatsForThisPhase():nnet-training.cc:278) Average objective function for 'output' for minibatches 10-19 is -2.04166 over 49678 frames.
LOG (nnet3-train[5.5.0-]:PrintStatsForThisPhase():nnet-training.cc:278) Average objective function for 'output' for minibatches 20-29 is -2.12006 over 50989.5 frames.
LOG (nnet3-train[5.5.0-]:PrintStatsForThisPhase():nnet-training.cc:278) Average objective function for 'output' for minibatches 30-39 is -2.03275 over 47134 frames.
LOG (nnet3-train[5.5.0-]:PrintStatsForThisPhase():nnet-training.cc:278) Average objective function for 'output' for minibatches 40-49 is -1.95694 over 48358.5 frames.
LOG (nnet3-train[5.5.0-]:PrintStatsForThisPhase():nnet-training.cc:278) Average objective function for 'output' for minibatches 50-59 is -2.12637 over 50981 frames.
LOG (nnet3-train[5.5.0-]:PrintStatsForThisPhase():nnet-training.cc:278) Average objective function for 'output' for minibatches 60-69 is -1.92087 over 47127.5 frames.
LOG (nnet3-train[5.5.0-]:PrintStatsForThisPhase():nnet-training.cc:278) Average objective function for 'output' for minibatches 70-79 is -2.14774 over 50999.5 frames.
LOG (nnet3-train[5.5.0-]:PrintStatsForThisPhase():nnet-training.cc:278) Average objective function for 'output' for minibatches 80-89 is -2.00126 over 49641 frames.
LOG (nnet3-train[5.5.0-]:PrintStatsForThisPhase():nnet-training.cc:278) Average objective function for 'output' for minibatches 90-99 is -2.1575 over 49703 frames.
LOG (nnet3-train[5.5.0-]:PrintStatsForThisPhase():nnet-training.cc:278) Average objective function for 'output' for minibatches 100-109 is -1.94006 over 45835.5 frames.
LOG (nnet3-copy-egs[5.5.0-]:main():nnet3-copy-egs.cc:431) Read 20611 neural-network training examples, wrote 20611, 0 examples had errors.
LOG (nnet3-train[5.5.0-]:PrintStatsForThisPhase():nnet-training.cc:278) Average objective function for 'output' for minibatches 110-119 is -2.16077 over 49700 frames.
LOG (nnet3-train[5.5.0-]:PrintStatsForThisPhase():nnet-training.cc:278) Average objective function for 'output' for minibatches 120-129 is -2.24292 over 50978.5 frames.
LOG (nnet3-train[5.5.0-]:PrintStatsForThisPhase():nnet-training.cc:278) Average objective function for 'output' for minibatches 130-139 is -2.05953 over 48415.5 frames.
LOG (nnet3-train[5.5.0-]:PrintStatsForThisPhase():nnet-training.cc:278) Average objective function for 'output' for minibatches 140-149 is -1.95045 over 48374 frames.
LOG (nnet3-shuffle-egs[5.5.0-]:main():nnet3-shuffle-egs.cc:103) Shuffled order of 20611 neural-network training examples using a buffer (partial randomization)
LOG (nnet3-merge-egs[5.5.0-]:PrintSpecificStats():nnet-example-utils.cc:1159) Merged specific eg types as follows [format: <eg-size1>={<mb-size1>-><num-minibatches1>,<mbsize2>-><num-minibatches2>.../d=<num-discarded>},<egs-size2>={...},... (note,egs-size == number of input frames including context).
LOG (nnet3-merge-egs[5.5.0-]:PrintSpecificStats():nnet-example-utils.cc:1189) 50={128->3,d=11},60={128->2,d=27},70={128->7,d=9},90={64->1,128->4,d=20},100={64->1,128->6,d=21},110={128->137,d=43}
LOG (nnet3-merge-egs[5.5.0-]:PrintAggregateStats():nnet-example-utils.cc:1155) Processed 20611 egs of avg. size 105.4 into 161 minibatches, discarding 0.6356% of egs.  Avg minibatch size was 127.2, #distinct types of egs/minibatches was 6/8
LOG (nnet3-train[5.5.0-]:PrintStatsForThisPhase():nnet-training.cc:278) Average objective function for 'output' for minibatches 150-159 is -1.97103 over 45206.5 frames.
LOG (nnet3-train[5.5.0-]:PrintTotalStats():nnet-training.cc:317) Overall average objective function for 'output' is -2.06748 over 785388 frames.
LOG (nnet3-train[5.5.0-]:PrintTotalStats():nnet-training.cc:324) [this line is to be parsed by a script:] log-prob-per-frame=-2.06748
LOG (nnet3-train[5.5.0-]:PrintProfile():cu-device.cc:533) -----
[cudevice profile]
Heaviside	0.340579s
Sum	0.34574s
CuMatrix::Resize	0.348099s
ComputeLstmNonlinearity	0.384086s
Scale	0.430956s
AddMat	0.468986s
CopyRowsFromVec	0.515082s
AddRowSumMat	0.546535s
CuMatrix::SetZero	0.614588s
AddDiagMatMat	0.677099s
TraceMatMat	0.890912s
CopyToVec	1.01617s
BackpropLstmNonlinearity	1.38846s
CuMatrixBase::CopyFromMat(from other CuMatrixBase)	2.5286s
AddMatMat	11.7142s
Total GPU time:	26.6892s (may involve some double-counting)
-----
LOG (nnet3-train[5.5.0-]:PrintMemoryUsage():cu-allocator.cc:368) Memory usage: 82470912/6191841280 bytes currently allocated/total-held; 1537/21 blocks currently allocated/free; largest free/allocated block sizes are 5857280/5709411584; time taken total/cudaMalloc is 0.0897081/0.00577784, synchronized the GPU 0 times out of 69411 frees; device memory info: free:5902M, used:6292M, total:12194M, free/total:0.48403maximum allocated: 1337557248current allocated: 82470912
LOG (nnet3-train[5.5.0-]:main():nnet3-train.cc:91) Wrote model to exp/nnet3/tdnn_lstm1c_sp/221.1.raw
LOG (nnet3-train[5.5.0-]:~NnetTrainer():nnet-training.cc:334) Wrote computation cache to exp/nnet3/tdnn_lstm1c_sp/cache.221
LOG (nnet3-train[5.5.0-]:~CachingOptimizingCompiler():nnet-optimize.cc:710) 0.00963 seconds taken in nnet3 compilation total (breakdown: 0 compilation, 0 optimization, 0 shortcut expansion, 0 checking, 0 computing indexes, 0.00963 misc.) + 0.578 I/O.
# Accounting: time=27 threads=1
# Ended (code 0) at Thu Jul 30 11:28:27 KST 2020, elapsed time 27 seconds
